2018-04-10 23:02:32 [localhost-startStop-1] DEBUG o.s.b.f.s.DefaultListableBeanFactory - Creating instance of bean 'spring.mvc-org.springframework.boot.autoconfigure.web.WebMvcProperties'
2018-04-10 23:02:32 [localhost-startStop-1] DEBUG o.s.b.f.s.DefaultListableBeanFactory - Returning cached instance of singleton bean 'org.springframework.transaction.config.internalTransactionAdvisor'
2018-04-10 23:02:32 [localhost-startStop-1] DEBUG o.s.b.f.s.DefaultListableBeanFactory - Eagerly caching bean 'spring.mvc-org.springframework.boot.autoconfigure.web.WebMvcProperties' to allow for resolving potential circular references
2018-04-10 23:02:32 [localhost-startStop-1] DEBUG o.s.core.env.MutablePropertySources - Adding PropertySource 'servletConfigInitParams' with lowest search precedence
2018-04-10 23:02:32 [localhost-startStop-1] DEBUG o.s.core.env.MutablePropertySources - Adding PropertySource 'servletContextInitParams' with lowest search precedence
2018-04-10 23:02:32 [localhost-startStop-1] DEBUG o.s.core.env.MutablePropertySources - Adding PropertySource 'systemProperties' with lowest search precedence
2018-04-10 23:02:32 [localhost-startStop-1] DEBUG o.s.core.env.MutablePropertySources - Adding PropertySource 'systemEnvironment' with lowest search precedence
2018-04-10 23:02:32 [localhost-startStop-1] DEBUG o.s.core.env.MutablePropertySources - Adding PropertySource 'random' with lowest search precedence
2018-04-10 23:02:32 [localhost-startStop-1] DEBUG o.s.core.env.MutablePropertySources - Adding PropertySource 'applicationConfig: [classpath:/application.yml]' with lowest search precedence
2018-04-10 23:02:32 [localhost-startStop-1] DEBUG o.s.core.env.MutablePropertySources - Adding PropertySource 'localProperties' with lowest search precedence
2018-04-10 23:02:32 [localhost-startStop-1] DEBUG o.s.b.f.s.DefaultListableBeanFactory - Returning cached instance of singleton bean 'org.springframework.transaction.config.internalTransactionAdvisor'
2018-04-10 23:02:32 [localhost-startStop-1] DEBUG o.s.b.f.s.DefaultListableBeanFactory - Returning cached instance of singleton bean 'org.springframework.transaction.config.internalTransactionAdvisor'
2018-04-10 23:02:32 [localhost-startStop-1] DEBUG o.s.b.f.s.DefaultListableBeanFactory - Finished creating instance of bean 'spring.mvc-org.springframework.boot.autoconfigure.web.WebMvcProperties'
2018-04-10 23:02:32 [localhost-startStop-1] DEBUG o.s.b.f.s.DefaultListableBeanFactory - Autowiring by type from bean name 'org.springframework.boot.autoconfigure.web.DispatcherServletAutoConfiguration$DispatcherServletRegistrationConfiguration' via constructor to bean named 'serverProperties'
2018-04-10 23:02:32 [localhost-startStop-1] DEBUG o.s.b.f.s.DefaultListableBeanFactory - Autowiring by type from bean name 'org.springframework.boot.autoconfigure.web.DispatcherServletAutoConfiguration$DispatcherServletRegistrationConfiguration' via constructor to bean named 'spring.mvc-org.springframework.boot.autoconfigure.web.WebMvcProperties'
2018-04-10 23:02:32 [localhost-startStop-1] DEBUG o.s.b.f.s.DefaultListableBeanFactory - Creating shared instance of singleton bean 'multipartConfigElement'
2018-04-10 23:02:32 [localhost-startStop-1] DEBUG o.s.b.f.s.DefaultListableBeanFactory - Creating instance of bean 'multipartConfigElement'
2018-04-10 23:02:32 [localhost-startStop-1] DEBUG o.s.b.f.s.DefaultListableBeanFactory - Returning cached instance of singleton bean 'org.springframework.transaction.config.internalTransactionAdvisor'
2018-04-10 23:02:32 [localhost-startStop-1] DEBUG o.s.b.f.s.DefaultListableBeanFactory - Creating shared instance of singleton bean 'org.springframework.boot.autoconfigure.web.MultipartAutoConfiguration'
2018-04-10 23:02:32 [localhost-startStop-1] DEBUG o.s.b.f.s.DefaultListableBeanFactory - Creating instance of bean 'org.springframework.boot.autoconfigure.web.MultipartAutoConfiguration'
2018-04-10 23:02:32 [localhost-startStop-1] DEBUG o.s.b.f.s.DefaultListableBeanFactory - Returning cached instance of singleton bean 'org.springframework.transaction.config.internalTransactionAdvisor'
2018-04-10 23:02:32 [localhost-startStop-1] DEBUG o.s.c.LocalVariableTableParameterNameDiscoverer - Cannot find '.class' file for class [class org.springframework.boot.autoconfigure.web.MultipartAutoConfiguration$$EnhancerBySpringCGLIB$$46e4b32b] - unable to determine constructor/method parameter names
2018-04-10 23:02:32 [localhost-startStop-1] DEBUG o.s.b.f.s.DefaultListableBeanFactory - Creating shared instance of singleton bean 'spring.http.multipart-org.springframework.boot.autoconfigure.web.MultipartProperties'
2018-04-10 23:02:32 [localhost-startStop-1] DEBUG o.s.b.f.s.DefaultListableBeanFactory - Creating instance of bean 'spring.http.multipart-org.springframework.boot.autoconfigure.web.MultipartProperties'
2018-04-10 23:02:32 [localhost-startStop-1] DEBUG o.s.b.f.s.DefaultListableBeanFactory - Returning cached instance of singleton bean 'org.springframework.transaction.config.internalTransactionAdvisor'
2018-04-10 23:02:32 [localhost-startStop-1] DEBUG o.s.b.f.s.DefaultListableBeanFactory - Eagerly caching bean 'spring.http.multipart-org.springframework.boot.autoconfigure.web.MultipartProperties' to allow for resolving potential circular references
2018-04-10 23:02:32 [localhost-startStop-1] DEBUG o.s.core.env.MutablePropertySources - Adding PropertySource 'servletConfigInitParams' with lowest search precedence
2018-04-10 23:02:32 [localhost-startStop-1] DEBUG o.s.core.env.MutablePropertySources - Adding PropertySource 'servletContextInitParams' with lowest search precedence
2018-04-10 23:02:32 [localhost-startStop-1] DEBUG o.s.core.env.MutablePropertySources - Adding PropertySource 'systemProperties' with lowest search precedence
2018-04-10 23:02:32 [localhost-startStop-1] DEBUG o.s.core.env.MutablePropertySources - Adding PropertySource 'systemEnvironment' with lowest search precedence
2018-04-10 23:02:32 [localhost-startStop-1] DEBUG o.s.core.env.MutablePropertySources - Adding PropertySource 'random' with lowest search precedence
2018-04-10 23:02:32 [localhost-startStop-1] DEBUG o.s.core.env.MutablePropertySources - Adding PropertySource 'applicationConfig: [classpath:/application.yml]' with lowest search precedence
2018-04-10 23:02:32 [localhost-startStop-1] DEBUG o.s.core.env.MutablePropertySources - Adding PropertySource 'localProperties' with lowest search precedence
2018-04-10 23:02:32 [localhost-startStop-1] DEBUG o.s.b.f.s.DefaultListableBeanFactory - Returning cached instance of singleton bean 'org.springframework.transaction.config.internalTransactionAdvisor'
2018-04-10 23:02:32 [localhost-startStop-1] DEBUG o.s.b.f.s.DefaultListableBeanFactory - Returning cached instance of singleton bean 'org.springframework.transaction.config.internalTransactionAdvisor'
2018-04-10 23:02:32 [localhost-startStop-1] DEBUG o.s.b.f.s.DefaultListableBeanFactory - Finished creating instance of bean 'spring.http.multipart-org.springframework.boot.autoconfigure.web.MultipartProperties'
2018-04-10 23:02:32 [localhost-startStop-1] DEBUG o.s.b.f.s.DefaultListableBeanFactory - Autowiring by type from bean name 'org.springframework.boot.autoconfigure.web.MultipartAutoConfiguration' via constructor to bean named 'spring.http.multipart-org.springframework.boot.autoconfigure.web.MultipartProperties'
2018-04-10 23:02:32 [localhost-startStop-1] DEBUG o.s.b.f.s.DefaultListableBeanFactory - Eagerly caching bean 'org.springframework.boot.autoconfigure.web.MultipartAutoConfiguration' to allow for resolving potential circular references
2018-04-10 23:02:32 [localhost-startStop-1] DEBUG o.s.b.f.s.DefaultListableBeanFactory - Returning cached instance of singleton bean 'org.springframework.transaction.config.internalTransactionAdvisor'
2018-04-10 23:02:32 [localhost-startStop-1] DEBUG o.s.b.f.s.DefaultListableBeanFactory - Returning cached instance of singleton bean 'org.springframework.transaction.config.internalTransactionAdvisor'
2018-04-10 23:02:32 [localhost-startStop-1] DEBUG o.s.b.f.s.DefaultListableBeanFactory - Finished creating instance of bean 'org.springframework.boot.autoconfigure.web.MultipartAutoConfiguration'
2018-04-10 23:02:32 [localhost-startStop-1] DEBUG o.s.b.f.s.DefaultListableBeanFactory - Eagerly caching bean 'multipartConfigElement' to allow for resolving potential circular references
2018-04-10 23:02:32 [localhost-startStop-1] DEBUG o.s.b.f.s.DefaultListableBeanFactory - Returning cached instance of singleton bean 'org.springframework.transaction.config.internalTransactionAdvisor'
2018-04-10 23:02:32 [localhost-startStop-1] DEBUG o.s.b.f.s.DefaultListableBeanFactory - Returning cached instance of singleton bean 'org.springframework.transaction.config.internalTransactionAdvisor'
2018-04-10 23:02:32 [localhost-startStop-1] DEBUG o.s.b.f.s.DefaultListableBeanFactory - Finished creating instance of bean 'multipartConfigElement'
2018-04-10 23:02:32 [localhost-startStop-1] DEBUG o.s.b.f.s.DefaultListableBeanFactory - Eagerly caching bean 'org.springframework.boot.autoconfigure.web.DispatcherServletAutoConfiguration$DispatcherServletRegistrationConfiguration' to allow for resolving potential circular references
2018-04-10 23:02:32 [localhost-startStop-1] DEBUG o.s.b.f.s.DefaultListableBeanFactory - Returning cached instance of singleton bean 'org.springframework.transaction.config.internalTransactionAdvisor'
2018-04-10 23:02:32 [localhost-startStop-1] DEBUG o.s.b.f.s.DefaultListableBeanFactory - Returning cached instance of singleton bean 'org.springframework.transaction.config.internalTransactionAdvisor'
2018-04-10 23:02:32 [localhost-startStop-1] DEBUG o.s.b.f.s.DefaultListableBeanFactory - Finished creating instance of bean 'org.springframework.boot.autoconfigure.web.DispatcherServletAutoConfiguration$DispatcherServletRegistrationConfiguration'
2018-04-10 23:02:32 [localhost-startStop-1] DEBUG o.s.b.f.s.DefaultListableBeanFactory - Creating shared instance of singleton bean 'dispatcherServlet'
2018-04-10 23:02:32 [localhost-startStop-1] DEBUG o.s.b.f.s.DefaultListableBeanFactory - Creating instance of bean 'dispatcherServlet'
2018-04-10 23:02:32 [localhost-startStop-1] DEBUG o.s.b.f.s.DefaultListableBeanFactory - Returning cached instance of singleton bean 'org.springframework.transaction.config.internalTransactionAdvisor'
2018-04-10 23:02:32 [localhost-startStop-1] DEBUG o.s.b.f.s.DefaultListableBeanFactory - Creating shared instance of singleton bean 'org.springframework.boot.autoconfigure.web.DispatcherServletAutoConfiguration$DispatcherServletConfiguration'
2018-04-10 23:02:32 [localhost-startStop-1] DEBUG o.s.b.f.s.DefaultListableBeanFactory - Creating instance of bean 'org.springframework.boot.autoconfigure.web.DispatcherServletAutoConfiguration$DispatcherServletConfiguration'
2018-04-10 23:02:32 [localhost-startStop-1] DEBUG o.s.b.f.s.DefaultListableBeanFactory - Returning cached instance of singleton bean 'org.springframework.transaction.config.internalTransactionAdvisor'
2018-04-10 23:02:32 [localhost-startStop-1] DEBUG o.s.c.LocalVariableTableParameterNameDiscoverer - Cannot find '.class' file for class [class org.springframework.boot.autoconfigure.web.DispatcherServletAutoConfiguration$DispatcherServletConfiguration$$EnhancerBySpringCGLIB$$329caf37] - unable to determine constructor/method parameter names
2018-04-10 23:02:32 [localhost-startStop-1] DEBUG o.s.b.f.s.DefaultListableBeanFactory - Returning cached instance of singleton bean 'spring.mvc-org.springframework.boot.autoconfigure.web.WebMvcProperties'
2018-04-10 23:02:32 [localhost-startStop-1] DEBUG o.s.b.f.s.DefaultListableBeanFactory - Autowiring by type from bean name 'org.springframework.boot.autoconfigure.web.DispatcherServletAutoConfiguration$DispatcherServletConfiguration' via constructor to bean named 'spring.mvc-org.springframework.boot.autoconfigure.web.WebMvcProperties'
2018-04-10 23:02:32 [localhost-startStop-1] DEBUG o.s.b.f.s.DefaultListableBeanFactory - Eagerly caching bean 'org.springframework.boot.autoconfigure.web.DispatcherServletAutoConfiguration$DispatcherServletConfiguration' to allow for resolving potential circular references
2018-04-10 23:02:32 [localhost-startStop-1] DEBUG o.s.b.f.s.DefaultListableBeanFactory - Returning cached instance of singleton bean 'org.springframework.transaction.config.internalTransactionAdvisor'
2018-04-10 23:02:32 [localhost-startStop-1] DEBUG o.s.b.f.s.DefaultListableBeanFactory - Returning cached instance of singleton bean 'org.springframework.transaction.config.internalTransactionAdvisor'
2018-04-10 23:02:32 [localhost-startStop-1] DEBUG o.s.b.f.s.DefaultListableBeanFactory - Finished creating instance of bean 'org.springframework.boot.autoconfigure.web.DispatcherServletAutoConfiguration$DispatcherServletConfiguration'
2018-04-10 23:02:32 [localhost-startStop-1] DEBUG o.s.b.f.s.DefaultListableBeanFactory - Eagerly caching bean 'dispatcherServlet' to allow for resolving potential circular references
2018-04-10 23:02:32 [localhost-startStop-1] DEBUG o.s.b.f.s.DefaultListableBeanFactory - Returning cached instance of singleton bean 'org.springframework.transaction.config.internalTransactionAdvisor'
