2018-04-11 13:52:16 [main] INFO  o.h.tool.hbm2ddl.SchemaUpdate - HHH000228: Running hbm2ddl schema update
2018-04-11 13:52:17 [main] DEBUG org.hibernate.mapping.Table - No alter strings for table : circle
2018-04-11 13:52:17 [main] DEBUG org.hibernate.mapping.Table - No alter strings for table : user
2018-04-11 13:52:17 [main] DEBUG org.hibernate.mapping.Table - No alter strings for table : user_circle
2018-04-11 13:52:17 [main] DEBUG o.h.internal.NamedQueryRepository - Checking 0 named HQL queries
2018-04-11 13:52:17 [main] DEBUG o.h.internal.NamedQueryRepository - Checking 0 named SQL queries
2018-04-11 13:52:17 [main] DEBUG o.h.internal.SessionFactoryRegistry - Initializing SessionFactoryRegistry : org.hibernate.internal.SessionFactoryRegistry@24f177f5
2018-04-11 13:52:17 [main] DEBUG o.h.internal.SessionFactoryRegistry - Registering SessionFactory: 64426596-1ae7-431d-9c8e-fda61c9d71e3 (<unnamed>)
2018-04-11 13:52:17 [main] DEBUG o.h.internal.SessionFactoryRegistry - Not binding SessionFactory to JNDI, no JNDI name configured
2018-04-11 13:52:17 [main] DEBUG o.h.j.i.schemagen.JpaSchemaGenerator - No actions specified; doing nothing
2018-04-11 13:52:17 [main] DEBUG o.h.j.i.EntityManagerFactoryRegistry - Initializing EntityManagerFactoryRegistry : org.hibernate.jpa.internal.EntityManagerFactoryRegistry@6ceb11f9
2018-04-11 13:52:17 [main] DEBUG o.h.j.i.EntityManagerFactoryRegistry - Registering EntityManagerFactory: default 
2018-04-11 13:52:17 [main] INFO  o.s.o.j.LocalContainerEntityManagerFactoryBean - Initialized JPA EntityManagerFactory for persistence unit 'default'
2018-04-11 13:52:17 [main] DEBUG o.s.b.f.s.DefaultListableBeanFactory - Returning cached instance of singleton bean 'org.springframework.transaction.config.internalTransactionAdvisor'
2018-04-11 13:52:17 [main] DEBUG o.s.b.f.s.DefaultListableBeanFactory - Returning cached instance of singleton bean 'org.springframework.transaction.config.internalTransactionAdvisor'
2018-04-11 13:52:17 [main] DEBUG o.s.b.f.s.DefaultListableBeanFactory - Finished creating instance of bean 'entityManagerFactory'
2018-04-11 13:52:17 [main] DEBUG o.s.b.f.s.DefaultListableBeanFactory - Pre-instantiating singletons in org.springframework.beans.factory.support.DefaultListableBeanFactory@2755d705: defining beans [org.springframework.context.annotation.internalConfigurationAnnotationProcessor,org.springframework.context.annotation.internalAutowiredAnnotationProcessor,org.springframework.context.annotation.internalRequiredAnnotationProcessor,org.springframework.context.annotation.internalCommonAnnotationProcessor,org.springframework.context.annotation.internalPersistenceAnnotationProcessor,org.springframework.context.event.internalEventListenerProcessor,org.springframework.context.event.internalEventListenerFactory,userCircleServiceSpringBootApplication,org.springframework.boot.autoconfigure.internalCachingMetadataReaderFactory,loggingAspectUserCircleService,userCircleController,userCircle,userCircleServiceImpl,loggingAspectUser,loggingAspectUserService,authenticationServiceBoot,userAuthenticateController,userController,user,userServiceImpl,loggingAspectCircle,loggingAspectCircleService,circleServiceSpringBootApplication,circleController,circle,circleServiceImpl,jwtFilter,org.springframework.boot.autoconfigure.AutoConfigurationPackages,org.springframework.web.servlet.config.annotation.DelegatingWebMvcConfiguration,requestMappingHandlerMapping,mvcPathMatcher,mvcUrlPathHelper,mvcContentNegotiationManager,viewControllerHandlerMapping,beanNameHandlerMapping,resourceHandlerMapping,mvcResourceUrlProvider,defaultServletHandlerMapping,requestMappingHandlerAdapter,mvcConversionService,mvcValidator,mvcUriComponentsContributor,httpRequestHandlerAdapter,simpleControllerHandlerAdapter,handlerExceptionResolver,mvcViewResolver,mvcHandlerMappingIntrospector,org.springframework.boot.autoconfigure.context.PropertyPlaceholderAutoConfiguration,org.springframework.boot.autoconfigure.condition.BeanTypeRegistry,propertySourcesPlaceholderConfigurer,org.springframework.boot.autoconfigure.jackson.JacksonAutoConfiguration$Jackson2ObjectMapperBuilderCustomizerConfiguration,standardJacksonObjectMapperBuilderCustomizer,spring.jackson-org.springframework.boot.autoconfigure.jackson.JacksonProperties,org.springframework.boot.context.properties.ConfigurationPropertiesBindingPostProcessor,org.springframework.boot.context.properties.ConfigurationPropertiesBindingPostProcessor.store,org.springframework.boot.autoconfigure.jackson.JacksonAutoConfiguration$JacksonObjectMapperBuilderConfiguration,jacksonObjectMapperBuilder,org.springframework.boot.autoconfigure.jackson.JacksonAutoConfiguration$JacksonObjectMapperConfiguration,jacksonObjectMapper,org.springframework.boot.autoconfigure.jackson.JacksonAutoConfiguration,jsonComponentModule,org.springframework.boot.autoconfigure.websocket.WebSocketAutoConfiguration$TomcatWebSocketConfiguration,websocketContainerCustomizer,org.springframework.boot.autoconfigure.websocket.WebSocketAutoConfiguration,org.springframework.boot.autoconfigure.web.EmbeddedServletContainerAutoConfiguration$EmbeddedTomcat,tomcatEmbeddedServletContainerFactory,org.springframework.boot.autoconfigure.web.EmbeddedServletContainerAutoConfiguration,embeddedServletContainerCustomizerBeanPostProcessor,errorPageRegistrarBeanPostProcessor,org.springframework.boot.autoconfigure.web.DispatcherServletAutoConfiguration$DispatcherServletConfiguration,dispatcherServlet,spring.mvc-org.springframework.boot.autoconfigure.web.WebMvcProperties,org.springframework.boot.autoconfigure.web.DispatcherServletAutoConfiguration$DispatcherServletRegistrationConfiguration,dispatcherServletRegistration,org.springframework.boot.autoconfigure.web.DispatcherServletAutoConfiguration,org.springframework.boot.autoconfigure.validation.ValidationAutoConfiguration,defaultValidator,methodValidationPostProcessor,org.springframework.boot.autoconfigure.web.ErrorMvcAutoConfiguration$WhitelabelErrorViewConfiguration,error,beanNameViewResolver,org.springframework.boot.autoconfigure.web.ErrorMvcAutoConfiguration$DefaultErrorViewResolverConfiguration,conventionErrorViewResolver,org.springframework.boot.autoconfigure.web.ErrorMvcAutoConfiguration,errorAttributes,basicErrorController,errorPageCustomizer,preserveErrorControllerTargetClassPostProcessor,spring.resources-org.springframework.boot.autoconfigure.web.ResourceProperties,org.springframework.boot.autoconfigure.jmx.JmxAutoConfiguration,mbeanExporter,objectNamingStrategy,mbeanServer,org.springframework.boot.autoconfigure.admin.SpringApplicationAdminJmxAutoConfiguration,springApplicationAdminRegistrar,org.springframework.boot.autoconfigure.aop.AopAutoConfiguration$JdkDynamicAutoProxyConfiguration,org.springframework.aop.config.internalAutoProxyCreator,org.springframework.boot.autoconfigure.aop.AopAutoConfiguration,org.springframework.boot.autoconfigure.transaction.jta.JtaAutoConfiguration,spring.jta-org.springframework.boot.autoconfigure.transaction.jta.JtaProperties,org.springframework.boot.autoconfigure.jdbc.DataSourceConfiguration$Tomcat,dataSource,org.springframework.boot.autoconfigure.jdbc.DataSourceAutoConfiguration$PooledDataSourceConfiguration,org.springframework.boot.autoconfigure.jdbc.metadata.DataSourcePoolMetadataProvidersConfiguration$TomcatDataSourcePoolMetadataProviderConfiguration,tomcatPoolDataSourceMetadataProvider,org.springframework.boot.autoconfigure.jdbc.metadata.DataSourcePoolMetadataProvidersConfiguration,org.springframework.boot.autoconfigure.jdbc.DataSourceAutoConfiguration,dataSourceInitializer,spring.datasource-org.springframework.boot.autoconfigure.jdbc.DataSourceProperties,dataSourceInitializerPostProcessor,org.springframework.boot.autoconfigure.orm.jpa.JpaBaseConfiguration$JpaWebConfiguration$JpaWebMvcConfiguration,openEntityManagerInViewInterceptor,org.springframework.boot.autoconfigure.orm.jpa.JpaBaseConfiguration$JpaWebConfiguration,org.springframework.boot.autoconfigure.orm.jpa.HibernateJpaAutoConfiguration,transactionManager,jpaVendorAdapter,entityManagerFactoryBuilder,entityManagerFactory,spring.jpa-org.springframework.boot.autoconfigure.orm.jpa.JpaProperties,dataSourceInitializedPublisher,org.springframework.boot.autoconfigure.context.ConfigurationPropertiesAutoConfiguration,org.springframework.boot.autoconfigure.dao.PersistenceExceptionTranslationAutoConfiguration,persistenceExceptionTranslationPostProcessor,org.springframework.boot.autoconfigure.data.jpa.JpaRepositoriesAutoConfiguration,emBeanDefinitionRegistrarPostProcessor,jpaMappingContext,jpaContext,userCircleRepository,userRepository,circleRepository,org.springframework.boot.autoconfigure.web.HttpMessageConvertersAutoConfiguration$StringHttpMessageConverterConfiguration,stringHttpMessageConverter,spring.http.encoding-org.springframework.boot.autoconfigure.web.HttpEncodingProperties,org.springframework.boot.autoconfigure.web.JacksonHttpMessageConvertersConfiguration$MappingJackson2HttpMessageConverterConfiguration,mappingJackson2HttpMessageConverter,org.springframework.boot.autoconfigure.web.JacksonHttpMessageConvertersConfiguration,org.springframework.boot.autoconfigure.web.HttpMessageConvertersAutoConfiguration,messageConverters,org.springframework.data.web.config.SpringDataWebConfiguration,pageableResolver,sortResolver,org.springframework.data.web.config.SpringDataJacksonConfiguration,jacksonGeoModule,org.springframework.boot.autoconfigure.data.web.SpringDataWebAutoConfiguration,org.springframework.boot.autoconfigure.info.ProjectInfoAutoConfiguration,spring.info-org.springframework.boot.autoconfigure.info.ProjectInfoProperties,org.springframework.boot.autoconfigure.jdbc.DataSourceTransactionManagerAutoConfiguration$DataSourceTransactionManagerConfiguration,org.springframework.boot.autoconfigure.jdbc.DataSourceTransactionManagerAutoConfiguration,org.springframework.boot.autoconfigure.jdbc.JdbcTemplateAutoConfiguration,jdbcTemplate,namedParameterJdbcTemplate,org.springframework.transaction.annotation.ProxyTransactionManagementConfiguration,org.springframework.transaction.config.internalTransactionAdvisor,transactionAttributeSource,transactionInterceptor,org.springframework.transaction.config.internalTransactionalEventListenerFactory,org.springframework.boot.autoconfigure.transaction.TransactionAutoConfiguration$EnableTransactionManagementConfiguration$CglibAutoProxyConfiguration,org.springframework.boot.autoconfigure.transaction.TransactionAutoConfiguration$EnableTransactionManagementConfiguration,org.springframework.boot.autoconfigure.transaction.TransactionAutoConfiguration$TransactionTemplateConfiguration,transactionTemplate,org.springframework.boot.autoconfigure.transaction.TransactionAutoConfiguration,platformTransactionManagerCustomizers,spring.transaction-org.springframework.boot.autoconfigure.transaction.TransactionProperties,org.springframework.boot.autoconfigure.web.HttpEncodingAutoConfiguration,characterEncodingFilter,localeCharsetMappingsCustomizer,org.springframework.boot.autoconfigure.web.MultipartAutoConfiguration,multipartConfigElement,multipartResolver,spring.http.multipart-org.springframework.boot.autoconfigure.web.MultipartProperties,org.springframework.boot.autoconfigure.web.ServerPropertiesAutoConfiguration,serverProperties,duplicateServerPropertiesDetector,org.springframework.boot.autoconfigure.web.WebClientAutoConfiguration$RestTemplateConfiguration,restTemplateBuilder,org.springframework.boot.autoconfigure.web.WebClientAutoConfiguration,org.springframework.orm.jpa.SharedEntityManagerCreator#0]; root of factory hierarchy
2018-04-11 13:52:17 [main] DEBUG o.s.b.f.s.DefaultListableBeanFactory - Returning cached instance of singleton bean 'org.springframework.context.annotation.internalConfigurationAnnotationProcessor'
2018-04-11 13:52:17 [main] DEBUG o.s.b.f.s.DefaultListableBeanFactory - Returning cached instance of singleton bean 'org.springframework.context.annotation.internalAutowiredAnnotationProcessor'
2018-04-11 13:52:17 [main] DEBUG o.s.b.f.s.DefaultListableBeanFactory - Returning cached instance of singleton bean 'org.springframework.context.annotation.internalRequiredAnnotationProcessor'
2018-04-11 13:52:17 [main] DEBUG o.s.b.f.s.DefaultListableBeanFactory - Returning cached instance of singleton bean 'org.springframework.context.annotation.internalCommonAnnotationProcessor'
2018-04-11 13:52:17 [main] DEBUG o.s.b.f.s.DefaultListableBeanFactory - Returning cached instance of singleton bean 'org.springframework.context.annotation.internalPersistenceAnnotationProcessor'
2018-04-11 13:52:17 [main] DEBUG o.s.b.f.s.DefaultListableBeanFactory - Creating shared instance of singleton bean 'org.springframework.context.event.internalEventListenerProcessor'
2018-04-11 13:52:17 [main] DEBUG o.s.b.f.s.DefaultListableBeanFactory - Creating instance of bean 'org.springframework.context.event.internalEventListenerProcessor'
2018-04-11 13:52:17 [main] DEBUG o.s.b.f.s.DefaultListableBeanFactory - Returning cached instance of singleton bean 'org.springframework.transaction.config.internalTransactionAdvisor'
2018-04-11 13:52:17 [main] DEBUG o.s.b.f.s.DefaultListableBeanFactory - Eagerly caching bean 'org.springframework.context.event.internalEventListenerProcessor' to allow for resolving potential circular references
2018-04-11 13:52:17 [main] DEBUG o.s.b.f.s.DefaultListableBeanFactory - Returning cached instance of singleton bean 'org.springframework.transaction.config.internalTransactionAdvisor'
2018-04-11 13:52:17 [main] DEBUG o.s.b.f.s.DefaultListableBeanFactory - Returning cached instance of singleton bean 'org.springframework.transaction.config.internalTransactionAdvisor'
2018-04-11 13:52:17 [main] DEBUG o.s.b.f.s.DefaultListableBeanFactory - Finished creating instance of bean 'org.springframework.context.event.internalEventListenerProcessor'
2018-04-11 13:52:17 [main] DEBUG o.s.b.f.s.DefaultListableBeanFactory - Creating shared instance of singleton bean 'org.springframework.context.event.internalEventListenerFactory'
2018-04-11 13:52:17 [main] DEBUG o.s.b.f.s.DefaultListableBeanFactory - Creating instance of bean 'org.springframework.context.event.internalEventListenerFactory'
2018-04-11 13:52:17 [main] DEBUG o.s.b.f.s.DefaultListableBeanFactory - Returning cached instance of singleton bean 'org.springframework.transaction.config.internalTransactionAdvisor'
2018-04-11 13:52:17 [main] DEBUG o.s.b.f.s.DefaultListableBeanFactory - Eagerly caching bean 'org.springframework.context.event.internalEventListenerFactory' to allow for resolving potential circular references
2018-04-11 13:52:17 [main] DEBUG o.s.b.f.s.DefaultListableBeanFactory - Returning cached instance of singleton bean 'org.springframework.transaction.config.internalTransactionAdvisor'
2018-04-11 13:52:17 [main] DEBUG o.s.b.f.s.DefaultListableBeanFactory - Returning cached instance of singleton bean 'org.springframework.transaction.config.internalTransactionAdvisor'
2018-04-11 13:52:17 [main] DEBUG o.s.b.f.s.DefaultListableBeanFactory - Finished creating instance of bean 'org.springframework.context.event.internalEventListenerFactory'
2018-04-11 13:52:17 [main] DEBUG o.s.b.f.s.DefaultListableBeanFactory - Returning cached instance of singleton bean 'userCircleServiceSpringBootApplication'
2018-04-11 13:52:17 [main] DEBUG o.s.b.f.s.DefaultListableBeanFactory - Returning cached instance of singleton bean 'org.springframework.boot.autoconfigure.internalCachingMetadataReaderFactory'
2018-04-11 13:52:17 [main] DEBUG o.s.b.f.s.DefaultListableBeanFactory - Creating shared instance of singleton bean 'loggingAspectUserCircleService'
2018-04-11 13:52:17 [main] DEBUG o.s.b.f.s.DefaultListableBeanFactory - Creating instance of bean 'loggingAspectUserCircleService'
2018-04-11 13:52:17 [main] DEBUG o.s.b.f.s.DefaultListableBeanFactory - Eagerly caching bean 'loggingAspectUserCircleService' to allow for resolving potential circular references
2018-04-11 13:52:17 [main] DEBUG o.s.b.f.s.DefaultListableBeanFactory - Finished creating instance of bean 'loggingAspectUserCircleService'
2018-04-11 13:52:17 [main] DEBUG o.s.b.f.s.DefaultListableBeanFactory - Creating shared instance of singleton bean 'userCircleController'
2018-04-11 13:52:17 [main] DEBUG o.s.b.f.s.DefaultListableBeanFactory - Creating instance of bean 'userCircleController'
2018-04-11 13:52:17 [main] DEBUG o.s.b.f.s.DefaultListableBeanFactory - Returning cached instance of singleton bean 'org.springframework.transaction.config.internalTransactionAdvisor'
2018-04-11 13:52:17 [main] DEBUG o.s.b.f.annotation.InjectionMetadata - Registered injected element on class [com.stackroute.activitystream.controller.UserCircleController]: AutowiredFieldElement for private com.stackroute.activitystream.service.UserCircleService com.stackroute.activitystream.controller.UserCircleController.userCircleService
2018-04-11 13:52:17 [main] DEBUG o.s.b.f.annotation.InjectionMetadata - Registered injected element on class [com.stackroute.activitystream.controller.UserCircleController]: AutowiredFieldElement for private com.stackroute.activitystream.model.UserCircle com.stackroute.activitystream.controller.UserCircleController.userCircle
2018-04-11 13:52:17 [main] DEBUG o.s.b.f.s.DefaultListableBeanFactory - Eagerly caching bean 'userCircleController' to allow for resolving potential circular references
2018-04-11 13:52:17 [main] DEBUG o.s.b.f.annotation.InjectionMetadata - Processing injected element of bean 'userCircleController': AutowiredFieldElement for private com.stackroute.activitystream.service.UserCircleService com.stackroute.activitystream.controller.UserCircleController.userCircleService
2018-04-11 13:52:17 [main] DEBUG o.s.b.f.s.DefaultListableBeanFactory - Creating shared instance of singleton bean 'userCircleServiceImpl'
2018-04-11 13:52:17 [main] DEBUG o.s.b.f.s.DefaultListableBeanFactory - Creating instance of bean 'userCircleServiceImpl'
2018-04-11 13:52:17 [main] DEBUG o.s.b.f.s.DefaultListableBeanFactory - Returning cached instance of singleton bean 'org.springframework.transaction.config.internalTransactionAdvisor'
2018-04-11 13:52:17 [main] DEBUG o.s.b.f.annotation.InjectionMetadata - Registered injected element on class [com.stackroute.activitystream.service.UserCircleServiceImpl]: AutowiredFieldElement for private com.stackroute.activitystream.repository.UserCircleRepository com.stackroute.activitystream.service.UserCircleServiceImpl.userCircleRepository
2018-04-11 13:52:17 [main] DEBUG o.s.b.f.s.DefaultListableBeanFactory - Eagerly caching bean 'userCircleServiceImpl' to allow for resolving potential circular references
2018-04-11 13:52:17 [main] DEBUG o.s.b.f.annotation.InjectionMetadata - Processing injected element of bean 'userCircleServiceImpl': AutowiredFieldElement for private com.stackroute.activitystream.repository.UserCircleRepository com.stackroute.activitystream.service.UserCircleServiceImpl.userCircleRepository
2018-04-11 13:52:17 [main] DEBUG o.s.b.f.s.DefaultListableBeanFactory - Creating shared instance of singleton bean 'userCircleRepository'
2018-04-11 13:52:17 [main] DEBUG o.s.b.f.s.DefaultListableBeanFactory - Creating instance of bean 'userCircleRepository'
2018-04-11 13:52:17 [main] DEBUG o.s.b.f.s.DefaultListableBeanFactory - Returning cached instance of singleton bean 'org.springframework.transaction.config.internalTransactionAdvisor'
2018-04-11 13:52:17 [main] DEBUG o.s.b.f.annotation.InjectionMetadata - Registered injected element on class [org.springframework.data.jpa.repository.support.JpaRepositoryFactoryBean]: PersistenceElement for public void org.springframework.data.jpa.repository.support.JpaRepositoryFactoryBean.setEntityManager(javax.persistence.EntityManager)
2018-04-11 13:52:17 [main] DEBUG o.s.b.f.s.DefaultListableBeanFactory - Eagerly caching bean 'userCircleRepository' to allow for resolving potential circular references
2018-04-11 13:52:17 [main] DEBUG o.s.b.f.annotation.InjectionMetadata - Processing injected element of bean 'userCircleRepository': PersistenceElement for public void org.springframework.data.jpa.repository.support.JpaRepositoryFactoryBean.setEntityManager(javax.persistence.EntityManager)
2018-04-11 13:52:17 [main] DEBUG o.s.b.f.s.DefaultListableBeanFactory - Creating instance of bean '(inner bean)#1b485c8b'
2018-04-11 13:52:17 [main] DEBUG o.s.b.f.s.DefaultListableBeanFactory - Returning cached instance of singleton bean 'org.springframework.transaction.config.internalTransactionAdvisor'
2018-04-11 13:52:17 [main] DEBUG o.s.b.f.s.DefaultListableBeanFactory - Creating instance of bean '(inner bean)#2248d140'
2018-04-11 13:52:17 [main] DEBUG o.s.b.f.s.DefaultListableBeanFactory - Returning cached instance of singleton bean 'org.springframework.transaction.config.internalTransactionAdvisor'
2018-04-11 13:52:17 [main] DEBUG o.s.c.i.s.PathMatchingResourcePatternResolver - Resolved classpath location [META-INF/jpa-named-queries.properties] to resources []
2018-04-11 13:52:17 [main] DEBUG o.s.b.f.s.DefaultListableBeanFactory - Invoking afterPropertiesSet() on bean with name '(inner bean)#2248d140'
2018-04-11 13:52:17 [main] DEBUG o.s.b.f.s.DefaultListableBeanFactory - Returning cached instance of singleton bean 'org.springframework.transaction.config.internalTransactionAdvisor'
2018-04-11 13:52:17 [main] DEBUG o.s.b.f.s.DefaultListableBeanFactory - Returning cached instance of singleton bean 'org.springframework.transaction.config.internalTransactionAdvisor'
2018-04-11 13:52:17 [main] DEBUG o.s.b.f.s.DefaultListableBeanFactory - Finished creating instance of bean '(inner bean)#2248d140'
2018-04-11 13:52:17 [main] DEBUG o.s.b.f.s.DefaultListableBeanFactory - Returning cached instance of singleton bean 'org.springframework.transaction.config.internalTransactionAdvisor'
2018-04-11 13:52:17 [main] DEBUG o.s.b.f.s.DefaultListableBeanFactory - Returning cached instance of singleton bean 'org.springframework.transaction.config.internalTransactionAdvisor'
2018-04-11 13:52:17 [main] DEBUG o.s.b.f.s.DefaultListableBeanFactory - Returning cached instance of singleton bean 'org.springframework.transaction.config.internalTransactionAdvisor'
2018-04-11 13:52:17 [main] DEBUG o.s.b.f.s.DefaultListableBeanFactory - Returning cached instance of singleton bean 'org.springframework.transaction.config.internalTransactionAdvisor'
2018-04-11 13:52:17 [main] DEBUG o.s.b.f.s.DefaultListableBeanFactory - Finished creating instance of bean '(inner bean)#1b485c8b'
2018-04-11 13:52:17 [main] DEBUG o.s.b.f.s.DefaultListableBeanFactory - Creating instance of bean '(inner bean)#cb318ac'
2018-04-11 13:52:17 [main] DEBUG o.s.b.f.s.DefaultListableBeanFactory - Returning cached instance of singleton bean 'org.springframework.transaction.config.internalTransactionAdvisor'
2018-04-11 13:52:17 [main] DEBUG o.s.b.f.s.DefaultListableBeanFactory - Returning cached instance of singleton bean 'org.springframework.transaction.config.internalTransactionAdvisor'
2018-04-11 13:52:17 [main] DEBUG o.s.b.f.s.DefaultListableBeanFactory - Returning cached instance of singleton bean 'org.springframework.transaction.config.internalTransactionAdvisor'
2018-04-11 13:52:17 [main] DEBUG o.s.b.f.s.DefaultListableBeanFactory - Finished creating instance of bean '(inner bean)#cb318ac'
2018-04-11 13:52:17 [main] DEBUG o.s.b.f.s.DefaultListableBeanFactory - Creating instance of bean '(inner bean)#236b4a44'
2018-04-11 13:52:17 [main] DEBUG o.s.b.f.s.DefaultListableBeanFactory - Returning cached instance of singleton bean 'org.springframework.transaction.config.internalTransactionAdvisor'
2018-04-11 13:52:17 [main] DEBUG o.s.b.f.s.DefaultListableBeanFactory - Returning cached instance of singleton bean 'entityManagerFactory'
2018-04-11 13:52:17 [main] DEBUG o.s.b.f.s.DefaultListableBeanFactory - Returning cached instance of singleton bean 'org.springframework.transaction.config.internalTransactionAdvisor'
2018-04-11 13:52:17 [main] DEBUG o.s.b.f.s.DefaultListableBeanFactory - Returning cached instance of singleton bean 'org.springframework.transaction.config.internalTransactionAdvisor'
2018-04-11 13:52:17 [main] DEBUG o.s.b.f.s.DefaultListableBeanFactory - Returning cached instance of singleton bean 'dataSourceInitializer'
2018-04-11 13:52:17 [main] DEBUG o.s.c.i.s.PathMatchingResourcePatternResolver - Resolved classpath location [data-all.sql] to resources []
2018-04-11 13:52:17 [main] DEBUG o.s.c.i.s.PathMatchingResourcePatternResolver - Resolved classpath location [data.sql] to resources []
2018-04-11 13:52:17 [main] DEBUG o.s.b.f.s.DefaultListableBeanFactory - Returning cached instance of singleton bean 'org.springframework.transaction.config.internalTransactionAdvisor'
2018-04-11 13:52:17 [main] DEBUG o.s.b.f.s.DefaultListableBeanFactory - Returning cached instance of singleton bean 'org.springframework.transaction.config.internalTransactionAdvisor'
2018-04-11 13:52:17 [main] DEBUG o.s.b.f.s.DefaultListableBeanFactory - Finished creating instance of bean '(inner bean)#236b4a44'
2018-04-11 13:52:17 [main] DEBUG o.s.b.f.s.DefaultListableBeanFactory - Creating shared instance of singleton bean 'jpaMappingContext'
2018-04-11 13:52:17 [main] DEBUG o.s.b.f.s.DefaultListableBeanFactory - Creating instance of bean 'jpaMappingContext'
2018-04-11 13:52:17 [main] DEBUG o.s.b.f.s.DefaultListableBeanFactory - Returning cached instance of singleton bean 'org.springframework.transaction.config.internalTransactionAdvisor'
2018-04-11 13:52:17 [main] DEBUG o.s.b.f.s.DefaultListableBeanFactory - Eagerly caching bean 'jpaMappingContext' to allow for resolving potential circular references
