2018-04-10 23:02:32 [main] DEBUG o.s.c.e.PropertySourcesPropertyResolver - Found key 'spring.datasource.url' in PropertySource 'applicationConfig: [classpath:/application.yml]' with value of type String
2018-04-10 23:02:32 [main] DEBUG o.s.core.env.MutablePropertySources - Adding PropertySource 'servletConfigInitParams' with lowest search precedence
2018-04-10 23:02:32 [main] DEBUG o.s.core.env.MutablePropertySources - Adding PropertySource 'servletContextInitParams' with lowest search precedence
2018-04-10 23:02:32 [main] DEBUG o.s.core.env.MutablePropertySources - Adding PropertySource 'systemProperties' with lowest search precedence
2018-04-10 23:02:32 [main] DEBUG o.s.core.env.MutablePropertySources - Adding PropertySource 'systemEnvironment' with lowest search precedence
2018-04-10 23:02:32 [main] DEBUG o.s.core.env.MutablePropertySources - Adding PropertySource 'random' with lowest search precedence
2018-04-10 23:02:32 [main] DEBUG o.s.core.env.MutablePropertySources - Adding PropertySource 'applicationConfig: [classpath:/application.yml]' with lowest search precedence
2018-04-10 23:02:32 [main] DEBUG o.s.core.env.MutablePropertySources - Adding PropertySource 'localProperties' with lowest search precedence
2018-04-10 23:02:32 [main] DEBUG o.s.c.e.PropertySourcesPropertyResolver - Found key 'spring.datasource.username' in PropertySource 'applicationConfig: [classpath:/application.yml]' with value of type String
2018-04-10 23:02:32 [main] DEBUG o.s.core.env.MutablePropertySources - Adding PropertySource 'servletConfigInitParams' with lowest search precedence
2018-04-10 23:02:32 [main] DEBUG o.s.core.env.MutablePropertySources - Adding PropertySource 'servletContextInitParams' with lowest search precedence
2018-04-10 23:02:32 [main] DEBUG o.s.core.env.MutablePropertySources - Adding PropertySource 'systemProperties' with lowest search precedence
2018-04-10 23:02:32 [main] DEBUG o.s.core.env.MutablePropertySources - Adding PropertySource 'systemEnvironment' with lowest search precedence
2018-04-10 23:02:32 [main] DEBUG o.s.core.env.MutablePropertySources - Adding PropertySource 'random' with lowest search precedence
2018-04-10 23:02:32 [main] DEBUG o.s.core.env.MutablePropertySources - Adding PropertySource 'applicationConfig: [classpath:/application.yml]' with lowest search precedence
2018-04-10 23:02:32 [main] DEBUG o.s.core.env.MutablePropertySources - Adding PropertySource 'localProperties' with lowest search precedence
2018-04-10 23:02:32 [main] DEBUG o.s.c.e.PropertySourcesPropertyResolver - Found key 'spring.datasource.password' in PropertySource 'applicationConfig: [classpath:/application.yml]' with value of type String
2018-04-10 23:02:32 [main] DEBUG o.s.b.f.s.DefaultListableBeanFactory - Invoking afterPropertiesSet() on bean with name 'spring.datasource-org.springframework.boot.autoconfigure.jdbc.DataSourceProperties'
2018-04-10 23:02:32 [main] DEBUG o.s.b.f.s.DefaultListableBeanFactory - Returning cached instance of singleton bean 'org.springframework.transaction.config.internalTransactionAdvisor'
2018-04-10 23:02:32 [main] DEBUG o.s.b.f.s.DefaultListableBeanFactory - Returning cached instance of singleton bean 'org.springframework.transaction.config.internalTransactionAdvisor'
2018-04-10 23:02:32 [main] DEBUG o.s.b.f.s.DefaultListableBeanFactory - Finished creating instance of bean 'spring.datasource-org.springframework.boot.autoconfigure.jdbc.DataSourceProperties'
2018-04-10 23:02:32 [main] DEBUG o.s.b.f.s.DefaultListableBeanFactory - Autowiring by type from bean name 'dataSource' via factory method to bean named 'spring.datasource-org.springframework.boot.autoconfigure.jdbc.DataSourceProperties'
2018-04-10 23:02:32 [main] DEBUG o.s.b.f.s.DefaultListableBeanFactory - Eagerly caching bean 'dataSource' to allow for resolving potential circular references
2018-04-10 23:02:32 [main] DEBUG o.s.core.env.MutablePropertySources - Adding PropertySource 'servletConfigInitParams' with lowest search precedence
2018-04-10 23:02:32 [main] DEBUG o.s.core.env.MutablePropertySources - Adding PropertySource 'servletContextInitParams' with lowest search precedence
2018-04-10 23:02:32 [main] DEBUG o.s.core.env.MutablePropertySources - Adding PropertySource 'systemProperties' with lowest search precedence
2018-04-10 23:02:32 [main] DEBUG o.s.core.env.MutablePropertySources - Adding PropertySource 'systemEnvironment' with lowest search precedence
2018-04-10 23:02:32 [main] DEBUG o.s.core.env.MutablePropertySources - Adding PropertySource 'random' with lowest search precedence
2018-04-10 23:02:32 [main] DEBUG o.s.core.env.MutablePropertySources - Adding PropertySource 'applicationConfig: [classpath:/application.yml]' with lowest search precedence
2018-04-10 23:02:32 [main] DEBUG o.s.core.env.MutablePropertySources - Adding PropertySource 'localProperties' with lowest search precedence
2018-04-10 23:02:33 [main] DEBUG o.s.b.f.s.DefaultListableBeanFactory - Returning cached instance of singleton bean 'org.springframework.transaction.config.internalTransactionAdvisor'
2018-04-10 23:02:33 [main] DEBUG o.s.b.f.s.DefaultListableBeanFactory - Returning cached instance of singleton bean 'org.springframework.transaction.config.internalTransactionAdvisor'
2018-04-10 23:02:33 [main] DEBUG o.s.b.f.s.DefaultListableBeanFactory - Creating shared instance of singleton bean 'dataSourceInitializer'
2018-04-10 23:02:33 [main] DEBUG o.s.b.f.s.DefaultListableBeanFactory - Creating instance of bean 'dataSourceInitializer'
2018-04-10 23:02:33 [main] DEBUG o.s.b.f.s.DefaultListableBeanFactory - Returning cached instance of singleton bean 'org.springframework.transaction.config.internalTransactionAdvisor'
2018-04-10 23:02:33 [main] DEBUG o.s.b.f.s.DefaultListableBeanFactory - Creating shared instance of singleton bean 'org.springframework.boot.autoconfigure.jdbc.DataSourceAutoConfiguration'
2018-04-10 23:02:33 [main] DEBUG o.s.b.f.s.DefaultListableBeanFactory - Creating instance of bean 'org.springframework.boot.autoconfigure.jdbc.DataSourceAutoConfiguration'
2018-04-10 23:02:33 [main] DEBUG o.s.b.f.s.DefaultListableBeanFactory - Returning cached instance of singleton bean 'org.springframework.transaction.config.internalTransactionAdvisor'
2018-04-10 23:02:33 [main] DEBUG o.s.b.f.s.DefaultListableBeanFactory - Eagerly caching bean 'org.springframework.boot.autoconfigure.jdbc.DataSourceAutoConfiguration' to allow for resolving potential circular references
2018-04-10 23:02:33 [main] DEBUG o.s.b.f.s.DefaultListableBeanFactory - Returning cached instance of singleton bean 'org.springframework.transaction.config.internalTransactionAdvisor'
2018-04-10 23:02:33 [main] DEBUG o.s.b.f.s.DefaultListableBeanFactory - Returning cached instance of singleton bean 'org.springframework.transaction.config.internalTransactionAdvisor'
2018-04-10 23:02:33 [main] DEBUG o.s.b.f.s.DefaultListableBeanFactory - Finished creating instance of bean 'org.springframework.boot.autoconfigure.jdbc.DataSourceAutoConfiguration'
2018-04-10 23:02:33 [main] DEBUG o.s.b.f.s.DefaultListableBeanFactory - Returning cached instance of singleton bean 'spring.datasource-org.springframework.boot.autoconfigure.jdbc.DataSourceProperties'
2018-04-10 23:02:33 [main] DEBUG o.s.b.f.s.DefaultListableBeanFactory - Autowiring by type from bean name 'dataSourceInitializer' via factory method to bean named 'spring.datasource-org.springframework.boot.autoconfigure.jdbc.DataSourceProperties'
2018-04-10 23:02:33 [main] DEBUG o.s.b.f.s.DefaultListableBeanFactory - Autowiring by type from bean name 'dataSourceInitializer' via factory method to bean named 'org.springframework.boot.context.embedded.AnnotationConfigEmbeddedWebApplicationContext@47dbb1e2'
2018-04-10 23:02:33 [main] DEBUG o.s.c.a.CommonAnnotationBeanPostProcessor - Found init method on class [org.springframework.boot.autoconfigure.jdbc.DataSourceInitializer]: public void org.springframework.boot.autoconfigure.jdbc.DataSourceInitializer.init()
2018-04-10 23:02:33 [main] DEBUG o.s.c.a.CommonAnnotationBeanPostProcessor - Registered init method on class [org.springframework.boot.autoconfigure.jdbc.DataSourceInitializer]: org.springframework.beans.factory.annotation.InitDestroyAnnotationBeanPostProcessor$LifecycleElement@316510
2018-04-10 23:02:33 [main] DEBUG o.s.b.f.s.DefaultListableBeanFactory - Eagerly caching bean 'dataSourceInitializer' to allow for resolving potential circular references
2018-04-10 23:02:33 [main] DEBUG o.s.c.a.CommonAnnotationBeanPostProcessor - Invoking init method on bean 'dataSourceInitializer': public void org.springframework.boot.autoconfigure.jdbc.DataSourceInitializer.init()
2018-04-10 23:02:33 [main] DEBUG o.s.b.f.s.DefaultListableBeanFactory - Returning eagerly cached instance of singleton bean 'dataSource' that is not fully initialized yet - a consequence of a circular reference
2018-04-10 23:02:33 [main] DEBUG o.s.c.i.s.PathMatchingResourcePatternResolver - Resolved classpath location [schema-all.sql] to resources []
2018-04-10 23:02:33 [main] DEBUG o.s.c.i.s.PathMatchingResourcePatternResolver - Resolved classpath location [schema.sql] to resources []
2018-04-10 23:02:33 [main] DEBUG o.s.b.f.s.DefaultListableBeanFactory - Returning cached instance of singleton bean 'org.springframework.transaction.config.internalTransactionAdvisor'
2018-04-10 23:02:33 [main] DEBUG o.s.b.f.s.DefaultListableBeanFactory - Returning cached instance of singleton bean 'org.springframework.transaction.config.internalTransactionAdvisor'
2018-04-10 23:02:33 [main] DEBUG o.s.b.f.s.DefaultListableBeanFactory - Finished creating instance of bean 'dataSourceInitializer'
2018-04-10 23:02:33 [main] DEBUG o.s.b.f.s.DefaultListableBeanFactory - Finished creating instance of bean 'dataSource'
2018-04-10 23:02:33 [main] DEBUG o.s.b.f.s.DefaultListableBeanFactory - Creating shared instance of singleton bean 'spring.jpa-org.springframework.boot.autoconfigure.orm.jpa.JpaProperties'
2018-04-10 23:02:33 [main] DEBUG o.s.b.f.s.DefaultListableBeanFactory - Creating instance of bean 'spring.jpa-org.springframework.boot.autoconfigure.orm.jpa.JpaProperties'
2018-04-10 23:02:33 [main] DEBUG o.s.b.f.s.DefaultListableBeanFactory - Returning cached instance of singleton bean 'org.springframework.transaction.config.internalTransactionAdvisor'
2018-04-10 23:02:33 [main] DEBUG o.s.b.f.s.DefaultListableBeanFactory - Eagerly caching bean 'spring.jpa-org.springframework.boot.autoconfigure.orm.jpa.JpaProperties' to allow for resolving potential circular references
2018-04-10 23:02:33 [main] DEBUG o.s.core.env.MutablePropertySources - Adding PropertySource 'servletConfigInitParams' with lowest search precedence
2018-04-10 23:02:33 [main] DEBUG o.s.core.env.MutablePropertySources - Adding PropertySource 'servletContextInitParams' with lowest search precedence
2018-04-10 23:02:33 [main] DEBUG o.s.core.env.MutablePropertySources - Adding PropertySource 'systemProperties' with lowest search precedence
2018-04-10 23:02:33 [main] DEBUG o.s.core.env.MutablePropertySources - Adding PropertySource 'systemEnvironment' with lowest search precedence
