2018-04-11 13:52:14 [main] DEBUG o.s.core.env.MutablePropertySources - Adding PropertySource 'random' with lowest search precedence
2018-04-11 13:52:14 [main] DEBUG o.s.core.env.MutablePropertySources - Adding PropertySource 'applicationConfig: [classpath:/application.yml]' with lowest search precedence
2018-04-11 13:52:14 [main] DEBUG o.s.core.env.MutablePropertySources - Adding PropertySource 'localProperties' with lowest search precedence
2018-04-11 13:52:14 [main] DEBUG o.s.core.env.MutablePropertySources - Adding PropertySource 'servletConfigInitParams' with lowest search precedence
2018-04-11 13:52:14 [main] DEBUG o.s.core.env.MutablePropertySources - Adding PropertySource 'servletContextInitParams' with lowest search precedence
2018-04-11 13:52:14 [main] DEBUG o.s.core.env.MutablePropertySources - Adding PropertySource 'systemProperties' with lowest search precedence
2018-04-11 13:52:14 [main] DEBUG o.s.core.env.MutablePropertySources - Adding PropertySource 'systemEnvironment' with lowest search precedence
2018-04-11 13:52:14 [main] DEBUG o.s.core.env.MutablePropertySources - Adding PropertySource 'random' with lowest search precedence
2018-04-11 13:52:14 [main] DEBUG o.s.core.env.MutablePropertySources - Adding PropertySource 'applicationConfig: [classpath:/application.yml]' with lowest search precedence
2018-04-11 13:52:14 [main] DEBUG o.s.core.env.MutablePropertySources - Adding PropertySource 'localProperties' with lowest search precedence
2018-04-11 13:52:14 [main] DEBUG o.s.c.e.PropertySourcesPropertyResolver - Found key 'spring.jpa.hibernate.ddl-auto' in PropertySource 'applicationConfig: [classpath:/application.yml]' with value of type String
2018-04-11 13:52:14 [main] DEBUG o.s.core.env.MutablePropertySources - Adding PropertySource 'servletConfigInitParams' with lowest search precedence
2018-04-11 13:52:14 [main] DEBUG o.s.core.env.MutablePropertySources - Adding PropertySource 'servletContextInitParams' with lowest search precedence
2018-04-11 13:52:14 [main] DEBUG o.s.core.env.MutablePropertySources - Adding PropertySource 'systemProperties' with lowest search precedence
2018-04-11 13:52:14 [main] DEBUG o.s.core.env.MutablePropertySources - Adding PropertySource 'systemEnvironment' with lowest search precedence
2018-04-11 13:52:14 [main] DEBUG o.s.core.env.MutablePropertySources - Adding PropertySource 'random' with lowest search precedence
2018-04-11 13:52:14 [main] DEBUG o.s.core.env.MutablePropertySources - Adding PropertySource 'applicationConfig: [classpath:/application.yml]' with lowest search precedence
2018-04-11 13:52:14 [main] DEBUG o.s.core.env.MutablePropertySources - Adding PropertySource 'localProperties' with lowest search precedence
2018-04-11 13:52:14 [main] DEBUG o.s.c.e.PropertySourcesPropertyResolver - Found key 'spring.jpa.properties.hibernate.dialect' in PropertySource 'applicationConfig: [classpath:/application.yml]' with value of type String
2018-04-11 13:52:14 [main] DEBUG o.s.b.f.s.DefaultListableBeanFactory - Returning cached instance of singleton bean 'org.springframework.transaction.config.internalTransactionAdvisor'
2018-04-11 13:52:14 [main] DEBUG o.s.b.f.s.DefaultListableBeanFactory - Returning cached instance of singleton bean 'org.springframework.transaction.config.internalTransactionAdvisor'
2018-04-11 13:52:14 [main] DEBUG o.s.b.f.s.DefaultListableBeanFactory - Finished creating instance of bean 'spring.jpa-org.springframework.boot.autoconfigure.orm.jpa.JpaProperties'
2018-04-11 13:52:14 [main] DEBUG o.s.b.f.s.DefaultListableBeanFactory - Autowiring by type from bean name 'org.springframework.boot.autoconfigure.orm.jpa.HibernateJpaAutoConfiguration' via constructor to bean named 'dataSource'
2018-04-11 13:52:14 [main] DEBUG o.s.b.f.s.DefaultListableBeanFactory - Autowiring by type from bean name 'org.springframework.boot.autoconfigure.orm.jpa.HibernateJpaAutoConfiguration' via constructor to bean named 'spring.jpa-org.springframework.boot.autoconfigure.orm.jpa.JpaProperties'
2018-04-11 13:52:14 [main] DEBUG o.s.b.f.s.DefaultListableBeanFactory - Creating shared instance of singleton bean 'platformTransactionManagerCustomizers'
2018-04-11 13:52:14 [main] DEBUG o.s.b.f.s.DefaultListableBeanFactory - Creating instance of bean 'platformTransactionManagerCustomizers'
2018-04-11 13:52:14 [main] DEBUG o.s.b.f.s.DefaultListableBeanFactory - Returning cached instance of singleton bean 'org.springframework.transaction.config.internalTransactionAdvisor'
2018-04-11 13:52:14 [main] DEBUG o.s.b.f.s.DefaultListableBeanFactory - Creating shared instance of singleton bean 'org.springframework.boot.autoconfigure.transaction.TransactionAutoConfiguration'
2018-04-11 13:52:14 [main] DEBUG o.s.b.f.s.DefaultListableBeanFactory - Creating instance of bean 'org.springframework.boot.autoconfigure.transaction.TransactionAutoConfiguration'
2018-04-11 13:52:14 [main] DEBUG o.s.b.f.s.DefaultListableBeanFactory - Returning cached instance of singleton bean 'org.springframework.transaction.config.internalTransactionAdvisor'
2018-04-11 13:52:14 [main] DEBUG o.s.b.f.s.DefaultListableBeanFactory - Eagerly caching bean 'org.springframework.boot.autoconfigure.transaction.TransactionAutoConfiguration' to allow for resolving potential circular references
2018-04-11 13:52:14 [main] DEBUG o.s.b.f.s.DefaultListableBeanFactory - Returning cached instance of singleton bean 'org.springframework.transaction.config.internalTransactionAdvisor'
2018-04-11 13:52:14 [main] DEBUG o.s.b.f.s.DefaultListableBeanFactory - Returning cached instance of singleton bean 'org.springframework.transaction.config.internalTransactionAdvisor'
2018-04-11 13:52:14 [main] DEBUG o.s.b.f.s.DefaultListableBeanFactory - Finished creating instance of bean 'org.springframework.boot.autoconfigure.transaction.TransactionAutoConfiguration'
2018-04-11 13:52:14 [main] DEBUG o.s.b.f.s.DefaultListableBeanFactory - Creating shared instance of singleton bean 'spring.transaction-org.springframework.boot.autoconfigure.transaction.TransactionProperties'
2018-04-11 13:52:14 [main] DEBUG o.s.b.f.s.DefaultListableBeanFactory - Creating instance of bean 'spring.transaction-org.springframework.boot.autoconfigure.transaction.TransactionProperties'
2018-04-11 13:52:14 [main] DEBUG o.s.b.f.s.DefaultListableBeanFactory - Returning cached instance of singleton bean 'org.springframework.transaction.config.internalTransactionAdvisor'
2018-04-11 13:52:14 [main] DEBUG o.s.b.f.s.DefaultListableBeanFactory - Eagerly caching bean 'spring.transaction-org.springframework.boot.autoconfigure.transaction.TransactionProperties' to allow for resolving potential circular references
2018-04-11 13:52:14 [main] DEBUG o.s.core.env.MutablePropertySources - Adding PropertySource 'servletConfigInitParams' with lowest search precedence
2018-04-11 13:52:14 [main] DEBUG o.s.core.env.MutablePropertySources - Adding PropertySource 'servletContextInitParams' with lowest search precedence
2018-04-11 13:52:14 [main] DEBUG o.s.core.env.MutablePropertySources - Adding PropertySource 'systemProperties' with lowest search precedence
2018-04-11 13:52:14 [main] DEBUG o.s.core.env.MutablePropertySources - Adding PropertySource 'systemEnvironment' with lowest search precedence
2018-04-11 13:52:14 [main] DEBUG o.s.core.env.MutablePropertySources - Adding PropertySource 'random' with lowest search precedence
2018-04-11 13:52:14 [main] DEBUG o.s.core.env.MutablePropertySources - Adding PropertySource 'applicationConfig: [classpath:/application.yml]' with lowest search precedence
2018-04-11 13:52:14 [main] DEBUG o.s.core.env.MutablePropertySources - Adding PropertySource 'localProperties' with lowest search precedence
2018-04-11 13:52:14 [main] DEBUG o.s.b.f.s.DefaultListableBeanFactory - Returning cached instance of singleton bean 'org.springframework.transaction.config.internalTransactionAdvisor'
2018-04-11 13:52:14 [main] DEBUG o.s.b.f.s.DefaultListableBeanFactory - Returning cached instance of singleton bean 'org.springframework.transaction.config.internalTransactionAdvisor'
2018-04-11 13:52:14 [main] DEBUG o.s.b.f.s.DefaultListableBeanFactory - Finished creating instance of bean 'spring.transaction-org.springframework.boot.autoconfigure.transaction.TransactionProperties'
2018-04-11 13:52:14 [main] DEBUG o.s.b.f.s.DefaultListableBeanFactory - Eagerly caching bean 'platformTransactionManagerCustomizers' to allow for resolving potential circular references
2018-04-11 13:52:14 [main] DEBUG o.s.b.f.s.DefaultListableBeanFactory - Returning cached instance of singleton bean 'org.springframework.transaction.config.internalTransactionAdvisor'
2018-04-11 13:52:14 [main] DEBUG o.s.b.f.s.DefaultListableBeanFactory - Returning cached instance of singleton bean 'org.springframework.transaction.config.internalTransactionAdvisor'
2018-04-11 13:52:14 [main] DEBUG o.s.b.f.s.DefaultListableBeanFactory - Finished creating instance of bean 'platformTransactionManagerCustomizers'
2018-04-11 13:52:14 [main] DEBUG o.s.b.f.s.DefaultListableBeanFactory - Eagerly caching bean 'org.springframework.boot.autoconfigure.orm.jpa.HibernateJpaAutoConfiguration' to allow for resolving potential circular references
2018-04-11 13:52:14 [main] DEBUG o.s.b.f.s.DefaultListableBeanFactory - Returning cached instance of singleton bean 'org.springframework.transaction.config.internalTransactionAdvisor'
2018-04-11 13:52:14 [main] DEBUG o.s.b.f.s.DefaultListableBeanFactory - Returning cached instance of singleton bean 'org.springframework.transaction.config.internalTransactionAdvisor'
2018-04-11 13:52:14 [main] DEBUG o.s.b.f.s.DefaultListableBeanFactory - Finished creating instance of bean 'org.springframework.boot.autoconfigure.orm.jpa.HibernateJpaAutoConfiguration'
2018-04-11 13:52:14 [main] DEBUG o.s.b.f.s.DefaultListableBeanFactory - Creating shared instance of singleton bean 'entityManagerFactoryBuilder'
2018-04-11 13:52:14 [main] DEBUG o.s.b.f.s.DefaultListableBeanFactory - Creating instance of bean 'entityManagerFactoryBuilder'
2018-04-11 13:52:14 [main] DEBUG o.s.b.f.s.DefaultListableBeanFactory - Returning cached instance of singleton bean 'org.springframework.transaction.config.internalTransactionAdvisor'
2018-04-11 13:52:14 [main] DEBUG o.s.b.f.s.DefaultListableBeanFactory - Returning cached instance of singleton bean 'org.springframework.boot.autoconfigure.orm.jpa.HibernateJpaAutoConfiguration'
2018-04-11 13:52:14 [main] DEBUG o.s.b.f.s.DefaultListableBeanFactory - Creating shared instance of singleton bean 'jpaVendorAdapter'
2018-04-11 13:52:14 [main] DEBUG o.s.b.f.s.DefaultListableBeanFactory - Creating instance of bean 'jpaVendorAdapter'
2018-04-11 13:52:14 [main] DEBUG o.s.b.f.s.DefaultListableBeanFactory - Returning cached instance of singleton bean 'org.springframework.transaction.config.internalTransactionAdvisor'
2018-04-11 13:52:14 [main] DEBUG o.s.b.f.s.DefaultListableBeanFactory - Returning cached instance of singleton bean 'org.springframework.boot.autoconfigure.orm.jpa.HibernateJpaAutoConfiguration'
2018-04-11 13:52:14 [main] DEBUG o.s.jdbc.datasource.DataSourceUtils - Fetching JDBC Connection from DataSource
2018-04-11 13:52:15 [main] DEBUG o.s.jdbc.datasource.DataSourceUtils - Returning JDBC Connection to DataSource
2018-04-11 13:52:15 [main] DEBUG o.s.b.f.s.DefaultListableBeanFactory - Eagerly caching bean 'jpaVendorAdapter' to allow for resolving potential circular references
2018-04-11 13:52:15 [main] DEBUG o.s.b.f.s.DefaultListableBeanFactory - Returning cached instance of singleton bean 'org.springframework.transaction.config.internalTransactionAdvisor'
2018-04-11 13:52:15 [main] DEBUG o.s.b.f.s.DefaultListableBeanFactory - Returning cached instance of singleton bean 'org.springframework.transaction.config.internalTransactionAdvisor'
2018-04-11 13:52:15 [main] DEBUG o.s.b.f.s.DefaultListableBeanFactory - Finished creating instance of bean 'jpaVendorAdapter'
2018-04-11 13:52:15 [main] DEBUG o.s.b.f.s.DefaultListableBeanFactory - Autowiring by type from bean name 'entityManagerFactoryBuilder' via factory method to bean named 'jpaVendorAdapter'
2018-04-11 13:52:15 [main] DEBUG o.s.b.f.s.DefaultListableBeanFactory - Eagerly caching bean 'entityManagerFactoryBuilder' to allow for resolving potential circular references
2018-04-11 13:52:15 [main] DEBUG o.s.b.f.s.DefaultListableBeanFactory - Returning cached instance of singleton bean 'org.springframework.transaction.config.internalTransactionAdvisor'
2018-04-11 13:52:15 [main] DEBUG o.s.b.f.s.DefaultListableBeanFactory - Returning cached instance of singleton bean 'org.springframework.transaction.config.internalTransactionAdvisor'
2018-04-11 13:52:15 [main] DEBUG o.s.b.f.s.DefaultListableBeanFactory - Finished creating instance of bean 'entityManagerFactoryBuilder'
2018-04-11 13:52:15 [main] DEBUG o.s.b.f.s.DefaultListableBeanFactory - Autowiring by type from bean name 'entityManagerFactory' via factory method to bean named 'entityManagerFactoryBuilder'
2018-04-11 13:52:15 [main] DEBUG o.s.b.f.s.DefaultListableBeanFactory - Returning cached instance of singleton bean 'org.springframework.boot.autoconfigure.AutoConfigurationPackages'
2018-04-11 13:52:15 [main] DEBUG o.s.b.f.s.DefaultListableBeanFactory - Returning cached instance of singleton bean 'org.springframework.boot.autoconfigure.AutoConfigurationPackages'
2018-04-11 13:52:15 [main] DEBUG o.s.b.f.s.DefaultListableBeanFactory - Eagerly caching bean 'entityManagerFactory' to allow for resolving potential circular references
2018-04-11 13:52:15 [main] DEBUG o.s.b.f.s.DefaultListableBeanFactory - Invoking afterPropertiesSet() on bean with name 'entityManagerFactory'
2018-04-11 13:52:15 [main] DEBUG o.s.c.i.s.PathMatchingResourcePatternResolver - Resolved classpath location [META-INF/persistence.xml] to resources []
2018-04-11 13:52:15 [main] DEBUG o.s.c.i.s.PathMatchingResourcePatternResolver - Resolved classpath location [com/stackroute/activitystream/] to resources [URL [file:/K:/Git_Projects/Spring_Assignments/assignment-solution-step7/step7-usercircleservice-solution/target/classes/com/stackroute/activitystream/], URL [file:/K:/Git_Projects/Spring_Assignments/assignment-solution-step7/step7-authenticationservice-solution/target/classes/com/stackroute/activitystream/], URL [file:/K:/Git_Projects/Spring_Assignments/assignment-solution-step7/step7-authenticationservice-solution/target/test-classes/com/stackroute/activitystream/], URL [file:/K:/Git_Projects/Spring_Assignments/assignment-solution-step7/step7-circleservice-solution/target/classes/com/stackroute/activitystream/]]
2018-04-11 13:52:15 [main] DEBUG o.s.c.i.s.PathMatchingResourcePatternResolver - Looking for matching resources in directory tree [K:\Git_Projects\Spring_Assignments\assignment-solution-step7\step7-usercircleservice-solution\target\classes\com\stackroute\activitystream]
2018-04-11 13:52:15 [main] DEBUG o.s.c.i.s.PathMatchingResourcePatternResolver - Searching directory [K:\Git_Projects\Spring_Assignments\assignment-solution-step7\step7-usercircleservice-solution\target\classes\com\stackroute\activitystream] for files matching pattern [K:/Git_Projects/Spring_Assignments/assignment-solution-step7/step7-usercircleservice-solution/target/classes/com/stackroute/activitystream/**/*.class]
2018-04-11 13:52:15 [main] DEBUG o.s.c.i.s.PathMatchingResourcePatternResolver - Searching directory [K:\Git_Projects\Spring_Assignments\assignment-solution-step7\step7-usercircleservice-solution\target\classes\com\stackroute\activitystream\aspect] for files matching pattern [K:/Git_Projects/Spring_Assignments/assignment-solution-step7/step7-usercircleservice-solution/target/classes/com/stackroute/activitystream/**/*.class]
2018-04-11 13:52:15 [main] DEBUG o.s.c.i.s.PathMatchingResourcePatternResolver - Searching directory [K:\Git_Projects\Spring_Assignments\assignment-solution-step7\step7-usercircleservice-solution\target\classes\com\stackroute\activitystream\config] for files matching pattern [K:/Git_Projects/Spring_Assignments/assignment-solution-step7/step7-usercircleservice-solution/target/classes/com/stackroute/activitystream/**/*.class]
2018-04-11 13:52:15 [main] DEBUG o.s.c.i.s.PathMatchingResourcePatternResolver - Searching directory [K:\Git_Projects\Spring_Assignments\assignment-solution-step7\step7-usercircleservice-solution\target\classes\com\stackroute\activitystream\controller] for files matching pattern [K:/Git_Projects/Spring_Assignments/assignment-solution-step7/step7-usercircleservice-solution/target/classes/com/stackroute/activitystream/**/*.class]
2018-04-11 13:52:15 [main] DEBUG o.s.c.i.s.PathMatchingResourcePatternResolver - Searching directory [K:\Git_Projects\Spring_Assignments\assignment-solution-step7\step7-usercircleservice-solution\target\classes\com\stackroute\activitystream\model] for files matching pattern [K:/Git_Projects/Spring_Assignments/assignment-solution-step7/step7-usercircleservice-solution/target/classes/com/stackroute/activitystream/**/*.class]
2018-04-11 13:52:15 [main] DEBUG o.s.c.i.s.PathMatchingResourcePatternResolver - Searching directory [K:\Git_Projects\Spring_Assignments\assignment-solution-step7\step7-usercircleservice-solution\target\classes\com\stackroute\activitystream\repository] for files matching pattern [K:/Git_Projects/Spring_Assignments/assignment-solution-step7/step7-usercircleservice-solution/target/classes/com/stackroute/activitystream/**/*.class]
2018-04-11 13:52:15 [main] DEBUG o.s.c.i.s.PathMatchingResourcePatternResolver - Searching directory [K:\Git_Projects\Spring_Assignments\assignment-solution-step7\step7-usercircleservice-solution\target\classes\com\stackroute\activitystream\service] for files matching pattern [K:/Git_Projects/Spring_Assignments/assignment-solution-step7/step7-usercircleservice-solution/target/classes/com/stackroute/activitystream/**/*.class]
2018-04-11 13:52:15 [main] DEBUG o.s.c.i.s.PathMatchingResourcePatternResolver - Looking for matching resources in directory tree [K:\Git_Projects\Spring_Assignments\assignment-solution-step7\step7-authenticationservice-solution\target\classes\com\stackroute\activitystream]
2018-04-11 13:52:15 [main] DEBUG o.s.c.i.s.PathMatchingResourcePatternResolver - Searching directory [K:\Git_Projects\Spring_Assignments\assignment-solution-step7\step7-authenticationservice-solution\target\classes\com\stackroute\activitystream] for files matching pattern [K:/Git_Projects/Spring_Assignments/assignment-solution-step7/step7-authenticationservice-solution/target/classes/com/stackroute/activitystream/**/*.class]
2018-04-11 13:52:15 [main] DEBUG o.s.c.i.s.PathMatchingResourcePatternResolver - Searching directory [K:\Git_Projects\Spring_Assignments\assignment-solution-step7\step7-authenticationservice-solution\target\classes\com\stackroute\activitystream\aspect] for files matching pattern [K:/Git_Projects/Spring_Assignments/assignment-solution-step7/step7-authenticationservice-solution/target/classes/com/stackroute/activitystream/**/*.class]
2018-04-11 13:52:15 [main] DEBUG o.s.c.i.s.PathMatchingResourcePatternResolver - Searching directory [K:\Git_Projects\Spring_Assignments\assignment-solution-step7\step7-authenticationservice-solution\target\classes\com\stackroute\activitystream\config] for files matching pattern [K:/Git_Projects/Spring_Assignments/assignment-solution-step7/step7-authenticationservice-solution/target/classes/com/stackroute/activitystream/**/*.class]
2018-04-11 13:52:15 [main] DEBUG o.s.c.i.s.PathMatchingResourcePatternResolver - Searching directory [K:\Git_Projects\Spring_Assignments\assignment-solution-step7\step7-authenticationservice-solution\target\classes\com\stackroute\activitystream\controller] for files matching pattern [K:/Git_Projects/Spring_Assignments/assignment-solution-step7/step7-authenticationservice-solution/target/classes/com/stackroute/activitystream/**/*.class]
2018-04-11 13:52:15 [main] DEBUG o.s.c.i.s.PathMatchingResourcePatternResolver - Searching directory [K:\Git_Projects\Spring_Assignments\assignment-solution-step7\step7-authenticationservice-solution\target\classes\com\stackroute\activitystream\model] for files matching pattern [K:/Git_Projects/Spring_Assignments/assignment-solution-step7/step7-authenticationservice-solution/target/classes/com/stackroute/activitystream/**/*.class]
2018-04-11 13:52:15 [main] DEBUG o.s.c.i.s.PathMatchingResourcePatternResolver - Searching directory [K:\Git_Projects\Spring_Assignments\assignment-solution-step7\step7-authenticationservice-solution\target\classes\com\stackroute\activitystream\repository] for files matching pattern [K:/Git_Projects/Spring_Assignments/assignment-solution-step7/step7-authenticationservice-solution/target/classes/com/stackroute/activitystream/**/*.class]
2018-04-11 13:52:15 [main] DEBUG o.s.c.i.s.PathMatchingResourcePatternResolver - Searching directory [K:\Git_Projects\Spring_Assignments\assignment-solution-step7\step7-authenticationservice-solution\target\classes\com\stackroute\activitystream\service] for files matching pattern [K:/Git_Projects/Spring_Assignments/assignment-solution-step7/step7-authenticationservice-solution/target/classes/com/stackroute/activitystream/**/*.class]
2018-04-11 13:52:15 [main] DEBUG o.s.c.i.s.PathMatchingResourcePatternResolver - Looking for matching resources in directory tree [K:\Git_Projects\Spring_Assignments\assignment-solution-step7\step7-authenticationservice-solution\target\test-classes\com\stackroute\activitystream]
2018-04-11 13:52:15 [main] DEBUG o.s.c.i.s.PathMatchingResourcePatternResolver - Searching directory [K:\Git_Projects\Spring_Assignments\assignment-solution-step7\step7-authenticationservice-solution\target\test-classes\com\stackroute\activitystream] for files matching pattern [K:/Git_Projects/Spring_Assignments/assignment-solution-step7/step7-authenticationservice-solution/target/test-classes/com/stackroute/activitystream/**/*.class]
2018-04-11 13:52:15 [main] DEBUG o.s.c.i.s.PathMatchingResourcePatternResolver - Searching directory [K:\Git_Projects\Spring_Assignments\assignment-solution-step7\step7-authenticationservice-solution\target\test-classes\com\stackroute\activitystream\test] for files matching pattern [K:/Git_Projects/Spring_Assignments/assignment-solution-step7/step7-authenticationservice-solution/target/test-classes/com/stackroute/activitystream/**/*.class]
2018-04-11 13:52:15 [main] DEBUG o.s.c.i.s.PathMatchingResourcePatternResolver - Looking for matching resources in directory tree [K:\Git_Projects\Spring_Assignments\assignment-solution-step7\step7-circleservice-solution\target\classes\com\stackroute\activitystream]
2018-04-11 13:52:15 [main] DEBUG o.s.c.i.s.PathMatchingResourcePatternResolver - Searching directory [K:\Git_Projects\Spring_Assignments\assignment-solution-step7\step7-circleservice-solution\target\classes\com\stackroute\activitystream] for files matching pattern [K:/Git_Projects/Spring_Assignments/assignment-solution-step7/step7-circleservice-solution/target/classes/com/stackroute/activitystream/**/*.class]
2018-04-11 13:52:15 [main] DEBUG o.s.c.i.s.PathMatchingResourcePatternResolver - Searching directory [K:\Git_Projects\Spring_Assignments\assignment-solution-step7\step7-circleservice-solution\target\classes\com\stackroute\activitystream\aspect] for files matching pattern [K:/Git_Projects/Spring_Assignments/assignment-solution-step7/step7-circleservice-solution/target/classes/com/stackroute/activitystream/**/*.class]
2018-04-11 13:52:15 [main] DEBUG o.s.c.i.s.PathMatchingResourcePatternResolver - Searching directory [K:\Git_Projects\Spring_Assignments\assignment-solution-step7\step7-circleservice-solution\target\classes\com\stackroute\activitystream\config] for files matching pattern [K:/Git_Projects/Spring_Assignments/assignment-solution-step7/step7-circleservice-solution/target/classes/com/stackroute/activitystream/**/*.class]
2018-04-11 13:52:15 [main] DEBUG o.s.c.i.s.PathMatchingResourcePatternResolver - Searching directory [K:\Git_Projects\Spring_Assignments\assignment-solution-step7\step7-circleservice-solution\target\classes\com\stackroute\activitystream\controller] for files matching pattern [K:/Git_Projects/Spring_Assignments/assignment-solution-step7/step7-circleservice-solution/target/classes/com/stackroute/activitystream/**/*.class]
2018-04-11 13:52:15 [main] DEBUG o.s.c.i.s.PathMatchingResourcePatternResolver - Searching directory [K:\Git_Projects\Spring_Assignments\assignment-solution-step7\step7-circleservice-solution\target\classes\com\stackroute\activitystream\model] for files matching pattern [K:/Git_Projects/Spring_Assignments/assignment-solution-step7/step7-circleservice-solution/target/classes/com/stackroute/activitystream/**/*.class]
2018-04-11 13:52:15 [main] DEBUG o.s.c.i.s.PathMatchingResourcePatternResolver - Searching directory [K:\Git_Projects\Spring_Assignments\assignment-solution-step7\step7-circleservice-solution\target\classes\com\stackroute\activitystream\repository] for files matching pattern [K:/Git_Projects/Spring_Assignments/assignment-solution-step7/step7-circleservice-solution/target/classes/com/stackroute/activitystream/**/*.class]
2018-04-11 13:52:15 [main] DEBUG o.s.c.i.s.PathMatchingResourcePatternResolver - Searching directory [K:\Git_Projects\Spring_Assignments\assignment-solution-step7\step7-circleservice-solution\target\classes\com\stackroute\activitystream\service] for files matching pattern [K:/Git_Projects/Spring_Assignments/assignment-solution-step7/step7-circleservice-solution/target/classes/com/stackroute/activitystream/**/*.class]
2018-04-11 13:52:15 [main] DEBUG o.s.c.i.s.PathMatchingResourcePatternResolver - Resolved location pattern [classpath*:com/stackroute/activitystream/**/*.class] to resources [file [K:\Git_Projects\Spring_Assignments\assignment-solution-step7\step7-usercircleservice-solution\target\classes\com\stackroute\activitystream\aspect\LoggingAspectUserCircle.class], file [K:\Git_Projects\Spring_Assignments\assignment-solution-step7\step7-usercircleservice-solution\target\classes\com\stackroute\activitystream\aspect\LoggingAspectUserCircleService.class], file [K:\Git_Projects\Spring_Assignments\assignment-solution-step7\step7-usercircleservice-solution\target\classes\com\stackroute\activitystream\config\JwtFilter.class], file [K:\Git_Projects\Spring_Assignments\assignment-solution-step7\step7-usercircleservice-solution\target\classes\com\stackroute\activitystream\controller\UserCircleController.class], file [K:\Git_Projects\Spring_Assignments\assignment-solution-step7\step7-usercircleservice-solution\target\classes\com\stackroute\activitystream\model\UserCircle.class], file [K:\Git_Projects\Spring_Assignments\assignment-solution-step7\step7-usercircleservice-solution\target\classes\com\stackroute\activitystream\repository\UserCircleRepository.class], file [K:\Git_Projects\Spring_Assignments\assignment-solution-step7\step7-usercircleservice-solution\target\classes\com\stackroute\activitystream\service\UserCircleService.class], file [K:\Git_Projects\Spring_Assignments\assignment-solution-step7\step7-usercircleservice-solution\target\classes\com\stackroute\activitystream\service\UserCircleServiceImpl.class], file [K:\Git_Projects\Spring_Assignments\assignment-solution-step7\step7-usercircleservice-solution\target\classes\com\stackroute\activitystream\UserCircleServiceSpringBootApplication.class], file [K:\Git_Projects\Spring_Assignments\assignment-solution-step7\step7-authenticationservice-solution\target\classes\com\stackroute\activitystream\aspect\LoggingAspectUser.class], file [K:\Git_Projects\Spring_Assignments\assignment-solution-step7\step7-authenticationservice-solution\target\classes\com\stackroute\activitystream\aspect\LoggingAspectUserService.class], file [K:\Git_Projects\Spring_Assignments\assignment-solution-step7\step7-authenticationservice-solution\target\classes\com\stackroute\activitystream\AuthenticationServiceBoot.class], file [K:\Git_Projects\Spring_Assignments\assignment-solution-step7\step7-authenticationservice-solution\target\classes\com\stackroute\activitystream\config\JwtFilter.class], file [K:\Git_Projects\Spring_Assignments\assignment-solution-step7\step7-authenticationservice-solution\target\classes\com\stackroute\activitystream\controller\UserAuthenticateController.class], file [K:\Git_Projects\Spring_Assignments\assignment-solution-step7\step7-authenticationservice-solution\target\classes\com\stackroute\activitystream\controller\UserController.class], file [K:\Git_Projects\Spring_Assignments\assignment-solution-step7\step7-authenticationservice-solution\target\classes\com\stackroute\activitystream\model\User.class], file [K:\Git_Projects\Spring_Assignments\assignment-solution-step7\step7-authenticationservice-solution\target\classes\com\stackroute\activitystream\repository\UserRepository.class], file [K:\Git_Projects\Spring_Assignments\assignment-solution-step7\step7-authenticationservice-solution\target\classes\com\stackroute\activitystream\service\UserService.class], file [K:\Git_Projects\Spring_Assignments\assignment-solution-step7\step7-authenticationservice-solution\target\classes\com\stackroute\activitystream\service\UserServiceImpl.class], file [K:\Git_Projects\Spring_Assignments\assignment-solution-step7\step7-authenticationservice-solution\target\test-classes\com\stackroute\activitystream\test\UserAuthenticateControllerTest.class], file [K:\Git_Projects\Spring_Assignments\assignment-solution-step7\step7-circleservice-solution\target\classes\com\stackroute\activitystream\aspect\LoggingAspectCircle.class], file [K:\Git_Projects\Spring_Assignments\assignment-solution-step7\step7-circleservice-solution\target\classes\com\stackroute\activitystream\aspect\LoggingAspectCircleService.class], file [K:\Git_Projects\Spring_Assignments\assignment-solution-step7\step7-circleservice-solution\target\classes\com\stackroute\activitystream\CircleServiceSpringBootApplication.class], file [K:\Git_Projects\Spring_Assignments\assignment-solution-step7\step7-circleservice-solution\target\classes\com\stackroute\activitystream\config\JwtFilter.class], file [K:\Git_Projects\Spring_Assignments\assignment-solution-step7\step7-circleservice-solution\target\classes\com\stackroute\activitystream\controller\CircleController.class], file [K:\Git_Projects\Spring_Assignments\assignment-solution-step7\step7-circleservice-solution\target\classes\com\stackroute\activitystream\model\Circle.class], file [K:\Git_Projects\Spring_Assignments\assignment-solution-step7\step7-circleservice-solution\target\classes\com\stackroute\activitystream\repository\CircleRepository.class], file [K:\Git_Projects\Spring_Assignments\assignment-solution-step7\step7-circleservice-solution\target\classes\com\stackroute\activitystream\service\CircleService.class], file [K:\Git_Projects\Spring_Assignments\assignment-solution-step7\step7-circleservice-solution\target\classes\com\stackroute\activitystream\service\CircleServiceImpl.class]]
2018-04-11 13:52:15 [main] INFO  o.s.o.j.LocalContainerEntityManagerFactoryBean - Building JPA container EntityManagerFactory for persistence unit 'default'
2018-04-11 13:52:15 [main] DEBUG o.h.jpa.internal.util.LogHelper - PersistenceUnitInfo [
	name: default
	persistence provider classname: null
	classloader: jdk.internal.loader.ClassLoaders$AppClassLoader@3fb4f649
	excludeUnlistedClasses: true
	JTA datasource: null
	Non JTA datasource: org.apache.tomcat.jdbc.pool.DataSource@49fdbe2b{ConnectionPool[defaultAutoCommit=null; defaultReadOnly=null; defaultTransactionIsolation=-1; defaultCatalog=null; driverClassName=com.mysql.jdbc.Driver; maxActive=100; maxIdle=100; minIdle=10; initialSize=10; maxWait=30000; testOnBorrow=true; testOnReturn=false; timeBetweenEvictionRunsMillis=5000; numTestsPerEvictionRun=0; minEvictableIdleTimeMillis=60000; testWhileIdle=false; testOnConnect=false; password=********; url=jdbc:mysql://localhost:3306/usercircleservicedb; username=root; validationQuery=SELECT 1; validationQueryTimeout=-1; validatorClassName=null; validationInterval=3000; accessToUnderlyingConnectionAllowed=true; removeAbandoned=false; removeAbandonedTimeout=60; logAbandoned=false; connectionProperties=null; initSQL=null; jdbcInterceptors=null; jmxEnabled=true; fairQueue=true; useEquals=true; abandonWhenPercentageFull=0; maxAge=0; useLock=false; dataSource=null; dataSourceJNDI=null; suspectTimeout=0; alternateUsernameAllowed=false; commitOnReturn=false; rollbackOnReturn=false; useDisposableConnectionFacade=true; logValidationErrors=false; propagateInterruptState=false; ignoreExceptionOnPreLoad=false; useStatementFacade=true; }
	Transaction type: RESOURCE_LOCAL
	PU root URL: file:/K:/Git_Projects/Spring_Assignments/assignment-solution-step7/step7-usercircleservice-solution/target/classes/
	Shared Cache Mode: UNSPECIFIED
	Validation Mode: AUTO
	Jar files URLs []
	Managed classes names [
		com.stackroute.activitystream.model.UserCircle
		com.stackroute.activitystream.model.User
		com.stackroute.activitystream.model.Circle]
	Mapping files names []
	Properties []
