2018-04-11 13:52:16 [main] DEBUG o.h.p.w.spi.MetamodelGraphWalker - Visiting attribute path : dob
2018-04-11 13:52:16 [main] DEBUG o.h.p.w.spi.MetamodelGraphWalker - Visiting attribute path : education
2018-04-11 13:52:16 [main] DEBUG o.h.p.w.spi.MetamodelGraphWalker - Visiting attribute path : email
2018-04-11 13:52:16 [main] DEBUG o.h.p.w.spi.MetamodelGraphWalker - Visiting attribute path : lastname
2018-04-11 13:52:16 [main] DEBUG o.h.p.w.spi.MetamodelGraphWalker - Visiting attribute path : mobile
2018-04-11 13:52:16 [main] DEBUG o.h.p.w.spi.MetamodelGraphWalker - Visiting attribute path : name
2018-04-11 13:52:16 [main] DEBUG o.h.p.w.spi.MetamodelGraphWalker - Visiting attribute path : password
2018-04-11 13:52:16 [main] DEBUG o.h.l.p.b.i.FetchStyleLoadPlanBuildingAssociationVisitationStrategy - Building LoadPlan...
2018-04-11 13:52:16 [main] DEBUG o.h.l.p.e.i.LoadQueryJoinAndFetchProcessor - processing queryspace <gen:0>
2018-04-11 13:52:16 [main] DEBUG o.h.l.p.b.spi.LoadPlanTreePrinter - LoadPlan(entity=com.stackroute.activitystream.model.User)
    - Returns
       - EntityReturnImpl(entity=com.stackroute.activitystream.model.User, querySpaceUid=<gen:0>, path=com.stackroute.activitystream.model.User)
    - QuerySpaces
       - EntityQuerySpaceImpl(uid=<gen:0>, entity=com.stackroute.activitystream.model.User)
          - SQL table alias mapping - user0_
          - alias suffix - 0_
          - suffixed key columns - {username1_1_0_}

2018-04-11 13:52:16 [main] DEBUG o.h.loader.entity.plan.EntityLoader - Static select for entity com.stackroute.activitystream.model.User [PESSIMISTIC_FORCE_INCREMENT]: select user0_.username as username1_1_0_, user0_.address as address2_1_0_, user0_.company as company3_1_0_, user0_.dob as dob4_1_0_, user0_.education as educatio5_1_0_, user0_.email as email6_1_0_, user0_.lastname as lastname7_1_0_, user0_.mobile as mobile8_1_0_, user0_.name as name9_1_0_, user0_.password as passwor10_1_0_ from user user0_ where user0_.username=? for update
2018-04-11 13:52:16 [main] DEBUG o.h.l.p.b.i.spaces.QuerySpacesImpl - Adding QuerySpace : uid = <gen:0> -> org.hibernate.loader.plan.build.internal.spaces.EntityQuerySpaceImpl@5f3ddc86]
2018-04-11 13:52:16 [main] DEBUG o.h.p.w.spi.MetamodelGraphWalker - Visiting attribute path : address
2018-04-11 13:52:16 [main] DEBUG o.h.p.w.spi.MetamodelGraphWalker - Visiting attribute path : company
2018-04-11 13:52:16 [main] DEBUG o.h.p.w.spi.MetamodelGraphWalker - Visiting attribute path : dob
2018-04-11 13:52:16 [main] DEBUG o.h.p.w.spi.MetamodelGraphWalker - Visiting attribute path : education
2018-04-11 13:52:16 [main] DEBUG o.h.p.w.spi.MetamodelGraphWalker - Visiting attribute path : email
2018-04-11 13:52:16 [main] DEBUG o.h.p.w.spi.MetamodelGraphWalker - Visiting attribute path : lastname
2018-04-11 13:52:16 [main] DEBUG o.h.p.w.spi.MetamodelGraphWalker - Visiting attribute path : mobile
2018-04-11 13:52:16 [main] DEBUG o.h.p.w.spi.MetamodelGraphWalker - Visiting attribute path : name
2018-04-11 13:52:16 [main] DEBUG o.h.p.w.spi.MetamodelGraphWalker - Visiting attribute path : password
2018-04-11 13:52:16 [main] DEBUG o.h.l.p.b.i.FetchStyleLoadPlanBuildingAssociationVisitationStrategy - Building LoadPlan...
2018-04-11 13:52:16 [main] DEBUG o.h.l.p.e.i.LoadQueryJoinAndFetchProcessor - processing queryspace <gen:0>
2018-04-11 13:52:16 [main] DEBUG o.h.l.p.b.spi.LoadPlanTreePrinter - LoadPlan(entity=com.stackroute.activitystream.model.User)
    - Returns
       - EntityReturnImpl(entity=com.stackroute.activitystream.model.User, querySpaceUid=<gen:0>, path=com.stackroute.activitystream.model.User)
    - QuerySpaces
       - EntityQuerySpaceImpl(uid=<gen:0>, entity=com.stackroute.activitystream.model.User)
          - SQL table alias mapping - user0_
          - alias suffix - 0_
          - suffixed key columns - {username1_1_0_}

2018-04-11 13:52:16 [main] DEBUG o.h.loader.entity.plan.EntityLoader - Static select for entity com.stackroute.activitystream.model.User [OPTIMISTIC]: select user0_.username as username1_1_0_, user0_.address as address2_1_0_, user0_.company as company3_1_0_, user0_.dob as dob4_1_0_, user0_.education as educatio5_1_0_, user0_.email as email6_1_0_, user0_.lastname as lastname7_1_0_, user0_.mobile as mobile8_1_0_, user0_.name as name9_1_0_, user0_.password as passwor10_1_0_ from user user0_ where user0_.username=?
2018-04-11 13:52:16 [main] DEBUG o.h.l.p.b.i.spaces.QuerySpacesImpl - Adding QuerySpace : uid = <gen:0> -> org.hibernate.loader.plan.build.internal.spaces.EntityQuerySpaceImpl@336d28a1]
2018-04-11 13:52:16 [main] DEBUG o.h.p.w.spi.MetamodelGraphWalker - Visiting attribute path : address
2018-04-11 13:52:16 [main] DEBUG o.h.p.w.spi.MetamodelGraphWalker - Visiting attribute path : company
2018-04-11 13:52:16 [main] DEBUG o.h.p.w.spi.MetamodelGraphWalker - Visiting attribute path : dob
2018-04-11 13:52:16 [main] DEBUG o.h.p.w.spi.MetamodelGraphWalker - Visiting attribute path : education
2018-04-11 13:52:16 [main] DEBUG o.h.p.w.spi.MetamodelGraphWalker - Visiting attribute path : email
2018-04-11 13:52:16 [main] DEBUG o.h.p.w.spi.MetamodelGraphWalker - Visiting attribute path : lastname
2018-04-11 13:52:16 [main] DEBUG o.h.p.w.spi.MetamodelGraphWalker - Visiting attribute path : mobile
2018-04-11 13:52:16 [main] DEBUG o.h.p.w.spi.MetamodelGraphWalker - Visiting attribute path : name
2018-04-11 13:52:16 [main] DEBUG o.h.p.w.spi.MetamodelGraphWalker - Visiting attribute path : password
2018-04-11 13:52:16 [main] DEBUG o.h.l.p.b.i.FetchStyleLoadPlanBuildingAssociationVisitationStrategy - Building LoadPlan...
2018-04-11 13:52:16 [main] DEBUG o.h.l.p.e.i.LoadQueryJoinAndFetchProcessor - processing queryspace <gen:0>
2018-04-11 13:52:16 [main] DEBUG o.h.l.p.b.spi.LoadPlanTreePrinter - LoadPlan(entity=com.stackroute.activitystream.model.User)
    - Returns
       - EntityReturnImpl(entity=com.stackroute.activitystream.model.User, querySpaceUid=<gen:0>, path=com.stackroute.activitystream.model.User)
    - QuerySpaces
       - EntityQuerySpaceImpl(uid=<gen:0>, entity=com.stackroute.activitystream.model.User)
          - SQL table alias mapping - user0_
          - alias suffix - 0_
          - suffixed key columns - {username1_1_0_}

2018-04-11 13:52:16 [main] DEBUG o.h.loader.entity.plan.EntityLoader - Static select for entity com.stackroute.activitystream.model.User [OPTIMISTIC_FORCE_INCREMENT]: select user0_.username as username1_1_0_, user0_.address as address2_1_0_, user0_.company as company3_1_0_, user0_.dob as dob4_1_0_, user0_.education as educatio5_1_0_, user0_.email as email6_1_0_, user0_.lastname as lastname7_1_0_, user0_.mobile as mobile8_1_0_, user0_.name as name9_1_0_, user0_.password as passwor10_1_0_ from user user0_ where user0_.username=?
2018-04-11 13:52:16 [main] DEBUG org.hibernate.loader.Loader - Static select for action ACTION_MERGE on entity com.stackroute.activitystream.model.User: select user0_.username as username1_1_0_, user0_.address as address2_1_0_, user0_.company as company3_1_0_, user0_.dob as dob4_1_0_, user0_.education as educatio5_1_0_, user0_.email as email6_1_0_, user0_.lastname as lastname7_1_0_, user0_.mobile as mobile8_1_0_, user0_.name as name9_1_0_, user0_.password as passwor10_1_0_ from user user0_ where user0_.username=?
2018-04-11 13:52:16 [main] DEBUG org.hibernate.loader.Loader - Static select for action ACTION_REFRESH on entity com.stackroute.activitystream.model.User: select user0_.username as username1_1_0_, user0_.address as address2_1_0_, user0_.company as company3_1_0_, user0_.dob as dob4_1_0_, user0_.education as educatio5_1_0_, user0_.email as email6_1_0_, user0_.lastname as lastname7_1_0_, user0_.mobile as mobile8_1_0_, user0_.name as name9_1_0_, user0_.password as passwor10_1_0_ from user user0_ where user0_.username=?
2018-04-11 13:52:16 [main] DEBUG o.h.p.entity.AbstractEntityPersister - Static SQL for entity: com.stackroute.activitystream.model.UserCircle
2018-04-11 13:52:16 [main] DEBUG o.h.p.entity.AbstractEntityPersister -  Version select: select user_circle_id from user_circle where user_circle_id =?
2018-04-11 13:52:16 [main] DEBUG o.h.p.entity.AbstractEntityPersister -  Snapshot select: select usercircle_.user_circle_id, usercircle_.circle_name as circle_n2_2_, usercircle_.username as username3_2_ from user_circle usercircle_ where usercircle_.user_circle_id=?
2018-04-11 13:52:16 [main] DEBUG o.h.p.entity.AbstractEntityPersister -  Insert 0: insert into user_circle (circle_name, username, user_circle_id) values (?, ?, ?)
2018-04-11 13:52:16 [main] DEBUG o.h.p.entity.AbstractEntityPersister -  Update 0: update user_circle set circle_name=?, username=? where user_circle_id=?
2018-04-11 13:52:16 [main] DEBUG o.h.p.entity.AbstractEntityPersister -  Delete 0: delete from user_circle where user_circle_id=?
2018-04-11 13:52:16 [main] DEBUG o.h.p.entity.AbstractEntityPersister -  Identity insert: insert into user_circle (circle_name, username) values (?, ?)
2018-04-11 13:52:16 [main] DEBUG o.h.l.p.b.i.spaces.QuerySpacesImpl - Adding QuerySpace : uid = <gen:0> -> org.hibernate.loader.plan.build.internal.spaces.EntityQuerySpaceImpl@3221588e]
2018-04-11 13:52:16 [main] DEBUG o.h.p.w.spi.MetamodelGraphWalker - Visiting attribute path : circleName
2018-04-11 13:52:16 [main] DEBUG o.h.p.w.spi.MetamodelGraphWalker - Visiting attribute path : username
2018-04-11 13:52:16 [main] DEBUG o.h.l.p.b.i.FetchStyleLoadPlanBuildingAssociationVisitationStrategy - Building LoadPlan...
2018-04-11 13:52:16 [main] DEBUG o.h.l.p.e.i.LoadQueryJoinAndFetchProcessor - processing queryspace <gen:0>
2018-04-11 13:52:16 [main] DEBUG o.h.l.p.b.spi.LoadPlanTreePrinter - LoadPlan(entity=com.stackroute.activitystream.model.UserCircle)
    - Returns
       - EntityReturnImpl(entity=com.stackroute.activitystream.model.UserCircle, querySpaceUid=<gen:0>, path=com.stackroute.activitystream.model.UserCircle)
    - QuerySpaces
       - EntityQuerySpaceImpl(uid=<gen:0>, entity=com.stackroute.activitystream.model.UserCircle)
          - SQL table alias mapping - usercircle0_
          - alias suffix - 0_
          - suffixed key columns - {user_cir1_2_0_}

2018-04-11 13:52:16 [main] DEBUG o.h.loader.entity.plan.EntityLoader - Static select for entity com.stackroute.activitystream.model.UserCircle [NONE]: select usercircle0_.user_circle_id as user_cir1_2_0_, usercircle0_.circle_name as circle_n2_2_0_, usercircle0_.username as username3_2_0_ from user_circle usercircle0_ where usercircle0_.user_circle_id=?
2018-04-11 13:52:16 [main] DEBUG o.h.l.p.b.i.spaces.QuerySpacesImpl - Adding QuerySpace : uid = <gen:0> -> org.hibernate.loader.plan.build.internal.spaces.EntityQuerySpaceImpl@32c0fecc]
2018-04-11 13:52:16 [main] DEBUG o.h.p.w.spi.MetamodelGraphWalker - Visiting attribute path : circleName
2018-04-11 13:52:16 [main] DEBUG o.h.p.w.spi.MetamodelGraphWalker - Visiting attribute path : username
2018-04-11 13:52:16 [main] DEBUG o.h.l.p.b.i.FetchStyleLoadPlanBuildingAssociationVisitationStrategy - Building LoadPlan...
2018-04-11 13:52:16 [main] DEBUG o.h.l.p.e.i.LoadQueryJoinAndFetchProcessor - processing queryspace <gen:0>
2018-04-11 13:52:16 [main] DEBUG o.h.l.p.b.spi.LoadPlanTreePrinter - LoadPlan(entity=com.stackroute.activitystream.model.UserCircle)
    - Returns
       - EntityReturnImpl(entity=com.stackroute.activitystream.model.UserCircle, querySpaceUid=<gen:0>, path=com.stackroute.activitystream.model.UserCircle)
    - QuerySpaces
       - EntityQuerySpaceImpl(uid=<gen:0>, entity=com.stackroute.activitystream.model.UserCircle)
          - SQL table alias mapping - usercircle0_
          - alias suffix - 0_
          - suffixed key columns - {user_cir1_2_0_}

2018-04-11 13:52:16 [main] DEBUG o.h.loader.entity.plan.EntityLoader - Static select for entity com.stackroute.activitystream.model.UserCircle [READ]: select usercircle0_.user_circle_id as user_cir1_2_0_, usercircle0_.circle_name as circle_n2_2_0_, usercircle0_.username as username3_2_0_ from user_circle usercircle0_ where usercircle0_.user_circle_id=?
2018-04-11 13:52:16 [main] DEBUG o.h.l.p.b.i.spaces.QuerySpacesImpl - Adding QuerySpace : uid = <gen:0> -> org.hibernate.loader.plan.build.internal.spaces.EntityQuerySpaceImpl@d13379e]
2018-04-11 13:52:16 [main] DEBUG o.h.p.w.spi.MetamodelGraphWalker - Visiting attribute path : circleName
2018-04-11 13:52:16 [main] DEBUG o.h.p.w.spi.MetamodelGraphWalker - Visiting attribute path : username
2018-04-11 13:52:16 [main] DEBUG o.h.l.p.b.i.FetchStyleLoadPlanBuildingAssociationVisitationStrategy - Building LoadPlan...
2018-04-11 13:52:16 [main] DEBUG o.h.l.p.e.i.LoadQueryJoinAndFetchProcessor - processing queryspace <gen:0>
2018-04-11 13:52:16 [main] DEBUG o.h.l.p.b.spi.LoadPlanTreePrinter - LoadPlan(entity=com.stackroute.activitystream.model.UserCircle)
    - Returns
       - EntityReturnImpl(entity=com.stackroute.activitystream.model.UserCircle, querySpaceUid=<gen:0>, path=com.stackroute.activitystream.model.UserCircle)
    - QuerySpaces
       - EntityQuerySpaceImpl(uid=<gen:0>, entity=com.stackroute.activitystream.model.UserCircle)
          - SQL table alias mapping - usercircle0_
          - alias suffix - 0_
          - suffixed key columns - {user_cir1_2_0_}

2018-04-11 13:52:16 [main] DEBUG o.h.loader.entity.plan.EntityLoader - Static select for entity com.stackroute.activitystream.model.UserCircle [UPGRADE]: select usercircle0_.user_circle_id as user_cir1_2_0_, usercircle0_.circle_name as circle_n2_2_0_, usercircle0_.username as username3_2_0_ from user_circle usercircle0_ where usercircle0_.user_circle_id=? for update
2018-04-11 13:52:16 [main] DEBUG o.h.l.p.b.i.spaces.QuerySpacesImpl - Adding QuerySpace : uid = <gen:0> -> org.hibernate.loader.plan.build.internal.spaces.EntityQuerySpaceImpl@498e41a4]
2018-04-11 13:52:16 [main] DEBUG o.h.p.w.spi.MetamodelGraphWalker - Visiting attribute path : circleName
2018-04-11 13:52:16 [main] DEBUG o.h.p.w.spi.MetamodelGraphWalker - Visiting attribute path : username
2018-04-11 13:52:16 [main] DEBUG o.h.l.p.b.i.FetchStyleLoadPlanBuildingAssociationVisitationStrategy - Building LoadPlan...
2018-04-11 13:52:16 [main] DEBUG o.h.l.p.e.i.LoadQueryJoinAndFetchProcessor - processing queryspace <gen:0>
2018-04-11 13:52:16 [main] DEBUG o.h.l.p.b.spi.LoadPlanTreePrinter - LoadPlan(entity=com.stackroute.activitystream.model.UserCircle)
    - Returns
       - EntityReturnImpl(entity=com.stackroute.activitystream.model.UserCircle, querySpaceUid=<gen:0>, path=com.stackroute.activitystream.model.UserCircle)
    - QuerySpaces
       - EntityQuerySpaceImpl(uid=<gen:0>, entity=com.stackroute.activitystream.model.UserCircle)
          - SQL table alias mapping - usercircle0_
          - alias suffix - 0_
          - suffixed key columns - {user_cir1_2_0_}

2018-04-11 13:52:16 [main] DEBUG o.h.loader.entity.plan.EntityLoader - Static select for entity com.stackroute.activitystream.model.UserCircle [UPGRADE_NOWAIT]: select usercircle0_.user_circle_id as user_cir1_2_0_, usercircle0_.circle_name as circle_n2_2_0_, usercircle0_.username as username3_2_0_ from user_circle usercircle0_ where usercircle0_.user_circle_id=? for update
2018-04-11 13:52:16 [main] DEBUG o.h.l.p.b.i.spaces.QuerySpacesImpl - Adding QuerySpace : uid = <gen:0> -> org.hibernate.loader.plan.build.internal.spaces.EntityQuerySpaceImpl@1f5d7fd5]
2018-04-11 13:52:16 [main] DEBUG o.h.p.w.spi.MetamodelGraphWalker - Visiting attribute path : circleName
2018-04-11 13:52:16 [main] DEBUG o.h.p.w.spi.MetamodelGraphWalker - Visiting attribute path : username
2018-04-11 13:52:16 [main] DEBUG o.h.l.p.b.i.FetchStyleLoadPlanBuildingAssociationVisitationStrategy - Building LoadPlan...
2018-04-11 13:52:16 [main] DEBUG o.h.l.p.e.i.LoadQueryJoinAndFetchProcessor - processing queryspace <gen:0>
2018-04-11 13:52:16 [main] DEBUG o.h.l.p.b.spi.LoadPlanTreePrinter - LoadPlan(entity=com.stackroute.activitystream.model.UserCircle)
    - Returns
       - EntityReturnImpl(entity=com.stackroute.activitystream.model.UserCircle, querySpaceUid=<gen:0>, path=com.stackroute.activitystream.model.UserCircle)
    - QuerySpaces
       - EntityQuerySpaceImpl(uid=<gen:0>, entity=com.stackroute.activitystream.model.UserCircle)
          - SQL table alias mapping - usercircle0_
          - alias suffix - 0_
          - suffixed key columns - {user_cir1_2_0_}

2018-04-11 13:52:16 [main] DEBUG o.h.loader.entity.plan.EntityLoader - Static select for entity com.stackroute.activitystream.model.UserCircle [UPGRADE_SKIPLOCKED]: select usercircle0_.user_circle_id as user_cir1_2_0_, usercircle0_.circle_name as circle_n2_2_0_, usercircle0_.username as username3_2_0_ from user_circle usercircle0_ where usercircle0_.user_circle_id=? for update
2018-04-11 13:52:16 [main] DEBUG o.h.l.p.b.i.spaces.QuerySpacesImpl - Adding QuerySpace : uid = <gen:0> -> org.hibernate.loader.plan.build.internal.spaces.EntityQuerySpaceImpl@37c87fcc]
2018-04-11 13:52:16 [main] DEBUG o.h.p.w.spi.MetamodelGraphWalker - Visiting attribute path : circleName
2018-04-11 13:52:16 [main] DEBUG o.h.p.w.spi.MetamodelGraphWalker - Visiting attribute path : username
2018-04-11 13:52:16 [main] DEBUG o.h.l.p.b.i.FetchStyleLoadPlanBuildingAssociationVisitationStrategy - Building LoadPlan...
2018-04-11 13:52:16 [main] DEBUG o.h.l.p.e.i.LoadQueryJoinAndFetchProcessor - processing queryspace <gen:0>
2018-04-11 13:52:16 [main] DEBUG o.h.l.p.b.spi.LoadPlanTreePrinter - LoadPlan(entity=com.stackroute.activitystream.model.UserCircle)
    - Returns
       - EntityReturnImpl(entity=com.stackroute.activitystream.model.UserCircle, querySpaceUid=<gen:0>, path=com.stackroute.activitystream.model.UserCircle)
    - QuerySpaces
       - EntityQuerySpaceImpl(uid=<gen:0>, entity=com.stackroute.activitystream.model.UserCircle)
          - SQL table alias mapping - usercircle0_
          - alias suffix - 0_
          - suffixed key columns - {user_cir1_2_0_}

2018-04-11 13:52:16 [main] DEBUG o.h.loader.entity.plan.EntityLoader - Static select for entity com.stackroute.activitystream.model.UserCircle [FORCE]: select usercircle0_.user_circle_id as user_cir1_2_0_, usercircle0_.circle_name as circle_n2_2_0_, usercircle0_.username as username3_2_0_ from user_circle usercircle0_ where usercircle0_.user_circle_id=? for update
2018-04-11 13:52:16 [main] DEBUG o.h.l.p.b.i.spaces.QuerySpacesImpl - Adding QuerySpace : uid = <gen:0> -> org.hibernate.loader.plan.build.internal.spaces.EntityQuerySpaceImpl@78f5cbc5]
2018-04-11 13:52:16 [main] DEBUG o.h.p.w.spi.MetamodelGraphWalker - Visiting attribute path : circleName
2018-04-11 13:52:16 [main] DEBUG o.h.p.w.spi.MetamodelGraphWalker - Visiting attribute path : username
2018-04-11 13:52:16 [main] DEBUG o.h.l.p.b.i.FetchStyleLoadPlanBuildingAssociationVisitationStrategy - Building LoadPlan...
2018-04-11 13:52:16 [main] DEBUG o.h.l.p.e.i.LoadQueryJoinAndFetchProcessor - processing queryspace <gen:0>
2018-04-11 13:52:16 [main] DEBUG o.h.l.p.b.spi.LoadPlanTreePrinter - LoadPlan(entity=com.stackroute.activitystream.model.UserCircle)
    - Returns
       - EntityReturnImpl(entity=com.stackroute.activitystream.model.UserCircle, querySpaceUid=<gen:0>, path=com.stackroute.activitystream.model.UserCircle)
    - QuerySpaces
       - EntityQuerySpaceImpl(uid=<gen:0>, entity=com.stackroute.activitystream.model.UserCircle)
          - SQL table alias mapping - usercircle0_
          - alias suffix - 0_
          - suffixed key columns - {user_cir1_2_0_}

2018-04-11 13:52:16 [main] DEBUG o.h.loader.entity.plan.EntityLoader - Static select for entity com.stackroute.activitystream.model.UserCircle [PESSIMISTIC_READ]: select usercircle0_.user_circle_id as user_cir1_2_0_, usercircle0_.circle_name as circle_n2_2_0_, usercircle0_.username as username3_2_0_ from user_circle usercircle0_ where usercircle0_.user_circle_id=? lock in share mode
2018-04-11 13:52:16 [main] DEBUG o.h.l.p.b.i.spaces.QuerySpacesImpl - Adding QuerySpace : uid = <gen:0> -> org.hibernate.loader.plan.build.internal.spaces.EntityQuerySpaceImpl@42b43a6]
2018-04-11 13:52:16 [main] DEBUG o.h.p.w.spi.MetamodelGraphWalker - Visiting attribute path : circleName
2018-04-11 13:52:16 [main] DEBUG o.h.p.w.spi.MetamodelGraphWalker - Visiting attribute path : username
2018-04-11 13:52:16 [main] DEBUG o.h.l.p.b.i.FetchStyleLoadPlanBuildingAssociationVisitationStrategy - Building LoadPlan...
2018-04-11 13:52:16 [main] DEBUG o.h.l.p.e.i.LoadQueryJoinAndFetchProcessor - processing queryspace <gen:0>
2018-04-11 13:52:16 [main] DEBUG o.h.l.p.b.spi.LoadPlanTreePrinter - LoadPlan(entity=com.stackroute.activitystream.model.UserCircle)
    - Returns
       - EntityReturnImpl(entity=com.stackroute.activitystream.model.UserCircle, querySpaceUid=<gen:0>, path=com.stackroute.activitystream.model.UserCircle)
    - QuerySpaces
       - EntityQuerySpaceImpl(uid=<gen:0>, entity=com.stackroute.activitystream.model.UserCircle)
          - SQL table alias mapping - usercircle0_
          - alias suffix - 0_
          - suffixed key columns - {user_cir1_2_0_}

2018-04-11 13:52:16 [main] DEBUG o.h.loader.entity.plan.EntityLoader - Static select for entity com.stackroute.activitystream.model.UserCircle [PESSIMISTIC_WRITE]: select usercircle0_.user_circle_id as user_cir1_2_0_, usercircle0_.circle_name as circle_n2_2_0_, usercircle0_.username as username3_2_0_ from user_circle usercircle0_ where usercircle0_.user_circle_id=? for update
2018-04-11 13:52:16 [main] DEBUG o.h.l.p.b.i.spaces.QuerySpacesImpl - Adding QuerySpace : uid = <gen:0> -> org.hibernate.loader.plan.build.internal.spaces.EntityQuerySpaceImpl@4b9f7edc]
2018-04-11 13:52:16 [main] DEBUG o.h.p.w.spi.MetamodelGraphWalker - Visiting attribute path : circleName
2018-04-11 13:52:16 [main] DEBUG o.h.p.w.spi.MetamodelGraphWalker - Visiting attribute path : username
2018-04-11 13:52:16 [main] DEBUG o.h.l.p.b.i.FetchStyleLoadPlanBuildingAssociationVisitationStrategy - Building LoadPlan...
2018-04-11 13:52:16 [main] DEBUG o.h.l.p.e.i.LoadQueryJoinAndFetchProcessor - processing queryspace <gen:0>
2018-04-11 13:52:16 [main] DEBUG o.h.l.p.b.spi.LoadPlanTreePrinter - LoadPlan(entity=com.stackroute.activitystream.model.UserCircle)
    - Returns
       - EntityReturnImpl(entity=com.stackroute.activitystream.model.UserCircle, querySpaceUid=<gen:0>, path=com.stackroute.activitystream.model.UserCircle)
    - QuerySpaces
       - EntityQuerySpaceImpl(uid=<gen:0>, entity=com.stackroute.activitystream.model.UserCircle)
          - SQL table alias mapping - usercircle0_
          - alias suffix - 0_
          - suffixed key columns - {user_cir1_2_0_}

2018-04-11 13:52:16 [main] DEBUG o.h.loader.entity.plan.EntityLoader - Static select for entity com.stackroute.activitystream.model.UserCircle [PESSIMISTIC_FORCE_INCREMENT]: select usercircle0_.user_circle_id as user_cir1_2_0_, usercircle0_.circle_name as circle_n2_2_0_, usercircle0_.username as username3_2_0_ from user_circle usercircle0_ where usercircle0_.user_circle_id=? for update
2018-04-11 13:52:16 [main] DEBUG o.h.l.p.b.i.spaces.QuerySpacesImpl - Adding QuerySpace : uid = <gen:0> -> org.hibernate.loader.plan.build.internal.spaces.EntityQuerySpaceImpl@2e0652ab]
2018-04-11 13:52:16 [main] DEBUG o.h.p.w.spi.MetamodelGraphWalker - Visiting attribute path : circleName
2018-04-11 13:52:16 [main] DEBUG o.h.p.w.spi.MetamodelGraphWalker - Visiting attribute path : username
2018-04-11 13:52:16 [main] DEBUG o.h.l.p.b.i.FetchStyleLoadPlanBuildingAssociationVisitationStrategy - Building LoadPlan...
2018-04-11 13:52:16 [main] DEBUG o.h.l.p.e.i.LoadQueryJoinAndFetchProcessor - processing queryspace <gen:0>
2018-04-11 13:52:16 [main] DEBUG o.h.l.p.b.spi.LoadPlanTreePrinter - LoadPlan(entity=com.stackroute.activitystream.model.UserCircle)
    - Returns
       - EntityReturnImpl(entity=com.stackroute.activitystream.model.UserCircle, querySpaceUid=<gen:0>, path=com.stackroute.activitystream.model.UserCircle)
    - QuerySpaces
       - EntityQuerySpaceImpl(uid=<gen:0>, entity=com.stackroute.activitystream.model.UserCircle)
          - SQL table alias mapping - usercircle0_
          - alias suffix - 0_
          - suffixed key columns - {user_cir1_2_0_}

2018-04-11 13:52:16 [main] DEBUG o.h.loader.entity.plan.EntityLoader - Static select for entity com.stackroute.activitystream.model.UserCircle [OPTIMISTIC]: select usercircle0_.user_circle_id as user_cir1_2_0_, usercircle0_.circle_name as circle_n2_2_0_, usercircle0_.username as username3_2_0_ from user_circle usercircle0_ where usercircle0_.user_circle_id=?
2018-04-11 13:52:16 [main] DEBUG o.h.l.p.b.i.spaces.QuerySpacesImpl - Adding QuerySpace : uid = <gen:0> -> org.hibernate.loader.plan.build.internal.spaces.EntityQuerySpaceImpl@129b69b2]
2018-04-11 13:52:16 [main] DEBUG o.h.p.w.spi.MetamodelGraphWalker - Visiting attribute path : circleName
2018-04-11 13:52:16 [main] DEBUG o.h.p.w.spi.MetamodelGraphWalker - Visiting attribute path : username
2018-04-11 13:52:16 [main] DEBUG o.h.l.p.b.i.FetchStyleLoadPlanBuildingAssociationVisitationStrategy - Building LoadPlan...
2018-04-11 13:52:16 [main] DEBUG o.h.l.p.e.i.LoadQueryJoinAndFetchProcessor - processing queryspace <gen:0>
2018-04-11 13:52:16 [main] DEBUG o.h.l.p.b.spi.LoadPlanTreePrinter - LoadPlan(entity=com.stackroute.activitystream.model.UserCircle)
    - Returns
       - EntityReturnImpl(entity=com.stackroute.activitystream.model.UserCircle, querySpaceUid=<gen:0>, path=com.stackroute.activitystream.model.UserCircle)
    - QuerySpaces
       - EntityQuerySpaceImpl(uid=<gen:0>, entity=com.stackroute.activitystream.model.UserCircle)
          - SQL table alias mapping - usercircle0_
          - alias suffix - 0_
          - suffixed key columns - {user_cir1_2_0_}

2018-04-11 13:52:16 [main] DEBUG o.h.loader.entity.plan.EntityLoader - Static select for entity com.stackroute.activitystream.model.UserCircle [OPTIMISTIC_FORCE_INCREMENT]: select usercircle0_.user_circle_id as user_cir1_2_0_, usercircle0_.circle_name as circle_n2_2_0_, usercircle0_.username as username3_2_0_ from user_circle usercircle0_ where usercircle0_.user_circle_id=?
2018-04-11 13:52:16 [main] DEBUG org.hibernate.loader.Loader - Static select for action ACTION_MERGE on entity com.stackroute.activitystream.model.UserCircle: select usercircle0_.user_circle_id as user_cir1_2_0_, usercircle0_.circle_name as circle_n2_2_0_, usercircle0_.username as username3_2_0_ from user_circle usercircle0_ where usercircle0_.user_circle_id=?
2018-04-11 13:52:16 [main] DEBUG org.hibernate.loader.Loader - Static select for action ACTION_REFRESH on entity com.stackroute.activitystream.model.UserCircle: select usercircle0_.user_circle_id as user_cir1_2_0_, usercircle0_.circle_name as circle_n2_2_0_, usercircle0_.username as username3_2_0_ from user_circle usercircle0_ where usercircle0_.user_circle_id=?
2018-04-11 13:52:16 [main] DEBUG o.h.internal.SessionFactoryImpl - Instantiated session factory
