2018-04-11 13:53:02 [http-nio-8085-exec-10] DEBUG o.s.web.servlet.DispatcherServlet - Initializing servlet 'dispatcherServlet'
2018-04-11 13:53:03 [http-nio-8085-exec-10] INFO  o.a.c.c.C.[Tomcat].[localhost].[/] - Initializing Spring FrameworkServlet 'dispatcherServlet'
2018-04-11 13:53:03 [http-nio-8085-exec-10] INFO  o.s.web.servlet.DispatcherServlet - FrameworkServlet 'dispatcherServlet': initialization started
2018-04-11 13:53:03 [http-nio-8085-exec-10] DEBUG o.s.b.f.s.DefaultListableBeanFactory - Returning cached instance of singleton bean 'multipartResolver'
2018-04-11 13:53:03 [http-nio-8085-exec-10] DEBUG o.s.web.servlet.DispatcherServlet - Using MultipartResolver [org.springframework.web.multipart.support.StandardServletMultipartResolver@2560a7be]
2018-04-11 13:53:03 [http-nio-8085-exec-10] DEBUG o.s.b.f.s.DefaultListableBeanFactory - Creating instance of bean 'org.springframework.web.servlet.i18n.AcceptHeaderLocaleResolver'
2018-04-11 13:53:03 [http-nio-8085-exec-10] DEBUG o.s.b.f.s.DefaultListableBeanFactory - Returning cached instance of singleton bean 'org.springframework.transaction.config.internalTransactionAdvisor'
2018-04-11 13:53:03 [http-nio-8085-exec-10] DEBUG o.s.b.f.s.DefaultListableBeanFactory - Returning cached instance of singleton bean 'org.springframework.transaction.config.internalTransactionAdvisor'
2018-04-11 13:53:03 [http-nio-8085-exec-10] DEBUG o.s.b.f.s.DefaultListableBeanFactory - Returning cached instance of singleton bean 'org.springframework.transaction.config.internalTransactionAdvisor'
2018-04-11 13:53:03 [http-nio-8085-exec-10] DEBUG o.s.b.f.s.DefaultListableBeanFactory - Finished creating instance of bean 'org.springframework.web.servlet.i18n.AcceptHeaderLocaleResolver'
2018-04-11 13:53:03 [http-nio-8085-exec-10] DEBUG o.s.web.servlet.DispatcherServlet - Unable to locate LocaleResolver with name 'localeResolver': using default [org.springframework.web.servlet.i18n.AcceptHeaderLocaleResolver@5ba7176b]
2018-04-11 13:53:03 [http-nio-8085-exec-10] DEBUG o.s.b.f.s.DefaultListableBeanFactory - Creating instance of bean 'org.springframework.web.servlet.theme.FixedThemeResolver'
2018-04-11 13:53:03 [http-nio-8085-exec-10] DEBUG o.s.b.f.s.DefaultListableBeanFactory - Returning cached instance of singleton bean 'org.springframework.transaction.config.internalTransactionAdvisor'
2018-04-11 13:53:03 [http-nio-8085-exec-10] DEBUG o.s.b.f.s.DefaultListableBeanFactory - Returning cached instance of singleton bean 'org.springframework.transaction.config.internalTransactionAdvisor'
2018-04-11 13:53:03 [http-nio-8085-exec-10] DEBUG o.s.b.f.s.DefaultListableBeanFactory - Returning cached instance of singleton bean 'org.springframework.transaction.config.internalTransactionAdvisor'
2018-04-11 13:53:03 [http-nio-8085-exec-10] DEBUG o.s.b.f.s.DefaultListableBeanFactory - Finished creating instance of bean 'org.springframework.web.servlet.theme.FixedThemeResolver'
2018-04-11 13:53:03 [http-nio-8085-exec-10] DEBUG o.s.web.servlet.DispatcherServlet - Unable to locate ThemeResolver with name 'themeResolver': using default [org.springframework.web.servlet.theme.FixedThemeResolver@64e2e95c]
2018-04-11 13:53:03 [http-nio-8085-exec-10] DEBUG o.s.b.f.s.DefaultListableBeanFactory - Returning cached instance of singleton bean 'requestMappingHandlerMapping'
2018-04-11 13:53:03 [http-nio-8085-exec-10] DEBUG o.s.b.f.s.DefaultListableBeanFactory - Returning cached instance of singleton bean 'viewControllerHandlerMapping'
2018-04-11 13:53:03 [http-nio-8085-exec-10] DEBUG o.s.b.f.s.DefaultListableBeanFactory - Returning cached instance of singleton bean 'beanNameHandlerMapping'
2018-04-11 13:53:03 [http-nio-8085-exec-10] DEBUG o.s.b.f.s.DefaultListableBeanFactory - Returning cached instance of singleton bean 'resourceHandlerMapping'
2018-04-11 13:53:03 [http-nio-8085-exec-10] DEBUG o.s.b.f.s.DefaultListableBeanFactory - Returning cached instance of singleton bean 'defaultServletHandlerMapping'
2018-04-11 13:53:03 [http-nio-8085-exec-10] DEBUG o.s.b.f.s.DefaultListableBeanFactory - Returning cached instance of singleton bean 'requestMappingHandlerAdapter'
2018-04-11 13:53:03 [http-nio-8085-exec-10] DEBUG o.s.b.f.s.DefaultListableBeanFactory - Returning cached instance of singleton bean 'httpRequestHandlerAdapter'
2018-04-11 13:53:03 [http-nio-8085-exec-10] DEBUG o.s.b.f.s.DefaultListableBeanFactory - Returning cached instance of singleton bean 'simpleControllerHandlerAdapter'
2018-04-11 13:53:03 [http-nio-8085-exec-10] DEBUG o.s.b.f.s.DefaultListableBeanFactory - Returning cached instance of singleton bean 'handlerExceptionResolver'
2018-04-11 13:53:03 [http-nio-8085-exec-10] DEBUG o.s.b.f.s.DefaultListableBeanFactory - Returning cached instance of singleton bean 'errorAttributes'
2018-04-11 13:53:03 [http-nio-8085-exec-10] DEBUG o.s.b.f.s.DefaultListableBeanFactory - Creating instance of bean 'org.springframework.web.servlet.view.DefaultRequestToViewNameTranslator'
2018-04-11 13:53:03 [http-nio-8085-exec-10] DEBUG o.s.b.f.s.DefaultListableBeanFactory - Returning cached instance of singleton bean 'org.springframework.transaction.config.internalTransactionAdvisor'
2018-04-11 13:53:03 [http-nio-8085-exec-10] DEBUG o.s.b.f.s.DefaultListableBeanFactory - Returning cached instance of singleton bean 'org.springframework.transaction.config.internalTransactionAdvisor'
2018-04-11 13:53:03 [http-nio-8085-exec-10] DEBUG o.s.b.f.s.DefaultListableBeanFactory - Returning cached instance of singleton bean 'org.springframework.transaction.config.internalTransactionAdvisor'
2018-04-11 13:53:03 [http-nio-8085-exec-10] DEBUG o.s.b.f.s.DefaultListableBeanFactory - Finished creating instance of bean 'org.springframework.web.servlet.view.DefaultRequestToViewNameTranslator'
2018-04-11 13:53:03 [http-nio-8085-exec-10] DEBUG o.s.web.servlet.DispatcherServlet - Unable to locate RequestToViewNameTranslator with name 'viewNameTranslator': using default [org.springframework.web.servlet.view.DefaultRequestToViewNameTranslator@5ca967fb]
2018-04-11 13:53:03 [http-nio-8085-exec-10] DEBUG o.s.b.f.s.DefaultListableBeanFactory - Returning cached instance of singleton bean 'mvcViewResolver'
2018-04-11 13:53:03 [http-nio-8085-exec-10] DEBUG o.s.b.f.s.DefaultListableBeanFactory - Returning cached instance of singleton bean 'beanNameViewResolver'
2018-04-11 13:53:03 [http-nio-8085-exec-10] DEBUG o.s.b.f.s.DefaultListableBeanFactory - Creating instance of bean 'org.springframework.web.servlet.support.SessionFlashMapManager'
2018-04-11 13:53:03 [http-nio-8085-exec-10] DEBUG o.s.b.f.s.DefaultListableBeanFactory - Returning cached instance of singleton bean 'org.springframework.transaction.config.internalTransactionAdvisor'
2018-04-11 13:53:03 [http-nio-8085-exec-10] DEBUG o.s.b.f.s.DefaultListableBeanFactory - Returning cached instance of singleton bean 'org.springframework.transaction.config.internalTransactionAdvisor'
2018-04-11 13:53:03 [http-nio-8085-exec-10] DEBUG o.s.b.f.s.DefaultListableBeanFactory - Returning cached instance of singleton bean 'org.springframework.transaction.config.internalTransactionAdvisor'
2018-04-11 13:53:03 [http-nio-8085-exec-10] DEBUG o.s.b.f.s.DefaultListableBeanFactory - Finished creating instance of bean 'org.springframework.web.servlet.support.SessionFlashMapManager'
2018-04-11 13:53:03 [http-nio-8085-exec-10] DEBUG o.s.web.servlet.DispatcherServlet - Unable to locate FlashMapManager with name 'flashMapManager': using default [org.springframework.web.servlet.support.SessionFlashMapManager@3fbb89a3]
2018-04-11 13:53:03 [http-nio-8085-exec-10] DEBUG o.s.web.servlet.DispatcherServlet - Published WebApplicationContext of servlet 'dispatcherServlet' as ServletContext attribute with name [org.springframework.web.servlet.FrameworkServlet.CONTEXT.dispatcherServlet]
2018-04-11 13:53:03 [http-nio-8085-exec-10] INFO  o.s.web.servlet.DispatcherServlet - FrameworkServlet 'dispatcherServlet': initialization completed in 83 ms
2018-04-11 13:53:03 [http-nio-8085-exec-10] DEBUG o.s.web.servlet.DispatcherServlet - Servlet 'dispatcherServlet' configured successfully
2018-04-11 13:53:03 [http-nio-8085-exec-10] DEBUG o.s.web.servlet.DispatcherServlet - DispatcherServlet with name 'dispatcherServlet' processing OPTIONS request for [/api/usercircle/searchByUser/skalai]
2018-04-11 13:53:03 [http-nio-8085-exec-10] DEBUG o.s.w.s.m.m.a.RequestMappingHandlerMapping - Looking up handler method for path /api/usercircle/searchByUser/skalai
2018-04-11 13:53:03 [http-nio-8085-exec-10] DEBUG o.s.w.s.m.m.a.RequestMappingHandlerMapping - Returning handler method [public org.springframework.http.ResponseEntity<java.util.List<java.lang.String>> com.stackroute.activitystream.controller.UserCircleController.searchUser(java.lang.String)]
2018-04-11 13:53:03 [http-nio-8085-exec-10] DEBUG o.s.b.f.s.DefaultListableBeanFactory - Returning cached instance of singleton bean 'userCircleController'
2018-04-11 13:53:03 [http-nio-8085-exec-10] DEBUG o.s.o.j.s.OpenEntityManagerInViewInterceptor - Opening JPA EntityManager in OpenEntityManagerInViewInterceptor
2018-04-11 13:53:03 [http-nio-8085-exec-10] DEBUG o.s.web.servlet.DispatcherServlet - Null ModelAndView returned to DispatcherServlet with name 'dispatcherServlet': assuming HandlerAdapter completed request handling
2018-04-11 13:53:03 [http-nio-8085-exec-10] DEBUG o.s.o.j.s.OpenEntityManagerInViewInterceptor - Closing JPA EntityManager in OpenEntityManagerInViewInterceptor
2018-04-11 13:53:03 [http-nio-8085-exec-10] DEBUG o.s.o.jpa.EntityManagerFactoryUtils - Closing JPA EntityManager
2018-04-11 13:53:03 [http-nio-8085-exec-10] DEBUG o.s.web.servlet.DispatcherServlet - Successfully completed request
2018-04-11 13:53:03 [http-nio-8085-exec-9] DEBUG o.s.web.servlet.DispatcherServlet - DispatcherServlet with name 'dispatcherServlet' processing GET request for [/api/usercircle/searchByUser/skalai]
2018-04-11 13:53:03 [http-nio-8085-exec-9] DEBUG o.s.w.s.m.m.a.RequestMappingHandlerMapping - Looking up handler method for path /api/usercircle/searchByUser/skalai
2018-04-11 13:53:03 [http-nio-8085-exec-9] DEBUG o.s.w.s.m.m.a.RequestMappingHandlerMapping - Returning handler method [public org.springframework.http.ResponseEntity<java.util.List<java.lang.String>> com.stackroute.activitystream.controller.UserCircleController.searchUser(java.lang.String)]
2018-04-11 13:53:03 [http-nio-8085-exec-9] DEBUG o.s.b.f.s.DefaultListableBeanFactory - Returning cached instance of singleton bean 'userCircleController'
2018-04-11 13:53:03 [http-nio-8085-exec-9] DEBUG o.s.web.servlet.DispatcherServlet - Last-Modified value for [/api/usercircle/searchByUser/skalai] is: -1
2018-04-11 13:53:03 [http-nio-8085-exec-9] DEBUG o.s.o.j.s.OpenEntityManagerInViewInterceptor - Opening JPA EntityManager in OpenEntityManagerInViewInterceptor
2018-04-11 13:53:03 [http-nio-8085-exec-9] DEBUG org.hibernate.SQL - select usercircle0_.circle_name as col_0_0_ from user_circle usercircle0_ where usercircle0_.username=?
2018-04-11 13:53:03 [http-nio-8085-exec-9] DEBUG org.hibernate.loader.Loader - Result set row: 0
2018-04-11 13:53:03 [http-nio-8085-exec-9] DEBUG org.hibernate.loader.Loader - Result row: 
2018-04-11 13:53:03 [http-nio-8085-exec-9] DEBUG org.hibernate.loader.Loader - Result set row: 1
2018-04-11 13:53:03 [http-nio-8085-exec-9] DEBUG org.hibernate.loader.Loader - Result row: 
2018-04-11 13:53:03 [http-nio-8085-exec-9] DEBUG o.s.w.s.m.m.a.HttpEntityMethodProcessor - Written [[StackRoute Niit, KiNg'S]] as "application/json" using [org.springframework.http.converter.json.MappingJackson2HttpMessageConverter@43e3dbaf]
2018-04-11 13:53:03 [http-nio-8085-exec-9] DEBUG o.s.web.servlet.DispatcherServlet - Null ModelAndView returned to DispatcherServlet with name 'dispatcherServlet': assuming HandlerAdapter completed request handling
2018-04-11 13:53:03 [http-nio-8085-exec-9] DEBUG o.s.o.j.s.OpenEntityManagerInViewInterceptor - Closing JPA EntityManager in OpenEntityManagerInViewInterceptor
2018-04-11 13:53:03 [http-nio-8085-exec-9] DEBUG o.s.o.jpa.EntityManagerFactoryUtils - Closing JPA EntityManager
2018-04-11 13:53:03 [http-nio-8085-exec-9] DEBUG o.s.web.servlet.DispatcherServlet - Successfully completed request
