2018-04-11 12:36:06 [main] DEBUG o.h.p.w.spi.MetamodelGraphWalker - Visiting attribute path : email
2018-04-11 12:36:06 [main] DEBUG o.h.p.w.spi.MetamodelGraphWalker - Visiting attribute path : lastname
2018-04-11 12:36:06 [main] DEBUG o.h.p.w.spi.MetamodelGraphWalker - Visiting attribute path : mobile
2018-04-11 12:36:06 [main] DEBUG o.h.p.w.spi.MetamodelGraphWalker - Visiting attribute path : name
2018-04-11 12:36:06 [main] DEBUG o.h.p.w.spi.MetamodelGraphWalker - Visiting attribute path : password
2018-04-11 12:36:06 [main] DEBUG o.h.l.p.b.i.FetchStyleLoadPlanBuildingAssociationVisitationStrategy - Building LoadPlan...
2018-04-11 12:36:06 [main] DEBUG o.h.l.p.e.i.LoadQueryJoinAndFetchProcessor - processing queryspace <gen:0>
2018-04-11 12:36:06 [main] DEBUG o.h.l.p.b.spi.LoadPlanTreePrinter - LoadPlan(entity=com.stackroute.activitystream.model.User)
    - Returns
       - EntityReturnImpl(entity=com.stackroute.activitystream.model.User, querySpaceUid=<gen:0>, path=com.stackroute.activitystream.model.User)
    - QuerySpaces
       - EntityQuerySpaceImpl(uid=<gen:0>, entity=com.stackroute.activitystream.model.User)
          - SQL table alias mapping - user0_
          - alias suffix - 0_
          - suffixed key columns - {username1_0_0_}

2018-04-11 12:36:06 [main] DEBUG o.h.loader.entity.plan.EntityLoader - Static select for entity com.stackroute.activitystream.model.User [UPGRADE_SKIPLOCKED]: select user0_.username as username1_0_0_, user0_.address as address2_0_0_, user0_.company as company3_0_0_, user0_.dob as dob4_0_0_, user0_.education as educatio5_0_0_, user0_.email as email6_0_0_, user0_.lastname as lastname7_0_0_, user0_.mobile as mobile8_0_0_, user0_.name as name9_0_0_, user0_.password as passwor10_0_0_ from user user0_ where user0_.username=? for update
2018-04-11 12:36:06 [main] DEBUG o.h.l.p.b.i.spaces.QuerySpacesImpl - Adding QuerySpace : uid = <gen:0> -> org.hibernate.loader.plan.build.internal.spaces.EntityQuerySpaceImpl@17f8db6]
2018-04-11 12:36:06 [main] DEBUG o.h.p.w.spi.MetamodelGraphWalker - Visiting attribute path : address
2018-04-11 12:36:06 [main] DEBUG o.h.p.w.spi.MetamodelGraphWalker - Visiting attribute path : company
2018-04-11 12:36:06 [main] DEBUG o.h.p.w.spi.MetamodelGraphWalker - Visiting attribute path : dob
2018-04-11 12:36:06 [main] DEBUG o.h.p.w.spi.MetamodelGraphWalker - Visiting attribute path : education
2018-04-11 12:36:06 [main] DEBUG o.h.p.w.spi.MetamodelGraphWalker - Visiting attribute path : email
2018-04-11 12:36:06 [main] DEBUG o.h.p.w.spi.MetamodelGraphWalker - Visiting attribute path : lastname
2018-04-11 12:36:06 [main] DEBUG o.h.p.w.spi.MetamodelGraphWalker - Visiting attribute path : mobile
2018-04-11 12:36:06 [main] DEBUG o.h.p.w.spi.MetamodelGraphWalker - Visiting attribute path : name
2018-04-11 12:36:06 [main] DEBUG o.h.p.w.spi.MetamodelGraphWalker - Visiting attribute path : password
2018-04-11 12:36:06 [main] DEBUG o.h.l.p.b.i.FetchStyleLoadPlanBuildingAssociationVisitationStrategy - Building LoadPlan...
2018-04-11 12:36:06 [main] DEBUG o.h.l.p.e.i.LoadQueryJoinAndFetchProcessor - processing queryspace <gen:0>
2018-04-11 12:36:06 [main] DEBUG o.h.l.p.b.spi.LoadPlanTreePrinter - LoadPlan(entity=com.stackroute.activitystream.model.User)
    - Returns
       - EntityReturnImpl(entity=com.stackroute.activitystream.model.User, querySpaceUid=<gen:0>, path=com.stackroute.activitystream.model.User)
    - QuerySpaces
       - EntityQuerySpaceImpl(uid=<gen:0>, entity=com.stackroute.activitystream.model.User)
          - SQL table alias mapping - user0_
          - alias suffix - 0_
          - suffixed key columns - {username1_0_0_}

2018-04-11 12:36:06 [main] DEBUG o.h.loader.entity.plan.EntityLoader - Static select for entity com.stackroute.activitystream.model.User [FORCE]: select user0_.username as username1_0_0_, user0_.address as address2_0_0_, user0_.company as company3_0_0_, user0_.dob as dob4_0_0_, user0_.education as educatio5_0_0_, user0_.email as email6_0_0_, user0_.lastname as lastname7_0_0_, user0_.mobile as mobile8_0_0_, user0_.name as name9_0_0_, user0_.password as passwor10_0_0_ from user user0_ where user0_.username=? for update
2018-04-11 12:36:06 [main] DEBUG o.h.l.p.b.i.spaces.QuerySpacesImpl - Adding QuerySpace : uid = <gen:0> -> org.hibernate.loader.plan.build.internal.spaces.EntityQuerySpaceImpl@5c4714ef]
2018-04-11 12:36:06 [main] DEBUG o.h.p.w.spi.MetamodelGraphWalker - Visiting attribute path : address
2018-04-11 12:36:06 [main] DEBUG o.h.p.w.spi.MetamodelGraphWalker - Visiting attribute path : company
2018-04-11 12:36:06 [main] DEBUG o.h.p.w.spi.MetamodelGraphWalker - Visiting attribute path : dob
2018-04-11 12:36:06 [main] DEBUG o.h.p.w.spi.MetamodelGraphWalker - Visiting attribute path : education
2018-04-11 12:36:06 [main] DEBUG o.h.p.w.spi.MetamodelGraphWalker - Visiting attribute path : email
2018-04-11 12:36:06 [main] DEBUG o.h.p.w.spi.MetamodelGraphWalker - Visiting attribute path : lastname
2018-04-11 12:36:06 [main] DEBUG o.h.p.w.spi.MetamodelGraphWalker - Visiting attribute path : mobile
2018-04-11 12:36:06 [main] DEBUG o.h.p.w.spi.MetamodelGraphWalker - Visiting attribute path : name
2018-04-11 12:36:06 [main] DEBUG o.h.p.w.spi.MetamodelGraphWalker - Visiting attribute path : password
2018-04-11 12:36:06 [main] DEBUG o.h.l.p.b.i.FetchStyleLoadPlanBuildingAssociationVisitationStrategy - Building LoadPlan...
2018-04-11 12:36:06 [main] DEBUG o.h.l.p.e.i.LoadQueryJoinAndFetchProcessor - processing queryspace <gen:0>
2018-04-11 12:36:06 [main] DEBUG o.h.l.p.b.spi.LoadPlanTreePrinter - LoadPlan(entity=com.stackroute.activitystream.model.User)
    - Returns
       - EntityReturnImpl(entity=com.stackroute.activitystream.model.User, querySpaceUid=<gen:0>, path=com.stackroute.activitystream.model.User)
    - QuerySpaces
       - EntityQuerySpaceImpl(uid=<gen:0>, entity=com.stackroute.activitystream.model.User)
          - SQL table alias mapping - user0_
          - alias suffix - 0_
          - suffixed key columns - {username1_0_0_}

2018-04-11 12:36:06 [main] DEBUG o.h.loader.entity.plan.EntityLoader - Static select for entity com.stackroute.activitystream.model.User [PESSIMISTIC_READ]: select user0_.username as username1_0_0_, user0_.address as address2_0_0_, user0_.company as company3_0_0_, user0_.dob as dob4_0_0_, user0_.education as educatio5_0_0_, user0_.email as email6_0_0_, user0_.lastname as lastname7_0_0_, user0_.mobile as mobile8_0_0_, user0_.name as name9_0_0_, user0_.password as passwor10_0_0_ from user user0_ where user0_.username=? lock in share mode
2018-04-11 12:36:06 [main] DEBUG o.h.l.p.b.i.spaces.QuerySpacesImpl - Adding QuerySpace : uid = <gen:0> -> org.hibernate.loader.plan.build.internal.spaces.EntityQuerySpaceImpl@71fb8301]
2018-04-11 12:36:06 [main] DEBUG o.h.p.w.spi.MetamodelGraphWalker - Visiting attribute path : address
2018-04-11 12:36:06 [main] DEBUG o.h.p.w.spi.MetamodelGraphWalker - Visiting attribute path : company
2018-04-11 12:36:06 [main] DEBUG o.h.p.w.spi.MetamodelGraphWalker - Visiting attribute path : dob
2018-04-11 12:36:06 [main] DEBUG o.h.p.w.spi.MetamodelGraphWalker - Visiting attribute path : education
2018-04-11 12:36:06 [main] DEBUG o.h.p.w.spi.MetamodelGraphWalker - Visiting attribute path : email
2018-04-11 12:36:06 [main] DEBUG o.h.p.w.spi.MetamodelGraphWalker - Visiting attribute path : lastname
2018-04-11 12:36:06 [main] DEBUG o.h.p.w.spi.MetamodelGraphWalker - Visiting attribute path : mobile
2018-04-11 12:36:06 [main] DEBUG o.h.p.w.spi.MetamodelGraphWalker - Visiting attribute path : name
2018-04-11 12:36:06 [main] DEBUG o.h.p.w.spi.MetamodelGraphWalker - Visiting attribute path : password
2018-04-11 12:36:06 [main] DEBUG o.h.l.p.b.i.FetchStyleLoadPlanBuildingAssociationVisitationStrategy - Building LoadPlan...
2018-04-11 12:36:06 [main] DEBUG o.h.l.p.e.i.LoadQueryJoinAndFetchProcessor - processing queryspace <gen:0>
2018-04-11 12:36:06 [main] DEBUG o.h.l.p.b.spi.LoadPlanTreePrinter - LoadPlan(entity=com.stackroute.activitystream.model.User)
    - Returns
       - EntityReturnImpl(entity=com.stackroute.activitystream.model.User, querySpaceUid=<gen:0>, path=com.stackroute.activitystream.model.User)
    - QuerySpaces
       - EntityQuerySpaceImpl(uid=<gen:0>, entity=com.stackroute.activitystream.model.User)
          - SQL table alias mapping - user0_
          - alias suffix - 0_
          - suffixed key columns - {username1_0_0_}

2018-04-11 12:36:06 [main] DEBUG o.h.loader.entity.plan.EntityLoader - Static select for entity com.stackroute.activitystream.model.User [PESSIMISTIC_WRITE]: select user0_.username as username1_0_0_, user0_.address as address2_0_0_, user0_.company as company3_0_0_, user0_.dob as dob4_0_0_, user0_.education as educatio5_0_0_, user0_.email as email6_0_0_, user0_.lastname as lastname7_0_0_, user0_.mobile as mobile8_0_0_, user0_.name as name9_0_0_, user0_.password as passwor10_0_0_ from user user0_ where user0_.username=? for update
2018-04-11 12:36:06 [main] DEBUG o.h.l.p.b.i.spaces.QuerySpacesImpl - Adding QuerySpace : uid = <gen:0> -> org.hibernate.loader.plan.build.internal.spaces.EntityQuerySpaceImpl@18db3b3c]
2018-04-11 12:36:06 [main] DEBUG o.h.p.w.spi.MetamodelGraphWalker - Visiting attribute path : address
2018-04-11 12:36:06 [main] DEBUG o.h.p.w.spi.MetamodelGraphWalker - Visiting attribute path : company
2018-04-11 12:36:06 [main] DEBUG o.h.p.w.spi.MetamodelGraphWalker - Visiting attribute path : dob
2018-04-11 12:36:06 [main] DEBUG o.h.p.w.spi.MetamodelGraphWalker - Visiting attribute path : education
2018-04-11 12:36:06 [main] DEBUG o.h.p.w.spi.MetamodelGraphWalker - Visiting attribute path : email
2018-04-11 12:36:06 [main] DEBUG o.h.p.w.spi.MetamodelGraphWalker - Visiting attribute path : lastname
2018-04-11 12:36:06 [main] DEBUG o.h.p.w.spi.MetamodelGraphWalker - Visiting attribute path : mobile
2018-04-11 12:36:06 [main] DEBUG o.h.p.w.spi.MetamodelGraphWalker - Visiting attribute path : name
2018-04-11 12:36:06 [main] DEBUG o.h.p.w.spi.MetamodelGraphWalker - Visiting attribute path : password
2018-04-11 12:36:06 [main] DEBUG o.h.l.p.b.i.FetchStyleLoadPlanBuildingAssociationVisitationStrategy - Building LoadPlan...
2018-04-11 12:36:06 [main] DEBUG o.h.l.p.e.i.LoadQueryJoinAndFetchProcessor - processing queryspace <gen:0>
2018-04-11 12:36:06 [main] DEBUG o.h.l.p.b.spi.LoadPlanTreePrinter - LoadPlan(entity=com.stackroute.activitystream.model.User)
    - Returns
       - EntityReturnImpl(entity=com.stackroute.activitystream.model.User, querySpaceUid=<gen:0>, path=com.stackroute.activitystream.model.User)
    - QuerySpaces
       - EntityQuerySpaceImpl(uid=<gen:0>, entity=com.stackroute.activitystream.model.User)
          - SQL table alias mapping - user0_
          - alias suffix - 0_
          - suffixed key columns - {username1_0_0_}

2018-04-11 12:36:06 [main] DEBUG o.h.loader.entity.plan.EntityLoader - Static select for entity com.stackroute.activitystream.model.User [PESSIMISTIC_FORCE_INCREMENT]: select user0_.username as username1_0_0_, user0_.address as address2_0_0_, user0_.company as company3_0_0_, user0_.dob as dob4_0_0_, user0_.education as educatio5_0_0_, user0_.email as email6_0_0_, user0_.lastname as lastname7_0_0_, user0_.mobile as mobile8_0_0_, user0_.name as name9_0_0_, user0_.password as passwor10_0_0_ from user user0_ where user0_.username=? for update
2018-04-11 12:36:06 [main] DEBUG o.h.l.p.b.i.spaces.QuerySpacesImpl - Adding QuerySpace : uid = <gen:0> -> org.hibernate.loader.plan.build.internal.spaces.EntityQuerySpaceImpl@1c4057f9]
2018-04-11 12:36:06 [main] DEBUG o.h.p.w.spi.MetamodelGraphWalker - Visiting attribute path : address
2018-04-11 12:36:06 [main] DEBUG o.h.p.w.spi.MetamodelGraphWalker - Visiting attribute path : company
2018-04-11 12:36:06 [main] DEBUG o.h.p.w.spi.MetamodelGraphWalker - Visiting attribute path : dob
2018-04-11 12:36:06 [main] DEBUG o.h.p.w.spi.MetamodelGraphWalker - Visiting attribute path : education
2018-04-11 12:36:06 [main] DEBUG o.h.p.w.spi.MetamodelGraphWalker - Visiting attribute path : email
2018-04-11 12:36:06 [main] DEBUG o.h.p.w.spi.MetamodelGraphWalker - Visiting attribute path : lastname
2018-04-11 12:36:06 [main] DEBUG o.h.p.w.spi.MetamodelGraphWalker - Visiting attribute path : mobile
2018-04-11 12:36:06 [main] DEBUG o.h.p.w.spi.MetamodelGraphWalker - Visiting attribute path : name
2018-04-11 12:36:06 [main] DEBUG o.h.p.w.spi.MetamodelGraphWalker - Visiting attribute path : password
2018-04-11 12:36:06 [main] DEBUG o.h.l.p.b.i.FetchStyleLoadPlanBuildingAssociationVisitationStrategy - Building LoadPlan...
2018-04-11 12:36:06 [main] DEBUG o.h.l.p.e.i.LoadQueryJoinAndFetchProcessor - processing queryspace <gen:0>
2018-04-11 12:36:06 [main] DEBUG o.h.l.p.b.spi.LoadPlanTreePrinter - LoadPlan(entity=com.stackroute.activitystream.model.User)
    - Returns
       - EntityReturnImpl(entity=com.stackroute.activitystream.model.User, querySpaceUid=<gen:0>, path=com.stackroute.activitystream.model.User)
    - QuerySpaces
       - EntityQuerySpaceImpl(uid=<gen:0>, entity=com.stackroute.activitystream.model.User)
          - SQL table alias mapping - user0_
          - alias suffix - 0_
          - suffixed key columns - {username1_0_0_}

2018-04-11 12:36:06 [main] DEBUG o.h.loader.entity.plan.EntityLoader - Static select for entity com.stackroute.activitystream.model.User [OPTIMISTIC]: select user0_.username as username1_0_0_, user0_.address as address2_0_0_, user0_.company as company3_0_0_, user0_.dob as dob4_0_0_, user0_.education as educatio5_0_0_, user0_.email as email6_0_0_, user0_.lastname as lastname7_0_0_, user0_.mobile as mobile8_0_0_, user0_.name as name9_0_0_, user0_.password as passwor10_0_0_ from user user0_ where user0_.username=?
2018-04-11 12:36:06 [main] DEBUG o.h.l.p.b.i.spaces.QuerySpacesImpl - Adding QuerySpace : uid = <gen:0> -> org.hibernate.loader.plan.build.internal.spaces.EntityQuerySpaceImpl@5c1c9881]
2018-04-11 12:36:06 [main] DEBUG o.h.p.w.spi.MetamodelGraphWalker - Visiting attribute path : address
2018-04-11 12:36:06 [main] DEBUG o.h.p.w.spi.MetamodelGraphWalker - Visiting attribute path : company
2018-04-11 12:36:06 [main] DEBUG o.h.p.w.spi.MetamodelGraphWalker - Visiting attribute path : dob
2018-04-11 12:36:06 [main] DEBUG o.h.p.w.spi.MetamodelGraphWalker - Visiting attribute path : education
2018-04-11 12:36:06 [main] DEBUG o.h.p.w.spi.MetamodelGraphWalker - Visiting attribute path : email
2018-04-11 12:36:06 [main] DEBUG o.h.p.w.spi.MetamodelGraphWalker - Visiting attribute path : lastname
2018-04-11 12:36:06 [main] DEBUG o.h.p.w.spi.MetamodelGraphWalker - Visiting attribute path : mobile
2018-04-11 12:36:06 [main] DEBUG o.h.p.w.spi.MetamodelGraphWalker - Visiting attribute path : name
2018-04-11 12:36:06 [main] DEBUG o.h.p.w.spi.MetamodelGraphWalker - Visiting attribute path : password
2018-04-11 12:36:06 [main] DEBUG o.h.l.p.b.i.FetchStyleLoadPlanBuildingAssociationVisitationStrategy - Building LoadPlan...
2018-04-11 12:36:06 [main] DEBUG o.h.l.p.e.i.LoadQueryJoinAndFetchProcessor - processing queryspace <gen:0>
2018-04-11 12:36:06 [main] DEBUG o.h.l.p.b.spi.LoadPlanTreePrinter - LoadPlan(entity=com.stackroute.activitystream.model.User)
    - Returns
       - EntityReturnImpl(entity=com.stackroute.activitystream.model.User, querySpaceUid=<gen:0>, path=com.stackroute.activitystream.model.User)
    - QuerySpaces
       - EntityQuerySpaceImpl(uid=<gen:0>, entity=com.stackroute.activitystream.model.User)
          - SQL table alias mapping - user0_
          - alias suffix - 0_
          - suffixed key columns - {username1_0_0_}

2018-04-11 12:36:06 [main] DEBUG o.h.loader.entity.plan.EntityLoader - Static select for entity com.stackroute.activitystream.model.User [OPTIMISTIC_FORCE_INCREMENT]: select user0_.username as username1_0_0_, user0_.address as address2_0_0_, user0_.company as company3_0_0_, user0_.dob as dob4_0_0_, user0_.education as educatio5_0_0_, user0_.email as email6_0_0_, user0_.lastname as lastname7_0_0_, user0_.mobile as mobile8_0_0_, user0_.name as name9_0_0_, user0_.password as passwor10_0_0_ from user user0_ where user0_.username=?
2018-04-11 12:36:06 [main] DEBUG org.hibernate.loader.Loader - Static select for action ACTION_MERGE on entity com.stackroute.activitystream.model.User: select user0_.username as username1_0_0_, user0_.address as address2_0_0_, user0_.company as company3_0_0_, user0_.dob as dob4_0_0_, user0_.education as educatio5_0_0_, user0_.email as email6_0_0_, user0_.lastname as lastname7_0_0_, user0_.mobile as mobile8_0_0_, user0_.name as name9_0_0_, user0_.password as passwor10_0_0_ from user user0_ where user0_.username=?
2018-04-11 12:36:06 [main] DEBUG org.hibernate.loader.Loader - Static select for action ACTION_REFRESH on entity com.stackroute.activitystream.model.User: select user0_.username as username1_0_0_, user0_.address as address2_0_0_, user0_.company as company3_0_0_, user0_.dob as dob4_0_0_, user0_.education as educatio5_0_0_, user0_.email as email6_0_0_, user0_.lastname as lastname7_0_0_, user0_.mobile as mobile8_0_0_, user0_.name as name9_0_0_, user0_.password as passwor10_0_0_ from user user0_ where user0_.username=?
2018-04-11 12:36:06 [main] DEBUG o.h.internal.SessionFactoryImpl - Instantiated session factory
2018-04-11 12:36:06 [main] INFO  o.h.tool.hbm2ddl.SchemaUpdate - HHH000228: Running hbm2ddl schema update
