2018-04-10 22:48:58 [main] DEBUG o.s.w.s.h.BeanNameUrlHandlerMapping - Rejected bean name 'jacksonObjectMapperBuilder': no URL paths identified
2018-04-10 22:48:58 [main] DEBUG o.s.w.s.h.BeanNameUrlHandlerMapping - Rejected bean name 'org.springframework.boot.autoconfigure.jackson.JacksonAutoConfiguration$JacksonObjectMapperConfiguration': no URL paths identified
2018-04-10 22:48:58 [main] DEBUG o.s.w.s.h.BeanNameUrlHandlerMapping - Rejected bean name 'jacksonObjectMapper': no URL paths identified
2018-04-10 22:48:58 [main] DEBUG o.s.w.s.h.BeanNameUrlHandlerMapping - Rejected bean name 'org.springframework.boot.autoconfigure.jackson.JacksonAutoConfiguration': no URL paths identified
2018-04-10 22:48:58 [main] DEBUG o.s.w.s.h.BeanNameUrlHandlerMapping - Rejected bean name 'jsonComponentModule': no URL paths identified
2018-04-10 22:48:58 [main] DEBUG o.s.w.s.h.BeanNameUrlHandlerMapping - Rejected bean name 'org.springframework.boot.autoconfigure.websocket.WebSocketAutoConfiguration$TomcatWebSocketConfiguration': no URL paths identified
2018-04-10 22:48:58 [main] DEBUG o.s.w.s.h.BeanNameUrlHandlerMapping - Rejected bean name 'websocketContainerCustomizer': no URL paths identified
2018-04-10 22:48:58 [main] DEBUG o.s.w.s.h.BeanNameUrlHandlerMapping - Rejected bean name 'org.springframework.boot.autoconfigure.websocket.WebSocketAutoConfiguration': no URL paths identified
2018-04-10 22:48:58 [main] DEBUG o.s.w.s.h.BeanNameUrlHandlerMapping - Rejected bean name 'org.springframework.boot.autoconfigure.web.EmbeddedServletContainerAutoConfiguration$EmbeddedTomcat': no URL paths identified
2018-04-10 22:48:58 [main] DEBUG o.s.w.s.h.BeanNameUrlHandlerMapping - Rejected bean name 'tomcatEmbeddedServletContainerFactory': no URL paths identified
2018-04-10 22:48:58 [main] DEBUG o.s.w.s.h.BeanNameUrlHandlerMapping - Rejected bean name 'org.springframework.boot.autoconfigure.web.EmbeddedServletContainerAutoConfiguration': no URL paths identified
2018-04-10 22:48:58 [main] DEBUG o.s.w.s.h.BeanNameUrlHandlerMapping - Rejected bean name 'embeddedServletContainerCustomizerBeanPostProcessor': no URL paths identified
2018-04-10 22:48:58 [main] DEBUG o.s.w.s.h.BeanNameUrlHandlerMapping - Rejected bean name 'errorPageRegistrarBeanPostProcessor': no URL paths identified
2018-04-10 22:48:58 [main] DEBUG o.s.w.s.h.BeanNameUrlHandlerMapping - Rejected bean name 'org.springframework.boot.autoconfigure.web.DispatcherServletAutoConfiguration$DispatcherServletConfiguration': no URL paths identified
2018-04-10 22:48:58 [main] DEBUG o.s.w.s.h.BeanNameUrlHandlerMapping - Rejected bean name 'dispatcherServlet': no URL paths identified
2018-04-10 22:48:58 [main] DEBUG o.s.w.s.h.BeanNameUrlHandlerMapping - Rejected bean name 'spring.mvc-org.springframework.boot.autoconfigure.web.WebMvcProperties': no URL paths identified
2018-04-10 22:48:58 [main] DEBUG o.s.w.s.h.BeanNameUrlHandlerMapping - Rejected bean name 'org.springframework.boot.autoconfigure.web.DispatcherServletAutoConfiguration$DispatcherServletRegistrationConfiguration': no URL paths identified
2018-04-10 22:48:58 [main] DEBUG o.s.w.s.h.BeanNameUrlHandlerMapping - Rejected bean name 'dispatcherServletRegistration': no URL paths identified
2018-04-10 22:48:58 [main] DEBUG o.s.w.s.h.BeanNameUrlHandlerMapping - Rejected bean name 'org.springframework.boot.autoconfigure.web.DispatcherServletAutoConfiguration': no URL paths identified
2018-04-10 22:48:58 [main] DEBUG o.s.w.s.h.BeanNameUrlHandlerMapping - Rejected bean name 'org.springframework.boot.autoconfigure.validation.ValidationAutoConfiguration': no URL paths identified
2018-04-10 22:48:58 [main] DEBUG o.s.w.s.h.BeanNameUrlHandlerMapping - Rejected bean name 'defaultValidator': no URL paths identified
2018-04-10 22:48:58 [main] DEBUG o.s.w.s.h.BeanNameUrlHandlerMapping - Rejected bean name 'methodValidationPostProcessor': no URL paths identified
2018-04-10 22:48:58 [main] DEBUG o.s.w.s.h.BeanNameUrlHandlerMapping - Rejected bean name 'org.springframework.boot.autoconfigure.web.ErrorMvcAutoConfiguration$WhitelabelErrorViewConfiguration': no URL paths identified
2018-04-10 22:48:58 [main] DEBUG o.s.w.s.h.BeanNameUrlHandlerMapping - Rejected bean name 'error': no URL paths identified
2018-04-10 22:48:58 [main] DEBUG o.s.w.s.h.BeanNameUrlHandlerMapping - Rejected bean name 'beanNameViewResolver': no URL paths identified
2018-04-10 22:48:58 [main] DEBUG o.s.w.s.h.BeanNameUrlHandlerMapping - Rejected bean name 'org.springframework.boot.autoconfigure.web.ErrorMvcAutoConfiguration$DefaultErrorViewResolverConfiguration': no URL paths identified
2018-04-10 22:48:58 [main] DEBUG o.s.w.s.h.BeanNameUrlHandlerMapping - Rejected bean name 'conventionErrorViewResolver': no URL paths identified
2018-04-10 22:48:58 [main] DEBUG o.s.w.s.h.BeanNameUrlHandlerMapping - Rejected bean name 'org.springframework.boot.autoconfigure.web.ErrorMvcAutoConfiguration': no URL paths identified
2018-04-10 22:48:58 [main] DEBUG o.s.w.s.h.BeanNameUrlHandlerMapping - Rejected bean name 'errorAttributes': no URL paths identified
2018-04-10 22:48:58 [main] DEBUG o.s.w.s.h.BeanNameUrlHandlerMapping - Rejected bean name 'basicErrorController': no URL paths identified
2018-04-10 22:48:58 [main] DEBUG o.s.w.s.h.BeanNameUrlHandlerMapping - Rejected bean name 'errorPageCustomizer': no URL paths identified
2018-04-10 22:48:58 [main] DEBUG o.s.w.s.h.BeanNameUrlHandlerMapping - Rejected bean name 'preserveErrorControllerTargetClassPostProcessor': no URL paths identified
2018-04-10 22:48:58 [main] DEBUG o.s.w.s.h.BeanNameUrlHandlerMapping - Rejected bean name 'spring.resources-org.springframework.boot.autoconfigure.web.ResourceProperties': no URL paths identified
2018-04-10 22:48:58 [main] DEBUG o.s.w.s.h.BeanNameUrlHandlerMapping - Rejected bean name 'org.springframework.boot.autoconfigure.jmx.JmxAutoConfiguration': no URL paths identified
2018-04-10 22:48:58 [main] DEBUG o.s.w.s.h.BeanNameUrlHandlerMapping - Rejected bean name 'mbeanExporter': no URL paths identified
2018-04-10 22:48:58 [main] DEBUG o.s.w.s.h.BeanNameUrlHandlerMapping - Rejected bean name 'objectNamingStrategy': no URL paths identified
2018-04-10 22:48:58 [main] DEBUG o.s.w.s.h.BeanNameUrlHandlerMapping - Rejected bean name 'mbeanServer': no URL paths identified
2018-04-10 22:48:58 [main] DEBUG o.s.w.s.h.BeanNameUrlHandlerMapping - Rejected bean name 'org.springframework.boot.autoconfigure.admin.SpringApplicationAdminJmxAutoConfiguration': no URL paths identified
2018-04-10 22:48:58 [main] DEBUG o.s.w.s.h.BeanNameUrlHandlerMapping - Rejected bean name 'springApplicationAdminRegistrar': no URL paths identified
2018-04-10 22:48:58 [main] DEBUG o.s.w.s.h.BeanNameUrlHandlerMapping - Rejected bean name 'org.springframework.boot.autoconfigure.aop.AopAutoConfiguration$JdkDynamicAutoProxyConfiguration': no URL paths identified
2018-04-10 22:48:58 [main] DEBUG o.s.w.s.h.BeanNameUrlHandlerMapping - Rejected bean name 'org.springframework.aop.config.internalAutoProxyCreator': no URL paths identified
2018-04-10 22:48:58 [main] DEBUG o.s.w.s.h.BeanNameUrlHandlerMapping - Rejected bean name 'org.springframework.boot.autoconfigure.aop.AopAutoConfiguration': no URL paths identified
2018-04-10 22:48:58 [main] DEBUG o.s.w.s.h.BeanNameUrlHandlerMapping - Rejected bean name 'org.springframework.boot.autoconfigure.transaction.jta.JtaAutoConfiguration': no URL paths identified
2018-04-10 22:48:58 [main] DEBUG o.s.w.s.h.BeanNameUrlHandlerMapping - Rejected bean name 'spring.jta-org.springframework.boot.autoconfigure.transaction.jta.JtaProperties': no URL paths identified
2018-04-10 22:48:58 [main] DEBUG o.s.w.s.h.BeanNameUrlHandlerMapping - Rejected bean name 'org.springframework.boot.autoconfigure.jdbc.DataSourceConfiguration$Tomcat': no URL paths identified
2018-04-10 22:48:58 [main] DEBUG o.s.w.s.h.BeanNameUrlHandlerMapping - Rejected bean name 'dataSource': no URL paths identified
2018-04-10 22:48:58 [main] DEBUG o.s.w.s.h.BeanNameUrlHandlerMapping - Rejected bean name 'org.springframework.boot.autoconfigure.jdbc.DataSourceAutoConfiguration$PooledDataSourceConfiguration': no URL paths identified
2018-04-10 22:48:58 [main] DEBUG o.s.w.s.h.BeanNameUrlHandlerMapping - Rejected bean name 'org.springframework.boot.autoconfigure.jdbc.metadata.DataSourcePoolMetadataProvidersConfiguration$TomcatDataSourcePoolMetadataProviderConfiguration': no URL paths identified
2018-04-10 22:48:58 [main] DEBUG o.s.w.s.h.BeanNameUrlHandlerMapping - Rejected bean name 'tomcatPoolDataSourceMetadataProvider': no URL paths identified
2018-04-10 22:48:58 [main] DEBUG o.s.w.s.h.BeanNameUrlHandlerMapping - Rejected bean name 'org.springframework.boot.autoconfigure.jdbc.metadata.DataSourcePoolMetadataProvidersConfiguration': no URL paths identified
2018-04-10 22:48:58 [main] DEBUG o.s.w.s.h.BeanNameUrlHandlerMapping - Rejected bean name 'org.springframework.boot.autoconfigure.jdbc.DataSourceAutoConfiguration': no URL paths identified
2018-04-10 22:48:58 [main] DEBUG o.s.w.s.h.BeanNameUrlHandlerMapping - Rejected bean name 'dataSourceInitializer': no URL paths identified
2018-04-10 22:48:58 [main] DEBUG o.s.w.s.h.BeanNameUrlHandlerMapping - Rejected bean name 'spring.datasource-org.springframework.boot.autoconfigure.jdbc.DataSourceProperties': no URL paths identified
2018-04-10 22:48:58 [main] DEBUG o.s.w.s.h.BeanNameUrlHandlerMapping - Rejected bean name 'dataSourceInitializerPostProcessor': no URL paths identified
2018-04-10 22:48:58 [main] DEBUG o.s.w.s.h.BeanNameUrlHandlerMapping - Rejected bean name 'org.springframework.boot.autoconfigure.orm.jpa.JpaBaseConfiguration$JpaWebConfiguration$JpaWebMvcConfiguration': no URL paths identified
2018-04-10 22:48:58 [main] DEBUG o.s.w.s.h.BeanNameUrlHandlerMapping - Rejected bean name 'openEntityManagerInViewInterceptor': no URL paths identified
2018-04-10 22:48:58 [main] DEBUG o.s.w.s.h.BeanNameUrlHandlerMapping - Rejected bean name 'org.springframework.boot.autoconfigure.orm.jpa.JpaBaseConfiguration$JpaWebConfiguration': no URL paths identified
2018-04-10 22:48:58 [main] DEBUG o.s.w.s.h.BeanNameUrlHandlerMapping - Rejected bean name 'org.springframework.boot.autoconfigure.orm.jpa.HibernateJpaAutoConfiguration': no URL paths identified
2018-04-10 22:48:58 [main] DEBUG o.s.w.s.h.BeanNameUrlHandlerMapping - Rejected bean name 'transactionManager': no URL paths identified
2018-04-10 22:48:58 [main] DEBUG o.s.w.s.h.BeanNameUrlHandlerMapping - Rejected bean name 'jpaVendorAdapter': no URL paths identified
2018-04-10 22:48:58 [main] DEBUG o.s.w.s.h.BeanNameUrlHandlerMapping - Rejected bean name 'entityManagerFactoryBuilder': no URL paths identified
2018-04-10 22:48:58 [main] DEBUG o.s.w.s.h.BeanNameUrlHandlerMapping - Rejected bean name 'entityManagerFactory': no URL paths identified
2018-04-10 22:48:58 [main] DEBUG o.s.w.s.h.BeanNameUrlHandlerMapping - Rejected bean name 'spring.jpa-org.springframework.boot.autoconfigure.orm.jpa.JpaProperties': no URL paths identified
2018-04-10 22:48:58 [main] DEBUG o.s.w.s.h.BeanNameUrlHandlerMapping - Rejected bean name 'dataSourceInitializedPublisher': no URL paths identified
