2018-04-08 12:03:59 [http-nio-8082-exec-3] DEBUG o.s.web.servlet.DispatcherServlet - DispatcherServlet with name 'dispatcherServlet' processing GET request for [/api/user]
2018-04-08 12:03:59 [http-nio-8082-exec-3] DEBUG o.s.w.s.m.m.a.RequestMappingHandlerMapping - Looking up handler method for path /api/user
2018-04-08 12:03:59 [http-nio-8082-exec-3] DEBUG o.s.w.s.m.m.a.RequestMappingHandlerMapping - Returning handler method [public org.springframework.http.ResponseEntity<java.util.List<com.stackroute.activitystream.model.User>> com.stackroute.activitystream.controller.UserController.getAllUsers()]
2018-04-08 12:03:59 [http-nio-8082-exec-3] DEBUG o.s.b.f.s.DefaultListableBeanFactory - Returning cached instance of singleton bean 'userController'
2018-04-08 12:03:59 [http-nio-8082-exec-6] DEBUG o.s.web.servlet.DispatcherServlet - DispatcherServlet with name 'dispatcherServlet' processing GET request for [/skalai]
2018-04-08 12:03:59 [http-nio-8082-exec-3] DEBUG o.s.web.servlet.DispatcherServlet - Last-Modified value for [/api/user] is: -1
2018-04-08 12:03:59 [http-nio-8082-exec-6] DEBUG o.s.w.s.m.m.a.RequestMappingHandlerMapping - Looking up handler method for path /skalai
2018-04-08 12:03:59 [http-nio-8082-exec-3] DEBUG o.s.o.j.s.OpenEntityManagerInViewInterceptor - Opening JPA EntityManager in OpenEntityManagerInViewInterceptor
2018-04-08 12:03:59 [http-nio-8082-exec-6] DEBUG o.s.w.s.m.m.a.RequestMappingHandlerMapping - Returning handler method [public org.springframework.http.ResponseEntity<com.stackroute.activitystream.model.User> com.stackroute.activitystream.controller.UserController.getUser(java.lang.String)]
2018-04-08 12:03:59 [http-nio-8082-exec-6] DEBUG o.s.b.f.s.DefaultListableBeanFactory - Returning cached instance of singleton bean 'userController'
2018-04-08 12:03:59 [http-nio-8082-exec-6] DEBUG o.s.web.servlet.DispatcherServlet - Last-Modified value for [/skalai] is: -1
2018-04-08 12:03:59 [http-nio-8082-exec-6] DEBUG o.s.o.j.s.OpenEntityManagerInViewInterceptor - Opening JPA EntityManager in OpenEntityManagerInViewInterceptor
2018-04-08 12:03:59 [http-nio-8082-exec-3] DEBUG o.s.orm.jpa.JpaTransactionManager - Found thread-bound EntityManager [org.hibernate.jpa.internal.EntityManagerImpl@3b9e7024] for JPA transaction
2018-04-08 12:03:59 [http-nio-8082-exec-3] DEBUG o.s.orm.jpa.JpaTransactionManager - Creating new transaction with name [org.springframework.data.jpa.repository.support.SimpleJpaRepository.findAll]: PROPAGATION_REQUIRED,ISOLATION_DEFAULT,readOnly; ''
2018-04-08 12:03:59 [http-nio-8082-exec-6] DEBUG o.s.orm.jpa.JpaTransactionManager - Found thread-bound EntityManager [org.hibernate.jpa.internal.EntityManagerImpl@1013e5dd] for JPA transaction
2018-04-08 12:03:59 [http-nio-8082-exec-3] DEBUG o.s.jdbc.datasource.DataSourceUtils - Setting JDBC Connection [ProxyConnection[PooledConnection[com.mysql.jdbc.JDBC4Connection@1128674c]]] read-only
2018-04-08 12:03:59 [http-nio-8082-exec-6] DEBUG o.s.orm.jpa.JpaTransactionManager - Creating new transaction with name [org.springframework.data.jpa.repository.support.SimpleJpaRepository.findOne]: PROPAGATION_REQUIRED,ISOLATION_DEFAULT,readOnly; ''
2018-04-08 12:03:59 [http-nio-8082-exec-3] DEBUG o.h.e.t.internal.TransactionImpl - begin
2018-04-08 12:03:59 [http-nio-8082-exec-3] DEBUG o.s.orm.jpa.JpaTransactionManager - Exposing JPA transaction as JDBC transaction [org.springframework.orm.jpa.vendor.HibernateJpaDialect$HibernateConnectionHandle@6597d5]
2018-04-08 12:03:59 [http-nio-8082-exec-6] DEBUG o.s.jdbc.datasource.DataSourceUtils - Setting JDBC Connection [ProxyConnection[PooledConnection[com.mysql.jdbc.JDBC4Connection@f1c1bc9]]] read-only
2018-04-08 12:03:59 [http-nio-8082-exec-3] DEBUG o.h.jpa.criteria.CriteriaQueryImpl - Rendered criteria query -> select generatedAlias0 from User as generatedAlias0
2018-04-08 12:03:59 [http-nio-8082-exec-6] DEBUG o.h.e.t.internal.TransactionImpl - begin
2018-04-08 12:03:59 [http-nio-8082-exec-3] DEBUG org.hibernate.SQL - select user0_.username as username1_0_, user0_.name as name2_0_, user0_.password as password3_0_ from user user0_
2018-04-08 12:03:59 [http-nio-8082-exec-6] DEBUG o.s.orm.jpa.JpaTransactionManager - Exposing JPA transaction as JDBC transaction [org.springframework.orm.jpa.vendor.HibernateJpaDialect$HibernateConnectionHandle@254869b5]
2018-04-08 12:03:59 [http-nio-8082-exec-6] DEBUG org.hibernate.SQL - select user0_.username as username1_0_0_, user0_.name as name2_0_0_, user0_.password as password3_0_0_ from user user0_ where user0_.username=?
2018-04-08 12:03:59 [http-nio-8082-exec-3] DEBUG org.hibernate.loader.Loader - Result set row: 0
2018-04-08 12:03:59 [http-nio-8082-exec-6] DEBUG o.h.l.p.e.p.i.ResultSetProcessorImpl - Starting ResultSet row #0
2018-04-08 12:03:59 [http-nio-8082-exec-3] DEBUG org.hibernate.loader.Loader - Result row: EntityKey[com.stackroute.activitystream.model.User#kharish07]
2018-04-08 12:03:59 [http-nio-8082-exec-6] DEBUG o.h.l.p.e.p.i.EntityReferenceInitializerImpl - On call to EntityIdentifierReaderImpl#resolve, EntityKey was already known; should only happen on root returns with an optional identifier specified
2018-04-08 12:03:59 [http-nio-8082-exec-3] DEBUG org.hibernate.loader.Loader - Result set row: 1
2018-04-08 12:03:59 [http-nio-8082-exec-3] DEBUG org.hibernate.loader.Loader - Result row: EntityKey[com.stackroute.activitystream.model.User#RajiS]
2018-04-08 12:03:59 [http-nio-8082-exec-6] DEBUG o.h.engine.internal.TwoPhaseLoad - Resolving associations for [com.stackroute.activitystream.model.User#skalai]
2018-04-08 12:03:59 [http-nio-8082-exec-3] DEBUG org.hibernate.loader.Loader - Result set row: 2
2018-04-08 12:03:59 [http-nio-8082-exec-6] DEBUG o.h.engine.internal.TwoPhaseLoad - Done materializing entity [com.stackroute.activitystream.model.User#skalai]
2018-04-08 12:03:59 [http-nio-8082-exec-3] DEBUG org.hibernate.loader.Loader - Result row: EntityKey[com.stackroute.activitystream.model.User#skalai]
2018-04-08 12:03:59 [http-nio-8082-exec-6] DEBUG o.h.r.j.i.ResourceRegistryStandardImpl - HHH000387: ResultSet's statement was not registered
2018-04-08 12:03:59 [http-nio-8082-exec-3] DEBUG o.h.engine.internal.TwoPhaseLoad - Resolving associations for [com.stackroute.activitystream.model.User#kharish07]
2018-04-08 12:03:59 [http-nio-8082-exec-3] DEBUG o.h.engine.internal.TwoPhaseLoad - Done materializing entity [com.stackroute.activitystream.model.User#kharish07]
2018-04-08 12:03:59 [http-nio-8082-exec-6] DEBUG o.h.l.e.p.AbstractLoadPlanBasedEntityLoader - Done entity load : com.stackroute.activitystream.model.User#skalai
2018-04-08 12:03:59 [http-nio-8082-exec-3] DEBUG o.h.engine.internal.TwoPhaseLoad - Resolving associations for [com.stackroute.activitystream.model.User#RajiS]
2018-04-08 12:03:59 [http-nio-8082-exec-3] DEBUG o.h.engine.internal.TwoPhaseLoad - Done materializing entity [com.stackroute.activitystream.model.User#RajiS]
2018-04-08 12:03:59 [http-nio-8082-exec-6] DEBUG o.s.orm.jpa.JpaTransactionManager - Initiating transaction commit
2018-04-08 12:03:59 [http-nio-8082-exec-3] DEBUG o.h.engine.internal.TwoPhaseLoad - Resolving associations for [com.stackroute.activitystream.model.User#skalai]
2018-04-08 12:03:59 [http-nio-8082-exec-6] DEBUG o.s.orm.jpa.JpaTransactionManager - Committing JPA transaction on EntityManager [org.hibernate.jpa.internal.EntityManagerImpl@1013e5dd]
2018-04-08 12:03:59 [http-nio-8082-exec-3] DEBUG o.h.engine.internal.TwoPhaseLoad - Done materializing entity [com.stackroute.activitystream.model.User#skalai]
2018-04-08 12:03:59 [http-nio-8082-exec-6] DEBUG o.h.e.t.internal.TransactionImpl - committing
2018-04-08 12:03:59 [http-nio-8082-exec-3] DEBUG o.s.orm.jpa.JpaTransactionManager - Initiating transaction commit
2018-04-08 12:03:59 [http-nio-8082-exec-3] DEBUG o.s.orm.jpa.JpaTransactionManager - Committing JPA transaction on EntityManager [org.hibernate.jpa.internal.EntityManagerImpl@3b9e7024]
2018-04-08 12:03:59 [http-nio-8082-exec-3] DEBUG o.h.e.t.internal.TransactionImpl - committing
2018-04-08 12:03:59 [http-nio-8082-exec-3] DEBUG o.s.jdbc.datasource.DataSourceUtils - Resetting read-only flag of JDBC Connection [ProxyConnection[PooledConnection[com.mysql.jdbc.JDBC4Connection@1128674c]]]
2018-04-08 12:03:59 [http-nio-8082-exec-3] DEBUG o.s.orm.jpa.JpaTransactionManager - Not closing pre-bound JPA EntityManager after transaction
2018-04-08 12:03:59 [http-nio-8082-exec-6] DEBUG o.s.jdbc.datasource.DataSourceUtils - Resetting read-only flag of JDBC Connection [ProxyConnection[PooledConnection[com.mysql.jdbc.JDBC4Connection@f1c1bc9]]]
2018-04-08 12:03:59 [http-nio-8082-exec-6] DEBUG o.s.orm.jpa.JpaTransactionManager - Not closing pre-bound JPA EntityManager after transaction
2018-04-08 12:03:59 [http-nio-8082-exec-3] DEBUG o.s.w.s.m.m.a.HttpEntityMethodProcessor - Written [[com.stackroute.activitystream.model.User@85f7b89, com.stackroute.activitystream.model.User@388e6787, com.stackroute.activitystream.model.User@7a807f60]] as "application/json" using [org.springframework.http.converter.json.MappingJackson2HttpMessageConverter@496a62aa]
2018-04-08 12:03:59 [http-nio-8082-exec-3] DEBUG o.s.web.servlet.DispatcherServlet - Null ModelAndView returned to DispatcherServlet with name 'dispatcherServlet': assuming HandlerAdapter completed request handling
2018-04-08 12:03:59 [http-nio-8082-exec-3] DEBUG o.s.o.j.s.OpenEntityManagerInViewInterceptor - Closing JPA EntityManager in OpenEntityManagerInViewInterceptor
2018-04-08 12:03:59 [http-nio-8082-exec-3] DEBUG o.s.o.jpa.EntityManagerFactoryUtils - Closing JPA EntityManager
2018-04-08 12:03:59 [http-nio-8082-exec-3] DEBUG o.s.web.servlet.DispatcherServlet - Successfully completed request
2018-04-08 12:03:59 [http-nio-8082-exec-6] DEBUG o.s.w.s.m.m.a.HttpEntityMethodProcessor - Written [com.stackroute.activitystream.model.User@7b501795] as "application/json" using [org.springframework.http.converter.json.MappingJackson2HttpMessageConverter@496a62aa]
2018-04-08 12:03:59 [http-nio-8082-exec-6] DEBUG o.s.web.servlet.DispatcherServlet - Null ModelAndView returned to DispatcherServlet with name 'dispatcherServlet': assuming HandlerAdapter completed request handling
2018-04-08 12:03:59 [http-nio-8082-exec-6] DEBUG o.s.o.j.s.OpenEntityManagerInViewInterceptor - Closing JPA EntityManager in OpenEntityManagerInViewInterceptor
2018-04-08 12:03:59 [http-nio-8082-exec-6] DEBUG o.s.o.jpa.EntityManagerFactoryUtils - Closing JPA EntityManager
2018-04-08 12:03:59 [http-nio-8082-exec-6] DEBUG o.s.web.servlet.DispatcherServlet - Successfully completed request
