2018-04-10 23:03:48 [http-nio-8082-exec-7] DEBUG o.s.w.s.m.m.a.HttpEntityMethodProcessor - Written [{message=user successfully logged in, token=eyJhbGciOiJIUzI1NiJ9.eyJzdWIiOiJza2FsYWkiLCJpYXQiOjE1MjMzODE2Mjd9.rM95cmdSE4vZa271nk_rRXBmDIrf1L9Rh4qywptDlgc}] as "application/json" using [org.springframework.http.converter.json.MappingJackson2HttpMessageConverter@5e549a42]
2018-04-10 23:03:48 [http-nio-8082-exec-7] DEBUG o.s.web.servlet.DispatcherServlet - Null ModelAndView returned to DispatcherServlet with name 'dispatcherServlet': assuming HandlerAdapter completed request handling
2018-04-10 23:03:48 [http-nio-8082-exec-7] DEBUG o.s.o.j.s.OpenEntityManagerInViewInterceptor - Closing JPA EntityManager in OpenEntityManagerInViewInterceptor
2018-04-10 23:03:48 [http-nio-8082-exec-7] DEBUG o.s.o.jpa.EntityManagerFactoryUtils - Closing JPA EntityManager
2018-04-10 23:03:48 [http-nio-8082-exec-7] DEBUG o.s.web.servlet.DispatcherServlet - Successfully completed request
2018-04-10 23:03:49 [http-nio-8082-exec-9] DEBUG o.s.web.servlet.DispatcherServlet - DispatcherServlet with name 'dispatcherServlet' processing OPTIONS request for [/api/user]
2018-04-10 23:03:49 [http-nio-8082-exec-9] DEBUG o.s.w.s.m.m.a.RequestMappingHandlerMapping - Looking up handler method for path /api/user
2018-04-10 23:03:49 [http-nio-8082-exec-9] DEBUG o.s.w.s.m.m.a.RequestMappingHandlerMapping - Returning handler method [public org.springframework.http.ResponseEntity<java.util.List<com.stackroute.activitystream.model.User>> com.stackroute.activitystream.controller.UserController.getAllUsers()]
2018-04-10 23:03:49 [http-nio-8082-exec-9] DEBUG o.s.b.f.s.DefaultListableBeanFactory - Returning cached instance of singleton bean 'userController'
2018-04-10 23:03:49 [http-nio-8082-exec-9] DEBUG o.s.o.j.s.OpenEntityManagerInViewInterceptor - Opening JPA EntityManager in OpenEntityManagerInViewInterceptor
2018-04-10 23:03:49 [http-nio-8082-exec-9] DEBUG o.s.web.servlet.DispatcherServlet - Null ModelAndView returned to DispatcherServlet with name 'dispatcherServlet': assuming HandlerAdapter completed request handling
2018-04-10 23:03:49 [http-nio-8082-exec-9] DEBUG o.s.o.j.s.OpenEntityManagerInViewInterceptor - Closing JPA EntityManager in OpenEntityManagerInViewInterceptor
2018-04-10 23:03:49 [http-nio-8082-exec-9] DEBUG o.s.o.jpa.EntityManagerFactoryUtils - Closing JPA EntityManager
2018-04-10 23:03:49 [http-nio-8082-exec-9] DEBUG o.s.web.servlet.DispatcherServlet - Successfully completed request
2018-04-10 23:03:49 [http-nio-8082-exec-10] DEBUG o.s.web.servlet.DispatcherServlet - DispatcherServlet with name 'dispatcherServlet' processing GET request for [/skalai]
2018-04-10 23:03:49 [http-nio-8082-exec-10] DEBUG o.s.w.s.m.m.a.RequestMappingHandlerMapping - Looking up handler method for path /skalai
2018-04-10 23:03:49 [http-nio-8082-exec-10] DEBUG o.s.w.s.m.m.a.RequestMappingHandlerMapping - Returning handler method [public org.springframework.http.ResponseEntity<com.stackroute.activitystream.model.User> com.stackroute.activitystream.controller.UserController.getUser(java.lang.String)]
2018-04-10 23:03:49 [http-nio-8082-exec-10] DEBUG o.s.b.f.s.DefaultListableBeanFactory - Returning cached instance of singleton bean 'userController'
2018-04-10 23:03:49 [http-nio-8082-exec-10] DEBUG o.s.web.servlet.DispatcherServlet - Last-Modified value for [/skalai] is: -1
2018-04-10 23:03:49 [http-nio-8082-exec-10] DEBUG o.s.o.j.s.OpenEntityManagerInViewInterceptor - Opening JPA EntityManager in OpenEntityManagerInViewInterceptor
2018-04-10 23:03:49 [http-nio-8082-exec-10] DEBUG o.s.orm.jpa.JpaTransactionManager - Found thread-bound EntityManager [org.hibernate.jpa.internal.EntityManagerImpl@4021bdbf] for JPA transaction
2018-04-10 23:03:49 [http-nio-8082-exec-10] DEBUG o.s.orm.jpa.JpaTransactionManager - Creating new transaction with name [org.springframework.data.jpa.repository.support.SimpleJpaRepository.findOne]: PROPAGATION_REQUIRED,ISOLATION_DEFAULT,readOnly; ''
2018-04-10 23:03:49 [http-nio-8082-exec-10] DEBUG o.s.jdbc.datasource.DataSourceUtils - Setting JDBC Connection [ProxyConnection[PooledConnection[com.mysql.jdbc.JDBC4Connection@75a1398a]]] read-only
2018-04-10 23:03:49 [http-nio-8082-exec-10] DEBUG o.h.e.t.internal.TransactionImpl - begin
2018-04-10 23:03:49 [http-nio-8082-exec-10] DEBUG o.s.orm.jpa.JpaTransactionManager - Exposing JPA transaction as JDBC transaction [org.springframework.orm.jpa.vendor.HibernateJpaDialect$HibernateConnectionHandle@5232bdf]
2018-04-10 23:03:49 [http-nio-8082-exec-10] DEBUG org.hibernate.SQL - select user0_.username as username1_0_0_, user0_.address as address2_0_0_, user0_.company as company3_0_0_, user0_.dob as dob4_0_0_, user0_.education as educatio5_0_0_, user0_.email as email6_0_0_, user0_.lastname as lastname7_0_0_, user0_.mobile as mobile8_0_0_, user0_.name as name9_0_0_, user0_.password as passwor10_0_0_ from user user0_ where user0_.username=?
2018-04-10 23:03:49 [http-nio-8082-exec-10] DEBUG o.h.l.p.e.p.i.ResultSetProcessorImpl - Starting ResultSet row #0
2018-04-10 23:03:49 [http-nio-8082-exec-10] DEBUG o.h.l.p.e.p.i.EntityReferenceInitializerImpl - On call to EntityIdentifierReaderImpl#resolve, EntityKey was already known; should only happen on root returns with an optional identifier specified
2018-04-10 23:03:49 [http-nio-8082-exec-10] DEBUG o.h.engine.internal.TwoPhaseLoad - Resolving associations for [com.stackroute.activitystream.model.User#skalai]
2018-04-10 23:03:49 [http-nio-8082-exec-10] DEBUG o.h.engine.internal.TwoPhaseLoad - Done materializing entity [com.stackroute.activitystream.model.User#skalai]
2018-04-10 23:03:49 [http-nio-8082-exec-10] DEBUG o.h.r.j.i.ResourceRegistryStandardImpl - HHH000387: ResultSet's statement was not registered
2018-04-10 23:03:49 [http-nio-8082-exec-10] DEBUG o.h.l.e.p.AbstractLoadPlanBasedEntityLoader - Done entity load : com.stackroute.activitystream.model.User#skalai
2018-04-10 23:03:49 [http-nio-8082-exec-10] DEBUG o.s.orm.jpa.JpaTransactionManager - Initiating transaction commit
2018-04-10 23:03:49 [http-nio-8082-exec-10] DEBUG o.s.orm.jpa.JpaTransactionManager - Committing JPA transaction on EntityManager [org.hibernate.jpa.internal.EntityManagerImpl@4021bdbf]
2018-04-10 23:03:49 [http-nio-8082-exec-10] DEBUG o.h.e.t.internal.TransactionImpl - committing
2018-04-10 23:03:49 [http-nio-8082-exec-10] DEBUG o.s.jdbc.datasource.DataSourceUtils - Resetting read-only flag of JDBC Connection [ProxyConnection[PooledConnection[com.mysql.jdbc.JDBC4Connection@75a1398a]]]
2018-04-10 23:03:49 [http-nio-8082-exec-10] DEBUG o.s.orm.jpa.JpaTransactionManager - Not closing pre-bound JPA EntityManager after transaction
2018-04-10 23:03:49 [http-nio-8082-exec-10] DEBUG o.s.w.s.m.m.a.HttpEntityMethodProcessor - Written [com.stackroute.activitystream.model.User@79ed65a1] as "application/json" using [org.springframework.http.converter.json.MappingJackson2HttpMessageConverter@5e549a42]
2018-04-10 23:03:49 [http-nio-8082-exec-10] DEBUG o.s.web.servlet.DispatcherServlet - Null ModelAndView returned to DispatcherServlet with name 'dispatcherServlet': assuming HandlerAdapter completed request handling
2018-04-10 23:03:49 [http-nio-8082-exec-10] DEBUG o.s.o.j.s.OpenEntityManagerInViewInterceptor - Closing JPA EntityManager in OpenEntityManagerInViewInterceptor
2018-04-10 23:03:49 [http-nio-8082-exec-10] DEBUG o.s.o.jpa.EntityManagerFactoryUtils - Closing JPA EntityManager
2018-04-10 23:03:49 [http-nio-8082-exec-10] DEBUG o.s.web.servlet.DispatcherServlet - Successfully completed request
2018-04-10 23:03:50 [http-nio-8082-exec-2] DEBUG o.s.web.servlet.DispatcherServlet - DispatcherServlet with name 'dispatcherServlet' processing GET request for [/api/user]
2018-04-10 23:03:50 [http-nio-8082-exec-2] DEBUG o.s.w.s.m.m.a.RequestMappingHandlerMapping - Looking up handler method for path /api/user
2018-04-10 23:03:50 [http-nio-8082-exec-2] DEBUG o.s.w.s.m.m.a.RequestMappingHandlerMapping - Returning handler method [public org.springframework.http.ResponseEntity<java.util.List<com.stackroute.activitystream.model.User>> com.stackroute.activitystream.controller.UserController.getAllUsers()]
2018-04-10 23:03:50 [http-nio-8082-exec-2] DEBUG o.s.b.f.s.DefaultListableBeanFactory - Returning cached instance of singleton bean 'userController'
2018-04-10 23:03:50 [http-nio-8082-exec-2] DEBUG o.s.web.servlet.DispatcherServlet - Last-Modified value for [/api/user] is: -1
2018-04-10 23:03:50 [http-nio-8082-exec-2] DEBUG o.s.o.j.s.OpenEntityManagerInViewInterceptor - Opening JPA EntityManager in OpenEntityManagerInViewInterceptor
2018-04-10 23:03:50 [http-nio-8082-exec-2] DEBUG o.s.d.r.c.s.TransactionalRepositoryProxyPostProcessor$CustomAnnotationTransactionAttributeSource - Adding transactional method 'findAll' with attribute: PROPAGATION_REQUIRED,ISOLATION_DEFAULT,readOnly; ''
2018-04-10 23:03:50 [http-nio-8082-exec-2] DEBUG o.s.orm.jpa.JpaTransactionManager - Found thread-bound EntityManager [org.hibernate.jpa.internal.EntityManagerImpl@3803c279] for JPA transaction
2018-04-10 23:03:50 [http-nio-8082-exec-2] DEBUG o.s.orm.jpa.JpaTransactionManager - Creating new transaction with name [org.springframework.data.jpa.repository.support.SimpleJpaRepository.findAll]: PROPAGATION_REQUIRED,ISOLATION_DEFAULT,readOnly; ''
2018-04-10 23:03:50 [http-nio-8082-exec-2] DEBUG o.s.jdbc.datasource.DataSourceUtils - Setting JDBC Connection [ProxyConnection[PooledConnection[com.mysql.jdbc.JDBC4Connection@75a1398a]]] read-only
2018-04-10 23:03:50 [http-nio-8082-exec-2] DEBUG o.h.e.t.internal.TransactionImpl - begin
2018-04-10 23:03:50 [http-nio-8082-exec-2] DEBUG o.s.orm.jpa.JpaTransactionManager - Exposing JPA transaction as JDBC transaction [org.springframework.orm.jpa.vendor.HibernateJpaDialect$HibernateConnectionHandle@597b125e]
2018-04-10 23:03:50 [http-nio-8082-exec-2] DEBUG o.h.jpa.criteria.CriteriaQueryImpl - Rendered criteria query -> select generatedAlias0 from User as generatedAlias0
2018-04-10 23:03:50 [http-nio-8082-exec-2] DEBUG o.h.h.i.ast.QueryTranslatorImpl - parse() - HQL: select generatedAlias0 from com.stackroute.activitystream.model.User as generatedAlias0
2018-04-10 23:03:50 [http-nio-8082-exec-2] DEBUG o.h.h.i.ast.QueryTranslatorImpl - --- HQL AST ---
 \-[QUERY] Node: 'query'
    \-[SELECT_FROM] Node: 'SELECT_FROM'
       +-[FROM] Node: 'from'
       |  \-[RANGE] Node: 'RANGE'
       |     +-[DOT] Node: '.'
       |     |  +-[DOT] Node: '.'
       |     |  |  +-[DOT] Node: '.'
       |     |  |  |  +-[DOT] Node: '.'
       |     |  |  |  |  +-[IDENT] Node: 'com'
       |     |  |  |  |  \-[IDENT] Node: 'stackroute'
       |     |  |  |  \-[IDENT] Node: 'activitystream'
       |     |  |  \-[IDENT] Node: 'model'
       |     |  \-[IDENT] Node: 'User'
       |     \-[ALIAS] Node: 'generatedAlias0'
       \-[SELECT] Node: 'select'
          \-[IDENT] Node: 'generatedAlias0'

2018-04-10 23:03:50 [http-nio-8082-exec-2] DEBUG o.h.hql.internal.ast.ErrorCounter - throwQueryException() : no errors
2018-04-10 23:03:50 [http-nio-8082-exec-2] DEBUG o.h.h.i.antlr.HqlSqlBaseWalker - select << begin [level=1, statement=select]
2018-04-10 23:03:50 [http-nio-8082-exec-2] DEBUG o.h.h.internal.ast.tree.FromElement - FromClause{level=1} : com.stackroute.activitystream.model.User (generatedAlias0) -> user0_
2018-04-10 23:03:50 [http-nio-8082-exec-2] DEBUG o.h.h.i.ast.tree.FromReferenceNode - Resolved : generatedAlias0 -> user0_.username
2018-04-10 23:03:50 [http-nio-8082-exec-2] DEBUG o.h.h.i.antlr.HqlSqlBaseWalker - select : finishing up [level=1, statement=select]
2018-04-10 23:03:50 [http-nio-8082-exec-2] DEBUG o.h.hql.internal.ast.HqlSqlWalker - processQuery() :  ( SELECT ( {select clause} user0_.username ) ( FromClause{level=1} user user0_ ) )
2018-04-10 23:03:50 [http-nio-8082-exec-2] DEBUG o.h.h.i.ast.util.JoinProcessor - Using FROM fragment [user user0_]
2018-04-10 23:03:50 [http-nio-8082-exec-2] DEBUG o.h.h.i.antlr.HqlSqlBaseWalker - select >> end [level=1, statement=select]
2018-04-10 23:03:50 [http-nio-8082-exec-2] DEBUG o.h.h.i.ast.QueryTranslatorImpl - --- SQL AST ---
 \-[SELECT] QueryNode: 'SELECT'  querySpaces (user)
    +-[SELECT_CLAUSE] SelectClause: '{select clause}'
    |  +-[ALIAS_REF] IdentNode: 'user0_.username as username1_0_' {alias=generatedAlias0, className=com.stackroute.activitystream.model.User, tableAlias=user0_}
    |  \-[SQL_TOKEN] SqlFragment: 'user0_.address as address2_0_, user0_.company as company3_0_, user0_.dob as dob4_0_, user0_.education as educatio5_0_, user0_.email as email6_0_, user0_.lastname as lastname7_0_, user0_.mobile as mobile8_0_, user0_.name as name9_0_, user0_.password as passwor10_0_'
    \-[FROM] FromClause: 'from' FromClause{level=1, fromElementCounter=1, fromElements=1, fromElementByClassAlias=[generatedAlias0], fromElementByTableAlias=[user0_], fromElementsByPath=[], collectionJoinFromElementsByPath=[], impliedElements=[]}
       \-[FROM_FRAGMENT] FromElement: 'user user0_' FromElement{explicit,not a collection join,not a fetch join,fetch non-lazy properties,classAlias=generatedAlias0,role=null,tableName=user,tableAlias=user0_,origin=null,columns={,className=com.stackroute.activitystream.model.User}}

2018-04-10 23:03:50 [http-nio-8082-exec-2] DEBUG o.h.hql.internal.ast.ErrorCounter - throwQueryException() : no errors
2018-04-10 23:03:50 [http-nio-8082-exec-2] DEBUG o.h.h.i.ast.QueryTranslatorImpl - HQL: select generatedAlias0 from com.stackroute.activitystream.model.User as generatedAlias0
2018-04-10 23:03:50 [http-nio-8082-exec-2] DEBUG o.h.h.i.ast.QueryTranslatorImpl - SQL: select user0_.username as username1_0_, user0_.address as address2_0_, user0_.company as company3_0_, user0_.dob as dob4_0_, user0_.education as educatio5_0_, user0_.email as email6_0_, user0_.lastname as lastname7_0_, user0_.mobile as mobile8_0_, user0_.name as name9_0_, user0_.password as passwor10_0_ from user user0_
