2018-04-11 12:36:05 [main] DEBUG o.h.secure.spi.JaccIntegrator - Skipping JACC integration as it was not enabled
2018-04-11 12:36:05 [main] DEBUG o.hibernate.engine.spi.CascadeStyles - External cascade style regsitration [persist : STYLE_PERSIST_SKIPLAZY] overrode base registration [STYLE_PERSIST]
2018-04-11 12:36:06 [main] DEBUG o.h.b.internal.ClassLoaderAccessImpl - Not known whether passed class name [com.stackroute.activitystream.model.User] is safe
2018-04-11 12:36:06 [main] DEBUG o.h.b.internal.ClassLoaderAccessImpl - No temp ClassLoader provided; using live ClassLoader for loading potentially unsafe class : com.stackroute.activitystream.model.User
2018-04-11 12:36:06 [main] DEBUG o.h.b.internal.ClassLoaderAccessImpl - Not known whether passed class name [com.stackroute.activitystream.model.User] is safe
2018-04-11 12:36:06 [main] DEBUG o.h.b.internal.ClassLoaderAccessImpl - No temp ClassLoader provided; using live ClassLoader for loading potentially unsafe class : com.stackroute.activitystream.model.User
2018-04-11 12:36:06 [main] DEBUG o.h.p.entity.AbstractEntityPersister - Static SQL for entity: com.stackroute.activitystream.model.User
2018-04-11 12:36:06 [main] DEBUG o.h.p.entity.AbstractEntityPersister -  Version select: select username from user where username =?
2018-04-11 12:36:06 [main] DEBUG o.h.p.entity.AbstractEntityPersister -  Snapshot select: select user_.username, user_.address as address2_0_, user_.company as company3_0_, user_.dob as dob4_0_, user_.education as educatio5_0_, user_.email as email6_0_, user_.lastname as lastname7_0_, user_.mobile as mobile8_0_, user_.name as name9_0_, user_.password as passwor10_0_ from user user_ where user_.username=?
2018-04-11 12:36:06 [main] DEBUG o.h.p.entity.AbstractEntityPersister -  Insert 0: insert into user (address, company, dob, education, email, lastname, mobile, name, password, username) values (?, ?, ?, ?, ?, ?, ?, ?, ?, ?)
2018-04-11 12:36:06 [main] DEBUG o.h.p.entity.AbstractEntityPersister -  Update 0: update user set address=?, company=?, dob=?, education=?, email=?, lastname=?, mobile=?, name=?, password=? where username=?
2018-04-11 12:36:06 [main] DEBUG o.h.p.entity.AbstractEntityPersister -  Delete 0: delete from user where username=?
2018-04-11 12:36:06 [main] DEBUG o.h.l.p.b.i.spaces.QuerySpacesImpl - Adding QuerySpace : uid = <gen:0> -> org.hibernate.loader.plan.build.internal.spaces.EntityQuerySpaceImpl@6ba0ee4a]
2018-04-11 12:36:06 [main] DEBUG o.h.p.w.spi.MetamodelGraphWalker - Visiting attribute path : address
2018-04-11 12:36:06 [main] DEBUG o.h.p.w.spi.MetamodelGraphWalker - Visiting attribute path : company
2018-04-11 12:36:06 [main] DEBUG o.h.p.w.spi.MetamodelGraphWalker - Visiting attribute path : dob
2018-04-11 12:36:06 [main] DEBUG o.h.p.w.spi.MetamodelGraphWalker - Visiting attribute path : education
2018-04-11 12:36:06 [main] DEBUG o.h.p.w.spi.MetamodelGraphWalker - Visiting attribute path : email
2018-04-11 12:36:06 [main] DEBUG o.h.p.w.spi.MetamodelGraphWalker - Visiting attribute path : lastname
2018-04-11 12:36:06 [main] DEBUG o.h.p.w.spi.MetamodelGraphWalker - Visiting attribute path : mobile
2018-04-11 12:36:06 [main] DEBUG o.h.p.w.spi.MetamodelGraphWalker - Visiting attribute path : name
2018-04-11 12:36:06 [main] DEBUG o.h.p.w.spi.MetamodelGraphWalker - Visiting attribute path : password
2018-04-11 12:36:06 [main] DEBUG o.h.l.p.b.i.FetchStyleLoadPlanBuildingAssociationVisitationStrategy - Building LoadPlan...
2018-04-11 12:36:06 [main] DEBUG o.h.l.p.e.i.LoadQueryJoinAndFetchProcessor - processing queryspace <gen:0>
2018-04-11 12:36:06 [main] DEBUG o.h.l.p.b.spi.LoadPlanTreePrinter - LoadPlan(entity=com.stackroute.activitystream.model.User)
    - Returns
       - EntityReturnImpl(entity=com.stackroute.activitystream.model.User, querySpaceUid=<gen:0>, path=com.stackroute.activitystream.model.User)
    - QuerySpaces
       - EntityQuerySpaceImpl(uid=<gen:0>, entity=com.stackroute.activitystream.model.User)
          - SQL table alias mapping - user0_
          - alias suffix - 0_
          - suffixed key columns - {username1_0_0_}

2018-04-11 12:36:06 [main] DEBUG o.h.loader.entity.plan.EntityLoader - Static select for entity com.stackroute.activitystream.model.User [NONE]: select user0_.username as username1_0_0_, user0_.address as address2_0_0_, user0_.company as company3_0_0_, user0_.dob as dob4_0_0_, user0_.education as educatio5_0_0_, user0_.email as email6_0_0_, user0_.lastname as lastname7_0_0_, user0_.mobile as mobile8_0_0_, user0_.name as name9_0_0_, user0_.password as passwor10_0_0_ from user user0_ where user0_.username=?
2018-04-11 12:36:06 [main] DEBUG o.h.l.p.b.i.spaces.QuerySpacesImpl - Adding QuerySpace : uid = <gen:0> -> org.hibernate.loader.plan.build.internal.spaces.EntityQuerySpaceImpl@147c00aa]
2018-04-11 12:36:06 [main] DEBUG o.h.p.w.spi.MetamodelGraphWalker - Visiting attribute path : address
2018-04-11 12:36:06 [main] DEBUG o.h.p.w.spi.MetamodelGraphWalker - Visiting attribute path : company
2018-04-11 12:36:06 [main] DEBUG o.h.p.w.spi.MetamodelGraphWalker - Visiting attribute path : dob
2018-04-11 12:36:06 [main] DEBUG o.h.p.w.spi.MetamodelGraphWalker - Visiting attribute path : education
2018-04-11 12:36:06 [main] DEBUG o.h.p.w.spi.MetamodelGraphWalker - Visiting attribute path : email
2018-04-11 12:36:06 [main] DEBUG o.h.p.w.spi.MetamodelGraphWalker - Visiting attribute path : lastname
2018-04-11 12:36:06 [main] DEBUG o.h.p.w.spi.MetamodelGraphWalker - Visiting attribute path : mobile
2018-04-11 12:36:06 [main] DEBUG o.h.p.w.spi.MetamodelGraphWalker - Visiting attribute path : name
2018-04-11 12:36:06 [main] DEBUG o.h.p.w.spi.MetamodelGraphWalker - Visiting attribute path : password
2018-04-11 12:36:06 [main] DEBUG o.h.l.p.b.i.FetchStyleLoadPlanBuildingAssociationVisitationStrategy - Building LoadPlan...
2018-04-11 12:36:06 [main] DEBUG o.h.l.p.e.i.LoadQueryJoinAndFetchProcessor - processing queryspace <gen:0>
2018-04-11 12:36:06 [main] DEBUG o.h.l.p.b.spi.LoadPlanTreePrinter - LoadPlan(entity=com.stackroute.activitystream.model.User)
    - Returns
       - EntityReturnImpl(entity=com.stackroute.activitystream.model.User, querySpaceUid=<gen:0>, path=com.stackroute.activitystream.model.User)
    - QuerySpaces
       - EntityQuerySpaceImpl(uid=<gen:0>, entity=com.stackroute.activitystream.model.User)
          - SQL table alias mapping - user0_
          - alias suffix - 0_
          - suffixed key columns - {username1_0_0_}

2018-04-11 12:36:06 [main] DEBUG o.h.loader.entity.plan.EntityLoader - Static select for entity com.stackroute.activitystream.model.User [READ]: select user0_.username as username1_0_0_, user0_.address as address2_0_0_, user0_.company as company3_0_0_, user0_.dob as dob4_0_0_, user0_.education as educatio5_0_0_, user0_.email as email6_0_0_, user0_.lastname as lastname7_0_0_, user0_.mobile as mobile8_0_0_, user0_.name as name9_0_0_, user0_.password as passwor10_0_0_ from user user0_ where user0_.username=?
2018-04-11 12:36:06 [main] DEBUG o.h.l.p.b.i.spaces.QuerySpacesImpl - Adding QuerySpace : uid = <gen:0> -> org.hibernate.loader.plan.build.internal.spaces.EntityQuerySpaceImpl@4db728df]
2018-04-11 12:36:06 [main] DEBUG o.h.p.w.spi.MetamodelGraphWalker - Visiting attribute path : address
2018-04-11 12:36:06 [main] DEBUG o.h.p.w.spi.MetamodelGraphWalker - Visiting attribute path : company
2018-04-11 12:36:06 [main] DEBUG o.h.p.w.spi.MetamodelGraphWalker - Visiting attribute path : dob
2018-04-11 12:36:06 [main] DEBUG o.h.p.w.spi.MetamodelGraphWalker - Visiting attribute path : education
2018-04-11 12:36:06 [main] DEBUG o.h.p.w.spi.MetamodelGraphWalker - Visiting attribute path : email
2018-04-11 12:36:06 [main] DEBUG o.h.p.w.spi.MetamodelGraphWalker - Visiting attribute path : lastname
2018-04-11 12:36:06 [main] DEBUG o.h.p.w.spi.MetamodelGraphWalker - Visiting attribute path : mobile
2018-04-11 12:36:06 [main] DEBUG o.h.p.w.spi.MetamodelGraphWalker - Visiting attribute path : name
2018-04-11 12:36:06 [main] DEBUG o.h.p.w.spi.MetamodelGraphWalker - Visiting attribute path : password
2018-04-11 12:36:06 [main] DEBUG o.h.l.p.b.i.FetchStyleLoadPlanBuildingAssociationVisitationStrategy - Building LoadPlan...
2018-04-11 12:36:06 [main] DEBUG o.h.l.p.e.i.LoadQueryJoinAndFetchProcessor - processing queryspace <gen:0>
2018-04-11 12:36:06 [main] DEBUG o.h.l.p.b.spi.LoadPlanTreePrinter - LoadPlan(entity=com.stackroute.activitystream.model.User)
    - Returns
       - EntityReturnImpl(entity=com.stackroute.activitystream.model.User, querySpaceUid=<gen:0>, path=com.stackroute.activitystream.model.User)
    - QuerySpaces
       - EntityQuerySpaceImpl(uid=<gen:0>, entity=com.stackroute.activitystream.model.User)
          - SQL table alias mapping - user0_
          - alias suffix - 0_
          - suffixed key columns - {username1_0_0_}

2018-04-11 12:36:06 [main] DEBUG o.h.loader.entity.plan.EntityLoader - Static select for entity com.stackroute.activitystream.model.User [UPGRADE]: select user0_.username as username1_0_0_, user0_.address as address2_0_0_, user0_.company as company3_0_0_, user0_.dob as dob4_0_0_, user0_.education as educatio5_0_0_, user0_.email as email6_0_0_, user0_.lastname as lastname7_0_0_, user0_.mobile as mobile8_0_0_, user0_.name as name9_0_0_, user0_.password as passwor10_0_0_ from user user0_ where user0_.username=? for update
2018-04-11 12:36:06 [main] DEBUG o.h.l.p.b.i.spaces.QuerySpacesImpl - Adding QuerySpace : uid = <gen:0> -> org.hibernate.loader.plan.build.internal.spaces.EntityQuerySpaceImpl@74bdfa0b]
2018-04-11 12:36:06 [main] DEBUG o.h.p.w.spi.MetamodelGraphWalker - Visiting attribute path : address
2018-04-11 12:36:06 [main] DEBUG o.h.p.w.spi.MetamodelGraphWalker - Visiting attribute path : company
2018-04-11 12:36:06 [main] DEBUG o.h.p.w.spi.MetamodelGraphWalker - Visiting attribute path : dob
2018-04-11 12:36:06 [main] DEBUG o.h.p.w.spi.MetamodelGraphWalker - Visiting attribute path : education
2018-04-11 12:36:06 [main] DEBUG o.h.p.w.spi.MetamodelGraphWalker - Visiting attribute path : email
2018-04-11 12:36:06 [main] DEBUG o.h.p.w.spi.MetamodelGraphWalker - Visiting attribute path : lastname
2018-04-11 12:36:06 [main] DEBUG o.h.p.w.spi.MetamodelGraphWalker - Visiting attribute path : mobile
2018-04-11 12:36:06 [main] DEBUG o.h.p.w.spi.MetamodelGraphWalker - Visiting attribute path : name
2018-04-11 12:36:06 [main] DEBUG o.h.p.w.spi.MetamodelGraphWalker - Visiting attribute path : password
2018-04-11 12:36:06 [main] DEBUG o.h.l.p.b.i.FetchStyleLoadPlanBuildingAssociationVisitationStrategy - Building LoadPlan...
2018-04-11 12:36:06 [main] DEBUG o.h.l.p.e.i.LoadQueryJoinAndFetchProcessor - processing queryspace <gen:0>
2018-04-11 12:36:06 [main] DEBUG o.h.l.p.b.spi.LoadPlanTreePrinter - LoadPlan(entity=com.stackroute.activitystream.model.User)
    - Returns
       - EntityReturnImpl(entity=com.stackroute.activitystream.model.User, querySpaceUid=<gen:0>, path=com.stackroute.activitystream.model.User)
    - QuerySpaces
       - EntityQuerySpaceImpl(uid=<gen:0>, entity=com.stackroute.activitystream.model.User)
          - SQL table alias mapping - user0_
          - alias suffix - 0_
          - suffixed key columns - {username1_0_0_}

2018-04-11 12:36:06 [main] DEBUG o.h.loader.entity.plan.EntityLoader - Static select for entity com.stackroute.activitystream.model.User [UPGRADE_NOWAIT]: select user0_.username as username1_0_0_, user0_.address as address2_0_0_, user0_.company as company3_0_0_, user0_.dob as dob4_0_0_, user0_.education as educatio5_0_0_, user0_.email as email6_0_0_, user0_.lastname as lastname7_0_0_, user0_.mobile as mobile8_0_0_, user0_.name as name9_0_0_, user0_.password as passwor10_0_0_ from user user0_ where user0_.username=? for update
2018-04-11 12:36:06 [main] DEBUG o.h.l.p.b.i.spaces.QuerySpacesImpl - Adding QuerySpace : uid = <gen:0> -> org.hibernate.loader.plan.build.internal.spaces.EntityQuerySpaceImpl@1c2096c6]
2018-04-11 12:36:06 [main] DEBUG o.h.p.w.spi.MetamodelGraphWalker - Visiting attribute path : address
2018-04-11 12:36:06 [main] DEBUG o.h.p.w.spi.MetamodelGraphWalker - Visiting attribute path : company
2018-04-11 12:36:06 [main] DEBUG o.h.p.w.spi.MetamodelGraphWalker - Visiting attribute path : dob
2018-04-11 12:36:06 [main] DEBUG o.h.p.w.spi.MetamodelGraphWalker - Visiting attribute path : education
