2018-04-08 09:41:53 [main] DEBUG org.hibernate.cfg.Settings - Connection release mode: ON_CLOSE
2018-04-08 09:41:53 [main] DEBUG org.hibernate.cfg.Settings - Generate SQL with comments: disabled
2018-04-08 09:41:53 [main] DEBUG o.h.internal.SessionFactoryImpl - Returning a Reference to the SessionFactory
2018-04-08 09:41:53 [main] DEBUG o.h.internal.SessionFactoryImpl - Session factory constructed with filter configurations : {}
2018-04-08 09:41:53 [main] DEBUG o.h.internal.SessionFactoryImpl - Instantiating session factory with properties: {awt.toolkit=sun.awt.windows.WToolkit, hibernate.id.new_generator_mappings=false, java.specification.version=9, sun.cpu.isalist=amd64, sun.jnu.encoding=Cp1252, hibernate.implicit_naming_strategy=org.springframework.boot.orm.jpa.hibernate.SpringImplicitNamingStrategy, sun.arch.data.model=64, java.vendor.url=http://java.oracle.com/, catalina.useNaming=false, javax.persistence.validation.mode=AUTO, sun.boot.library.path=C:\Program Files\Java\jre-9.0.1\bin, com.sun.management.jmxremote.ssl=false, sun.java.command=com.stackroute.activitystream.AuthenticationServiceBoot, jdk.debug=release, spring.liveBeansView.mbeanDomain=, java.specification.vendor=Oracle Corporation, java.home=C:\Program Files\Java\jre-9.0.1, file.separator=\, java.vm.compressedOopsMode=32-bit, line.separator=
, java.specification.name=Java Platform API Specification, java.vm.specification.vendor=Oracle Corporation, hibernate.transaction.coordinator_class=class org.hibernate.resource.transaction.backend.jdbc.internal.JdbcResourceLocalTransactionCoordinatorBuilderImpl, hibernate.hbm2ddl.auto=update, user.script=, sun.management.compiler=HotSpot 64-Bit Tiered Compilers, java.runtime.version=9.0.1+11, user.name=SKalai, file.encoding=UTF-8, java.io.tmpdir=C:\Users\SKalai\AppData\Local\Temp\, java.version=9.0.1, com.sun.management.jmxremote.port=61582, java.vm.specification.name=Java Virtual Machine Specification, PID=10092, java.awt.printerjob=sun.awt.windows.WPrinterJob, sun.os.patch.level=, java.library.path=C:\Program Files\Java\jre-9.0.1\bin;C:\Windows\Sun\Java\bin;C:\Windows\system32;C:\Windows;C:\ProgramData\Oracle\Java\javapath;C:\Windows\system32;C:\Windows;C:\Windows\System32\Wbem;C:\Windows\System32\WindowsPowerShell\v1.0\;C:\Program Files\nodejs\;C:\Program Files\Git\cmd;C:\Users\SKalai\AppData\Local\Microsoft\WindowsApps;C:\Users\SKalai\AppData\Roaming\npm;C:\Program Files\Microsoft VS Code\bin;., java.vendor=Oracle Corporation, java.rmi.server.randomIDs=true, sun.io.unicode.encoding=UnicodeLittle, sun.desktop=windows, file.encoding.pkg=sun.io, hibernate.dialect=org.hibernate.dialect.MySQL5Dialect, java.class.path=K:\Git_Projects\Spring_Assignments\assignment-solution-step7\step7-authenticationservice-solution\target\classes;C:\Users\SKalai\.m2\repository\org\springframework\boot\spring-boot-starter-data-jpa\1.5.9.RELEASE\spring-boot-starter-data-jpa-1.5.9.RELEASE.jar;C:\Users\SKalai\.m2\repository\org\springframework\boot\spring-boot-starter\1.5.9.RELEASE\spring-boot-starter-1.5.9.RELEASE.jar;C:\Users\SKalai\.m2\repository\org\springframework\boot\spring-boot\1.5.9.RELEASE\spring-boot-1.5.9.RELEASE.jar;C:\Users\SKalai\.m2\repository\org\springframework\boot\spring-boot-autoconfigure\1.5.9.RELEASE\spring-boot-autoconfigure-1.5.9.RELEASE.jar;C:\Users\SKalai\.m2\repository\org\springframework\boot\spring-boot-starter-logging\1.5.9.RELEASE\spring-boot-starter-logging-1.5.9.RELEASE.jar;C:\Users\SKalai\.m2\repository\ch\qos\logback\logback-classic\1.1.11\logback-classic-1.1.11.jar;C:\Users\SKalai\.m2\repository\ch\qos\logback\logback-core\1.1.11\logback-core-1.1.11.jar;C:\Users\SKalai\.m2\repository\org\slf4j\jul-to-slf4j\1.7.25\jul-to-slf4j-1.7.25.jar;C:\Users\SKalai\.m2\repository\org\slf4j\log4j-over-slf4j\1.7.25\log4j-over-slf4j-1.7.25.jar;C:\Users\SKalai\.m2\repository\org\yaml\snakeyaml\1.17\snakeyaml-1.17.jar;C:\Users\SKalai\.m2\repository\org\springframework\boot\spring-boot-starter-aop\1.5.9.RELEASE\spring-boot-starter-aop-1.5.9.RELEASE.jar;C:\Users\SKalai\.m2\repository\org\springframework\spring-aop\4.3.13.RELEASE\spring-aop-4.3.13.RELEASE.jar;C:\Users\SKalai\.m2\repository\org\aspectj\aspectjweaver\1.8.13\aspectjweaver-1.8.13.jar;C:\Users\SKalai\.m2\repository\org\springframework\boot\spring-boot-starter-jdbc\1.5.9.RELEASE\spring-boot-starter-jdbc-1.5.9.RELEASE.jar;C:\Users\SKalai\.m2\repository\org\apache\tomcat\tomcat-jdbc\8.5.23\tomcat-jdbc-8.5.23.jar;C:\Users\SKalai\.m2\repository\org\apache\tomcat\tomcat-juli\8.5.23\tomcat-juli-8.5.23.jar;C:\Users\SKalai\.m2\repository\org\springframework\spring-jdbc\4.3.13.RELEASE\spring-jdbc-4.3.13.RELEASE.jar;C:\Users\SKalai\.m2\repository\org\hibernate\hibernate-core\5.0.12.Final\hibernate-core-5.0.12.Final.jar;C:\Users\SKalai\.m2\repository\org\jboss\logging\jboss-logging\3.3.1.Final\jboss-logging-3.3.1.Final.jar;C:\Users\SKalai\.m2\repository\org\hibernate\javax\persistence\hibernate-jpa-2.1-api\1.0.0.Final\hibernate-jpa-2.1-api-1.0.0.Final.jar;C:\Users\SKalai\.m2\repository\org\javassist\javassist\3.21.0-GA\javassist-3.21.0-GA.jar;C:\Users\SKalai\.m2\repository\antlr\antlr\2.7.7\antlr-2.7.7.jar;C:\Users\SKalai\.m2\repository\org\jboss\jandex\2.0.0.Final\jandex-2.0.0.Final.jar;C:\Users\SKalai\.m2\repository\dom4j\dom4j\1.6.1\dom4j-1.6.1.jar;C:\Users\SKalai\.m2\repository\org\hibernate\common\hibernate-commons-annotations\5.0.1.Final\hibernate-commons-annotations-5.0.1.Final.jar;C:\Users\SKalai\.m2\repository\org\hibernate\hibernate-entitymanager\5.0.12.Final\hibernate-entitymanager-5.0.12.Final.jar;C:\Users\SKalai\.m2\repository\javax\transaction\javax.transaction-api\1.2\javax.transaction-api-1.2.jar;C:\Users\SKalai\.m2\repository\org\springframework\data\spring-data-jpa\1.11.9.RELEASE\spring-data-jpa-1.11.9.RELEASE.jar;C:\Users\SKalai\.m2\repository\org\springframework\data\spring-data-commons\1.13.9.RELEASE\spring-data-commons-1.13.9.RELEASE.jar;C:\Users\SKalai\.m2\repository\org\springframework\spring-orm\4.3.13.RELEASE\spring-orm-4.3.13.RELEASE.jar;C:\Users\SKalai\.m2\repository\org\springframework\spring-context\4.3.13.RELEASE\spring-context-4.3.13.RELEASE.jar;C:\Users\SKalai\.m2\repository\org\springframework\spring-tx\4.3.13.RELEASE\spring-tx-4.3.13.RELEASE.jar;C:\Users\SKalai\.m2\repository\org\springframework\spring-beans\4.3.13.RELEASE\spring-beans-4.3.13.RELEASE.jar;C:\Users\SKalai\.m2\repository\org\slf4j\slf4j-api\1.7.25\slf4j-api-1.7.25.jar;C:\Users\SKalai\.m2\repository\org\slf4j\jcl-over-slf4j\1.7.25\jcl-over-slf4j-1.7.25.jar;C:\Users\SKalai\.m2\repository\org\springframework\spring-aspects\4.3.13.RELEASE\spring-aspects-4.3.13.RELEASE.jar;C:\Users\SKalai\.m2\repository\org\springframework\boot\spring-boot-starter-web\1.5.9.RELEASE\spring-boot-starter-web-1.5.9.RELEASE.jar;C:\Users\SKalai\.m2\repository\org\springframework\boot\spring-boot-starter-tomcat\1.5.9.RELEASE\spring-boot-starter-tomcat-1.5.9.RELEASE.jar;C:\Users\SKalai\.m2\repository\org\apache\tomcat\embed\tomcat-embed-core\8.5.23\tomcat-embed-core-8.5.23.jar;C:\Users\SKalai\.m2\repository\org\apache\tomcat\tomcat-annotations-api\8.5.23\tomcat-annotations-api-8.5.23.jar;C:\Users\SKalai\.m2\repository\org\apache\tomcat\embed\tomcat-embed-el\8.5.23\tomcat-embed-el-8.5.23.jar;C:\Users\SKalai\.m2\repository\org\apache\tomcat\embed\tomcat-embed-websocket\8.5.23\tomcat-embed-websocket-8.5.23.jar;C:\Users\SKalai\.m2\repository\org\hibernate\hibernate-validator\5.3.6.Final\hibernate-validator-5.3.6.Final.jar;C:\Users\SKalai\.m2\repository\javax\validation\validation-api\1.1.0.Final\validation-api-1.1.0.Final.jar;C:\Users\SKalai\.m2\repository\com\fasterxml\classmate\1.3.4\classmate-1.3.4.jar;C:\Users\SKalai\.m2\repository\com\fasterxml\jackson\core\jackson-databind\2.8.10\jackson-databind-2.8.10.jar;C:\Users\SKalai\.m2\repository\com\fasterxml\jackson\core\jackson-annotations\2.8.0\jackson-annotations-2.8.0.jar;C:\Users\SKalai\.m2\repository\com\fasterxml\jackson\core\jackson-core\2.8.10\jackson-core-2.8.10.jar;C:\Users\SKalai\.m2\repository\org\springframework\spring-web\4.3.13.RELEASE\spring-web-4.3.13.RELEASE.jar;C:\Users\SKalai\.m2\repository\org\springframework\spring-webmvc\4.3.13.RELEASE\spring-webmvc-4.3.13.RELEASE.jar;C:\Users\SKalai\.m2\repository\org\springframework\spring-expression\4.3.13.RELEASE\spring-expression-4.3.13.RELEASE.jar;C:\Users\SKalai\.m2\repository\mysql\mysql-connector-java\5.1.44\mysql-connector-java-5.1.44.jar;C:\Users\SKalai\.m2\repository\org\springframework\boot\spring-boot-starter-test\1.5.9.RELEASE\spring-boot-starter-test-1.5.9.RELEASE.jar;C:\Users\SKalai\.m2\repository\org\springframework\boot\spring-boot-test\1.5.9.RELEASE\spring-boot-test-1.5.9.RELEASE.jar;C:\Users\SKalai\.m2\repository\org\springframework\boot\spring-boot-test-autoconfigure\1.5.9.RELEASE\spring-boot-test-autoconfigure-1.5.9.RELEASE.jar;C:\Users\SKalai\.m2\repository\com\jayway\jsonpath\json-path\2.2.0\json-path-2.2.0.jar;C:\Users\SKalai\.m2\repository\net\minidev\json-smart\2.2.1\json-smart-2.2.1.jar;C:\Users\SKalai\.m2\repository\net\minidev\accessors-smart\1.1\accessors-smart-1.1.jar;C:\Users\SKalai\.m2\repository\org\ow2\asm\asm\5.0.3\asm-5.0.3.jar;C:\Users\SKalai\.m2\repository\junit\junit\4.12\junit-4.12.jar;C:\Users\SKalai\.m2\repository\org\assertj\assertj-core\2.6.0\assertj-core-2.6.0.jar;C:\Users\SKalai\.m2\repository\org\mockito\mockito-core\1.10.19\mockito-core-1.10.19.jar;C:\Users\SKalai\.m2\repository\org\objenesis\objenesis\2.1\objenesis-2.1.jar;C:\Users\SKalai\.m2\repository\org\hamcrest\hamcrest-core\1.3\hamcrest-core-1.3.jar;C:\Users\SKalai\.m2\repository\org\hamcrest\hamcrest-library\1.3\hamcrest-library-1.3.jar;C:\Users\SKalai\.m2\repository\org\skyscreamer\jsonassert\1.4.0\jsonassert-1.4.0.jar;C:\Users\SKalai\.m2\repository\com\vaadin\external\google\android-json\0.0.20131108.vaadin1\android-json-0.0.20131108.vaadin1.jar;C:\Users\SKalai\.m2\repository\org\springframework\spring-core\4.3.13.RELEASE\spring-core-4.3.13.RELEASE.jar;C:\Users\SKalai\.m2\repository\org\springframework\spring-test\4.3.13.RELEASE\spring-test-4.3.13.RELEASE.jar;C:\Users\SKalai\.m2\repository\io\jsonwebtoken\jjwt\0.9.0\jjwt-0.9.0.jar;C:\Users\SKalai\.m2\repository\javax\xml\bind\jaxb-api\2.1\jaxb-api-2.1.jar;C:\Users\SKalai\.m2\repository\javax\xml\stream\stax-api\1.0-2\stax-api-1.0-2.jar;C:\Users\SKalai\.m2\repository\javax\activation\activation\1.1\activation-1.1.jar;C:\Users\SKalai\.m2\repository\com\sun\xml\bind\jaxb-impl\2.1.3\jaxb-impl-2.1.3.jar, com.sun.management.jmxremote.authenticate=false, java.vm.vendor=Oracle Corporation, user.variant=, user.timezone=Asia/Calcutta, org.jboss.logging.provider=slf4j, os.name=Windows 10, java.vm.specification.version=9, sun.java.launcher=SUN_STANDARD, user.country=IN, spring.application.admin.enabled=true, hibernate.transaction.jta.platform=org.hibernate.engine.transaction.jta.platform.internal.NoJtaPlatform@1669931a, com.sun.management.jmxremote=, javax.persistence.sharedCache.mode=UNSPECIFIED, sun.cpu.endian=little, user.home=C:\Users\SKalai, user.language=en, java.awt.graphicsenv=sun.awt.Win32GraphicsEnvironment, java.awt.headless=true, path.separator=;, os.version=10.0, java.runtime.name=Java(TM) SE Runtime Environment, hibernate.ejb.persistenceUnitName=default, spring.beaninfo.ignore=true, java.vm.name=Java HotSpot(TM) 64-Bit Server VM, java.vendor.url.bug=http://bugreport.java.com/bugreport/, catalina.home=C:\Users\SKalai\AppData\Local\Temp\tomcat.11804377652027347536.8082, hibernate.physical_naming_strategy=org.springframework.boot.orm.jpa.hibernate.SpringPhysicalNamingStrategy, user.dir=K:\Git_Projects\Spring_Assignments\assignment-solution-step7\step7-authenticationservice-solution, os.arch=amd64, catalina.base=C:\Users\SKalai\AppData\Local\Temp\tomcat.11804377652027347536.8082, hibernate.boot.CfgXmlAccessService.key=org.hibernate.boot.cfgxml.spi.LoadedConfig@6b24ddd7, java.vm.info=mixed mode, java.vm.version=9.0.1+11, hibernate.bytecode.use_reflection_optimizer=false, java.rmi.server.hostname=localhost, hibernate.connection.datasource=org.apache.tomcat.jdbc.pool.DataSource@6f31df32{ConnectionPool[defaultAutoCommit=null; defaultReadOnly=null; defaultTransactionIsolation=-1; defaultCatalog=null; driverClassName=com.mysql.jdbc.Driver; maxActive=100; maxIdle=100; minIdle=10; initialSize=10; maxWait=30000; testOnBorrow=true; testOnReturn=false; timeBetweenEvictionRunsMillis=5000; numTestsPerEvictionRun=0; minEvictableIdleTimeMillis=60000; testWhileIdle=false; testOnConnect=false; password=********; url=jdbc:mysql://localhost:3306/authenticationservicedb; username=root; validationQuery=SELECT 1; validationQueryTimeout=-1; validatorClassName=null; validationInterval=3000; accessToUnderlyingConnectionAllowed=true; removeAbandoned=false; removeAbandonedTimeout=60; logAbandoned=false; connectionProperties=null; initSQL=null; jdbcInterceptors=null; jmxEnabled=true; fairQueue=true; useEquals=true; abandonWhenPercentageFull=0; maxAge=0; useLock=false; dataSource=null; dataSourceJNDI=null; suspectTimeout=0; alternateUsernameAllowed=false; commitOnReturn=false; rollbackOnReturn=false; useDisposableConnectionFacade=true; logValidationErrors=false; propagateInterruptState=false; ignoreExceptionOnPreLoad=false; useStatementFacade=true; }, java.class.version=53.0}
2018-04-08 09:41:53 [main] DEBUG o.h.v.i.e.r.DefaultTraversableResolver - Found javax.persistence.Persistence on classpath containing 'getPersistenceUtil'. Assuming JPA 2 environment. Trying to instantiate JPA aware TraversableResolver
2018-04-08 09:41:53 [main] DEBUG o.h.v.i.e.r.DefaultTraversableResolver - Instantiated JPA aware TraversableResolver of type org.hibernate.validator.internal.engine.resolver.JPATraversableResolver.
2018-04-08 09:41:53 [main] DEBUG o.h.v.i.xml.ValidationXmlParser - Trying to load META-INF/validation.xml for XML based Validator configuration.
2018-04-08 09:41:53 [main] DEBUG o.h.v.i.xml.ResourceLoaderHelper - Trying to load META-INF/validation.xml via TCCL
2018-04-08 09:41:53 [main] DEBUG o.h.v.i.xml.ResourceLoaderHelper - Trying to load META-INF/validation.xml via Hibernate Validator's class loader
2018-04-08 09:41:53 [main] DEBUG o.h.v.i.xml.ValidationXmlParser - No META-INF/validation.xml found. Using annotation based configuration only.
2018-04-08 09:41:53 [main] DEBUG o.h.b.internal.ClassLoaderAccessImpl - Not known whether passed class name [com.stackroute.activitystream.model.User] is safe
2018-04-08 09:41:53 [main] DEBUG o.h.b.internal.ClassLoaderAccessImpl - No temp ClassLoader provided; using live ClassLoader for loading potentially unsafe class : com.stackroute.activitystream.model.User
2018-04-08 09:41:53 [main] DEBUG o.h.secure.spi.JaccIntegrator - Skipping JACC integration as it was not enabled
2018-04-08 09:41:53 [main] DEBUG o.hibernate.engine.spi.CascadeStyles - External cascade style regsitration [persist : STYLE_PERSIST_SKIPLAZY] overrode base registration [STYLE_PERSIST]
2018-04-08 09:41:53 [main] DEBUG o.h.b.internal.ClassLoaderAccessImpl - Not known whether passed class name [com.stackroute.activitystream.model.User] is safe
2018-04-08 09:41:53 [main] DEBUG o.h.b.internal.ClassLoaderAccessImpl - No temp ClassLoader provided; using live ClassLoader for loading potentially unsafe class : com.stackroute.activitystream.model.User
2018-04-08 09:41:53 [main] DEBUG o.h.b.internal.ClassLoaderAccessImpl - Not known whether passed class name [com.stackroute.activitystream.model.User] is safe
2018-04-08 09:41:53 [main] DEBUG o.h.b.internal.ClassLoaderAccessImpl - No temp ClassLoader provided; using live ClassLoader for loading potentially unsafe class : com.stackroute.activitystream.model.User
2018-04-08 09:41:53 [main] DEBUG o.h.p.entity.AbstractEntityPersister - Static SQL for entity: com.stackroute.activitystream.model.User
2018-04-08 09:41:53 [main] DEBUG o.h.p.entity.AbstractEntityPersister -  Version select: select username from user where username =?
2018-04-08 09:41:53 [main] DEBUG o.h.p.entity.AbstractEntityPersister -  Snapshot select: select user_.username, user_.name as name2_0_, user_.password as password3_0_ from user user_ where user_.username=?
2018-04-08 09:41:53 [main] DEBUG o.h.p.entity.AbstractEntityPersister -  Insert 0: insert into user (name, password, username) values (?, ?, ?)
2018-04-08 09:41:53 [main] DEBUG o.h.p.entity.AbstractEntityPersister -  Update 0: update user set name=?, password=? where username=?
2018-04-08 09:41:53 [main] DEBUG o.h.p.entity.AbstractEntityPersister -  Delete 0: delete from user where username=?
2018-04-08 09:41:53 [main] DEBUG o.h.l.p.b.i.spaces.QuerySpacesImpl - Adding QuerySpace : uid = <gen:0> -> org.hibernate.loader.plan.build.internal.spaces.EntityQuerySpaceImpl@6463da36]
2018-04-08 09:41:53 [main] DEBUG o.h.p.w.spi.MetamodelGraphWalker - Visiting attribute path : name
2018-04-08 09:41:53 [main] DEBUG o.h.p.w.spi.MetamodelGraphWalker - Visiting attribute path : password
2018-04-08 09:41:53 [main] DEBUG o.h.l.p.b.i.FetchStyleLoadPlanBuildingAssociationVisitationStrategy - Building LoadPlan...
2018-04-08 09:41:53 [main] DEBUG o.h.l.p.e.i.LoadQueryJoinAndFetchProcessor - processing queryspace <gen:0>
2018-04-08 09:41:53 [main] DEBUG o.h.l.p.b.spi.LoadPlanTreePrinter - LoadPlan(entity=com.stackroute.activitystream.model.User)
    - Returns
       - EntityReturnImpl(entity=com.stackroute.activitystream.model.User, querySpaceUid=<gen:0>, path=com.stackroute.activitystream.model.User)
    - QuerySpaces
       - EntityQuerySpaceImpl(uid=<gen:0>, entity=com.stackroute.activitystream.model.User)
          - SQL table alias mapping - user0_
          - alias suffix - 0_
          - suffixed key columns - {username1_0_0_}

2018-04-08 09:41:53 [main] DEBUG o.h.loader.entity.plan.EntityLoader - Static select for entity com.stackroute.activitystream.model.User [NONE]: select user0_.username as username1_0_0_, user0_.name as name2_0_0_, user0_.password as password3_0_0_ from user user0_ where user0_.username=?
2018-04-08 09:41:53 [main] DEBUG o.h.l.p.b.i.spaces.QuerySpacesImpl - Adding QuerySpace : uid = <gen:0> -> org.hibernate.loader.plan.build.internal.spaces.EntityQuerySpaceImpl@57f0bfc3]
2018-04-08 09:41:53 [main] DEBUG o.h.p.w.spi.MetamodelGraphWalker - Visiting attribute path : name
2018-04-08 09:41:53 [main] DEBUG o.h.p.w.spi.MetamodelGraphWalker - Visiting attribute path : password
2018-04-08 09:41:53 [main] DEBUG o.h.l.p.b.i.FetchStyleLoadPlanBuildingAssociationVisitationStrategy - Building LoadPlan...
2018-04-08 09:41:53 [main] DEBUG o.h.l.p.e.i.LoadQueryJoinAndFetchProcessor - processing queryspace <gen:0>
2018-04-08 09:41:53 [main] DEBUG o.h.l.p.b.spi.LoadPlanTreePrinter - LoadPlan(entity=com.stackroute.activitystream.model.User)
    - Returns
       - EntityReturnImpl(entity=com.stackroute.activitystream.model.User, querySpaceUid=<gen:0>, path=com.stackroute.activitystream.model.User)
    - QuerySpaces
       - EntityQuerySpaceImpl(uid=<gen:0>, entity=com.stackroute.activitystream.model.User)
          - SQL table alias mapping - user0_
          - alias suffix - 0_
          - suffixed key columns - {username1_0_0_}

2018-04-08 09:41:53 [main] DEBUG o.h.loader.entity.plan.EntityLoader - Static select for entity com.stackroute.activitystream.model.User [READ]: select user0_.username as username1_0_0_, user0_.name as name2_0_0_, user0_.password as password3_0_0_ from user user0_ where user0_.username=?
2018-04-08 09:41:53 [main] DEBUG o.h.l.p.b.i.spaces.QuerySpacesImpl - Adding QuerySpace : uid = <gen:0> -> org.hibernate.loader.plan.build.internal.spaces.EntityQuerySpaceImpl@5922cff3]
2018-04-08 09:41:53 [main] DEBUG o.h.p.w.spi.MetamodelGraphWalker - Visiting attribute path : name
2018-04-08 09:41:53 [main] DEBUG o.h.p.w.spi.MetamodelGraphWalker - Visiting attribute path : password
2018-04-08 09:41:53 [main] DEBUG o.h.l.p.b.i.FetchStyleLoadPlanBuildingAssociationVisitationStrategy - Building LoadPlan...
2018-04-08 09:41:53 [main] DEBUG o.h.l.p.e.i.LoadQueryJoinAndFetchProcessor - processing queryspace <gen:0>
2018-04-08 09:41:53 [main] DEBUG o.h.l.p.b.spi.LoadPlanTreePrinter - LoadPlan(entity=com.stackroute.activitystream.model.User)
    - Returns
       - EntityReturnImpl(entity=com.stackroute.activitystream.model.User, querySpaceUid=<gen:0>, path=com.stackroute.activitystream.model.User)
    - QuerySpaces
       - EntityQuerySpaceImpl(uid=<gen:0>, entity=com.stackroute.activitystream.model.User)
          - SQL table alias mapping - user0_
          - alias suffix - 0_
          - suffixed key columns - {username1_0_0_}

2018-04-08 09:41:53 [main] DEBUG o.h.loader.entity.plan.EntityLoader - Static select for entity com.stackroute.activitystream.model.User [UPGRADE]: select user0_.username as username1_0_0_, user0_.name as name2_0_0_, user0_.password as password3_0_0_ from user user0_ where user0_.username=? for update
2018-04-08 09:41:53 [main] DEBUG o.h.l.p.b.i.spaces.QuerySpacesImpl - Adding QuerySpace : uid = <gen:0> -> org.hibernate.loader.plan.build.internal.spaces.EntityQuerySpaceImpl@70c56434]
2018-04-08 09:41:53 [main] DEBUG o.h.p.w.spi.MetamodelGraphWalker - Visiting attribute path : name
2018-04-08 09:41:53 [main] DEBUG o.h.p.w.spi.MetamodelGraphWalker - Visiting attribute path : password
2018-04-08 09:41:53 [main] DEBUG o.h.l.p.b.i.FetchStyleLoadPlanBuildingAssociationVisitationStrategy - Building LoadPlan...
2018-04-08 09:41:53 [main] DEBUG o.h.l.p.e.i.LoadQueryJoinAndFetchProcessor - processing queryspace <gen:0>
2018-04-08 09:41:53 [main] DEBUG o.h.l.p.b.spi.LoadPlanTreePrinter - LoadPlan(entity=com.stackroute.activitystream.model.User)
    - Returns
       - EntityReturnImpl(entity=com.stackroute.activitystream.model.User, querySpaceUid=<gen:0>, path=com.stackroute.activitystream.model.User)
    - QuerySpaces
       - EntityQuerySpaceImpl(uid=<gen:0>, entity=com.stackroute.activitystream.model.User)
          - SQL table alias mapping - user0_
          - alias suffix - 0_
          - suffixed key columns - {username1_0_0_}

2018-04-08 09:41:53 [main] DEBUG o.h.loader.entity.plan.EntityLoader - Static select for entity com.stackroute.activitystream.model.User [UPGRADE_NOWAIT]: select user0_.username as username1_0_0_, user0_.name as name2_0_0_, user0_.password as password3_0_0_ from user user0_ where user0_.username=? for update
2018-04-08 09:41:53 [main] DEBUG o.h.l.p.b.i.spaces.QuerySpacesImpl - Adding QuerySpace : uid = <gen:0> -> org.hibernate.loader.plan.build.internal.spaces.EntityQuerySpaceImpl@632d4cf2]
2018-04-08 09:41:53 [main] DEBUG o.h.p.w.spi.MetamodelGraphWalker - Visiting attribute path : name
2018-04-08 09:41:53 [main] DEBUG o.h.p.w.spi.MetamodelGraphWalker - Visiting attribute path : password
2018-04-08 09:41:53 [main] DEBUG o.h.l.p.b.i.FetchStyleLoadPlanBuildingAssociationVisitationStrategy - Building LoadPlan...
2018-04-08 09:41:53 [main] DEBUG o.h.l.p.e.i.LoadQueryJoinAndFetchProcessor - processing queryspace <gen:0>
2018-04-08 09:41:53 [main] DEBUG o.h.l.p.b.spi.LoadPlanTreePrinter - LoadPlan(entity=com.stackroute.activitystream.model.User)
    - Returns
       - EntityReturnImpl(entity=com.stackroute.activitystream.model.User, querySpaceUid=<gen:0>, path=com.stackroute.activitystream.model.User)
    - QuerySpaces
       - EntityQuerySpaceImpl(uid=<gen:0>, entity=com.stackroute.activitystream.model.User)
          - SQL table alias mapping - user0_
          - alias suffix - 0_
          - suffixed key columns - {username1_0_0_}

2018-04-08 09:41:53 [main] DEBUG o.h.loader.entity.plan.EntityLoader - Static select for entity com.stackroute.activitystream.model.User [UPGRADE_SKIPLOCKED]: select user0_.username as username1_0_0_, user0_.name as name2_0_0_, user0_.password as password3_0_0_ from user user0_ where user0_.username=? for update
2018-04-08 09:41:53 [main] DEBUG o.h.l.p.b.i.spaces.QuerySpacesImpl - Adding QuerySpace : uid = <gen:0> -> org.hibernate.loader.plan.build.internal.spaces.EntityQuerySpaceImpl@542ff147]
2018-04-08 09:41:53 [main] DEBUG o.h.p.w.spi.MetamodelGraphWalker - Visiting attribute path : name
2018-04-08 09:41:53 [main] DEBUG o.h.p.w.spi.MetamodelGraphWalker - Visiting attribute path : password
2018-04-08 09:41:53 [main] DEBUG o.h.l.p.b.i.FetchStyleLoadPlanBuildingAssociationVisitationStrategy - Building LoadPlan...
2018-04-08 09:41:53 [main] DEBUG o.h.l.p.e.i.LoadQueryJoinAndFetchProcessor - processing queryspace <gen:0>
2018-04-08 09:41:53 [main] DEBUG o.h.l.p.b.spi.LoadPlanTreePrinter - LoadPlan(entity=com.stackroute.activitystream.model.User)
    - Returns
       - EntityReturnImpl(entity=com.stackroute.activitystream.model.User, querySpaceUid=<gen:0>, path=com.stackroute.activitystream.model.User)
    - QuerySpaces
       - EntityQuerySpaceImpl(uid=<gen:0>, entity=com.stackroute.activitystream.model.User)
          - SQL table alias mapping - user0_
          - alias suffix - 0_
          - suffixed key columns - {username1_0_0_}

2018-04-08 09:41:53 [main] DEBUG o.h.loader.entity.plan.EntityLoader - Static select for entity com.stackroute.activitystream.model.User [FORCE]: select user0_.username as username1_0_0_, user0_.name as name2_0_0_, user0_.password as password3_0_0_ from user user0_ where user0_.username=? for update
2018-04-08 09:41:53 [main] DEBUG o.h.l.p.b.i.spaces.QuerySpacesImpl - Adding QuerySpace : uid = <gen:0> -> org.hibernate.loader.plan.build.internal.spaces.EntityQuerySpaceImpl@b9b97ad]
2018-04-08 09:41:53 [main] DEBUG o.h.p.w.spi.MetamodelGraphWalker - Visiting attribute path : name
2018-04-08 09:41:53 [main] DEBUG o.h.p.w.spi.MetamodelGraphWalker - Visiting attribute path : password
2018-04-08 09:41:53 [main] DEBUG o.h.l.p.b.i.FetchStyleLoadPlanBuildingAssociationVisitationStrategy - Building LoadPlan...
2018-04-08 09:41:53 [main] DEBUG o.h.l.p.e.i.LoadQueryJoinAndFetchProcessor - processing queryspace <gen:0>
2018-04-08 09:41:53 [main] DEBUG o.h.l.p.b.spi.LoadPlanTreePrinter - LoadPlan(entity=com.stackroute.activitystream.model.User)
    - Returns
       - EntityReturnImpl(entity=com.stackroute.activitystream.model.User, querySpaceUid=<gen:0>, path=com.stackroute.activitystream.model.User)
    - QuerySpaces
       - EntityQuerySpaceImpl(uid=<gen:0>, entity=com.stackroute.activitystream.model.User)
          - SQL table alias mapping - user0_
          - alias suffix - 0_
          - suffixed key columns - {username1_0_0_}

2018-04-08 09:41:53 [main] DEBUG o.h.loader.entity.plan.EntityLoader - Static select for entity com.stackroute.activitystream.model.User [PESSIMISTIC_READ]: select user0_.username as username1_0_0_, user0_.name as name2_0_0_, user0_.password as password3_0_0_ from user user0_ where user0_.username=? lock in share mode
2018-04-08 09:41:53 [main] DEBUG o.h.l.p.b.i.spaces.QuerySpacesImpl - Adding QuerySpace : uid = <gen:0> -> org.hibernate.loader.plan.build.internal.spaces.EntityQuerySpaceImpl@298e002d]
2018-04-08 09:41:53 [main] DEBUG o.h.p.w.spi.MetamodelGraphWalker - Visiting attribute path : name
2018-04-08 09:41:53 [main] DEBUG o.h.p.w.spi.MetamodelGraphWalker - Visiting attribute path : password
2018-04-08 09:41:53 [main] DEBUG o.h.l.p.b.i.FetchStyleLoadPlanBuildingAssociationVisitationStrategy - Building LoadPlan...
2018-04-08 09:41:53 [main] DEBUG o.h.l.p.e.i.LoadQueryJoinAndFetchProcessor - processing queryspace <gen:0>
2018-04-08 09:41:53 [main] DEBUG o.h.l.p.b.spi.LoadPlanTreePrinter - LoadPlan(entity=com.stackroute.activitystream.model.User)
    - Returns
       - EntityReturnImpl(entity=com.stackroute.activitystream.model.User, querySpaceUid=<gen:0>, path=com.stackroute.activitystream.model.User)
    - QuerySpaces
       - EntityQuerySpaceImpl(uid=<gen:0>, entity=com.stackroute.activitystream.model.User)
          - SQL table alias mapping - user0_
          - alias suffix - 0_
          - suffixed key columns - {username1_0_0_}

2018-04-08 09:41:53 [main] DEBUG o.h.loader.entity.plan.EntityLoader - Static select for entity com.stackroute.activitystream.model.User [PESSIMISTIC_WRITE]: select user0_.username as username1_0_0_, user0_.name as name2_0_0_, user0_.password as password3_0_0_ from user user0_ where user0_.username=? for update
2018-04-08 09:41:53 [main] DEBUG o.h.l.p.b.i.spaces.QuerySpacesImpl - Adding QuerySpace : uid = <gen:0> -> org.hibernate.loader.plan.build.internal.spaces.EntityQuerySpaceImpl@3c6bd624]
2018-04-08 09:41:53 [main] DEBUG o.h.p.w.spi.MetamodelGraphWalker - Visiting attribute path : name
2018-04-08 09:41:53 [main] DEBUG o.h.p.w.spi.MetamodelGraphWalker - Visiting attribute path : password
2018-04-08 09:41:53 [main] DEBUG o.h.l.p.b.i.FetchStyleLoadPlanBuildingAssociationVisitationStrategy - Building LoadPlan...
2018-04-08 09:41:53 [main] DEBUG o.h.l.p.e.i.LoadQueryJoinAndFetchProcessor - processing queryspace <gen:0>
2018-04-08 09:41:53 [main] DEBUG o.h.l.p.b.spi.LoadPlanTreePrinter - LoadPlan(entity=com.stackroute.activitystream.model.User)
    - Returns
       - EntityReturnImpl(entity=com.stackroute.activitystream.model.User, querySpaceUid=<gen:0>, path=com.stackroute.activitystream.model.User)
    - QuerySpaces
       - EntityQuerySpaceImpl(uid=<gen:0>, entity=com.stackroute.activitystream.model.User)
          - SQL table alias mapping - user0_
          - alias suffix - 0_
          - suffixed key columns - {username1_0_0_}

2018-04-08 09:41:53 [main] DEBUG o.h.loader.entity.plan.EntityLoader - Static select for entity com.stackroute.activitystream.model.User [PESSIMISTIC_FORCE_INCREMENT]: select user0_.username as username1_0_0_, user0_.name as name2_0_0_, user0_.password as password3_0_0_ from user user0_ where user0_.username=? for update
2018-04-08 09:41:53 [main] DEBUG o.h.l.p.b.i.spaces.QuerySpacesImpl - Adding QuerySpace : uid = <gen:0> -> org.hibernate.loader.plan.build.internal.spaces.EntityQuerySpaceImpl@645ba24a]
2018-04-08 09:41:53 [main] DEBUG o.h.p.w.spi.MetamodelGraphWalker - Visiting attribute path : name
2018-04-08 09:41:53 [main] DEBUG o.h.p.w.spi.MetamodelGraphWalker - Visiting attribute path : password
2018-04-08 09:41:53 [main] DEBUG o.h.l.p.b.i.FetchStyleLoadPlanBuildingAssociationVisitationStrategy - Building LoadPlan...
2018-04-08 09:41:53 [main] DEBUG o.h.l.p.e.i.LoadQueryJoinAndFetchProcessor - processing queryspace <gen:0>
2018-04-08 09:41:53 [main] DEBUG o.h.l.p.b.spi.LoadPlanTreePrinter - LoadPlan(entity=com.stackroute.activitystream.model.User)
    - Returns
       - EntityReturnImpl(entity=com.stackroute.activitystream.model.User, querySpaceUid=<gen:0>, path=com.stackroute.activitystream.model.User)
    - QuerySpaces
       - EntityQuerySpaceImpl(uid=<gen:0>, entity=com.stackroute.activitystream.model.User)
          - SQL table alias mapping - user0_
          - alias suffix - 0_
          - suffixed key columns - {username1_0_0_}

2018-04-08 09:41:53 [main] DEBUG o.h.loader.entity.plan.EntityLoader - Static select for entity com.stackroute.activitystream.model.User [OPTIMISTIC]: select user0_.username as username1_0_0_, user0_.name as name2_0_0_, user0_.password as password3_0_0_ from user user0_ where user0_.username=?
2018-04-08 09:41:53 [main] DEBUG o.h.l.p.b.i.spaces.QuerySpacesImpl - Adding QuerySpace : uid = <gen:0> -> org.hibernate.loader.plan.build.internal.spaces.EntityQuerySpaceImpl@3dd2b9c1]
2018-04-08 09:41:53 [main] DEBUG o.h.p.w.spi.MetamodelGraphWalker - Visiting attribute path : name
2018-04-08 09:41:53 [main] DEBUG o.h.p.w.spi.MetamodelGraphWalker - Visiting attribute path : password
2018-04-08 09:41:53 [main] DEBUG o.h.l.p.b.i.FetchStyleLoadPlanBuildingAssociationVisitationStrategy - Building LoadPlan...
2018-04-08 09:41:53 [main] DEBUG o.h.l.p.e.i.LoadQueryJoinAndFetchProcessor - processing queryspace <gen:0>
2018-04-08 09:41:53 [main] DEBUG o.h.l.p.b.spi.LoadPlanTreePrinter - LoadPlan(entity=com.stackroute.activitystream.model.User)
    - Returns
       - EntityReturnImpl(entity=com.stackroute.activitystream.model.User, querySpaceUid=<gen:0>, path=com.stackroute.activitystream.model.User)
    - QuerySpaces
       - EntityQuerySpaceImpl(uid=<gen:0>, entity=com.stackroute.activitystream.model.User)
          - SQL table alias mapping - user0_
          - alias suffix - 0_
          - suffixed key columns - {username1_0_0_}

2018-04-08 09:41:53 [main] DEBUG o.h.loader.entity.plan.EntityLoader - Static select for entity com.stackroute.activitystream.model.User [OPTIMISTIC_FORCE_INCREMENT]: select user0_.username as username1_0_0_, user0_.name as name2_0_0_, user0_.password as password3_0_0_ from user user0_ where user0_.username=?
2018-04-08 09:41:53 [main] DEBUG org.hibernate.loader.Loader - Static select for action ACTION_MERGE on entity com.stackroute.activitystream.model.User: select user0_.username as username1_0_0_, user0_.name as name2_0_0_, user0_.password as password3_0_0_ from user user0_ where user0_.username=?
2018-04-08 09:41:53 [main] DEBUG org.hibernate.loader.Loader - Static select for action ACTION_REFRESH on entity com.stackroute.activitystream.model.User: select user0_.username as username1_0_0_, user0_.name as name2_0_0_, user0_.password as password3_0_0_ from user user0_ where user0_.username=?
2018-04-08 09:41:53 [main] DEBUG o.h.internal.SessionFactoryImpl - Instantiated session factory
2018-04-08 09:41:53 [main] INFO  o.h.tool.hbm2ddl.SchemaUpdate - HHH000228: Running hbm2ddl schema update
2018-04-08 09:41:54 [main] DEBUG org.hibernate.mapping.Table - No alter strings for table : user
2018-04-08 09:41:54 [main] DEBUG o.h.internal.NamedQueryRepository - Checking 0 named HQL queries
2018-04-08 09:41:54 [main] DEBUG o.h.internal.NamedQueryRepository - Checking 0 named SQL queries
2018-04-08 09:41:54 [main] DEBUG o.h.internal.SessionFactoryRegistry - Initializing SessionFactoryRegistry : org.hibernate.internal.SessionFactoryRegistry@1e6d30c0
2018-04-08 09:41:54 [main] DEBUG o.h.internal.SessionFactoryRegistry - Registering SessionFactory: da92fea6-126c-4249-9337-b6263e4aa3ed (<unnamed>)
2018-04-08 09:41:54 [main] DEBUG o.h.internal.SessionFactoryRegistry - Not binding SessionFactory to JNDI, no JNDI name configured
2018-04-08 09:41:54 [main] DEBUG o.h.j.i.schemagen.JpaSchemaGenerator - No actions specified; doing nothing
2018-04-08 09:41:54 [main] DEBUG o.h.j.i.EntityManagerFactoryRegistry - Initializing EntityManagerFactoryRegistry : org.hibernate.jpa.internal.EntityManagerFactoryRegistry@30228de7
2018-04-08 09:41:54 [main] DEBUG o.h.j.i.EntityManagerFactoryRegistry - Registering EntityManagerFactory: default 
2018-04-08 09:41:54 [main] INFO  o.s.o.j.LocalContainerEntityManagerFactoryBean - Initialized JPA EntityManagerFactory for persistence unit 'default'
2018-04-08 09:41:54 [main] DEBUG o.s.b.f.s.DefaultListableBeanFactory - Returning cached instance of singleton bean 'org.springframework.transaction.config.internalTransactionAdvisor'
2018-04-08 09:41:54 [main] DEBUG o.s.b.f.s.DefaultListableBeanFactory - Returning cached instance of singleton bean 'org.springframework.transaction.config.internalTransactionAdvisor'
2018-04-08 09:41:54 [main] DEBUG o.s.b.f.s.DefaultListableBeanFactory - Finished creating instance of bean 'entityManagerFactory'
2018-04-08 09:41:54 [main] DEBUG o.s.b.f.s.DefaultListableBeanFactory - Pre-instantiating singletons in org.springframework.beans.factory.support.DefaultListableBeanFactory@560cbf1a: defining beans [org.springframework.context.annotation.internalConfigurationAnnotationProcessor,org.springframework.context.annotation.internalAutowiredAnnotationProcessor,org.springframework.context.annotation.internalRequiredAnnotationProcessor,org.springframework.context.annotation.internalCommonAnnotationProcessor,org.springframework.context.annotation.internalPersistenceAnnotationProcessor,org.springframework.context.event.internalEventListenerProcessor,org.springframework.context.event.internalEventListenerFactory,authenticationServiceBoot,org.springframework.boot.autoconfigure.internalCachingMetadataReaderFactory,loggingAspectUser,loggingAspectUserService,userAuthenticateController,userController,user,userServiceImpl,org.springframework.web.servlet.config.annotation.DelegatingWebMvcConfiguration,requestMappingHandlerMapping,mvcPathMatcher,mvcUrlPathHelper,mvcContentNegotiationManager,viewControllerHandlerMapping,beanNameHandlerMapping,resourceHandlerMapping,mvcResourceUrlProvider,defaultServletHandlerMapping,requestMappingHandlerAdapter,mvcConversionService,mvcValidator,mvcUriComponentsContributor,httpRequestHandlerAdapter,simpleControllerHandlerAdapter,handlerExceptionResolver,mvcViewResolver,mvcHandlerMappingIntrospector,jwtFilter,org.springframework.boot.autoconfigure.AutoConfigurationPackages,org.springframework.boot.autoconfigure.context.PropertyPlaceholderAutoConfiguration,org.springframework.boot.autoconfigure.condition.BeanTypeRegistry,propertySourcesPlaceholderConfigurer,org.springframework.boot.autoconfigure.jackson.JacksonAutoConfiguration$Jackson2ObjectMapperBuilderCustomizerConfiguration,standardJacksonObjectMapperBuilderCustomizer,spring.jackson-org.springframework.boot.autoconfigure.jackson.JacksonProperties,org.springframework.boot.context.properties.ConfigurationPropertiesBindingPostProcessor,org.springframework.boot.context.properties.ConfigurationPropertiesBindingPostProcessor.store,org.springframework.boot.autoconfigure.jackson.JacksonAutoConfiguration$JacksonObjectMapperBuilderConfiguration,jacksonObjectMapperBuilder,org.springframework.boot.autoconfigure.jackson.JacksonAutoConfiguration$JacksonObjectMapperConfiguration,jacksonObjectMapper,org.springframework.boot.autoconfigure.jackson.JacksonAutoConfiguration,jsonComponentModule,org.springframework.boot.autoconfigure.websocket.WebSocketAutoConfiguration$TomcatWebSocketConfiguration,websocketContainerCustomizer,org.springframework.boot.autoconfigure.websocket.WebSocketAutoConfiguration,org.springframework.boot.autoconfigure.web.EmbeddedServletContainerAutoConfiguration$EmbeddedTomcat,tomcatEmbeddedServletContainerFactory,org.springframework.boot.autoconfigure.web.EmbeddedServletContainerAutoConfiguration,embeddedServletContainerCustomizerBeanPostProcessor,errorPageRegistrarBeanPostProcessor,org.springframework.boot.autoconfigure.web.DispatcherServletAutoConfiguration$DispatcherServletConfiguration,dispatcherServlet,spring.mvc-org.springframework.boot.autoconfigure.web.WebMvcProperties,org.springframework.boot.autoconfigure.web.DispatcherServletAutoConfiguration$DispatcherServletRegistrationConfiguration,dispatcherServletRegistration,org.springframework.boot.autoconfigure.web.DispatcherServletAutoConfiguration,org.springframework.boot.autoconfigure.validation.ValidationAutoConfiguration,defaultValidator,methodValidationPostProcessor,org.springframework.boot.autoconfigure.web.ErrorMvcAutoConfiguration$WhitelabelErrorViewConfiguration,error,beanNameViewResolver,org.springframework.boot.autoconfigure.web.ErrorMvcAutoConfiguration$DefaultErrorViewResolverConfiguration,conventionErrorViewResolver,org.springframework.boot.autoconfigure.web.ErrorMvcAutoConfiguration,errorAttributes,basicErrorController,errorPageCustomizer,preserveErrorControllerTargetClassPostProcessor,spring.resources-org.springframework.boot.autoconfigure.web.ResourceProperties,org.springframework.boot.autoconfigure.jmx.JmxAutoConfiguration,mbeanExporter,objectNamingStrategy,mbeanServer,org.springframework.boot.autoconfigure.admin.SpringApplicationAdminJmxAutoConfiguration,springApplicationAdminRegistrar,org.springframework.boot.autoconfigure.aop.AopAutoConfiguration$JdkDynamicAutoProxyConfiguration,org.springframework.aop.config.internalAutoProxyCreator,org.springframework.boot.autoconfigure.aop.AopAutoConfiguration,org.springframework.boot.autoconfigure.transaction.jta.JtaAutoConfiguration,spring.jta-org.springframework.boot.autoconfigure.transaction.jta.JtaProperties,org.springframework.boot.autoconfigure.jdbc.DataSourceConfiguration$Tomcat,dataSource,org.springframework.boot.autoconfigure.jdbc.DataSourceAutoConfiguration$PooledDataSourceConfiguration,org.springframework.boot.autoconfigure.jdbc.metadata.DataSourcePoolMetadataProvidersConfiguration$TomcatDataSourcePoolMetadataProviderConfiguration,tomcatPoolDataSourceMetadataProvider,org.springframework.boot.autoconfigure.jdbc.metadata.DataSourcePoolMetadataProvidersConfiguration,org.springframework.boot.autoconfigure.jdbc.DataSourceAutoConfiguration,dataSourceInitializer,spring.datasource-org.springframework.boot.autoconfigure.jdbc.DataSourceProperties,dataSourceInitializerPostProcessor,org.springframework.boot.autoconfigure.orm.jpa.JpaBaseConfiguration$JpaWebConfiguration$JpaWebMvcConfiguration,openEntityManagerInViewInterceptor,org.springframework.boot.autoconfigure.orm.jpa.JpaBaseConfiguration$JpaWebConfiguration,org.springframework.boot.autoconfigure.orm.jpa.HibernateJpaAutoConfiguration,transactionManager,jpaVendorAdapter,entityManagerFactoryBuilder,entityManagerFactory,spring.jpa-org.springframework.boot.autoconfigure.orm.jpa.JpaProperties,dataSourceInitializedPublisher,org.springframework.boot.autoconfigure.context.ConfigurationPropertiesAutoConfiguration,org.springframework.boot.autoconfigure.dao.PersistenceExceptionTranslationAutoConfiguration,persistenceExceptionTranslationPostProcessor,org.springframework.boot.autoconfigure.data.jpa.JpaRepositoriesAutoConfiguration,emBeanDefinitionRegistrarPostProcessor,jpaMappingContext,jpaContext,userRepository,org.springframework.boot.autoconfigure.web.HttpMessageConvertersAutoConfiguration$StringHttpMessageConverterConfiguration,stringHttpMessageConverter,spring.http.encoding-org.springframework.boot.autoconfigure.web.HttpEncodingProperties,org.springframework.boot.autoconfigure.web.JacksonHttpMessageConvertersConfiguration$MappingJackson2HttpMessageConverterConfiguration,mappingJackson2HttpMessageConverter,org.springframework.boot.autoconfigure.web.JacksonHttpMessageConvertersConfiguration,org.springframework.boot.autoconfigure.web.HttpMessageConvertersAutoConfiguration,messageConverters,org.springframework.data.web.config.SpringDataWebConfiguration,pageableResolver,sortResolver,org.springframework.data.web.config.SpringDataJacksonConfiguration,jacksonGeoModule,org.springframework.boot.autoconfigure.data.web.SpringDataWebAutoConfiguration,org.springframework.boot.autoconfigure.info.ProjectInfoAutoConfiguration,spring.info-org.springframework.boot.autoconfigure.info.ProjectInfoProperties,org.springframework.boot.autoconfigure.jdbc.DataSourceTransactionManagerAutoConfiguration$DataSourceTransactionManagerConfiguration,org.springframework.boot.autoconfigure.jdbc.DataSourceTransactionManagerAutoConfiguration,org.springframework.boot.autoconfigure.jdbc.JdbcTemplateAutoConfiguration,jdbcTemplate,namedParameterJdbcTemplate,org.springframework.transaction.annotation.ProxyTransactionManagementConfiguration,org.springframework.transaction.config.internalTransactionAdvisor,transactionAttributeSource,transactionInterceptor,org.springframework.transaction.config.internalTransactionalEventListenerFactory,org.springframework.boot.autoconfigure.transaction.TransactionAutoConfiguration$EnableTransactionManagementConfiguration$CglibAutoProxyConfiguration,org.springframework.boot.autoconfigure.transaction.TransactionAutoConfiguration$EnableTransactionManagementConfiguration,org.springframework.boot.autoconfigure.transaction.TransactionAutoConfiguration$TransactionTemplateConfiguration,transactionTemplate,org.springframework.boot.autoconfigure.transaction.TransactionAutoConfiguration,platformTransactionManagerCustomizers,spring.transaction-org.springframework.boot.autoconfigure.transaction.TransactionProperties,org.springframework.boot.autoconfigure.web.HttpEncodingAutoConfiguration,characterEncodingFilter,localeCharsetMappingsCustomizer,org.springframework.boot.autoconfigure.web.MultipartAutoConfiguration,multipartConfigElement,multipartResolver,spring.http.multipart-org.springframework.boot.autoconfigure.web.MultipartProperties,org.springframework.boot.autoconfigure.web.ServerPropertiesAutoConfiguration,serverProperties,duplicateServerPropertiesDetector,org.springframework.boot.autoconfigure.web.WebClientAutoConfiguration$RestTemplateConfiguration,restTemplateBuilder,org.springframework.boot.autoconfigure.web.WebClientAutoConfiguration,org.springframework.orm.jpa.SharedEntityManagerCreator#0]; root of factory hierarchy
2018-04-08 09:41:54 [main] DEBUG o.s.b.f.s.DefaultListableBeanFactory - Returning cached instance of singleton bean 'org.springframework.context.annotation.internalConfigurationAnnotationProcessor'
2018-04-08 09:41:54 [main] DEBUG o.s.b.f.s.DefaultListableBeanFactory - Returning cached instance of singleton bean 'org.springframework.context.annotation.internalAutowiredAnnotationProcessor'
2018-04-08 09:41:54 [main] DEBUG o.s.b.f.s.DefaultListableBeanFactory - Returning cached instance of singleton bean 'org.springframework.context.annotation.internalRequiredAnnotationProcessor'
2018-04-08 09:41:54 [main] DEBUG o.s.b.f.s.DefaultListableBeanFactory - Returning cached instance of singleton bean 'org.springframework.context.annotation.internalCommonAnnotationProcessor'
2018-04-08 09:41:54 [main] DEBUG o.s.b.f.s.DefaultListableBeanFactory - Returning cached instance of singleton bean 'org.springframework.context.annotation.internalPersistenceAnnotationProcessor'
2018-04-08 09:41:54 [main] DEBUG o.s.b.f.s.DefaultListableBeanFactory - Creating shared instance of singleton bean 'org.springframework.context.event.internalEventListenerProcessor'
2018-04-08 09:41:54 [main] DEBUG o.s.b.f.s.DefaultListableBeanFactory - Creating instance of bean 'org.springframework.context.event.internalEventListenerProcessor'
2018-04-08 09:41:54 [main] DEBUG o.s.b.f.s.DefaultListableBeanFactory - Returning cached instance of singleton bean 'org.springframework.transaction.config.internalTransactionAdvisor'
