2018-04-11 12:36:11 [main] DEBUG o.s.b.f.s.DefaultListableBeanFactory - Creating shared instance of singleton bean 'spring.jackson-org.springframework.boot.autoconfigure.jackson.JacksonProperties'
2018-04-11 12:36:11 [main] DEBUG o.s.b.f.s.DefaultListableBeanFactory - Creating instance of bean 'spring.jackson-org.springframework.boot.autoconfigure.jackson.JacksonProperties'
2018-04-11 12:36:11 [main] DEBUG o.s.b.f.s.DefaultListableBeanFactory - Returning cached instance of singleton bean 'org.springframework.transaction.config.internalTransactionAdvisor'
2018-04-11 12:36:11 [main] DEBUG o.s.b.f.s.DefaultListableBeanFactory - Eagerly caching bean 'spring.jackson-org.springframework.boot.autoconfigure.jackson.JacksonProperties' to allow for resolving potential circular references
2018-04-11 12:36:11 [main] DEBUG o.s.core.env.MutablePropertySources - Adding PropertySource 'servletConfigInitParams' with lowest search precedence
2018-04-11 12:36:11 [main] DEBUG o.s.core.env.MutablePropertySources - Adding PropertySource 'servletContextInitParams' with lowest search precedence
2018-04-11 12:36:11 [main] DEBUG o.s.core.env.MutablePropertySources - Adding PropertySource 'systemProperties' with lowest search precedence
2018-04-11 12:36:11 [main] DEBUG o.s.core.env.MutablePropertySources - Adding PropertySource 'systemEnvironment' with lowest search precedence
2018-04-11 12:36:11 [main] DEBUG o.s.core.env.MutablePropertySources - Adding PropertySource 'random' with lowest search precedence
2018-04-11 12:36:11 [main] DEBUG o.s.core.env.MutablePropertySources - Adding PropertySource 'applicationConfig: [classpath:/application.yml]' with lowest search precedence
2018-04-11 12:36:11 [main] DEBUG o.s.core.env.MutablePropertySources - Adding PropertySource 'localProperties' with lowest search precedence
2018-04-11 12:36:11 [main] DEBUG o.s.b.f.s.DefaultListableBeanFactory - Returning cached instance of singleton bean 'org.springframework.transaction.config.internalTransactionAdvisor'
2018-04-11 12:36:11 [main] DEBUG o.s.b.f.s.DefaultListableBeanFactory - Returning cached instance of singleton bean 'org.springframework.transaction.config.internalTransactionAdvisor'
2018-04-11 12:36:11 [main] DEBUG o.s.b.f.s.DefaultListableBeanFactory - Finished creating instance of bean 'spring.jackson-org.springframework.boot.autoconfigure.jackson.JacksonProperties'
2018-04-11 12:36:11 [main] DEBUG o.s.b.f.s.DefaultListableBeanFactory - Autowiring by type from bean name 'standardJacksonObjectMapperBuilderCustomizer' via factory method to bean named 'org.springframework.boot.context.embedded.AnnotationConfigEmbeddedWebApplicationContext@47dbb1e2'
2018-04-11 12:36:11 [main] DEBUG o.s.b.f.s.DefaultListableBeanFactory - Autowiring by type from bean name 'standardJacksonObjectMapperBuilderCustomizer' via factory method to bean named 'spring.jackson-org.springframework.boot.autoconfigure.jackson.JacksonProperties'
2018-04-11 12:36:11 [main] DEBUG o.s.b.f.s.DefaultListableBeanFactory - Eagerly caching bean 'standardJacksonObjectMapperBuilderCustomizer' to allow for resolving potential circular references
2018-04-11 12:36:11 [main] DEBUG o.s.b.f.s.DefaultListableBeanFactory - Returning cached instance of singleton bean 'org.springframework.transaction.config.internalTransactionAdvisor'
2018-04-11 12:36:11 [main] DEBUG o.s.b.f.s.DefaultListableBeanFactory - Returning cached instance of singleton bean 'org.springframework.transaction.config.internalTransactionAdvisor'
2018-04-11 12:36:11 [main] DEBUG o.s.b.f.s.DefaultListableBeanFactory - Finished creating instance of bean 'standardJacksonObjectMapperBuilderCustomizer'
2018-04-11 12:36:11 [main] DEBUG o.s.b.f.s.DefaultListableBeanFactory - Autowiring by type from bean name 'jacksonObjectMapperBuilder' via factory method to bean named 'standardJacksonObjectMapperBuilderCustomizer'
2018-04-11 12:36:11 [main] DEBUG o.s.b.f.s.DefaultListableBeanFactory - Creating shared instance of singleton bean 'jsonComponentModule'
2018-04-11 12:36:11 [main] DEBUG o.s.b.f.s.DefaultListableBeanFactory - Creating instance of bean 'jsonComponentModule'
2018-04-11 12:36:11 [main] DEBUG o.s.b.f.s.DefaultListableBeanFactory - Returning cached instance of singleton bean 'org.springframework.transaction.config.internalTransactionAdvisor'
2018-04-11 12:36:11 [main] DEBUG o.s.b.f.s.DefaultListableBeanFactory - Creating shared instance of singleton bean 'org.springframework.boot.autoconfigure.jackson.JacksonAutoConfiguration'
2018-04-11 12:36:11 [main] DEBUG o.s.b.f.s.DefaultListableBeanFactory - Creating instance of bean 'org.springframework.boot.autoconfigure.jackson.JacksonAutoConfiguration'
2018-04-11 12:36:11 [main] DEBUG o.s.b.f.s.DefaultListableBeanFactory - Returning cached instance of singleton bean 'org.springframework.transaction.config.internalTransactionAdvisor'
2018-04-11 12:36:11 [main] DEBUG o.s.b.f.s.DefaultListableBeanFactory - Eagerly caching bean 'org.springframework.boot.autoconfigure.jackson.JacksonAutoConfiguration' to allow for resolving potential circular references
2018-04-11 12:36:11 [main] DEBUG o.s.b.f.s.DefaultListableBeanFactory - Returning cached instance of singleton bean 'org.springframework.transaction.config.internalTransactionAdvisor'
2018-04-11 12:36:11 [main] DEBUG o.s.b.f.s.DefaultListableBeanFactory - Returning cached instance of singleton bean 'org.springframework.transaction.config.internalTransactionAdvisor'
2018-04-11 12:36:11 [main] DEBUG o.s.b.f.s.DefaultListableBeanFactory - Finished creating instance of bean 'org.springframework.boot.autoconfigure.jackson.JacksonAutoConfiguration'
2018-04-11 12:36:11 [main] DEBUG o.s.c.a.CommonAnnotationBeanPostProcessor - Found init method on class [org.springframework.boot.jackson.JsonComponentModule]: public void org.springframework.boot.jackson.JsonComponentModule.registerJsonComponents()
2018-04-11 12:36:11 [main] DEBUG o.s.c.a.CommonAnnotationBeanPostProcessor - Registered init method on class [org.springframework.boot.jackson.JsonComponentModule]: org.springframework.beans.factory.annotation.InitDestroyAnnotationBeanPostProcessor$LifecycleElement@65126ba1
2018-04-11 12:36:11 [main] DEBUG o.s.b.f.s.DefaultListableBeanFactory - Eagerly caching bean 'jsonComponentModule' to allow for resolving potential circular references
2018-04-11 12:36:11 [main] DEBUG o.s.c.a.CommonAnnotationBeanPostProcessor - Invoking init method on bean 'jsonComponentModule': public void org.springframework.boot.jackson.JsonComponentModule.registerJsonComponents()
2018-04-11 12:36:11 [main] DEBUG o.s.b.f.s.DefaultListableBeanFactory - Returning cached instance of singleton bean 'org.springframework.transaction.config.internalTransactionAdvisor'
2018-04-11 12:36:11 [main] DEBUG o.s.b.f.s.DefaultListableBeanFactory - Returning cached instance of singleton bean 'org.springframework.transaction.config.internalTransactionAdvisor'
2018-04-11 12:36:11 [main] DEBUG o.s.b.f.s.DefaultListableBeanFactory - Finished creating instance of bean 'jsonComponentModule'
2018-04-11 12:36:11 [main] DEBUG o.s.b.f.s.DefaultListableBeanFactory - Creating shared instance of singleton bean 'jacksonGeoModule'
2018-04-11 12:36:11 [main] DEBUG o.s.b.f.s.DefaultListableBeanFactory - Creating instance of bean 'jacksonGeoModule'
2018-04-11 12:36:11 [main] DEBUG o.s.b.f.s.DefaultListableBeanFactory - Returning cached instance of singleton bean 'org.springframework.transaction.config.internalTransactionAdvisor'
2018-04-11 12:36:11 [main] DEBUG o.s.b.f.s.DefaultListableBeanFactory - Creating shared instance of singleton bean 'org.springframework.data.web.config.SpringDataJacksonConfiguration'
2018-04-11 12:36:11 [main] DEBUG o.s.b.f.s.DefaultListableBeanFactory - Creating instance of bean 'org.springframework.data.web.config.SpringDataJacksonConfiguration'
2018-04-11 12:36:11 [main] DEBUG o.s.b.f.s.DefaultListableBeanFactory - Returning cached instance of singleton bean 'org.springframework.transaction.config.internalTransactionAdvisor'
2018-04-11 12:36:11 [main] DEBUG o.s.b.f.s.DefaultListableBeanFactory - Eagerly caching bean 'org.springframework.data.web.config.SpringDataJacksonConfiguration' to allow for resolving potential circular references
2018-04-11 12:36:11 [main] DEBUG o.s.b.f.s.DefaultListableBeanFactory - Returning cached instance of singleton bean 'org.springframework.transaction.config.internalTransactionAdvisor'
2018-04-11 12:36:11 [main] DEBUG o.s.b.f.s.DefaultListableBeanFactory - Returning cached instance of singleton bean 'org.springframework.transaction.config.internalTransactionAdvisor'
2018-04-11 12:36:11 [main] DEBUG o.s.b.f.s.DefaultListableBeanFactory - Finished creating instance of bean 'org.springframework.data.web.config.SpringDataJacksonConfiguration'
2018-04-11 12:36:11 [main] DEBUG o.s.b.f.s.DefaultListableBeanFactory - Eagerly caching bean 'jacksonGeoModule' to allow for resolving potential circular references
2018-04-11 12:36:11 [main] DEBUG o.s.b.f.s.DefaultListableBeanFactory - Returning cached instance of singleton bean 'org.springframework.transaction.config.internalTransactionAdvisor'
2018-04-11 12:36:11 [main] DEBUG o.s.b.f.s.DefaultListableBeanFactory - Returning cached instance of singleton bean 'org.springframework.transaction.config.internalTransactionAdvisor'
2018-04-11 12:36:11 [main] DEBUG o.s.b.f.s.DefaultListableBeanFactory - Finished creating instance of bean 'jacksonGeoModule'
2018-04-11 12:36:11 [main] DEBUG o.s.b.f.s.DefaultListableBeanFactory - Eagerly caching bean 'jacksonObjectMapperBuilder' to allow for resolving potential circular references
2018-04-11 12:36:11 [main] DEBUG o.s.b.f.s.DefaultListableBeanFactory - Returning cached instance of singleton bean 'org.springframework.transaction.config.internalTransactionAdvisor'
2018-04-11 12:36:11 [main] DEBUG o.s.b.f.s.DefaultListableBeanFactory - Returning cached instance of singleton bean 'org.springframework.transaction.config.internalTransactionAdvisor'
2018-04-11 12:36:11 [main] DEBUG o.s.b.f.s.DefaultListableBeanFactory - Finished creating instance of bean 'jacksonObjectMapperBuilder'
2018-04-11 12:36:11 [main] DEBUG o.s.b.f.s.DefaultListableBeanFactory - Autowiring by type from bean name 'jacksonObjectMapper' via factory method to bean named 'jacksonObjectMapperBuilder'
2018-04-11 12:36:11 [main] DEBUG o.s.b.f.s.DefaultListableBeanFactory - Eagerly caching bean 'jacksonObjectMapper' to allow for resolving potential circular references
2018-04-11 12:36:11 [main] DEBUG o.s.b.f.s.DefaultListableBeanFactory - Returning cached instance of singleton bean 'org.springframework.transaction.config.internalTransactionAdvisor'
2018-04-11 12:36:11 [main] DEBUG o.s.b.f.s.DefaultListableBeanFactory - Returning cached instance of singleton bean 'org.springframework.transaction.config.internalTransactionAdvisor'
2018-04-11 12:36:11 [main] DEBUG o.s.b.f.s.DefaultListableBeanFactory - Finished creating instance of bean 'jacksonObjectMapper'
2018-04-11 12:36:12 [main] DEBUG o.s.b.f.s.DefaultListableBeanFactory - Returning cached instance of singleton bean 'mvcConversionService'
2018-04-11 12:36:12 [main] DEBUG o.s.b.f.s.DefaultListableBeanFactory - Creating shared instance of singleton bean 'mvcValidator'
2018-04-11 12:36:12 [main] DEBUG o.s.b.f.s.DefaultListableBeanFactory - Creating instance of bean 'mvcValidator'
2018-04-11 12:36:12 [main] DEBUG o.s.b.f.s.DefaultListableBeanFactory - Returning cached instance of singleton bean 'org.springframework.transaction.config.internalTransactionAdvisor'
2018-04-11 12:36:12 [main] DEBUG o.s.b.f.s.DefaultListableBeanFactory - Returning cached instance of singleton bean 'org.springframework.web.servlet.config.annotation.DelegatingWebMvcConfiguration'
2018-04-11 12:36:12 [main] DEBUG o.s.b.f.s.DefaultListableBeanFactory - Eagerly caching bean 'mvcValidator' to allow for resolving potential circular references
2018-04-11 12:36:12 [main] DEBUG o.s.b.f.s.DefaultListableBeanFactory - Invoking afterPropertiesSet() on bean with name 'mvcValidator'
2018-04-11 12:36:12 [main] DEBUG o.h.v.i.e.r.DefaultTraversableResolver - Found javax.persistence.Persistence on classpath containing 'getPersistenceUtil'. Assuming JPA 2 environment. Trying to instantiate JPA aware TraversableResolver
2018-04-11 12:36:12 [main] DEBUG o.h.v.i.e.r.DefaultTraversableResolver - Instantiated JPA aware TraversableResolver of type org.hibernate.validator.internal.engine.resolver.JPATraversableResolver.
2018-04-11 12:36:12 [main] DEBUG o.h.v.i.engine.ConfigurationImpl - Setting custom MessageInterpolator of type org.springframework.validation.beanvalidation.LocaleContextMessageInterpolator
2018-04-11 12:36:12 [main] DEBUG o.h.v.i.engine.ConfigurationImpl - Setting custom ConstraintValidatorFactory of type org.springframework.validation.beanvalidation.SpringConstraintValidatorFactory
2018-04-11 12:36:12 [main] DEBUG o.h.v.i.engine.ConfigurationImpl - Setting custom ParameterNameProvider of type com.sun.proxy.$Proxy67
2018-04-11 12:36:12 [main] DEBUG o.h.v.i.xml.ValidationXmlParser - Trying to load META-INF/validation.xml for XML based Validator configuration.
2018-04-11 12:36:12 [main] DEBUG o.h.v.i.xml.ResourceLoaderHelper - Trying to load META-INF/validation.xml via user class loader
2018-04-11 12:36:12 [main] DEBUG o.h.v.i.xml.ResourceLoaderHelper - Trying to load META-INF/validation.xml via TCCL
2018-04-11 12:36:12 [main] DEBUG o.h.v.i.xml.ResourceLoaderHelper - Trying to load META-INF/validation.xml via Hibernate Validator's class loader
2018-04-11 12:36:12 [main] DEBUG o.h.v.i.xml.ValidationXmlParser - No META-INF/validation.xml found. Using annotation based configuration only.
2018-04-11 12:36:12 [main] DEBUG o.s.b.f.s.DefaultListableBeanFactory - Returning cached instance of singleton bean 'org.springframework.transaction.config.internalTransactionAdvisor'
2018-04-11 12:36:12 [main] DEBUG o.s.b.f.s.DefaultListableBeanFactory - Returning cached instance of singleton bean 'org.springframework.transaction.config.internalTransactionAdvisor'
2018-04-11 12:36:12 [main] DEBUG o.s.b.f.s.DefaultListableBeanFactory - Finished creating instance of bean 'mvcValidator'
2018-04-11 12:36:12 [main] DEBUG o.s.b.f.s.DefaultListableBeanFactory - Creating shared instance of singleton bean 'sortResolver'
2018-04-11 12:36:12 [main] DEBUG o.s.b.f.s.DefaultListableBeanFactory - Creating instance of bean 'sortResolver'
2018-04-11 12:36:12 [main] DEBUG o.s.b.f.s.DefaultListableBeanFactory - Returning cached instance of singleton bean 'org.springframework.transaction.config.internalTransactionAdvisor'
2018-04-11 12:36:12 [main] DEBUG o.s.b.f.s.DefaultListableBeanFactory - Returning cached instance of singleton bean 'org.springframework.data.web.config.SpringDataWebConfiguration'
