2018-04-11 13:34:44 [localhost-startStop-1] DEBUG o.s.b.f.s.DefaultListableBeanFactory - Creating instance of bean 'spring.http.multipart-org.springframework.boot.autoconfigure.web.MultipartProperties'
2018-04-11 13:34:44 [localhost-startStop-1] DEBUG o.s.b.f.s.DefaultListableBeanFactory - Returning cached instance of singleton bean 'org.springframework.transaction.config.internalTransactionAdvisor'
2018-04-11 13:34:44 [localhost-startStop-1] DEBUG o.s.b.f.s.DefaultListableBeanFactory - Eagerly caching bean 'spring.http.multipart-org.springframework.boot.autoconfigure.web.MultipartProperties' to allow for resolving potential circular references
2018-04-11 13:34:44 [localhost-startStop-1] DEBUG o.s.core.env.MutablePropertySources - Adding PropertySource 'servletConfigInitParams' with lowest search precedence
2018-04-11 13:34:44 [localhost-startStop-1] DEBUG o.s.core.env.MutablePropertySources - Adding PropertySource 'servletContextInitParams' with lowest search precedence
2018-04-11 13:34:44 [localhost-startStop-1] DEBUG o.s.core.env.MutablePropertySources - Adding PropertySource 'systemProperties' with lowest search precedence
2018-04-11 13:34:44 [localhost-startStop-1] DEBUG o.s.core.env.MutablePropertySources - Adding PropertySource 'systemEnvironment' with lowest search precedence
2018-04-11 13:34:44 [localhost-startStop-1] DEBUG o.s.core.env.MutablePropertySources - Adding PropertySource 'random' with lowest search precedence
2018-04-11 13:34:44 [localhost-startStop-1] DEBUG o.s.core.env.MutablePropertySources - Adding PropertySource 'applicationConfig: [classpath:/application.yml]' with lowest search precedence
2018-04-11 13:34:44 [localhost-startStop-1] DEBUG o.s.core.env.MutablePropertySources - Adding PropertySource 'localProperties' with lowest search precedence
2018-04-11 13:34:44 [localhost-startStop-1] DEBUG o.s.b.f.s.DefaultListableBeanFactory - Returning cached instance of singleton bean 'org.springframework.transaction.config.internalTransactionAdvisor'
2018-04-11 13:34:44 [localhost-startStop-1] DEBUG o.s.b.f.s.DefaultListableBeanFactory - Returning cached instance of singleton bean 'org.springframework.transaction.config.internalTransactionAdvisor'
2018-04-11 13:34:44 [localhost-startStop-1] DEBUG o.s.b.f.s.DefaultListableBeanFactory - Finished creating instance of bean 'spring.http.multipart-org.springframework.boot.autoconfigure.web.MultipartProperties'
2018-04-11 13:34:44 [localhost-startStop-1] DEBUG o.s.b.f.s.DefaultListableBeanFactory - Autowiring by type from bean name 'org.springframework.boot.autoconfigure.web.MultipartAutoConfiguration' via constructor to bean named 'spring.http.multipart-org.springframework.boot.autoconfigure.web.MultipartProperties'
2018-04-11 13:34:44 [localhost-startStop-1] DEBUG o.s.b.f.s.DefaultListableBeanFactory - Eagerly caching bean 'org.springframework.boot.autoconfigure.web.MultipartAutoConfiguration' to allow for resolving potential circular references
2018-04-11 13:34:44 [localhost-startStop-1] DEBUG o.s.b.f.s.DefaultListableBeanFactory - Returning cached instance of singleton bean 'org.springframework.transaction.config.internalTransactionAdvisor'
2018-04-11 13:34:44 [localhost-startStop-1] DEBUG o.s.b.f.s.DefaultListableBeanFactory - Returning cached instance of singleton bean 'org.springframework.transaction.config.internalTransactionAdvisor'
2018-04-11 13:34:44 [localhost-startStop-1] DEBUG o.s.b.f.s.DefaultListableBeanFactory - Finished creating instance of bean 'org.springframework.boot.autoconfigure.web.MultipartAutoConfiguration'
2018-04-11 13:34:44 [localhost-startStop-1] DEBUG o.s.b.f.s.DefaultListableBeanFactory - Eagerly caching bean 'multipartConfigElement' to allow for resolving potential circular references
2018-04-11 13:34:44 [localhost-startStop-1] DEBUG o.s.b.f.s.DefaultListableBeanFactory - Returning cached instance of singleton bean 'org.springframework.transaction.config.internalTransactionAdvisor'
2018-04-11 13:34:44 [localhost-startStop-1] DEBUG o.s.b.f.s.DefaultListableBeanFactory - Returning cached instance of singleton bean 'org.springframework.transaction.config.internalTransactionAdvisor'
2018-04-11 13:34:44 [localhost-startStop-1] DEBUG o.s.b.f.s.DefaultListableBeanFactory - Finished creating instance of bean 'multipartConfigElement'
2018-04-11 13:34:44 [localhost-startStop-1] DEBUG o.s.b.f.s.DefaultListableBeanFactory - Eagerly caching bean 'org.springframework.boot.autoconfigure.web.DispatcherServletAutoConfiguration$DispatcherServletRegistrationConfiguration' to allow for resolving potential circular references
2018-04-11 13:34:44 [localhost-startStop-1] DEBUG o.s.b.f.s.DefaultListableBeanFactory - Returning cached instance of singleton bean 'org.springframework.transaction.config.internalTransactionAdvisor'
2018-04-11 13:34:44 [localhost-startStop-1] DEBUG o.s.b.f.s.DefaultListableBeanFactory - Returning cached instance of singleton bean 'org.springframework.transaction.config.internalTransactionAdvisor'
2018-04-11 13:34:44 [localhost-startStop-1] DEBUG o.s.b.f.s.DefaultListableBeanFactory - Finished creating instance of bean 'org.springframework.boot.autoconfigure.web.DispatcherServletAutoConfiguration$DispatcherServletRegistrationConfiguration'
2018-04-11 13:34:44 [localhost-startStop-1] DEBUG o.s.b.f.s.DefaultListableBeanFactory - Creating shared instance of singleton bean 'dispatcherServlet'
2018-04-11 13:34:44 [localhost-startStop-1] DEBUG o.s.b.f.s.DefaultListableBeanFactory - Creating instance of bean 'dispatcherServlet'
2018-04-11 13:34:44 [localhost-startStop-1] DEBUG o.s.b.f.s.DefaultListableBeanFactory - Returning cached instance of singleton bean 'org.springframework.transaction.config.internalTransactionAdvisor'
2018-04-11 13:34:44 [localhost-startStop-1] DEBUG o.s.b.f.s.DefaultListableBeanFactory - Creating shared instance of singleton bean 'org.springframework.boot.autoconfigure.web.DispatcherServletAutoConfiguration$DispatcherServletConfiguration'
2018-04-11 13:34:44 [localhost-startStop-1] DEBUG o.s.b.f.s.DefaultListableBeanFactory - Creating instance of bean 'org.springframework.boot.autoconfigure.web.DispatcherServletAutoConfiguration$DispatcherServletConfiguration'
2018-04-11 13:34:44 [localhost-startStop-1] DEBUG o.s.b.f.s.DefaultListableBeanFactory - Returning cached instance of singleton bean 'org.springframework.transaction.config.internalTransactionAdvisor'
2018-04-11 13:34:44 [localhost-startStop-1] DEBUG o.s.c.LocalVariableTableParameterNameDiscoverer - Cannot find '.class' file for class [class org.springframework.boot.autoconfigure.web.DispatcherServletAutoConfiguration$DispatcherServletConfiguration$$EnhancerBySpringCGLIB$$2395eb6a] - unable to determine constructor/method parameter names
2018-04-11 13:34:44 [localhost-startStop-1] DEBUG o.s.b.f.s.DefaultListableBeanFactory - Returning cached instance of singleton bean 'spring.mvc-org.springframework.boot.autoconfigure.web.WebMvcProperties'
2018-04-11 13:34:44 [localhost-startStop-1] DEBUG o.s.b.f.s.DefaultListableBeanFactory - Autowiring by type from bean name 'org.springframework.boot.autoconfigure.web.DispatcherServletAutoConfiguration$DispatcherServletConfiguration' via constructor to bean named 'spring.mvc-org.springframework.boot.autoconfigure.web.WebMvcProperties'
2018-04-11 13:34:44 [localhost-startStop-1] DEBUG o.s.b.f.s.DefaultListableBeanFactory - Eagerly caching bean 'org.springframework.boot.autoconfigure.web.DispatcherServletAutoConfiguration$DispatcherServletConfiguration' to allow for resolving potential circular references
2018-04-11 13:34:44 [localhost-startStop-1] DEBUG o.s.b.f.s.DefaultListableBeanFactory - Returning cached instance of singleton bean 'org.springframework.transaction.config.internalTransactionAdvisor'
2018-04-11 13:34:44 [localhost-startStop-1] DEBUG o.s.b.f.s.DefaultListableBeanFactory - Returning cached instance of singleton bean 'org.springframework.transaction.config.internalTransactionAdvisor'
2018-04-11 13:34:44 [localhost-startStop-1] DEBUG o.s.b.f.s.DefaultListableBeanFactory - Finished creating instance of bean 'org.springframework.boot.autoconfigure.web.DispatcherServletAutoConfiguration$DispatcherServletConfiguration'
2018-04-11 13:34:44 [localhost-startStop-1] DEBUG o.s.b.f.s.DefaultListableBeanFactory - Eagerly caching bean 'dispatcherServlet' to allow for resolving potential circular references
2018-04-11 13:34:44 [localhost-startStop-1] DEBUG o.s.b.f.s.DefaultListableBeanFactory - Returning cached instance of singleton bean 'org.springframework.transaction.config.internalTransactionAdvisor'
2018-04-11 13:34:44 [localhost-startStop-1] DEBUG o.s.b.f.s.DefaultListableBeanFactory - Returning cached instance of singleton bean 'org.springframework.transaction.config.internalTransactionAdvisor'
2018-04-11 13:34:44 [localhost-startStop-1] DEBUG o.s.b.f.s.DefaultListableBeanFactory - Finished creating instance of bean 'dispatcherServlet'
2018-04-11 13:34:44 [localhost-startStop-1] DEBUG o.s.b.f.s.DefaultListableBeanFactory - Autowiring by type from bean name 'dispatcherServletRegistration' via factory method to bean named 'dispatcherServlet'
2018-04-11 13:34:44 [localhost-startStop-1] DEBUG o.s.b.f.s.DefaultListableBeanFactory - Eagerly caching bean 'dispatcherServletRegistration' to allow for resolving potential circular references
2018-04-11 13:34:44 [localhost-startStop-1] DEBUG o.s.b.f.s.DefaultListableBeanFactory - Returning cached instance of singleton bean 'org.springframework.transaction.config.internalTransactionAdvisor'
2018-04-11 13:34:44 [localhost-startStop-1] DEBUG o.s.b.f.s.DefaultListableBeanFactory - Returning cached instance of singleton bean 'org.springframework.transaction.config.internalTransactionAdvisor'
2018-04-11 13:34:44 [localhost-startStop-1] DEBUG o.s.b.f.s.DefaultListableBeanFactory - Finished creating instance of bean 'dispatcherServletRegistration'
2018-04-11 13:34:44 [localhost-startStop-1] DEBUG o.s.b.w.s.ServletContextInitializerBeans - Added existing Filter initializer bean 'jwtFilter'; order=2147483647, resource=com.stackroute.activitystream.CircleServiceSpringBootApplication
2018-04-11 13:34:44 [localhost-startStop-1] DEBUG o.s.b.w.s.ServletContextInitializerBeans - Added existing Servlet initializer bean 'dispatcherServletRegistration'; order=2147483647, resource=class path resource [org/springframework/boot/autoconfigure/web/DispatcherServletAutoConfiguration$DispatcherServletRegistrationConfiguration.class]
2018-04-11 13:34:44 [localhost-startStop-1] DEBUG o.s.b.f.s.DefaultListableBeanFactory - Returning cached instance of singleton bean 'multipartConfigElement'
2018-04-11 13:34:44 [localhost-startStop-1] DEBUG o.s.b.f.s.DefaultListableBeanFactory - Returning cached instance of singleton bean 'dispatcherServlet'
2018-04-11 13:34:44 [localhost-startStop-1] DEBUG o.s.b.f.s.DefaultListableBeanFactory - Creating shared instance of singleton bean 'characterEncodingFilter'
2018-04-11 13:34:44 [localhost-startStop-1] DEBUG o.s.b.f.s.DefaultListableBeanFactory - Creating instance of bean 'characterEncodingFilter'
2018-04-11 13:34:44 [localhost-startStop-1] DEBUG o.s.b.f.s.DefaultListableBeanFactory - Returning cached instance of singleton bean 'org.springframework.transaction.config.internalTransactionAdvisor'
2018-04-11 13:34:44 [localhost-startStop-1] DEBUG o.s.b.f.s.DefaultListableBeanFactory - Returning cached instance of singleton bean 'org.springframework.boot.autoconfigure.web.HttpEncodingAutoConfiguration'
2018-04-11 13:34:44 [localhost-startStop-1] DEBUG o.s.b.f.s.DefaultListableBeanFactory - Eagerly caching bean 'characterEncodingFilter' to allow for resolving potential circular references
2018-04-11 13:34:44 [localhost-startStop-1] DEBUG o.s.b.f.s.DefaultListableBeanFactory - Invoking afterPropertiesSet() on bean with name 'characterEncodingFilter'
2018-04-11 13:34:44 [localhost-startStop-1] DEBUG o.s.b.f.s.DefaultListableBeanFactory - Returning cached instance of singleton bean 'org.springframework.transaction.config.internalTransactionAdvisor'
2018-04-11 13:34:44 [localhost-startStop-1] DEBUG o.s.b.f.s.DefaultListableBeanFactory - Returning cached instance of singleton bean 'org.springframework.transaction.config.internalTransactionAdvisor'
2018-04-11 13:34:44 [localhost-startStop-1] DEBUG o.s.b.f.s.DefaultListableBeanFactory - Finished creating instance of bean 'characterEncodingFilter'
2018-04-11 13:34:44 [localhost-startStop-1] DEBUG o.s.b.w.s.ServletContextInitializerBeans - Created Filter initializer for bean 'characterEncodingFilter'; order=-2147483648, resource=class path resource [org/springframework/boot/autoconfigure/web/HttpEncodingAutoConfiguration.class]
2018-04-11 13:34:44 [localhost-startStop-1] INFO  o.s.b.w.s.FilterRegistrationBean - Mapping filter: 'characterEncodingFilter' to: [/*]
2018-04-11 13:34:44 [localhost-startStop-1] INFO  o.s.b.w.s.FilterRegistrationBean - Mapping filter: 'jwtFilter' to urls: [/api/*]
