2018-04-11 13:34:48 [main] DEBUG o.h.loader.entity.plan.EntityLoader - Static select for entity com.stackroute.activitystream.model.Circle [OPTIMISTIC]: select circle0_.circle_name as circle_n1_0_0_, circle0_.created_date as created_2_0_0_, circle0_.creator_id as creator_3_0_0_, circle0_.purpose as purpose4_0_0_ from circle circle0_ where circle0_.circle_name=?
2018-04-11 13:34:48 [main] DEBUG o.h.l.p.b.i.spaces.QuerySpacesImpl - Adding QuerySpace : uid = <gen:0> -> org.hibernate.loader.plan.build.internal.spaces.EntityQuerySpaceImpl@7c9372ed]
2018-04-11 13:34:48 [main] DEBUG o.h.p.w.spi.MetamodelGraphWalker - Visiting attribute path : createdDate
2018-04-11 13:34:48 [main] DEBUG o.h.p.w.spi.MetamodelGraphWalker - Visiting attribute path : creatorId
2018-04-11 13:34:48 [main] DEBUG o.h.p.w.spi.MetamodelGraphWalker - Visiting attribute path : purpose
2018-04-11 13:34:48 [main] DEBUG o.h.l.p.b.i.FetchStyleLoadPlanBuildingAssociationVisitationStrategy - Building LoadPlan...
2018-04-11 13:34:48 [main] DEBUG o.h.l.p.e.i.LoadQueryJoinAndFetchProcessor - processing queryspace <gen:0>
2018-04-11 13:34:48 [main] DEBUG o.h.l.p.b.spi.LoadPlanTreePrinter - LoadPlan(entity=com.stackroute.activitystream.model.Circle)
    - Returns
       - EntityReturnImpl(entity=com.stackroute.activitystream.model.Circle, querySpaceUid=<gen:0>, path=com.stackroute.activitystream.model.Circle)
    - QuerySpaces
       - EntityQuerySpaceImpl(uid=<gen:0>, entity=com.stackroute.activitystream.model.Circle)
          - SQL table alias mapping - circle0_
          - alias suffix - 0_
          - suffixed key columns - {circle_n1_0_0_}

2018-04-11 13:34:48 [main] DEBUG o.h.loader.entity.plan.EntityLoader - Static select for entity com.stackroute.activitystream.model.Circle [OPTIMISTIC_FORCE_INCREMENT]: select circle0_.circle_name as circle_n1_0_0_, circle0_.created_date as created_2_0_0_, circle0_.creator_id as creator_3_0_0_, circle0_.purpose as purpose4_0_0_ from circle circle0_ where circle0_.circle_name=?
2018-04-11 13:34:48 [main] DEBUG org.hibernate.loader.Loader - Static select for action ACTION_MERGE on entity com.stackroute.activitystream.model.Circle: select circle0_.circle_name as circle_n1_0_0_, circle0_.created_date as created_2_0_0_, circle0_.creator_id as creator_3_0_0_, circle0_.purpose as purpose4_0_0_ from circle circle0_ where circle0_.circle_name=?
2018-04-11 13:34:48 [main] DEBUG org.hibernate.loader.Loader - Static select for action ACTION_REFRESH on entity com.stackroute.activitystream.model.Circle: select circle0_.circle_name as circle_n1_0_0_, circle0_.created_date as created_2_0_0_, circle0_.creator_id as creator_3_0_0_, circle0_.purpose as purpose4_0_0_ from circle circle0_ where circle0_.circle_name=?
2018-04-11 13:34:48 [main] DEBUG o.h.p.entity.AbstractEntityPersister - Static SQL for entity: com.stackroute.activitystream.model.User
2018-04-11 13:34:48 [main] DEBUG o.h.p.entity.AbstractEntityPersister -  Version select: select username from user where username =?
2018-04-11 13:34:48 [main] DEBUG o.h.p.entity.AbstractEntityPersister -  Snapshot select: select user_.username, user_.address as address2_1_, user_.company as company3_1_, user_.dob as dob4_1_, user_.education as educatio5_1_, user_.email as email6_1_, user_.lastname as lastname7_1_, user_.mobile as mobile8_1_, user_.name as name9_1_, user_.password as passwor10_1_ from user user_ where user_.username=?
2018-04-11 13:34:48 [main] DEBUG o.h.p.entity.AbstractEntityPersister -  Insert 0: insert into user (address, company, dob, education, email, lastname, mobile, name, password, username) values (?, ?, ?, ?, ?, ?, ?, ?, ?, ?)
2018-04-11 13:34:48 [main] DEBUG o.h.p.entity.AbstractEntityPersister -  Update 0: update user set address=?, company=?, dob=?, education=?, email=?, lastname=?, mobile=?, name=?, password=? where username=?
2018-04-11 13:34:48 [main] DEBUG o.h.p.entity.AbstractEntityPersister -  Delete 0: delete from user where username=?
2018-04-11 13:34:48 [main] DEBUG o.h.l.p.b.i.spaces.QuerySpacesImpl - Adding QuerySpace : uid = <gen:0> -> org.hibernate.loader.plan.build.internal.spaces.EntityQuerySpaceImpl@1029cf9]
2018-04-11 13:34:48 [main] DEBUG o.h.p.w.spi.MetamodelGraphWalker - Visiting attribute path : address
2018-04-11 13:34:48 [main] DEBUG o.h.p.w.spi.MetamodelGraphWalker - Visiting attribute path : company
2018-04-11 13:34:48 [main] DEBUG o.h.p.w.spi.MetamodelGraphWalker - Visiting attribute path : dob
2018-04-11 13:34:48 [main] DEBUG o.h.p.w.spi.MetamodelGraphWalker - Visiting attribute path : education
2018-04-11 13:34:48 [main] DEBUG o.h.p.w.spi.MetamodelGraphWalker - Visiting attribute path : email
2018-04-11 13:34:48 [main] DEBUG o.h.p.w.spi.MetamodelGraphWalker - Visiting attribute path : lastname
2018-04-11 13:34:48 [main] DEBUG o.h.p.w.spi.MetamodelGraphWalker - Visiting attribute path : mobile
2018-04-11 13:34:48 [main] DEBUG o.h.p.w.spi.MetamodelGraphWalker - Visiting attribute path : name
2018-04-11 13:34:48 [main] DEBUG o.h.p.w.spi.MetamodelGraphWalker - Visiting attribute path : password
2018-04-11 13:34:48 [main] DEBUG o.h.l.p.b.i.FetchStyleLoadPlanBuildingAssociationVisitationStrategy - Building LoadPlan...
2018-04-11 13:34:48 [main] DEBUG o.h.l.p.e.i.LoadQueryJoinAndFetchProcessor - processing queryspace <gen:0>
2018-04-11 13:34:48 [main] DEBUG o.h.l.p.b.spi.LoadPlanTreePrinter - LoadPlan(entity=com.stackroute.activitystream.model.User)
    - Returns
       - EntityReturnImpl(entity=com.stackroute.activitystream.model.User, querySpaceUid=<gen:0>, path=com.stackroute.activitystream.model.User)
    - QuerySpaces
       - EntityQuerySpaceImpl(uid=<gen:0>, entity=com.stackroute.activitystream.model.User)
          - SQL table alias mapping - user0_
          - alias suffix - 0_
          - suffixed key columns - {username1_1_0_}

2018-04-11 13:34:48 [main] DEBUG o.h.loader.entity.plan.EntityLoader - Static select for entity com.stackroute.activitystream.model.User [NONE]: select user0_.username as username1_1_0_, user0_.address as address2_1_0_, user0_.company as company3_1_0_, user0_.dob as dob4_1_0_, user0_.education as educatio5_1_0_, user0_.email as email6_1_0_, user0_.lastname as lastname7_1_0_, user0_.mobile as mobile8_1_0_, user0_.name as name9_1_0_, user0_.password as passwor10_1_0_ from user user0_ where user0_.username=?
2018-04-11 13:34:48 [main] DEBUG o.h.l.p.b.i.spaces.QuerySpacesImpl - Adding QuerySpace : uid = <gen:0> -> org.hibernate.loader.plan.build.internal.spaces.EntityQuerySpaceImpl@27dfd12b]
2018-04-11 13:34:48 [main] DEBUG o.h.p.w.spi.MetamodelGraphWalker - Visiting attribute path : address
2018-04-11 13:34:48 [main] DEBUG o.h.p.w.spi.MetamodelGraphWalker - Visiting attribute path : company
2018-04-11 13:34:48 [main] DEBUG o.h.p.w.spi.MetamodelGraphWalker - Visiting attribute path : dob
2018-04-11 13:34:48 [main] DEBUG o.h.p.w.spi.MetamodelGraphWalker - Visiting attribute path : education
2018-04-11 13:34:48 [main] DEBUG o.h.p.w.spi.MetamodelGraphWalker - Visiting attribute path : email
2018-04-11 13:34:48 [main] DEBUG o.h.p.w.spi.MetamodelGraphWalker - Visiting attribute path : lastname
2018-04-11 13:34:48 [main] DEBUG o.h.p.w.spi.MetamodelGraphWalker - Visiting attribute path : mobile
2018-04-11 13:34:48 [main] DEBUG o.h.p.w.spi.MetamodelGraphWalker - Visiting attribute path : name
2018-04-11 13:34:48 [main] DEBUG o.h.p.w.spi.MetamodelGraphWalker - Visiting attribute path : password
2018-04-11 13:34:48 [main] DEBUG o.h.l.p.b.i.FetchStyleLoadPlanBuildingAssociationVisitationStrategy - Building LoadPlan...
2018-04-11 13:34:48 [main] DEBUG o.h.l.p.e.i.LoadQueryJoinAndFetchProcessor - processing queryspace <gen:0>
2018-04-11 13:34:48 [main] DEBUG o.h.l.p.b.spi.LoadPlanTreePrinter - LoadPlan(entity=com.stackroute.activitystream.model.User)
    - Returns
       - EntityReturnImpl(entity=com.stackroute.activitystream.model.User, querySpaceUid=<gen:0>, path=com.stackroute.activitystream.model.User)
    - QuerySpaces
       - EntityQuerySpaceImpl(uid=<gen:0>, entity=com.stackroute.activitystream.model.User)
          - SQL table alias mapping - user0_
          - alias suffix - 0_
          - suffixed key columns - {username1_1_0_}

2018-04-11 13:34:48 [main] DEBUG o.h.loader.entity.plan.EntityLoader - Static select for entity com.stackroute.activitystream.model.User [READ]: select user0_.username as username1_1_0_, user0_.address as address2_1_0_, user0_.company as company3_1_0_, user0_.dob as dob4_1_0_, user0_.education as educatio5_1_0_, user0_.email as email6_1_0_, user0_.lastname as lastname7_1_0_, user0_.mobile as mobile8_1_0_, user0_.name as name9_1_0_, user0_.password as passwor10_1_0_ from user user0_ where user0_.username=?
2018-04-11 13:34:48 [main] DEBUG o.h.l.p.b.i.spaces.QuerySpacesImpl - Adding QuerySpace : uid = <gen:0> -> org.hibernate.loader.plan.build.internal.spaces.EntityQuerySpaceImpl@563843f1]
2018-04-11 13:34:48 [main] DEBUG o.h.p.w.spi.MetamodelGraphWalker - Visiting attribute path : address
2018-04-11 13:34:48 [main] DEBUG o.h.p.w.spi.MetamodelGraphWalker - Visiting attribute path : company
2018-04-11 13:34:48 [main] DEBUG o.h.p.w.spi.MetamodelGraphWalker - Visiting attribute path : dob
2018-04-11 13:34:48 [main] DEBUG o.h.p.w.spi.MetamodelGraphWalker - Visiting attribute path : education
2018-04-11 13:34:48 [main] DEBUG o.h.p.w.spi.MetamodelGraphWalker - Visiting attribute path : email
2018-04-11 13:34:48 [main] DEBUG o.h.p.w.spi.MetamodelGraphWalker - Visiting attribute path : lastname
2018-04-11 13:34:48 [main] DEBUG o.h.p.w.spi.MetamodelGraphWalker - Visiting attribute path : mobile
2018-04-11 13:34:48 [main] DEBUG o.h.p.w.spi.MetamodelGraphWalker - Visiting attribute path : name
2018-04-11 13:34:48 [main] DEBUG o.h.p.w.spi.MetamodelGraphWalker - Visiting attribute path : password
2018-04-11 13:34:48 [main] DEBUG o.h.l.p.b.i.FetchStyleLoadPlanBuildingAssociationVisitationStrategy - Building LoadPlan...
2018-04-11 13:34:48 [main] DEBUG o.h.l.p.e.i.LoadQueryJoinAndFetchProcessor - processing queryspace <gen:0>
2018-04-11 13:34:48 [main] DEBUG o.h.l.p.b.spi.LoadPlanTreePrinter - LoadPlan(entity=com.stackroute.activitystream.model.User)
    - Returns
       - EntityReturnImpl(entity=com.stackroute.activitystream.model.User, querySpaceUid=<gen:0>, path=com.stackroute.activitystream.model.User)
    - QuerySpaces
       - EntityQuerySpaceImpl(uid=<gen:0>, entity=com.stackroute.activitystream.model.User)
          - SQL table alias mapping - user0_
          - alias suffix - 0_
          - suffixed key columns - {username1_1_0_}

2018-04-11 13:34:48 [main] DEBUG o.h.loader.entity.plan.EntityLoader - Static select for entity com.stackroute.activitystream.model.User [UPGRADE]: select user0_.username as username1_1_0_, user0_.address as address2_1_0_, user0_.company as company3_1_0_, user0_.dob as dob4_1_0_, user0_.education as educatio5_1_0_, user0_.email as email6_1_0_, user0_.lastname as lastname7_1_0_, user0_.mobile as mobile8_1_0_, user0_.name as name9_1_0_, user0_.password as passwor10_1_0_ from user user0_ where user0_.username=? for update
2018-04-11 13:34:48 [main] DEBUG o.h.l.p.b.i.spaces.QuerySpacesImpl - Adding QuerySpace : uid = <gen:0> -> org.hibernate.loader.plan.build.internal.spaces.EntityQuerySpaceImpl@61c4cebd]
2018-04-11 13:34:48 [main] DEBUG o.h.p.w.spi.MetamodelGraphWalker - Visiting attribute path : address
2018-04-11 13:34:48 [main] DEBUG o.h.p.w.spi.MetamodelGraphWalker - Visiting attribute path : company
2018-04-11 13:34:48 [main] DEBUG o.h.p.w.spi.MetamodelGraphWalker - Visiting attribute path : dob
2018-04-11 13:34:48 [main] DEBUG o.h.p.w.spi.MetamodelGraphWalker - Visiting attribute path : education
