2018-04-10 22:59:43 [main] DEBUG o.s.c.e.PropertySourcesPropertyResolver - Could not find key 'spring.application.name:application' in any property source
2018-04-10 22:59:43 [main] DEBUG o.s.c.e.PropertySourcesPropertyResolver - Could not find key 'spring.application.name' in any property source
2018-04-10 22:59:43 [main] DEBUG o.s.c.e.PropertySourcesPropertyResolver - Could not find key 'PORT:null' in any property source
2018-04-10 22:59:43 [main] DEBUG o.s.c.e.PropertySourcesPropertyResolver - Could not find key 'PORT' in any property source
2018-04-10 22:59:43 [main] DEBUG o.s.c.e.PropertySourcesPropertyResolver - Could not find key 'server.port:null' in any property source
2018-04-10 22:59:43 [main] DEBUG o.s.c.e.PropertySourcesPropertyResolver - Found key 'server.port' in PropertySource 'applicationConfigurationProperties' with value of type Integer
2018-04-10 22:59:43 [main] DEBUG o.s.c.e.PropertySourcesPropertyResolver - Could not find key 'spring.application.index:8084' in any property source
2018-04-10 22:59:43 [main] DEBUG o.s.c.e.PropertySourcesPropertyResolver - Could not find key 'spring.application.index' in any property source
2018-04-10 22:59:43 [main] DEBUG o.s.c.e.PropertySourcesPropertyResolver - Could not find key 'vcap.application.instance_index:8084' in any property source
2018-04-10 22:59:43 [main] DEBUG o.s.c.e.PropertySourcesPropertyResolver - Could not find key 'vcap.application.instance_index' in any property source
2018-04-10 22:59:43 [main] DEBUG o.s.c.e.PropertySourcesPropertyResolver - Could not find key 'spring.profiles.active' in any property source
2018-04-10 22:59:43 [main] DEBUG o.s.b.f.s.DefaultListableBeanFactory - Returning cached instance of singleton bean 'autoConfigurationReport'
2018-04-10 22:59:43 [main] INFO  c.s.a.CircleServiceSpringBootApplication - Starting CircleServiceSpringBootApplication on DESKTOP-ERV4U1A with PID 6356 (K:\Git_Projects\Spring_Assignments\assignment-solution-step7\step7-circleservice-solution\target\classes started by SKalai in K:\Git_Projects\Spring_Assignments\assignment-solution-step7\step7-circleservice-solution)
2018-04-10 22:59:43 [main] DEBUG c.s.a.CircleServiceSpringBootApplication - Running with Spring Boot v1.5.9.RELEASE, Spring v4.3.13.RELEASE
2018-04-10 22:59:43 [main] DEBUG o.s.c.e.PropertySourcesPropertyResolver - Could not find key 'spring.profiles.active' in any property source
2018-04-10 22:59:43 [main] DEBUG o.s.c.e.PropertySourcesPropertyResolver - Could not find key 'spring.profiles.default' in any property source
2018-04-10 22:59:43 [main] INFO  c.s.a.CircleServiceSpringBootApplication - No active profile set, falling back to default profiles: default
2018-04-10 22:59:43 [main] DEBUG o.s.boot.SpringApplication - Loading source class com.stackroute.activitystream.CircleServiceSpringBootApplication
2018-04-10 22:59:43 [main] DEBUG o.s.c.a.ClassPathBeanDefinitionScanner - JSR-250 'javax.annotation.ManagedBean' found and supported for component scanning
2018-04-10 22:59:43 [main] DEBUG o.s.b.c.c.ConfigFileApplicationListener - Loaded config file 'file:/K:/Git_Projects/Spring_Assignments/assignment-solution-step7/step7-circleservice-solution/target/classes/application.yml' (classpath:/application.yml)
2018-04-10 22:59:43 [main] DEBUG o.s.b.c.c.ConfigFileApplicationListener - Skipped (empty) config file 'file:/K:/Git_Projects/Spring_Assignments/assignment-solution-step7/step7-circleservice-solution/target/classes/application.yml' (classpath:/application.yml) for profile default
2018-04-10 22:59:43 [main] INFO  o.s.b.c.e.AnnotationConfigEmbeddedWebApplicationContext - Refreshing org.springframework.boot.context.embedded.AnnotationConfigEmbeddedWebApplicationContext@47dbb1e2: startup date [Tue Apr 10 22:59:43 IST 2018]; root of context hierarchy
2018-04-10 22:59:43 [main] DEBUG o.s.b.c.e.AnnotationConfigEmbeddedWebApplicationContext - Bean factory for org.springframework.boot.context.embedded.AnnotationConfigEmbeddedWebApplicationContext@47dbb1e2: org.springframework.beans.factory.support.DefaultListableBeanFactory@2755d705: defining beans [org.springframework.context.annotation.internalConfigurationAnnotationProcessor,org.springframework.context.annotation.internalAutowiredAnnotationProcessor,org.springframework.context.annotation.internalRequiredAnnotationProcessor,org.springframework.context.annotation.internalCommonAnnotationProcessor,org.springframework.context.annotation.internalPersistenceAnnotationProcessor,org.springframework.context.event.internalEventListenerProcessor,org.springframework.context.event.internalEventListenerFactory,circleServiceSpringBootApplication]; root of factory hierarchy
2018-04-10 22:59:43 [main] DEBUG o.s.b.f.s.DefaultListableBeanFactory - Creating shared instance of singleton bean 'org.springframework.context.annotation.internalConfigurationAnnotationProcessor'
2018-04-10 22:59:43 [main] DEBUG o.s.b.f.s.DefaultListableBeanFactory - Creating instance of bean 'org.springframework.context.annotation.internalConfigurationAnnotationProcessor'
2018-04-10 22:59:43 [main] DEBUG o.s.b.f.s.DefaultListableBeanFactory - Eagerly caching bean 'org.springframework.context.annotation.internalConfigurationAnnotationProcessor' to allow for resolving potential circular references
2018-04-10 22:59:43 [main] DEBUG o.s.b.f.s.DefaultListableBeanFactory - Creating shared instance of singleton bean 'org.springframework.boot.autoconfigure.internalCachingMetadataReaderFactory'
2018-04-10 22:59:43 [main] DEBUG o.s.b.f.s.DefaultListableBeanFactory - Creating instance of bean 'org.springframework.boot.autoconfigure.internalCachingMetadataReaderFactory'
2018-04-10 22:59:43 [main] DEBUG o.s.b.f.s.DefaultListableBeanFactory - Eagerly caching bean 'org.springframework.boot.autoconfigure.internalCachingMetadataReaderFactory' to allow for resolving potential circular references
2018-04-10 22:59:43 [main] DEBUG o.s.b.f.s.DefaultListableBeanFactory - Finished creating instance of bean 'org.springframework.boot.autoconfigure.internalCachingMetadataReaderFactory'
2018-04-10 22:59:43 [main] DEBUG o.s.b.f.s.DefaultListableBeanFactory - Finished creating instance of bean 'org.springframework.context.annotation.internalConfigurationAnnotationProcessor'
2018-04-10 22:59:43 [main] DEBUG o.s.c.a.ClassPathBeanDefinitionScanner - JSR-250 'javax.annotation.ManagedBean' found and supported for component scanning
2018-04-10 22:59:43 [main] DEBUG o.s.c.i.s.PathMatchingResourcePatternResolver - Resolved classpath location [com/stackroute/activitystream/] to resources [URL [file:/K:/Git_Projects/Spring_Assignments/assignment-solution-step7/step7-circleservice-solution/target/classes/com/stackroute/activitystream/], URL [file:/K:/Git_Projects/Spring_Assignments/assignment-solution-step7/step7-authenticationservice-solution/target/classes/com/stackroute/activitystream/], URL [file:/K:/Git_Projects/Spring_Assignments/assignment-solution-step7/step7-authenticationservice-solution/target/test-classes/com/stackroute/activitystream/]]
2018-04-10 22:59:43 [main] DEBUG o.s.c.i.s.PathMatchingResourcePatternResolver - Looking for matching resources in directory tree [K:\Git_Projects\Spring_Assignments\assignment-solution-step7\step7-circleservice-solution\target\classes\com\stackroute\activitystream]
2018-04-10 22:59:43 [main] DEBUG o.s.c.i.s.PathMatchingResourcePatternResolver - Searching directory [K:\Git_Projects\Spring_Assignments\assignment-solution-step7\step7-circleservice-solution\target\classes\com\stackroute\activitystream] for files matching pattern [K:/Git_Projects/Spring_Assignments/assignment-solution-step7/step7-circleservice-solution/target/classes/com/stackroute/activitystream/**/*.class]
2018-04-10 22:59:43 [main] DEBUG o.s.c.i.s.PathMatchingResourcePatternResolver - Searching directory [K:\Git_Projects\Spring_Assignments\assignment-solution-step7\step7-circleservice-solution\target\classes\com\stackroute\activitystream\aspect] for files matching pattern [K:/Git_Projects/Spring_Assignments/assignment-solution-step7/step7-circleservice-solution/target/classes/com/stackroute/activitystream/**/*.class]
2018-04-10 22:59:43 [main] DEBUG o.s.c.i.s.PathMatchingResourcePatternResolver - Searching directory [K:\Git_Projects\Spring_Assignments\assignment-solution-step7\step7-circleservice-solution\target\classes\com\stackroute\activitystream\config] for files matching pattern [K:/Git_Projects/Spring_Assignments/assignment-solution-step7/step7-circleservice-solution/target/classes/com/stackroute/activitystream/**/*.class]
2018-04-10 22:59:43 [background-preinit] DEBUG org.jboss.logging - Logging Provider: org.jboss.logging.Slf4jLoggerProvider found via system property
2018-04-10 22:59:43 [background-preinit] INFO  o.h.validator.internal.util.Version - HV000001: Hibernate Validator 5.3.6.Final
2018-04-10 22:59:43 [main] DEBUG o.s.c.i.s.PathMatchingResourcePatternResolver - Searching directory [K:\Git_Projects\Spring_Assignments\assignment-solution-step7\step7-circleservice-solution\target\classes\com\stackroute\activitystream\controller] for files matching pattern [K:/Git_Projects/Spring_Assignments/assignment-solution-step7/step7-circleservice-solution/target/classes/com/stackroute/activitystream/**/*.class]
2018-04-10 22:59:43 [main] DEBUG o.s.c.i.s.PathMatchingResourcePatternResolver - Searching directory [K:\Git_Projects\Spring_Assignments\assignment-solution-step7\step7-circleservice-solution\target\classes\com\stackroute\activitystream\model] for files matching pattern [K:/Git_Projects/Spring_Assignments/assignment-solution-step7/step7-circleservice-solution/target/classes/com/stackroute/activitystream/**/*.class]
2018-04-10 22:59:43 [main] DEBUG o.s.c.i.s.PathMatchingResourcePatternResolver - Searching directory [K:\Git_Projects\Spring_Assignments\assignment-solution-step7\step7-circleservice-solution\target\classes\com\stackroute\activitystream\repository] for files matching pattern [K:/Git_Projects/Spring_Assignments/assignment-solution-step7/step7-circleservice-solution/target/classes/com/stackroute/activitystream/**/*.class]
2018-04-10 22:59:43 [main] DEBUG o.s.c.i.s.PathMatchingResourcePatternResolver - Searching directory [K:\Git_Projects\Spring_Assignments\assignment-solution-step7\step7-circleservice-solution\target\classes\com\stackroute\activitystream\service] for files matching pattern [K:/Git_Projects/Spring_Assignments/assignment-solution-step7/step7-circleservice-solution/target/classes/com/stackroute/activitystream/**/*.class]
2018-04-10 22:59:43 [main] DEBUG o.s.c.i.s.PathMatchingResourcePatternResolver - Looking for matching resources in directory tree [K:\Git_Projects\Spring_Assignments\assignment-solution-step7\step7-authenticationservice-solution\target\classes\com\stackroute\activitystream]
2018-04-10 22:59:43 [main] DEBUG o.s.c.i.s.PathMatchingResourcePatternResolver - Searching directory [K:\Git_Projects\Spring_Assignments\assignment-solution-step7\step7-authenticationservice-solution\target\classes\com\stackroute\activitystream] for files matching pattern [K:/Git_Projects/Spring_Assignments/assignment-solution-step7/step7-authenticationservice-solution/target/classes/com/stackroute/activitystream/**/*.class]
2018-04-10 22:59:43 [main] DEBUG o.s.c.i.s.PathMatchingResourcePatternResolver - Searching directory [K:\Git_Projects\Spring_Assignments\assignment-solution-step7\step7-authenticationservice-solution\target\classes\com\stackroute\activitystream\aspect] for files matching pattern [K:/Git_Projects/Spring_Assignments/assignment-solution-step7/step7-authenticationservice-solution/target/classes/com/stackroute/activitystream/**/*.class]
2018-04-10 22:59:43 [main] DEBUG o.s.c.i.s.PathMatchingResourcePatternResolver - Searching directory [K:\Git_Projects\Spring_Assignments\assignment-solution-step7\step7-authenticationservice-solution\target\classes\com\stackroute\activitystream\config] for files matching pattern [K:/Git_Projects/Spring_Assignments/assignment-solution-step7/step7-authenticationservice-solution/target/classes/com/stackroute/activitystream/**/*.class]
2018-04-10 22:59:43 [main] DEBUG o.s.c.i.s.PathMatchingResourcePatternResolver - Searching directory [K:\Git_Projects\Spring_Assignments\assignment-solution-step7\step7-authenticationservice-solution\target\classes\com\stackroute\activitystream\controller] for files matching pattern [K:/Git_Projects/Spring_Assignments/assignment-solution-step7/step7-authenticationservice-solution/target/classes/com/stackroute/activitystream/**/*.class]
