2018-04-10 23:13:34 [http-nio-8084-exec-9] DEBUG o.h.jpa.criteria.CriteriaQueryImpl - Rendered criteria query -> select generatedAlias0 from Circle as generatedAlias0
2018-04-10 23:13:34 [http-nio-8084-exec-9] DEBUG org.hibernate.SQL - select circle0_.circle_name as circle_n1_0_, circle0_.created_date as created_2_0_, circle0_.creator_id as creator_3_0_, circle0_.purpose as purpose4_0_ from circle circle0_
2018-04-10 23:13:34 [http-nio-8084-exec-9] DEBUG org.hibernate.loader.Loader - Result set row: 0
2018-04-10 23:13:34 [http-nio-8084-exec-9] DEBUG org.hibernate.loader.Loader - Result row: EntityKey[com.stackroute.activitystream.model.Circle#KiNg'S]
2018-04-10 23:13:34 [http-nio-8084-exec-9] DEBUG org.hibernate.loader.Loader - Result set row: 1
2018-04-10 23:13:34 [http-nio-8084-exec-9] DEBUG org.hibernate.loader.Loader - Result row: EntityKey[com.stackroute.activitystream.model.Circle#StackRoute Niit]
2018-04-10 23:13:34 [http-nio-8084-exec-9] DEBUG o.h.engine.internal.TwoPhaseLoad - Resolving associations for [com.stackroute.activitystream.model.Circle#KiNg'S]
2018-04-10 23:13:34 [http-nio-8084-exec-9] DEBUG o.h.engine.internal.TwoPhaseLoad - Done materializing entity [com.stackroute.activitystream.model.Circle#KiNg'S]
2018-04-10 23:13:34 [http-nio-8084-exec-9] DEBUG o.h.engine.internal.TwoPhaseLoad - Resolving associations for [com.stackroute.activitystream.model.Circle#StackRoute Niit]
2018-04-10 23:13:34 [http-nio-8084-exec-9] DEBUG o.h.engine.internal.TwoPhaseLoad - Done materializing entity [com.stackroute.activitystream.model.Circle#StackRoute Niit]
2018-04-10 23:13:34 [http-nio-8084-exec-9] DEBUG o.s.orm.jpa.JpaTransactionManager - Initiating transaction commit
2018-04-10 23:13:34 [http-nio-8084-exec-9] DEBUG o.s.orm.jpa.JpaTransactionManager - Committing JPA transaction on EntityManager [org.hibernate.jpa.internal.EntityManagerImpl@410d797d]
2018-04-10 23:13:34 [http-nio-8084-exec-9] DEBUG o.h.e.t.internal.TransactionImpl - committing
2018-04-10 23:13:34 [http-nio-8084-exec-9] DEBUG o.s.jdbc.datasource.DataSourceUtils - Resetting read-only flag of JDBC Connection [ProxyConnection[PooledConnection[com.mysql.jdbc.JDBC4Connection@a0f5dd0]]]
2018-04-10 23:13:34 [http-nio-8084-exec-9] DEBUG o.s.orm.jpa.JpaTransactionManager - Not closing pre-bound JPA EntityManager after transaction
2018-04-10 23:13:34 [http-nio-8084-exec-9] DEBUG o.s.w.s.m.m.a.HttpEntityMethodProcessor - Written [[com.stackroute.activitystream.model.Circle@4c8703ad, com.stackroute.activitystream.model.Circle@712596ff]] as "application/json" using [org.springframework.http.converter.json.MappingJackson2HttpMessageConverter@22fc25b7]
2018-04-10 23:13:34 [http-nio-8084-exec-9] DEBUG o.s.web.servlet.DispatcherServlet - Null ModelAndView returned to DispatcherServlet with name 'dispatcherServlet': assuming HandlerAdapter completed request handling
2018-04-10 23:13:34 [http-nio-8084-exec-9] DEBUG o.s.o.j.s.OpenEntityManagerInViewInterceptor - Closing JPA EntityManager in OpenEntityManagerInViewInterceptor
2018-04-10 23:13:34 [http-nio-8084-exec-9] DEBUG o.s.o.jpa.EntityManagerFactoryUtils - Closing JPA EntityManager
2018-04-10 23:13:34 [http-nio-8084-exec-9] DEBUG o.s.web.servlet.DispatcherServlet - Successfully completed request
