2018-04-10 23:00:19 [main] DEBUG o.s.b.f.s.DefaultListableBeanFactory - Returning cached instance of singleton bean 'entityManagerFactory'
2018-04-10 23:00:19 [main] DEBUG o.s.b.f.s.DefaultListableBeanFactory - Returning cached instance of singleton bean 'org.springframework.transaction.config.internalTransactionAdvisor'
2018-04-10 23:00:19 [main] DEBUG o.s.b.f.s.DefaultListableBeanFactory - Returning cached instance of singleton bean 'org.springframework.transaction.config.internalTransactionAdvisor'
2018-04-10 23:00:19 [main] DEBUG o.s.b.f.s.DefaultListableBeanFactory - Returning cached instance of singleton bean 'dataSourceInitializer'
2018-04-10 23:00:19 [main] DEBUG o.s.c.i.s.PathMatchingResourcePatternResolver - Resolved classpath location [data-all.sql] to resources []
2018-04-10 23:00:19 [main] DEBUG o.s.c.i.s.PathMatchingResourcePatternResolver - Resolved classpath location [data.sql] to resources []
2018-04-10 23:00:19 [main] DEBUG o.s.b.f.s.DefaultListableBeanFactory - Returning cached instance of singleton bean 'org.springframework.transaction.config.internalTransactionAdvisor'
2018-04-10 23:00:19 [main] DEBUG o.s.b.f.s.DefaultListableBeanFactory - Returning cached instance of singleton bean 'org.springframework.transaction.config.internalTransactionAdvisor'
2018-04-10 23:00:19 [main] DEBUG o.s.b.f.s.DefaultListableBeanFactory - Finished creating instance of bean '(inner bean)#654b899f'
2018-04-10 23:00:19 [main] DEBUG o.s.b.f.s.DefaultListableBeanFactory - Creating shared instance of singleton bean 'jpaMappingContext'
2018-04-10 23:00:19 [main] DEBUG o.s.b.f.s.DefaultListableBeanFactory - Creating instance of bean 'jpaMappingContext'
2018-04-10 23:00:19 [main] DEBUG o.s.b.f.s.DefaultListableBeanFactory - Returning cached instance of singleton bean 'org.springframework.transaction.config.internalTransactionAdvisor'
2018-04-10 23:00:19 [main] DEBUG o.s.b.f.s.DefaultListableBeanFactory - Eagerly caching bean 'jpaMappingContext' to allow for resolving potential circular references
2018-04-10 23:00:19 [main] DEBUG o.s.b.f.s.DefaultListableBeanFactory - Invoking afterPropertiesSet() on bean with name 'jpaMappingContext'
2018-04-10 23:00:19 [main] DEBUG o.s.b.f.s.DefaultListableBeanFactory - Returning cached instance of singleton bean 'entityManagerFactory'
2018-04-10 23:00:19 [main] DEBUG o.s.b.f.s.DefaultListableBeanFactory - Returning cached instance of singleton bean 'org.springframework.transaction.config.internalTransactionAdvisor'
2018-04-10 23:00:19 [main] DEBUG o.s.b.f.s.DefaultListableBeanFactory - Returning cached instance of singleton bean 'org.springframework.transaction.config.internalTransactionAdvisor'
2018-04-10 23:00:19 [main] DEBUG o.s.b.f.s.DefaultListableBeanFactory - Finished creating instance of bean 'jpaMappingContext'
2018-04-10 23:00:19 [main] DEBUG o.s.b.f.s.DefaultListableBeanFactory - Returning cached instance of singleton bean 'org.springframework.transaction.config.internalTransactionAdvisor'
2018-04-10 23:00:19 [main] DEBUG o.s.b.f.s.DefaultListableBeanFactory - Returning cached instance of singleton bean 'org.springframework.transaction.config.internalTransactionAdvisor'
2018-04-10 23:00:19 [main] DEBUG o.s.b.f.s.DefaultListableBeanFactory - Invoking afterPropertiesSet() on bean with name 'circleRepository'
2018-04-10 23:00:19 [main] DEBUG o.s.o.j.SharedEntityManagerCreator$SharedEntityManagerInvocationHandler - Creating new EntityManager for shared EntityManager invocation
2018-04-10 23:00:19 [main] DEBUG o.h.s.internal.StatisticsInitiator - Statistics initialized [enabled=false]
2018-04-10 23:00:19 [main] DEBUG o.s.o.jpa.EntityManagerFactoryUtils - Closing JPA EntityManager
2018-04-10 23:00:19 [main] DEBUG o.s.o.j.SharedEntityManagerCreator$SharedEntityManagerInvocationHandler - Creating new EntityManager for shared EntityManager invocation
2018-04-10 23:00:19 [main] DEBUG o.s.o.jpa.EntityManagerFactoryUtils - Closing JPA EntityManager
2018-04-10 23:00:19 [main] DEBUG o.s.o.j.SharedEntityManagerCreator$SharedEntityManagerInvocationHandler - Creating new EntityManager for shared EntityManager invocation
2018-04-10 23:00:19 [main] DEBUG o.s.o.jpa.EntityManagerFactoryUtils - Closing JPA EntityManager
2018-04-10 23:00:19 [main] DEBUG o.s.o.j.SharedEntityManagerCreator$SharedEntityManagerInvocationHandler - Creating new EntityManager for shared EntityManager invocation
2018-04-10 23:00:19 [main] DEBUG o.s.o.jpa.EntityManagerFactoryUtils - Closing JPA EntityManager
2018-04-10 23:00:19 [main] DEBUG o.s.aop.framework.JdkDynamicAopProxy - Creating JDK dynamic proxy: target source is org.springframework.data.jpa.repository.support.CrudMethodMetadataPostProcessor$ThreadBoundTargetSource@a7bbdbc
2018-04-10 23:00:19 [main] DEBUG o.s.o.j.SharedEntityManagerCreator$SharedEntityManagerInvocationHandler - Creating new EntityManager for shared EntityManager invocation
2018-04-10 23:00:19 [main] DEBUG o.s.o.jpa.EntityManagerFactoryUtils - Closing JPA EntityManager
2018-04-10 23:00:20 [main] DEBUG o.s.d.j.r.query.JpaQueryFactory - Looking up query for method findAll
2018-04-10 23:00:20 [main] DEBUG o.h.h.i.QueryTranslatorFactoryInitiator - QueryTranslatorFactory : org.hibernate.hql.internal.ast.ASTQueryTranslatorFactory@611a2d82
2018-04-10 23:00:20 [main] INFO  o.h.h.i.QueryTranslatorFactoryInitiator - HHH000397: Using ASTQueryTranslatorFactory
2018-04-10 23:00:20 [main] DEBUG o.h.h.i.ast.QueryTranslatorImpl - parse() - HQL: from com.stackroute.activitystream.model.Circle where circleName like :searchString
2018-04-10 23:00:20 [main] DEBUG o.h.h.i.ast.QueryTranslatorImpl - --- HQL AST ---
 \-[QUERY] Node: 'query'
    +-[SELECT_FROM] Node: 'SELECT_FROM'
    |  \-[FROM] Node: 'from'
    |     \-[RANGE] Node: 'RANGE'
    |        \-[DOT] Node: '.'
    |           +-[DOT] Node: '.'
    |           |  +-[DOT] Node: '.'
    |           |  |  +-[DOT] Node: '.'
    |           |  |  |  +-[IDENT] Node: 'com'
    |           |  |  |  \-[IDENT] Node: 'stackroute'
    |           |  |  \-[IDENT] Node: 'activitystream'
    |           |  \-[IDENT] Node: 'model'
    |           \-[IDENT] Node: 'Circle'
    \-[WHERE] Node: 'where'
       \-[LIKE] Node: 'like'
          +-[IDENT] Node: 'circleName'
          \-[COLON] Node: ':'
             \-[IDENT] Node: 'searchString'

2018-04-10 23:00:20 [main] DEBUG o.h.hql.internal.ast.ErrorCounter - throwQueryException() : no errors
2018-04-10 23:00:20 [main] DEBUG o.h.h.i.antlr.HqlSqlBaseWalker - select << begin [level=1, statement=select]
2018-04-10 23:00:20 [main] DEBUG o.h.h.internal.ast.tree.FromElement - FromClause{level=1} : com.stackroute.activitystream.model.Circle (<no alias>) -> circle0_
2018-04-10 23:00:20 [main] DEBUG o.h.h.i.ast.tree.FromReferenceNode - Resolved : {synthetic-alias} -> {synthetic-alias}
2018-04-10 23:00:20 [main] DEBUG o.h.hql.internal.ast.tree.DotNode - getDataType() : circleName -> org.hibernate.type.StringType@1e92c3b6
2018-04-10 23:00:20 [main] DEBUG o.h.h.i.ast.tree.FromReferenceNode - Resolved : {synthetic-alias}.circleName -> circle0_.circle_name
2018-04-10 23:00:20 [main] DEBUG o.h.h.i.antlr.HqlSqlBaseWalker - select : finishing up [level=1, statement=select]
2018-04-10 23:00:20 [main] DEBUG o.h.hql.internal.ast.HqlSqlWalker - processQuery() :  ( SELECT ( FromClause{level=1} circle circle0_ ) ( where ( like ( circle0_.circle_name {synthetic-alias} circleName ) ? ) ) )
2018-04-10 23:00:20 [main] DEBUG o.h.hql.internal.ast.HqlSqlWalker - Derived SELECT clause created.
2018-04-10 23:00:20 [main] DEBUG o.h.h.i.ast.util.JoinProcessor - Using FROM fragment [circle circle0_]
2018-04-10 23:00:20 [main] DEBUG o.h.h.i.antlr.HqlSqlBaseWalker - select >> end [level=1, statement=select]
2018-04-10 23:00:20 [main] DEBUG o.h.h.i.ast.QueryTranslatorImpl - --- SQL AST ---
 \-[SELECT] QueryNode: 'SELECT'  querySpaces (circle)
    +-[SELECT_CLAUSE] SelectClause: '{derived select clause}'
    |  +-[SELECT_EXPR] SelectExpressionImpl: 'circle0_.circle_name as circle_n1_0_' {FromElement{explicit,not a collection join,not a fetch join,fetch non-lazy properties,classAlias=null,role=null,tableName=circle,tableAlias=circle0_,origin=null,columns={,className=com.stackroute.activitystream.model.Circle}}}
    |  \-[SQL_TOKEN] SqlFragment: 'circle0_.created_date as created_2_0_, circle0_.creator_id as creator_3_0_, circle0_.purpose as purpose4_0_'
    +-[FROM] FromClause: 'from' FromClause{level=1, fromElementCounter=1, fromElements=1, fromElementByClassAlias=[], fromElementByTableAlias=[circle0_], fromElementsByPath=[], collectionJoinFromElementsByPath=[], impliedElements=[]}
    |  \-[FROM_FRAGMENT] FromElement: 'circle circle0_' FromElement{explicit,not a collection join,not a fetch join,fetch non-lazy properties,classAlias=null,role=null,tableName=circle,tableAlias=circle0_,origin=null,columns={,className=com.stackroute.activitystream.model.Circle}}
    \-[WHERE] SqlNode: 'where'
       \-[LIKE] BinaryLogicOperatorNode: 'like'
          +-[DOT] DotNode: 'circle0_.circle_name' {propertyName=circleName,dereferenceType=PRIMITIVE,getPropertyPath=circleName,path={synthetic-alias}.circleName,tableAlias=circle0_,className=com.stackroute.activitystream.model.Circle,classAlias=null}
          |  +-[IDENT] IdentNode: '{synthetic-alias}' {originalText={synthetic-alias}}
          |  \-[IDENT] IdentNode: 'circleName' {originalText=circleName}
          \-[NAMED_PARAM] ParameterNode: '?' {name=searchString, expectedType=org.hibernate.type.StringType@1e92c3b6}

2018-04-10 23:00:20 [main] DEBUG o.h.hql.internal.ast.ErrorCounter - throwQueryException() : no errors
2018-04-10 23:00:20 [main] DEBUG o.h.h.i.ast.QueryTranslatorImpl - HQL: from com.stackroute.activitystream.model.Circle where circleName like :searchString
2018-04-10 23:00:20 [main] DEBUG o.h.h.i.ast.QueryTranslatorImpl - SQL: select circle0_.circle_name as circle_n1_0_, circle0_.created_date as created_2_0_, circle0_.creator_id as creator_3_0_, circle0_.purpose as purpose4_0_ from circle circle0_ where circle0_.circle_name like ?
2018-04-10 23:00:20 [main] DEBUG o.h.hql.internal.ast.ErrorCounter - throwQueryException() : no errors
2018-04-10 23:00:20 [main] DEBUG o.s.aop.framework.JdkDynamicAopProxy - Creating JDK dynamic proxy: target source is SingletonTargetSource for target object [org.springframework.data.jpa.repository.support.SimpleJpaRepository@16e5344c]
2018-04-10 23:00:20 [main] DEBUG o.s.b.f.s.DefaultListableBeanFactory - Returning cached instance of singleton bean 'org.springframework.transaction.config.internalTransactionAdvisor'
2018-04-10 23:00:20 [main] DEBUG o.s.b.f.s.DefaultListableBeanFactory - Returning cached instance of singleton bean 'org.springframework.transaction.config.internalTransactionAdvisor'
2018-04-10 23:00:20 [main] DEBUG o.s.b.f.s.DefaultListableBeanFactory - Finished creating instance of bean 'circleRepository'
2018-04-10 23:00:20 [main] DEBUG o.s.b.f.s.DefaultListableBeanFactory - Returning cached instance of singleton bean 'org.springframework.transaction.config.internalTransactionAdvisor'
2018-04-10 23:00:20 [main] DEBUG o.s.b.f.s.DefaultListableBeanFactory - Returning cached instance of singleton bean 'org.springframework.transaction.config.internalTransactionAdvisor'
2018-04-10 23:00:20 [main] DEBUG o.s.b.f.a.AutowiredAnnotationBeanPostProcessor - Autowiring by type from bean name 'circleServiceImpl' to bean named 'circleRepository'
2018-04-10 23:00:20 [main] DEBUG o.s.b.f.s.DefaultListableBeanFactory - Returning cached instance of singleton bean 'org.springframework.transaction.config.internalTransactionAdvisor'
2018-04-10 23:00:20 [main] DEBUG o.s.b.f.s.DefaultListableBeanFactory - Returning cached instance of singleton bean 'org.springframework.transaction.config.internalTransactionAdvisor'
2018-04-10 23:00:20 [main] DEBUG o.s.b.f.s.DefaultListableBeanFactory - Finished creating instance of bean 'circleServiceImpl'
