2018-04-11 13:35:46 [main] DEBUG o.h.h.i.ast.QueryTranslatorImpl - --- HQL AST ---
 \-[QUERY] Node: 'query'
    +-[SELECT_FROM] Node: 'SELECT_FROM'
    |  \-[FROM] Node: 'from'
    |     \-[RANGE] Node: 'RANGE'
    |        \-[DOT] Node: '.'
    |           +-[DOT] Node: '.'
    |           |  +-[DOT] Node: '.'
    |           |  |  +-[DOT] Node: '.'
    |           |  |  |  +-[IDENT] Node: 'com'
    |           |  |  |  \-[IDENT] Node: 'stackroute'
    |           |  |  \-[IDENT] Node: 'activitystream'
    |           |  \-[IDENT] Node: 'model'
    |           \-[IDENT] Node: 'Message'
    \-[WHERE] Node: 'where'
       \-[EQ] Node: '='
          +-[IDENT] Node: 'tag'
          \-[COLON] Node: ':'
             \-[IDENT] Node: 'tag'

2018-04-11 13:35:46 [main] DEBUG o.h.hql.internal.ast.ErrorCounter - throwQueryException() : no errors
2018-04-11 13:35:46 [main] DEBUG o.h.h.i.antlr.HqlSqlBaseWalker - select << begin [level=1, statement=select]
2018-04-11 13:35:46 [main] DEBUG o.h.h.internal.ast.tree.FromElement - FromClause{level=1} : com.stackroute.activitystream.model.Message (<no alias>) -> message0_
2018-04-11 13:35:46 [main] DEBUG o.h.h.i.ast.tree.FromReferenceNode - Resolved : {synthetic-alias} -> {synthetic-alias}
2018-04-11 13:35:46 [main] DEBUG o.h.hql.internal.ast.tree.DotNode - getDataType() : tag -> org.hibernate.type.StringType@677cb96e
2018-04-11 13:35:46 [main] DEBUG o.h.h.i.ast.tree.FromReferenceNode - Resolved : {synthetic-alias}.tag -> message0_.tag
2018-04-11 13:35:46 [main] DEBUG o.h.h.i.antlr.HqlSqlBaseWalker - select : finishing up [level=1, statement=select]
2018-04-11 13:35:46 [main] DEBUG o.h.hql.internal.ast.HqlSqlWalker - processQuery() :  ( SELECT ( FromClause{level=1} message message0_ ) ( where ( = ( message0_.tag {synthetic-alias} tag ) ? ) ) )
2018-04-11 13:35:46 [main] DEBUG o.h.hql.internal.ast.HqlSqlWalker - Derived SELECT clause created.
2018-04-11 13:35:46 [main] DEBUG o.h.h.i.ast.util.JoinProcessor - Using FROM fragment [message message0_]
2018-04-11 13:35:46 [main] DEBUG o.h.h.i.antlr.HqlSqlBaseWalker - select >> end [level=1, statement=select]
2018-04-11 13:35:46 [main] DEBUG o.h.h.i.ast.QueryTranslatorImpl - --- SQL AST ---
 \-[SELECT] QueryNode: 'SELECT'  querySpaces (message)
    +-[SELECT_CLAUSE] SelectClause: '{derived select clause}'
    |  +-[SELECT_EXPR] SelectExpressionImpl: 'message0_.message_id as message_1_1_' {FromElement{explicit,not a collection join,not a fetch join,fetch non-lazy properties,classAlias=null,role=null,tableName=message,tableAlias=message0_,origin=null,columns={,className=com.stackroute.activitystream.model.Message}}}
    |  \-[SQL_TOKEN] SqlFragment: 'message0_.circle_name as circle_n2_1_, message0_.message as message3_1_, message0_.posted_date as posted_d4_1_, message0_.receiver_id as receiver5_1_, message0_.sender_name as sender_n6_1_, message0_.stream_type as stream_t7_1_, message0_.tag as tag8_1_'
    +-[FROM] FromClause: 'from' FromClause{level=1, fromElementCounter=1, fromElements=1, fromElementByClassAlias=[], fromElementByTableAlias=[message0_], fromElementsByPath=[], collectionJoinFromElementsByPath=[], impliedElements=[]}
    |  \-[FROM_FRAGMENT] FromElement: 'message message0_' FromElement{explicit,not a collection join,not a fetch join,fetch non-lazy properties,classAlias=null,role=null,tableName=message,tableAlias=message0_,origin=null,columns={,className=com.stackroute.activitystream.model.Message}}
    \-[WHERE] SqlNode: 'where'
       \-[EQ] BinaryLogicOperatorNode: '='
          +-[DOT] DotNode: 'message0_.tag' {propertyName=tag,dereferenceType=PRIMITIVE,getPropertyPath=tag,path={synthetic-alias}.tag,tableAlias=message0_,className=com.stackroute.activitystream.model.Message,classAlias=null}
          |  +-[IDENT] IdentNode: '{synthetic-alias}' {originalText={synthetic-alias}}
          |  \-[IDENT] IdentNode: 'tag' {originalText=tag}
          \-[NAMED_PARAM] ParameterNode: '?' {name=tag, expectedType=org.hibernate.type.StringType@677cb96e}

2018-04-11 13:35:46 [main] DEBUG o.h.hql.internal.ast.ErrorCounter - throwQueryException() : no errors
2018-04-11 13:35:46 [main] DEBUG o.h.h.i.ast.QueryTranslatorImpl - HQL: from com.stackroute.activitystream.model.Message where tag = :tag
2018-04-11 13:35:46 [main] DEBUG o.h.h.i.ast.QueryTranslatorImpl - SQL: select message0_.message_id as message_1_1_, message0_.circle_name as circle_n2_1_, message0_.message as message3_1_, message0_.posted_date as posted_d4_1_, message0_.receiver_id as receiver5_1_, message0_.sender_name as sender_n6_1_, message0_.stream_type as stream_t7_1_, message0_.tag as tag8_1_ from message message0_ where message0_.tag=?
2018-04-11 13:35:46 [main] DEBUG o.h.hql.internal.ast.ErrorCounter - throwQueryException() : no errors
2018-04-11 13:35:46 [main] DEBUG o.s.d.j.r.query.JpaQueryFactory - Looking up query for method getMessagesFromCircle
2018-04-11 13:35:46 [main] DEBUG o.h.h.i.ast.QueryTranslatorImpl - parse() - HQL: from com.stackroute.activitystream.model.Message where circleName = :circleName order by postedDate asc
2018-04-11 13:35:46 [main] DEBUG o.h.h.i.ast.QueryTranslatorImpl - --- HQL AST ---
 \-[QUERY] Node: 'query'
    +-[SELECT_FROM] Node: 'SELECT_FROM'
    |  \-[FROM] Node: 'from'
    |     \-[RANGE] Node: 'RANGE'
    |        \-[DOT] Node: '.'
    |           +-[DOT] Node: '.'
    |           |  +-[DOT] Node: '.'
    |           |  |  +-[DOT] Node: '.'
    |           |  |  |  +-[IDENT] Node: 'com'
    |           |  |  |  \-[IDENT] Node: 'stackroute'
    |           |  |  \-[IDENT] Node: 'activitystream'
    |           |  \-[IDENT] Node: 'model'
    |           \-[IDENT] Node: 'Message'
    +-[WHERE] Node: 'where'
    |  \-[EQ] Node: '='
    |     +-[IDENT] Node: 'circleName'
    |     \-[COLON] Node: ':'
    |        \-[IDENT] Node: 'circleName'
    \-[ORDER] Node: 'order'
       +-[IDENT] Node: 'postedDate'
       \-[ASCENDING] Node: 'asc'

2018-04-11 13:35:46 [main] DEBUG o.h.hql.internal.ast.ErrorCounter - throwQueryException() : no errors
2018-04-11 13:35:46 [main] DEBUG o.h.h.i.antlr.HqlSqlBaseWalker - select << begin [level=1, statement=select]
2018-04-11 13:35:46 [main] DEBUG o.h.h.internal.ast.tree.FromElement - FromClause{level=1} : com.stackroute.activitystream.model.Message (<no alias>) -> message0_
2018-04-11 13:35:46 [main] DEBUG o.h.h.i.ast.tree.FromReferenceNode - Resolved : {synthetic-alias} -> {synthetic-alias}
2018-04-11 13:35:46 [main] DEBUG o.h.hql.internal.ast.tree.DotNode - getDataType() : circleName -> org.hibernate.type.StringType@677cb96e
2018-04-11 13:35:46 [main] DEBUG o.h.h.i.ast.tree.FromReferenceNode - Resolved : {synthetic-alias}.circleName -> message0_.circle_name
2018-04-11 13:35:46 [main] DEBUG o.h.h.i.ast.tree.FromReferenceNode - Resolved : {synthetic-alias} -> {synthetic-alias}
2018-04-11 13:35:46 [main] DEBUG o.h.hql.internal.ast.tree.DotNode - getDataType() : postedDate -> org.hibernate.type.TimestampType@464aeb09
2018-04-11 13:35:46 [main] DEBUG o.h.h.i.ast.tree.FromReferenceNode - Resolved : {synthetic-alias}.postedDate -> message0_.posted_date
2018-04-11 13:35:46 [main] DEBUG o.h.h.i.antlr.HqlSqlBaseWalker - select : finishing up [level=1, statement=select]
2018-04-11 13:35:46 [main] DEBUG o.h.hql.internal.ast.HqlSqlWalker - processQuery() :  ( SELECT ( FromClause{level=1} message message0_ ) ( where ( = ( message0_.circle_name {synthetic-alias} circleName ) ? ) ) ( order ( message0_.posted_date {synthetic-alias} postedDate ) asc ) )
2018-04-11 13:35:46 [main] DEBUG o.h.hql.internal.ast.HqlSqlWalker - Derived SELECT clause created.
2018-04-11 13:35:46 [main] DEBUG o.h.h.i.ast.util.JoinProcessor - Using FROM fragment [message message0_]
2018-04-11 13:35:46 [main] DEBUG o.h.h.i.antlr.HqlSqlBaseWalker - select >> end [level=1, statement=select]
2018-04-11 13:35:46 [main] DEBUG o.h.h.i.ast.QueryTranslatorImpl - --- SQL AST ---
 \-[SELECT] QueryNode: 'SELECT'  querySpaces (message)
    +-[SELECT_CLAUSE] SelectClause: '{derived select clause}'
    |  +-[SELECT_EXPR] SelectExpressionImpl: 'message0_.message_id as message_1_1_' {FromElement{explicit,not a collection join,not a fetch join,fetch non-lazy properties,classAlias=null,role=null,tableName=message,tableAlias=message0_,origin=null,columns={,className=com.stackroute.activitystream.model.Message}}}
    |  \-[SQL_TOKEN] SqlFragment: 'message0_.circle_name as circle_n2_1_, message0_.message as message3_1_, message0_.posted_date as posted_d4_1_, message0_.receiver_id as receiver5_1_, message0_.sender_name as sender_n6_1_, message0_.stream_type as stream_t7_1_, message0_.tag as tag8_1_'
    +-[FROM] FromClause: 'from' FromClause{level=1, fromElementCounter=1, fromElements=1, fromElementByClassAlias=[], fromElementByTableAlias=[message0_], fromElementsByPath=[], collectionJoinFromElementsByPath=[], impliedElements=[]}
    |  \-[FROM_FRAGMENT] FromElement: 'message message0_' FromElement{explicit,not a collection join,not a fetch join,fetch non-lazy properties,classAlias=null,role=null,tableName=message,tableAlias=message0_,origin=null,columns={,className=com.stackroute.activitystream.model.Message}}
    +-[WHERE] SqlNode: 'where'
    |  \-[EQ] BinaryLogicOperatorNode: '='
    |     +-[DOT] DotNode: 'message0_.circle_name' {propertyName=circleName,dereferenceType=PRIMITIVE,getPropertyPath=circleName,path={synthetic-alias}.circleName,tableAlias=message0_,className=com.stackroute.activitystream.model.Message,classAlias=null}
    |     |  +-[IDENT] IdentNode: '{synthetic-alias}' {originalText={synthetic-alias}}
    |     |  \-[IDENT] IdentNode: 'circleName' {originalText=circleName}
    |     \-[NAMED_PARAM] ParameterNode: '?' {name=circleName, expectedType=org.hibernate.type.StringType@677cb96e}
    \-[ORDER] OrderByClause: 'order'
       +-[DOT] DotNode: 'message0_.posted_date' {propertyName=postedDate,dereferenceType=PRIMITIVE,getPropertyPath=postedDate,path={synthetic-alias}.postedDate,tableAlias=message0_,className=com.stackroute.activitystream.model.Message,classAlias=null}
       |  +-[IDENT] IdentNode: '{synthetic-alias}' {originalText={synthetic-alias}}
       |  \-[IDENT] IdentNode: 'postedDate' {originalText=postedDate}
       \-[ASCENDING] SqlNode: 'asc'

2018-04-11 13:35:46 [main] DEBUG o.h.hql.internal.ast.ErrorCounter - throwQueryException() : no errors
2018-04-11 13:35:46 [main] DEBUG o.h.h.i.ast.QueryTranslatorImpl - HQL: from com.stackroute.activitystream.model.Message where circleName = :circleName order by postedDate asc
2018-04-11 13:35:46 [main] DEBUG o.h.h.i.ast.QueryTranslatorImpl - SQL: select message0_.message_id as message_1_1_, message0_.circle_name as circle_n2_1_, message0_.message as message3_1_, message0_.posted_date as posted_d4_1_, message0_.receiver_id as receiver5_1_, message0_.sender_name as sender_n6_1_, message0_.stream_type as stream_t7_1_, message0_.tag as tag8_1_ from message message0_ where message0_.circle_name=? order by message0_.posted_date asc
2018-04-11 13:35:46 [main] DEBUG o.h.hql.internal.ast.ErrorCounter - throwQueryException() : no errors
2018-04-11 13:35:46 [main] DEBUG o.s.d.j.r.query.JpaQueryFactory - Looking up query for method listMyTags
2018-04-11 13:35:46 [main] DEBUG o.h.h.i.ast.QueryTranslatorImpl - parse() - HQL: from com.stackroute.activitystream.model.UserTag where username = :username
2018-04-11 13:35:46 [main] DEBUG o.h.h.i.ast.QueryTranslatorImpl - --- HQL AST ---
 \-[QUERY] Node: 'query'
    +-[SELECT_FROM] Node: 'SELECT_FROM'
    |  \-[FROM] Node: 'from'
    |     \-[RANGE] Node: 'RANGE'
    |        \-[DOT] Node: '.'
    |           +-[DOT] Node: '.'
    |           |  +-[DOT] Node: '.'
    |           |  |  +-[DOT] Node: '.'
    |           |  |  |  +-[IDENT] Node: 'com'
    |           |  |  |  \-[IDENT] Node: 'stackroute'
    |           |  |  \-[IDENT] Node: 'activitystream'
    |           |  \-[IDENT] Node: 'model'
    |           \-[IDENT] Node: 'UserTag'
    \-[WHERE] Node: 'where'
       \-[EQ] Node: '='
          +-[IDENT] Node: 'username'
          \-[COLON] Node: ':'
             \-[IDENT] Node: 'username'

2018-04-11 13:35:46 [main] DEBUG o.h.hql.internal.ast.ErrorCounter - throwQueryException() : no errors
2018-04-11 13:35:46 [main] DEBUG o.h.h.i.antlr.HqlSqlBaseWalker - select << begin [level=1, statement=select]
2018-04-11 13:35:46 [main] DEBUG o.h.h.internal.ast.tree.FromElement - FromClause{level=1} : com.stackroute.activitystream.model.UserTag (<no alias>) -> usertag0_
2018-04-11 13:35:46 [main] DEBUG o.h.h.i.ast.tree.FromReferenceNode - Resolved : {synthetic-alias} -> {synthetic-alias}
2018-04-11 13:35:46 [main] DEBUG o.h.hql.internal.ast.tree.DotNode - getDataType() : username -> org.hibernate.type.StringType@677cb96e
2018-04-11 13:35:46 [main] DEBUG o.h.h.i.ast.tree.FromReferenceNode - Resolved : {synthetic-alias}.username -> usertag0_.username
2018-04-11 13:35:46 [main] DEBUG o.h.h.i.antlr.HqlSqlBaseWalker - select : finishing up [level=1, statement=select]
2018-04-11 13:35:46 [main] DEBUG o.h.hql.internal.ast.HqlSqlWalker - processQuery() :  ( SELECT ( FromClause{level=1} usertag usertag0_ ) ( where ( = ( usertag0_.username {synthetic-alias} username ) ? ) ) )
2018-04-11 13:35:46 [main] DEBUG o.h.hql.internal.ast.HqlSqlWalker - Derived SELECT clause created.
2018-04-11 13:35:46 [main] DEBUG o.h.h.i.ast.util.JoinProcessor - Using FROM fragment [usertag usertag0_]
2018-04-11 13:35:46 [main] DEBUG o.h.h.i.antlr.HqlSqlBaseWalker - select >> end [level=1, statement=select]
2018-04-11 13:35:46 [main] DEBUG o.h.h.i.ast.QueryTranslatorImpl - --- SQL AST ---
 \-[SELECT] QueryNode: 'SELECT'  querySpaces (usertag)
    +-[SELECT_CLAUSE] SelectClause: '{derived select clause}'
    |  +-[SELECT_EXPR] SelectExpressionImpl: 'usertag0_.user_tag_id as user_tag1_4_' {FromElement{explicit,not a collection join,not a fetch join,fetch non-lazy properties,classAlias=null,role=null,tableName=usertag,tableAlias=usertag0_,origin=null,columns={,className=com.stackroute.activitystream.model.UserTag}}}
    |  \-[SQL_TOKEN] SqlFragment: 'usertag0_.tag as tag2_4_, usertag0_.username as username3_4_'
    +-[FROM] FromClause: 'from' FromClause{level=1, fromElementCounter=1, fromElements=1, fromElementByClassAlias=[], fromElementByTableAlias=[usertag0_], fromElementsByPath=[], collectionJoinFromElementsByPath=[], impliedElements=[]}
    |  \-[FROM_FRAGMENT] FromElement: 'usertag usertag0_' FromElement{explicit,not a collection join,not a fetch join,fetch non-lazy properties,classAlias=null,role=null,tableName=usertag,tableAlias=usertag0_,origin=null,columns={,className=com.stackroute.activitystream.model.UserTag}}
    \-[WHERE] SqlNode: 'where'
       \-[EQ] BinaryLogicOperatorNode: '='
          +-[DOT] DotNode: 'usertag0_.username' {propertyName=username,dereferenceType=PRIMITIVE,getPropertyPath=username,path={synthetic-alias}.username,tableAlias=usertag0_,className=com.stackroute.activitystream.model.UserTag,classAlias=null}
          |  +-[IDENT] IdentNode: '{synthetic-alias}' {originalText={synthetic-alias}}
          |  \-[IDENT] IdentNode: 'username' {originalText=username}
          \-[NAMED_PARAM] ParameterNode: '?' {name=username, expectedType=org.hibernate.type.StringType@677cb96e}

2018-04-11 13:35:46 [main] DEBUG o.h.hql.internal.ast.ErrorCounter - throwQueryException() : no errors
2018-04-11 13:35:46 [main] DEBUG o.h.h.i.ast.QueryTranslatorImpl - HQL: from com.stackroute.activitystream.model.UserTag where username = :username
2018-04-11 13:35:46 [main] DEBUG o.h.h.i.ast.QueryTranslatorImpl - SQL: select usertag0_.user_tag_id as user_tag1_4_, usertag0_.tag as tag2_4_, usertag0_.username as username3_4_ from usertag usertag0_ where usertag0_.username=?
2018-04-11 13:35:46 [main] DEBUG o.h.hql.internal.ast.ErrorCounter - throwQueryException() : no errors
2018-04-11 13:35:46 [main] DEBUG o.s.d.j.r.query.JpaQueryFactory - Looking up query for method getUserTag
2018-04-11 13:35:46 [main] DEBUG o.s.aop.framework.JdkDynamicAopProxy - Creating JDK dynamic proxy: target source is SingletonTargetSource for target object [org.springframework.data.jpa.repository.support.SimpleJpaRepository@39685204]
2018-04-11 13:35:46 [main] DEBUG o.s.b.f.s.DefaultListableBeanFactory - Returning cached instance of singleton bean 'org.springframework.transaction.config.internalTransactionAdvisor'
2018-04-11 13:35:46 [main] DEBUG o.s.b.f.s.DefaultListableBeanFactory - Returning cached instance of singleton bean 'org.springframework.transaction.config.internalTransactionAdvisor'
2018-04-11 13:35:46 [main] DEBUG o.s.b.f.s.DefaultListableBeanFactory - Finished creating instance of bean 'messageRepository'
2018-04-11 13:35:46 [main] DEBUG o.s.b.f.s.DefaultListableBeanFactory - Returning cached instance of singleton bean 'org.springframework.transaction.config.internalTransactionAdvisor'
2018-04-11 13:35:46 [main] DEBUG o.s.b.f.s.DefaultListableBeanFactory - Returning cached instance of singleton bean 'org.springframework.transaction.config.internalTransactionAdvisor'
2018-04-11 13:35:46 [main] DEBUG o.s.b.f.a.AutowiredAnnotationBeanPostProcessor - Autowiring by type from bean name 'messageServiceImpl' to bean named 'messageRepository'
2018-04-11 13:35:46 [main] DEBUG o.s.b.f.s.DefaultListableBeanFactory - Returning cached instance of singleton bean 'org.springframework.transaction.config.internalTransactionAdvisor'
2018-04-11 13:35:46 [main] DEBUG o.s.b.f.s.DefaultListableBeanFactory - Returning cached instance of singleton bean 'org.springframework.transaction.config.internalTransactionAdvisor'
2018-04-11 13:35:46 [main] DEBUG o.s.b.f.s.DefaultListableBeanFactory - Finished creating instance of bean 'messageServiceImpl'
2018-04-11 13:35:46 [main] DEBUG o.s.b.f.a.AutowiredAnnotationBeanPostProcessor - Autowiring by type from bean name 'messageController' to bean named 'messageServiceImpl'
2018-04-11 13:35:46 [main] DEBUG o.s.b.f.s.DefaultListableBeanFactory - Returning cached instance of singleton bean 'org.springframework.transaction.config.internalTransactionAdvisor'
2018-04-11 13:35:46 [main] DEBUG o.s.b.f.s.DefaultListableBeanFactory - Returning cached instance of singleton bean 'org.springframework.transaction.config.internalTransactionAdvisor'
2018-04-11 13:35:46 [main] DEBUG o.s.b.f.s.DefaultListableBeanFactory - Finished creating instance of bean 'messageController'
2018-04-11 13:35:46 [main] DEBUG o.s.b.f.s.DefaultListableBeanFactory - Creating shared instance of singleton bean 'message'
2018-04-11 13:35:46 [main] DEBUG o.s.b.f.s.DefaultListableBeanFactory - Creating instance of bean 'message'
2018-04-11 13:35:46 [main] DEBUG o.s.b.f.s.DefaultListableBeanFactory - Returning cached instance of singleton bean 'org.springframework.transaction.config.internalTransactionAdvisor'
2018-04-11 13:35:46 [main] DEBUG o.s.b.f.s.DefaultListableBeanFactory - Eagerly caching bean 'message' to allow for resolving potential circular references
2018-04-11 13:35:46 [main] DEBUG o.s.b.f.s.DefaultListableBeanFactory - Returning cached instance of singleton bean 'org.springframework.transaction.config.internalTransactionAdvisor'
2018-04-11 13:35:46 [main] DEBUG o.s.b.f.s.DefaultListableBeanFactory - Returning cached instance of singleton bean 'org.springframework.transaction.config.internalTransactionAdvisor'
2018-04-11 13:35:46 [main] DEBUG o.s.b.f.s.DefaultListableBeanFactory - Finished creating instance of bean 'message'
2018-04-11 13:35:46 [main] DEBUG o.s.b.f.s.DefaultListableBeanFactory - Creating shared instance of singleton bean 'userTag'
2018-04-11 13:35:46 [main] DEBUG o.s.b.f.s.DefaultListableBeanFactory - Creating instance of bean 'userTag'
2018-04-11 13:35:46 [main] DEBUG o.s.b.f.s.DefaultListableBeanFactory - Returning cached instance of singleton bean 'org.springframework.transaction.config.internalTransactionAdvisor'
2018-04-11 13:35:46 [main] DEBUG o.s.b.f.s.DefaultListableBeanFactory - Eagerly caching bean 'userTag' to allow for resolving potential circular references
2018-04-11 13:35:46 [main] DEBUG o.s.b.f.s.DefaultListableBeanFactory - Returning cached instance of singleton bean 'org.springframework.transaction.config.internalTransactionAdvisor'
2018-04-11 13:35:46 [main] DEBUG o.s.b.f.s.DefaultListableBeanFactory - Returning cached instance of singleton bean 'org.springframework.transaction.config.internalTransactionAdvisor'
2018-04-11 13:35:46 [main] DEBUG o.s.b.f.s.DefaultListableBeanFactory - Finished creating instance of bean 'userTag'
2018-04-11 13:35:46 [main] DEBUG o.s.b.f.s.DefaultListableBeanFactory - Returning cached instance of singleton bean 'messageServiceImpl'
2018-04-11 13:35:46 [main] DEBUG o.s.b.f.s.DefaultListableBeanFactory - Creating shared instance of singleton bean 'loggingAspectUser'
2018-04-11 13:35:46 [main] DEBUG o.s.b.f.s.DefaultListableBeanFactory - Creating instance of bean 'loggingAspectUser'
2018-04-11 13:35:46 [main] DEBUG o.s.b.f.s.DefaultListableBeanFactory - Eagerly caching bean 'loggingAspectUser' to allow for resolving potential circular references
2018-04-11 13:35:46 [main] DEBUG o.s.b.f.s.DefaultListableBeanFactory - Finished creating instance of bean 'loggingAspectUser'
2018-04-11 13:35:46 [main] DEBUG o.s.b.f.s.DefaultListableBeanFactory - Creating shared instance of singleton bean 'loggingAspectUserService'
2018-04-11 13:35:46 [main] DEBUG o.s.b.f.s.DefaultListableBeanFactory - Creating instance of bean 'loggingAspectUserService'
2018-04-11 13:35:46 [main] DEBUG o.s.b.f.s.DefaultListableBeanFactory - Eagerly caching bean 'loggingAspectUserService' to allow for resolving potential circular references
2018-04-11 13:35:46 [main] DEBUG o.s.b.f.s.DefaultListableBeanFactory - Finished creating instance of bean 'loggingAspectUserService'
2018-04-11 13:35:46 [main] DEBUG o.s.b.f.s.DefaultListableBeanFactory - Creating shared instance of singleton bean 'authenticationServiceBoot'
2018-04-11 13:35:46 [main] DEBUG o.s.b.f.s.DefaultListableBeanFactory - Creating instance of bean 'authenticationServiceBoot'
2018-04-11 13:35:46 [main] DEBUG o.s.b.f.s.DefaultListableBeanFactory - Returning cached instance of singleton bean 'org.springframework.transaction.config.internalTransactionAdvisor'
2018-04-11 13:35:46 [main] DEBUG o.s.b.f.s.DefaultListableBeanFactory - Eagerly caching bean 'authenticationServiceBoot' to allow for resolving potential circular references
2018-04-11 13:35:46 [main] DEBUG o.s.b.f.s.DefaultListableBeanFactory - Returning cached instance of singleton bean 'org.springframework.transaction.config.internalTransactionAdvisor'
2018-04-11 13:35:46 [main] DEBUG o.s.b.f.s.DefaultListableBeanFactory - Returning cached instance of singleton bean 'org.springframework.transaction.config.internalTransactionAdvisor'
2018-04-11 13:35:46 [main] DEBUG o.s.b.f.s.DefaultListableBeanFactory - Finished creating instance of bean 'authenticationServiceBoot'
2018-04-11 13:35:46 [main] DEBUG o.s.b.f.s.DefaultListableBeanFactory - Creating shared instance of singleton bean 'userAuthenticateController'
2018-04-11 13:35:46 [main] DEBUG o.s.b.f.s.DefaultListableBeanFactory - Creating instance of bean 'userAuthenticateController'
2018-04-11 13:35:46 [main] DEBUG o.s.b.f.s.DefaultListableBeanFactory - Returning cached instance of singleton bean 'org.springframework.transaction.config.internalTransactionAdvisor'
2018-04-11 13:35:46 [main] DEBUG o.s.b.f.annotation.InjectionMetadata - Registered injected element on class [com.stackroute.activitystream.controller.UserAuthenticateController]: AutowiredFieldElement for private com.stackroute.activitystream.service.UserService com.stackroute.activitystream.controller.UserAuthenticateController.userService
2018-04-11 13:35:46 [main] DEBUG o.s.b.f.s.DefaultListableBeanFactory - Eagerly caching bean 'userAuthenticateController' to allow for resolving potential circular references
2018-04-11 13:35:46 [main] DEBUG o.s.b.f.annotation.InjectionMetadata - Processing injected element of bean 'userAuthenticateController': AutowiredFieldElement for private com.stackroute.activitystream.service.UserService com.stackroute.activitystream.controller.UserAuthenticateController.userService
2018-04-11 13:35:46 [main] DEBUG o.s.b.f.s.DefaultListableBeanFactory - Creating shared instance of singleton bean 'userServiceImpl'
2018-04-11 13:35:46 [main] DEBUG o.s.b.f.s.DefaultListableBeanFactory - Creating instance of bean 'userServiceImpl'
2018-04-11 13:35:46 [main] DEBUG o.s.b.f.s.DefaultListableBeanFactory - Returning cached instance of singleton bean 'org.springframework.transaction.config.internalTransactionAdvisor'
2018-04-11 13:35:46 [main] DEBUG o.s.b.f.annotation.InjectionMetadata - Registered injected element on class [com.stackroute.activitystream.service.UserServiceImpl]: AutowiredFieldElement for private com.stackroute.activitystream.repository.UserRepository com.stackroute.activitystream.service.UserServiceImpl.userRepository
2018-04-11 13:35:46 [main] DEBUG o.s.b.f.s.DefaultListableBeanFactory - Eagerly caching bean 'userServiceImpl' to allow for resolving potential circular references
2018-04-11 13:35:46 [main] DEBUG o.s.b.f.annotation.InjectionMetadata - Processing injected element of bean 'userServiceImpl': AutowiredFieldElement for private com.stackroute.activitystream.repository.UserRepository com.stackroute.activitystream.service.UserServiceImpl.userRepository
2018-04-11 13:35:46 [main] DEBUG o.s.b.f.s.DefaultListableBeanFactory - Creating shared instance of singleton bean 'userRepository'
2018-04-11 13:35:46 [main] DEBUG o.s.b.f.s.DefaultListableBeanFactory - Creating instance of bean 'userRepository'
2018-04-11 13:35:46 [main] DEBUG o.s.b.f.s.DefaultListableBeanFactory - Returning cached instance of singleton bean 'org.springframework.transaction.config.internalTransactionAdvisor'
2018-04-11 13:35:46 [main] DEBUG o.s.b.f.annotation.InjectionMetadata - Registered injected element on class [org.springframework.data.jpa.repository.support.JpaRepositoryFactoryBean]: PersistenceElement for public void org.springframework.data.jpa.repository.support.JpaRepositoryFactoryBean.setEntityManager(javax.persistence.EntityManager)
2018-04-11 13:35:46 [main] DEBUG o.s.b.f.s.DefaultListableBeanFactory - Eagerly caching bean 'userRepository' to allow for resolving potential circular references
2018-04-11 13:35:46 [main] DEBUG o.s.b.f.annotation.InjectionMetadata - Processing injected element of bean 'userRepository': PersistenceElement for public void org.springframework.data.jpa.repository.support.JpaRepositoryFactoryBean.setEntityManager(javax.persistence.EntityManager)
2018-04-11 13:35:46 [main] DEBUG o.s.b.f.s.DefaultListableBeanFactory - Creating instance of bean '(inner bean)#31c5304f'
2018-04-11 13:35:46 [main] DEBUG o.s.b.f.s.DefaultListableBeanFactory - Returning cached instance of singleton bean 'org.springframework.transaction.config.internalTransactionAdvisor'
2018-04-11 13:35:46 [main] DEBUG o.s.b.f.s.DefaultListableBeanFactory - Creating instance of bean '(inner bean)#43df1377'
2018-04-11 13:35:46 [main] DEBUG o.s.b.f.s.DefaultListableBeanFactory - Returning cached instance of singleton bean 'org.springframework.transaction.config.internalTransactionAdvisor'
2018-04-11 13:35:46 [main] DEBUG o.s.c.i.s.PathMatchingResourcePatternResolver - Resolved classpath location [META-INF/jpa-named-queries.properties] to resources []
2018-04-11 13:35:46 [main] DEBUG o.s.b.f.s.DefaultListableBeanFactory - Invoking afterPropertiesSet() on bean with name '(inner bean)#43df1377'
2018-04-11 13:35:46 [main] DEBUG o.s.b.f.s.DefaultListableBeanFactory - Returning cached instance of singleton bean 'org.springframework.transaction.config.internalTransactionAdvisor'
