2018-04-11 13:35:48 [main] DEBUG o.s.b.f.s.DefaultListableBeanFactory - Returning cached instance of singleton bean 'springApplicationAdminRegistrar'
2018-04-11 13:35:48 [main] INFO  c.s.a.MessageServiceSpringBootApplication - Started MessageServiceSpringBootApplication in 16.362 seconds (JVM running for 18.57)
2018-04-11 13:50:15 [http-nio-8086-exec-1] DEBUG o.s.web.servlet.DispatcherServlet - Initializing servlet 'dispatcherServlet'
2018-04-11 13:50:15 [http-nio-8086-exec-1] INFO  o.a.c.c.C.[Tomcat].[localhost].[/] - Initializing Spring FrameworkServlet 'dispatcherServlet'
2018-04-11 13:50:15 [http-nio-8086-exec-1] INFO  o.s.web.servlet.DispatcherServlet - FrameworkServlet 'dispatcherServlet': initialization started
2018-04-11 13:50:15 [http-nio-8086-exec-1] DEBUG o.s.b.f.s.DefaultListableBeanFactory - Returning cached instance of singleton bean 'multipartResolver'
2018-04-11 13:50:15 [http-nio-8086-exec-1] DEBUG o.s.web.servlet.DispatcherServlet - Using MultipartResolver [org.springframework.web.multipart.support.StandardServletMultipartResolver@29431f61]
2018-04-11 13:50:15 [http-nio-8086-exec-1] DEBUG o.s.b.f.s.DefaultListableBeanFactory - Creating instance of bean 'org.springframework.web.servlet.i18n.AcceptHeaderLocaleResolver'
2018-04-11 13:50:15 [http-nio-8086-exec-1] DEBUG o.s.b.f.s.DefaultListableBeanFactory - Returning cached instance of singleton bean 'org.springframework.transaction.config.internalTransactionAdvisor'
2018-04-11 13:50:15 [http-nio-8086-exec-1] DEBUG o.s.b.f.s.DefaultListableBeanFactory - Returning cached instance of singleton bean 'org.springframework.transaction.config.internalTransactionAdvisor'
2018-04-11 13:50:15 [http-nio-8086-exec-1] DEBUG o.s.b.f.s.DefaultListableBeanFactory - Returning cached instance of singleton bean 'org.springframework.transaction.config.internalTransactionAdvisor'
2018-04-11 13:50:15 [http-nio-8086-exec-1] DEBUG o.s.b.f.s.DefaultListableBeanFactory - Finished creating instance of bean 'org.springframework.web.servlet.i18n.AcceptHeaderLocaleResolver'
2018-04-11 13:50:15 [http-nio-8086-exec-1] DEBUG o.s.web.servlet.DispatcherServlet - Unable to locate LocaleResolver with name 'localeResolver': using default [org.springframework.web.servlet.i18n.AcceptHeaderLocaleResolver@4e55fdd9]
2018-04-11 13:50:15 [http-nio-8086-exec-1] DEBUG o.s.b.f.s.DefaultListableBeanFactory - Creating instance of bean 'org.springframework.web.servlet.theme.FixedThemeResolver'
2018-04-11 13:50:15 [http-nio-8086-exec-1] DEBUG o.s.b.f.s.DefaultListableBeanFactory - Returning cached instance of singleton bean 'org.springframework.transaction.config.internalTransactionAdvisor'
2018-04-11 13:50:15 [http-nio-8086-exec-1] DEBUG o.s.b.f.s.DefaultListableBeanFactory - Returning cached instance of singleton bean 'org.springframework.transaction.config.internalTransactionAdvisor'
2018-04-11 13:50:15 [http-nio-8086-exec-1] DEBUG o.s.b.f.s.DefaultListableBeanFactory - Returning cached instance of singleton bean 'org.springframework.transaction.config.internalTransactionAdvisor'
2018-04-11 13:50:15 [http-nio-8086-exec-1] DEBUG o.s.b.f.s.DefaultListableBeanFactory - Finished creating instance of bean 'org.springframework.web.servlet.theme.FixedThemeResolver'
2018-04-11 13:50:15 [http-nio-8086-exec-1] DEBUG o.s.web.servlet.DispatcherServlet - Unable to locate ThemeResolver with name 'themeResolver': using default [org.springframework.web.servlet.theme.FixedThemeResolver@3af0fa92]
2018-04-11 13:50:15 [http-nio-8086-exec-1] DEBUG o.s.b.f.s.DefaultListableBeanFactory - Returning cached instance of singleton bean 'requestMappingHandlerMapping'
2018-04-11 13:50:15 [http-nio-8086-exec-1] DEBUG o.s.b.f.s.DefaultListableBeanFactory - Returning cached instance of singleton bean 'viewControllerHandlerMapping'
2018-04-11 13:50:15 [http-nio-8086-exec-1] DEBUG o.s.b.f.s.DefaultListableBeanFactory - Returning cached instance of singleton bean 'beanNameHandlerMapping'
2018-04-11 13:50:15 [http-nio-8086-exec-1] DEBUG o.s.b.f.s.DefaultListableBeanFactory - Returning cached instance of singleton bean 'resourceHandlerMapping'
2018-04-11 13:50:15 [http-nio-8086-exec-1] DEBUG o.s.b.f.s.DefaultListableBeanFactory - Returning cached instance of singleton bean 'defaultServletHandlerMapping'
2018-04-11 13:50:15 [http-nio-8086-exec-1] DEBUG o.s.b.f.s.DefaultListableBeanFactory - Returning cached instance of singleton bean 'requestMappingHandlerAdapter'
2018-04-11 13:50:15 [http-nio-8086-exec-1] DEBUG o.s.b.f.s.DefaultListableBeanFactory - Returning cached instance of singleton bean 'httpRequestHandlerAdapter'
2018-04-11 13:50:15 [http-nio-8086-exec-1] DEBUG o.s.b.f.s.DefaultListableBeanFactory - Returning cached instance of singleton bean 'simpleControllerHandlerAdapter'
2018-04-11 13:50:15 [http-nio-8086-exec-1] DEBUG o.s.b.f.s.DefaultListableBeanFactory - Returning cached instance of singleton bean 'handlerExceptionResolver'
2018-04-11 13:50:15 [http-nio-8086-exec-1] DEBUG o.s.b.f.s.DefaultListableBeanFactory - Returning cached instance of singleton bean 'errorAttributes'
2018-04-11 13:50:15 [http-nio-8086-exec-1] DEBUG o.s.b.f.s.DefaultListableBeanFactory - Creating instance of bean 'org.springframework.web.servlet.view.DefaultRequestToViewNameTranslator'
2018-04-11 13:50:15 [http-nio-8086-exec-1] DEBUG o.s.b.f.s.DefaultListableBeanFactory - Returning cached instance of singleton bean 'org.springframework.transaction.config.internalTransactionAdvisor'
2018-04-11 13:50:15 [http-nio-8086-exec-1] DEBUG o.s.b.f.s.DefaultListableBeanFactory - Returning cached instance of singleton bean 'org.springframework.transaction.config.internalTransactionAdvisor'
2018-04-11 13:50:15 [http-nio-8086-exec-1] DEBUG o.s.b.f.s.DefaultListableBeanFactory - Returning cached instance of singleton bean 'org.springframework.transaction.config.internalTransactionAdvisor'
2018-04-11 13:50:15 [http-nio-8086-exec-1] DEBUG o.s.b.f.s.DefaultListableBeanFactory - Finished creating instance of bean 'org.springframework.web.servlet.view.DefaultRequestToViewNameTranslator'
2018-04-11 13:50:15 [http-nio-8086-exec-1] DEBUG o.s.web.servlet.DispatcherServlet - Unable to locate RequestToViewNameTranslator with name 'viewNameTranslator': using default [org.springframework.web.servlet.view.DefaultRequestToViewNameTranslator@1463595]
2018-04-11 13:50:15 [http-nio-8086-exec-1] DEBUG o.s.b.f.s.DefaultListableBeanFactory - Returning cached instance of singleton bean 'mvcViewResolver'
2018-04-11 13:50:15 [http-nio-8086-exec-1] DEBUG o.s.b.f.s.DefaultListableBeanFactory - Returning cached instance of singleton bean 'beanNameViewResolver'
2018-04-11 13:50:15 [http-nio-8086-exec-1] DEBUG o.s.b.f.s.DefaultListableBeanFactory - Creating instance of bean 'org.springframework.web.servlet.support.SessionFlashMapManager'
2018-04-11 13:50:15 [http-nio-8086-exec-1] DEBUG o.s.b.f.s.DefaultListableBeanFactory - Returning cached instance of singleton bean 'org.springframework.transaction.config.internalTransactionAdvisor'
2018-04-11 13:50:15 [http-nio-8086-exec-1] DEBUG o.s.b.f.s.DefaultListableBeanFactory - Returning cached instance of singleton bean 'org.springframework.transaction.config.internalTransactionAdvisor'
2018-04-11 13:50:15 [http-nio-8086-exec-1] DEBUG o.s.b.f.s.DefaultListableBeanFactory - Returning cached instance of singleton bean 'org.springframework.transaction.config.internalTransactionAdvisor'
2018-04-11 13:50:15 [http-nio-8086-exec-1] DEBUG o.s.b.f.s.DefaultListableBeanFactory - Finished creating instance of bean 'org.springframework.web.servlet.support.SessionFlashMapManager'
2018-04-11 13:50:15 [http-nio-8086-exec-1] DEBUG o.s.web.servlet.DispatcherServlet - Unable to locate FlashMapManager with name 'flashMapManager': using default [org.springframework.web.servlet.support.SessionFlashMapManager@924d583]
2018-04-11 13:50:15 [http-nio-8086-exec-1] DEBUG o.s.web.servlet.DispatcherServlet - Published WebApplicationContext of servlet 'dispatcherServlet' as ServletContext attribute with name [org.springframework.web.servlet.FrameworkServlet.CONTEXT.dispatcherServlet]
2018-04-11 13:50:15 [http-nio-8086-exec-1] INFO  o.s.web.servlet.DispatcherServlet - FrameworkServlet 'dispatcherServlet': initialization completed in 54 ms
2018-04-11 13:50:15 [http-nio-8086-exec-1] DEBUG o.s.web.servlet.DispatcherServlet - Servlet 'dispatcherServlet' configured successfully
2018-04-11 13:50:15 [http-nio-8086-exec-1] DEBUG o.s.web.servlet.DispatcherServlet - DispatcherServlet with name 'dispatcherServlet' processing OPTIONS request for [/api/message/getMessagesByUser/skalai/kharish07/2]
2018-04-11 13:50:15 [http-nio-8086-exec-1] DEBUG o.s.w.s.m.m.a.RequestMappingHandlerMapping - Looking up handler method for path /api/message/getMessagesByUser/skalai/kharish07/2
2018-04-11 13:50:15 [http-nio-8086-exec-1] DEBUG o.s.w.s.m.m.a.RequestMappingHandlerMapping - Returning handler method [public org.springframework.http.ResponseEntity<java.util.List<com.stackroute.activitystream.model.Message>> com.stackroute.activitystream.controller.MessageController.getMessagesByUser(java.lang.String,java.lang.String,int)]
2018-04-11 13:50:15 [http-nio-8086-exec-1] DEBUG o.s.b.f.s.DefaultListableBeanFactory - Returning cached instance of singleton bean 'messageController'
2018-04-11 13:50:15 [http-nio-8086-exec-1] DEBUG o.s.o.j.s.OpenEntityManagerInViewInterceptor - Opening JPA EntityManager in OpenEntityManagerInViewInterceptor
2018-04-11 13:50:15 [http-nio-8086-exec-1] DEBUG o.s.web.servlet.DispatcherServlet - Null ModelAndView returned to DispatcherServlet with name 'dispatcherServlet': assuming HandlerAdapter completed request handling
2018-04-11 13:50:15 [http-nio-8086-exec-1] DEBUG o.s.o.j.s.OpenEntityManagerInViewInterceptor - Closing JPA EntityManager in OpenEntityManagerInViewInterceptor
2018-04-11 13:50:15 [http-nio-8086-exec-1] DEBUG o.s.o.jpa.EntityManagerFactoryUtils - Closing JPA EntityManager
2018-04-11 13:50:15 [http-nio-8086-exec-1] DEBUG o.s.web.servlet.DispatcherServlet - Successfully completed request
2018-04-11 13:50:16 [http-nio-8086-exec-2] DEBUG o.s.web.servlet.DispatcherServlet - DispatcherServlet with name 'dispatcherServlet' processing GET request for [/api/message/getMessagesByUser/skalai/kharish07/2]
2018-04-11 13:50:16 [http-nio-8086-exec-2] DEBUG o.s.w.s.m.m.a.RequestMappingHandlerMapping - Looking up handler method for path /api/message/getMessagesByUser/skalai/kharish07/2
2018-04-11 13:50:16 [http-nio-8086-exec-2] DEBUG o.s.w.s.m.m.a.RequestMappingHandlerMapping - Returning handler method [public org.springframework.http.ResponseEntity<java.util.List<com.stackroute.activitystream.model.Message>> com.stackroute.activitystream.controller.MessageController.getMessagesByUser(java.lang.String,java.lang.String,int)]
2018-04-11 13:50:16 [http-nio-8086-exec-2] DEBUG o.s.b.f.s.DefaultListableBeanFactory - Returning cached instance of singleton bean 'messageController'
2018-04-11 13:50:16 [http-nio-8086-exec-2] DEBUG o.s.web.servlet.DispatcherServlet - Last-Modified value for [/api/message/getMessagesByUser/skalai/kharish07/2] is: -1
2018-04-11 13:50:16 [http-nio-8086-exec-2] DEBUG o.s.o.j.s.OpenEntityManagerInViewInterceptor - Opening JPA EntityManager in OpenEntityManagerInViewInterceptor
2018-04-11 13:50:16 [http-nio-8086-exec-2] DEBUG org.hibernate.SQL - select message0_.message_id as message_1_1_, message0_.circle_name as circle_n2_1_, message0_.message as message3_1_, message0_.posted_date as posted_d4_1_, message0_.receiver_id as receiver5_1_, message0_.sender_name as sender_n6_1_, message0_.stream_type as stream_t7_1_, message0_.tag as tag8_1_ from message message0_ where message0_.sender_name=? and message0_.receiver_id=? or message0_.receiver_id=? and message0_.sender_name=?
2018-04-11 13:50:16 [http-nio-8086-exec-2] DEBUG o.s.w.s.m.m.a.HttpEntityMethodProcessor - Written [[]] as "application/json" using [org.springframework.http.converter.json.MappingJackson2HttpMessageConverter@1520b486]
2018-04-11 13:50:16 [http-nio-8086-exec-2] DEBUG o.s.web.servlet.DispatcherServlet - Null ModelAndView returned to DispatcherServlet with name 'dispatcherServlet': assuming HandlerAdapter completed request handling
2018-04-11 13:50:16 [http-nio-8086-exec-2] DEBUG o.s.o.j.s.OpenEntityManagerInViewInterceptor - Closing JPA EntityManager in OpenEntityManagerInViewInterceptor
2018-04-11 13:50:16 [http-nio-8086-exec-2] DEBUG o.s.o.jpa.EntityManagerFactoryUtils - Closing JPA EntityManager
2018-04-11 13:50:16 [http-nio-8086-exec-2] DEBUG o.s.web.servlet.DispatcherServlet - Successfully completed request
