2018-04-11 13:35:44 [main] DEBUG o.h.l.p.b.i.spaces.QuerySpacesImpl - Adding QuerySpace : uid = <gen:0> -> org.hibernate.loader.plan.build.internal.spaces.EntityQuerySpaceImpl@68df8c6]
2018-04-11 13:35:44 [main] DEBUG o.h.p.w.spi.MetamodelGraphWalker - Visiting attribute path : createdDate
2018-04-11 13:35:44 [main] DEBUG o.h.p.w.spi.MetamodelGraphWalker - Visiting attribute path : creatorId
2018-04-11 13:35:44 [main] DEBUG o.h.p.w.spi.MetamodelGraphWalker - Visiting attribute path : purpose
2018-04-11 13:35:44 [main] DEBUG o.h.l.p.b.i.FetchStyleLoadPlanBuildingAssociationVisitationStrategy - Building LoadPlan...
2018-04-11 13:35:44 [main] DEBUG o.h.l.p.e.i.LoadQueryJoinAndFetchProcessor - processing queryspace <gen:0>
2018-04-11 13:35:44 [main] DEBUG o.h.l.p.b.spi.LoadPlanTreePrinter - LoadPlan(entity=com.stackroute.activitystream.model.Circle)
    - Returns
       - EntityReturnImpl(entity=com.stackroute.activitystream.model.Circle, querySpaceUid=<gen:0>, path=com.stackroute.activitystream.model.Circle)
    - QuerySpaces
       - EntityQuerySpaceImpl(uid=<gen:0>, entity=com.stackroute.activitystream.model.Circle)
          - SQL table alias mapping - circle0_
          - alias suffix - 0_
          - suffixed key columns - {circle_n1_0_0_}

2018-04-11 13:35:44 [main] DEBUG o.h.loader.entity.plan.EntityLoader - Static select for entity com.stackroute.activitystream.model.Circle [NONE]: select circle0_.circle_name as circle_n1_0_0_, circle0_.created_date as created_2_0_0_, circle0_.creator_id as creator_3_0_0_, circle0_.purpose as purpose4_0_0_ from circle circle0_ where circle0_.circle_name=?
2018-04-11 13:35:44 [main] DEBUG o.h.l.p.b.i.spaces.QuerySpacesImpl - Adding QuerySpace : uid = <gen:0> -> org.hibernate.loader.plan.build.internal.spaces.EntityQuerySpaceImpl@61d09475]
2018-04-11 13:35:44 [main] DEBUG o.h.p.w.spi.MetamodelGraphWalker - Visiting attribute path : createdDate
2018-04-11 13:35:44 [main] DEBUG o.h.p.w.spi.MetamodelGraphWalker - Visiting attribute path : creatorId
2018-04-11 13:35:44 [main] DEBUG o.h.p.w.spi.MetamodelGraphWalker - Visiting attribute path : purpose
2018-04-11 13:35:44 [main] DEBUG o.h.l.p.b.i.FetchStyleLoadPlanBuildingAssociationVisitationStrategy - Building LoadPlan...
2018-04-11 13:35:44 [main] DEBUG o.h.l.p.e.i.LoadQueryJoinAndFetchProcessor - processing queryspace <gen:0>
2018-04-11 13:35:44 [main] DEBUG o.h.l.p.b.spi.LoadPlanTreePrinter - LoadPlan(entity=com.stackroute.activitystream.model.Circle)
    - Returns
       - EntityReturnImpl(entity=com.stackroute.activitystream.model.Circle, querySpaceUid=<gen:0>, path=com.stackroute.activitystream.model.Circle)
    - QuerySpaces
       - EntityQuerySpaceImpl(uid=<gen:0>, entity=com.stackroute.activitystream.model.Circle)
          - SQL table alias mapping - circle0_
          - alias suffix - 0_
          - suffixed key columns - {circle_n1_0_0_}

2018-04-11 13:35:44 [main] DEBUG o.h.loader.entity.plan.EntityLoader - Static select for entity com.stackroute.activitystream.model.Circle [READ]: select circle0_.circle_name as circle_n1_0_0_, circle0_.created_date as created_2_0_0_, circle0_.creator_id as creator_3_0_0_, circle0_.purpose as purpose4_0_0_ from circle circle0_ where circle0_.circle_name=?
2018-04-11 13:35:44 [main] DEBUG o.h.l.p.b.i.spaces.QuerySpacesImpl - Adding QuerySpace : uid = <gen:0> -> org.hibernate.loader.plan.build.internal.spaces.EntityQuerySpaceImpl@12d44a2a]
2018-04-11 13:35:44 [main] DEBUG o.h.p.w.spi.MetamodelGraphWalker - Visiting attribute path : createdDate
2018-04-11 13:35:44 [main] DEBUG o.h.p.w.spi.MetamodelGraphWalker - Visiting attribute path : creatorId
2018-04-11 13:35:44 [main] DEBUG o.h.p.w.spi.MetamodelGraphWalker - Visiting attribute path : purpose
2018-04-11 13:35:44 [main] DEBUG o.h.l.p.b.i.FetchStyleLoadPlanBuildingAssociationVisitationStrategy - Building LoadPlan...
2018-04-11 13:35:44 [main] DEBUG o.h.l.p.e.i.LoadQueryJoinAndFetchProcessor - processing queryspace <gen:0>
2018-04-11 13:35:44 [main] DEBUG o.h.l.p.b.spi.LoadPlanTreePrinter - LoadPlan(entity=com.stackroute.activitystream.model.Circle)
    - Returns
       - EntityReturnImpl(entity=com.stackroute.activitystream.model.Circle, querySpaceUid=<gen:0>, path=com.stackroute.activitystream.model.Circle)
    - QuerySpaces
       - EntityQuerySpaceImpl(uid=<gen:0>, entity=com.stackroute.activitystream.model.Circle)
          - SQL table alias mapping - circle0_
          - alias suffix - 0_
          - suffixed key columns - {circle_n1_0_0_}

2018-04-11 13:35:44 [main] DEBUG o.h.loader.entity.plan.EntityLoader - Static select for entity com.stackroute.activitystream.model.Circle [UPGRADE]: select circle0_.circle_name as circle_n1_0_0_, circle0_.created_date as created_2_0_0_, circle0_.creator_id as creator_3_0_0_, circle0_.purpose as purpose4_0_0_ from circle circle0_ where circle0_.circle_name=? for update
2018-04-11 13:35:44 [main] DEBUG o.h.l.p.b.i.spaces.QuerySpacesImpl - Adding QuerySpace : uid = <gen:0> -> org.hibernate.loader.plan.build.internal.spaces.EntityQuerySpaceImpl@7f70e244]
2018-04-11 13:35:44 [main] DEBUG o.h.p.w.spi.MetamodelGraphWalker - Visiting attribute path : createdDate
2018-04-11 13:35:44 [main] DEBUG o.h.p.w.spi.MetamodelGraphWalker - Visiting attribute path : creatorId
2018-04-11 13:35:44 [main] DEBUG o.h.p.w.spi.MetamodelGraphWalker - Visiting attribute path : purpose
2018-04-11 13:35:44 [main] DEBUG o.h.l.p.b.i.FetchStyleLoadPlanBuildingAssociationVisitationStrategy - Building LoadPlan...
2018-04-11 13:35:44 [main] DEBUG o.h.l.p.e.i.LoadQueryJoinAndFetchProcessor - processing queryspace <gen:0>
2018-04-11 13:35:44 [main] DEBUG o.h.l.p.b.spi.LoadPlanTreePrinter - LoadPlan(entity=com.stackroute.activitystream.model.Circle)
    - Returns
       - EntityReturnImpl(entity=com.stackroute.activitystream.model.Circle, querySpaceUid=<gen:0>, path=com.stackroute.activitystream.model.Circle)
    - QuerySpaces
       - EntityQuerySpaceImpl(uid=<gen:0>, entity=com.stackroute.activitystream.model.Circle)
          - SQL table alias mapping - circle0_
          - alias suffix - 0_
          - suffixed key columns - {circle_n1_0_0_}

2018-04-11 13:35:44 [main] DEBUG o.h.loader.entity.plan.EntityLoader - Static select for entity com.stackroute.activitystream.model.Circle [UPGRADE_NOWAIT]: select circle0_.circle_name as circle_n1_0_0_, circle0_.created_date as created_2_0_0_, circle0_.creator_id as creator_3_0_0_, circle0_.purpose as purpose4_0_0_ from circle circle0_ where circle0_.circle_name=? for update
2018-04-11 13:35:44 [main] DEBUG o.h.l.p.b.i.spaces.QuerySpacesImpl - Adding QuerySpace : uid = <gen:0> -> org.hibernate.loader.plan.build.internal.spaces.EntityQuerySpaceImpl@3f64d943]
2018-04-11 13:35:44 [main] DEBUG o.h.p.w.spi.MetamodelGraphWalker - Visiting attribute path : createdDate
2018-04-11 13:35:44 [main] DEBUG o.h.p.w.spi.MetamodelGraphWalker - Visiting attribute path : creatorId
2018-04-11 13:35:44 [main] DEBUG o.h.p.w.spi.MetamodelGraphWalker - Visiting attribute path : purpose
2018-04-11 13:35:44 [main] DEBUG o.h.l.p.b.i.FetchStyleLoadPlanBuildingAssociationVisitationStrategy - Building LoadPlan...
2018-04-11 13:35:44 [main] DEBUG o.h.l.p.e.i.LoadQueryJoinAndFetchProcessor - processing queryspace <gen:0>
2018-04-11 13:35:44 [main] DEBUG o.h.l.p.b.spi.LoadPlanTreePrinter - LoadPlan(entity=com.stackroute.activitystream.model.Circle)
    - Returns
       - EntityReturnImpl(entity=com.stackroute.activitystream.model.Circle, querySpaceUid=<gen:0>, path=com.stackroute.activitystream.model.Circle)
    - QuerySpaces
       - EntityQuerySpaceImpl(uid=<gen:0>, entity=com.stackroute.activitystream.model.Circle)
          - SQL table alias mapping - circle0_
          - alias suffix - 0_
          - suffixed key columns - {circle_n1_0_0_}

2018-04-11 13:35:44 [main] DEBUG o.h.loader.entity.plan.EntityLoader - Static select for entity com.stackroute.activitystream.model.Circle [UPGRADE_SKIPLOCKED]: select circle0_.circle_name as circle_n1_0_0_, circle0_.created_date as created_2_0_0_, circle0_.creator_id as creator_3_0_0_, circle0_.purpose as purpose4_0_0_ from circle circle0_ where circle0_.circle_name=? for update
2018-04-11 13:35:44 [main] DEBUG o.h.l.p.b.i.spaces.QuerySpacesImpl - Adding QuerySpace : uid = <gen:0> -> org.hibernate.loader.plan.build.internal.spaces.EntityQuerySpaceImpl@68454ed5]
2018-04-11 13:35:44 [main] DEBUG o.h.p.w.spi.MetamodelGraphWalker - Visiting attribute path : createdDate
2018-04-11 13:35:44 [main] DEBUG o.h.p.w.spi.MetamodelGraphWalker - Visiting attribute path : creatorId
2018-04-11 13:35:44 [main] DEBUG o.h.p.w.spi.MetamodelGraphWalker - Visiting attribute path : purpose
2018-04-11 13:35:44 [main] DEBUG o.h.l.p.b.i.FetchStyleLoadPlanBuildingAssociationVisitationStrategy - Building LoadPlan...
2018-04-11 13:35:44 [main] DEBUG o.h.l.p.e.i.LoadQueryJoinAndFetchProcessor - processing queryspace <gen:0>
2018-04-11 13:35:44 [main] DEBUG o.h.l.p.b.spi.LoadPlanTreePrinter - LoadPlan(entity=com.stackroute.activitystream.model.Circle)
    - Returns
       - EntityReturnImpl(entity=com.stackroute.activitystream.model.Circle, querySpaceUid=<gen:0>, path=com.stackroute.activitystream.model.Circle)
    - QuerySpaces
       - EntityQuerySpaceImpl(uid=<gen:0>, entity=com.stackroute.activitystream.model.Circle)
          - SQL table alias mapping - circle0_
          - alias suffix - 0_
          - suffixed key columns - {circle_n1_0_0_}

2018-04-11 13:35:44 [main] DEBUG o.h.loader.entity.plan.EntityLoader - Static select for entity com.stackroute.activitystream.model.Circle [FORCE]: select circle0_.circle_name as circle_n1_0_0_, circle0_.created_date as created_2_0_0_, circle0_.creator_id as creator_3_0_0_, circle0_.purpose as purpose4_0_0_ from circle circle0_ where circle0_.circle_name=? for update
2018-04-11 13:35:44 [main] DEBUG o.h.l.p.b.i.spaces.QuerySpacesImpl - Adding QuerySpace : uid = <gen:0> -> org.hibernate.loader.plan.build.internal.spaces.EntityQuerySpaceImpl@749ad37c]
2018-04-11 13:35:44 [main] DEBUG o.h.p.w.spi.MetamodelGraphWalker - Visiting attribute path : createdDate
2018-04-11 13:35:44 [main] DEBUG o.h.p.w.spi.MetamodelGraphWalker - Visiting attribute path : creatorId
2018-04-11 13:35:44 [main] DEBUG o.h.p.w.spi.MetamodelGraphWalker - Visiting attribute path : purpose
2018-04-11 13:35:44 [main] DEBUG o.h.l.p.b.i.FetchStyleLoadPlanBuildingAssociationVisitationStrategy - Building LoadPlan...
2018-04-11 13:35:44 [main] DEBUG o.h.l.p.e.i.LoadQueryJoinAndFetchProcessor - processing queryspace <gen:0>
2018-04-11 13:35:44 [main] DEBUG o.h.l.p.b.spi.LoadPlanTreePrinter - LoadPlan(entity=com.stackroute.activitystream.model.Circle)
    - Returns
       - EntityReturnImpl(entity=com.stackroute.activitystream.model.Circle, querySpaceUid=<gen:0>, path=com.stackroute.activitystream.model.Circle)
    - QuerySpaces
       - EntityQuerySpaceImpl(uid=<gen:0>, entity=com.stackroute.activitystream.model.Circle)
          - SQL table alias mapping - circle0_
          - alias suffix - 0_
          - suffixed key columns - {circle_n1_0_0_}

2018-04-11 13:35:44 [main] DEBUG o.h.loader.entity.plan.EntityLoader - Static select for entity com.stackroute.activitystream.model.Circle [PESSIMISTIC_READ]: select circle0_.circle_name as circle_n1_0_0_, circle0_.created_date as created_2_0_0_, circle0_.creator_id as creator_3_0_0_, circle0_.purpose as purpose4_0_0_ from circle circle0_ where circle0_.circle_name=? lock in share mode
2018-04-11 13:35:44 [main] DEBUG o.h.l.p.b.i.spaces.QuerySpacesImpl - Adding QuerySpace : uid = <gen:0> -> org.hibernate.loader.plan.build.internal.spaces.EntityQuerySpaceImpl@59b98ad1]
2018-04-11 13:35:44 [main] DEBUG o.h.p.w.spi.MetamodelGraphWalker - Visiting attribute path : createdDate
2018-04-11 13:35:44 [main] DEBUG o.h.p.w.spi.MetamodelGraphWalker - Visiting attribute path : creatorId
2018-04-11 13:35:44 [main] DEBUG o.h.p.w.spi.MetamodelGraphWalker - Visiting attribute path : purpose
2018-04-11 13:35:44 [main] DEBUG o.h.l.p.b.i.FetchStyleLoadPlanBuildingAssociationVisitationStrategy - Building LoadPlan...
2018-04-11 13:35:44 [main] DEBUG o.h.l.p.e.i.LoadQueryJoinAndFetchProcessor - processing queryspace <gen:0>
2018-04-11 13:35:44 [main] DEBUG o.h.l.p.b.spi.LoadPlanTreePrinter - LoadPlan(entity=com.stackroute.activitystream.model.Circle)
    - Returns
       - EntityReturnImpl(entity=com.stackroute.activitystream.model.Circle, querySpaceUid=<gen:0>, path=com.stackroute.activitystream.model.Circle)
    - QuerySpaces
       - EntityQuerySpaceImpl(uid=<gen:0>, entity=com.stackroute.activitystream.model.Circle)
          - SQL table alias mapping - circle0_
          - alias suffix - 0_
          - suffixed key columns - {circle_n1_0_0_}

2018-04-11 13:35:44 [main] DEBUG o.h.loader.entity.plan.EntityLoader - Static select for entity com.stackroute.activitystream.model.Circle [PESSIMISTIC_WRITE]: select circle0_.circle_name as circle_n1_0_0_, circle0_.created_date as created_2_0_0_, circle0_.creator_id as creator_3_0_0_, circle0_.purpose as purpose4_0_0_ from circle circle0_ where circle0_.circle_name=? for update
2018-04-11 13:35:44 [main] DEBUG o.h.l.p.b.i.spaces.QuerySpacesImpl - Adding QuerySpace : uid = <gen:0> -> org.hibernate.loader.plan.build.internal.spaces.EntityQuerySpaceImpl@7bbd76b8]
2018-04-11 13:35:44 [main] DEBUG o.h.p.w.spi.MetamodelGraphWalker - Visiting attribute path : createdDate
2018-04-11 13:35:44 [main] DEBUG o.h.p.w.spi.MetamodelGraphWalker - Visiting attribute path : creatorId
2018-04-11 13:35:44 [main] DEBUG o.h.p.w.spi.MetamodelGraphWalker - Visiting attribute path : purpose
2018-04-11 13:35:44 [main] DEBUG o.h.l.p.b.i.FetchStyleLoadPlanBuildingAssociationVisitationStrategy - Building LoadPlan...
2018-04-11 13:35:44 [main] DEBUG o.h.l.p.e.i.LoadQueryJoinAndFetchProcessor - processing queryspace <gen:0>
2018-04-11 13:35:44 [main] DEBUG o.h.l.p.b.spi.LoadPlanTreePrinter - LoadPlan(entity=com.stackroute.activitystream.model.Circle)
    - Returns
       - EntityReturnImpl(entity=com.stackroute.activitystream.model.Circle, querySpaceUid=<gen:0>, path=com.stackroute.activitystream.model.Circle)
    - QuerySpaces
       - EntityQuerySpaceImpl(uid=<gen:0>, entity=com.stackroute.activitystream.model.Circle)
          - SQL table alias mapping - circle0_
          - alias suffix - 0_
          - suffixed key columns - {circle_n1_0_0_}

2018-04-11 13:35:44 [main] DEBUG o.h.loader.entity.plan.EntityLoader - Static select for entity com.stackroute.activitystream.model.Circle [PESSIMISTIC_FORCE_INCREMENT]: select circle0_.circle_name as circle_n1_0_0_, circle0_.created_date as created_2_0_0_, circle0_.creator_id as creator_3_0_0_, circle0_.purpose as purpose4_0_0_ from circle circle0_ where circle0_.circle_name=? for update
2018-04-11 13:35:44 [main] DEBUG o.h.l.p.b.i.spaces.QuerySpacesImpl - Adding QuerySpace : uid = <gen:0> -> org.hibernate.loader.plan.build.internal.spaces.EntityQuerySpaceImpl@37b238da]
2018-04-11 13:35:44 [main] DEBUG o.h.p.w.spi.MetamodelGraphWalker - Visiting attribute path : createdDate
2018-04-11 13:35:44 [main] DEBUG o.h.p.w.spi.MetamodelGraphWalker - Visiting attribute path : creatorId
2018-04-11 13:35:44 [main] DEBUG o.h.p.w.spi.MetamodelGraphWalker - Visiting attribute path : purpose
2018-04-11 13:35:44 [main] DEBUG o.h.l.p.b.i.FetchStyleLoadPlanBuildingAssociationVisitationStrategy - Building LoadPlan...
2018-04-11 13:35:44 [main] DEBUG o.h.l.p.e.i.LoadQueryJoinAndFetchProcessor - processing queryspace <gen:0>
2018-04-11 13:35:44 [main] DEBUG o.h.l.p.b.spi.LoadPlanTreePrinter - LoadPlan(entity=com.stackroute.activitystream.model.Circle)
    - Returns
       - EntityReturnImpl(entity=com.stackroute.activitystream.model.Circle, querySpaceUid=<gen:0>, path=com.stackroute.activitystream.model.Circle)
    - QuerySpaces
       - EntityQuerySpaceImpl(uid=<gen:0>, entity=com.stackroute.activitystream.model.Circle)
          - SQL table alias mapping - circle0_
          - alias suffix - 0_
          - suffixed key columns - {circle_n1_0_0_}

2018-04-11 13:35:44 [main] DEBUG o.h.loader.entity.plan.EntityLoader - Static select for entity com.stackroute.activitystream.model.Circle [OPTIMISTIC]: select circle0_.circle_name as circle_n1_0_0_, circle0_.created_date as created_2_0_0_, circle0_.creator_id as creator_3_0_0_, circle0_.purpose as purpose4_0_0_ from circle circle0_ where circle0_.circle_name=?
2018-04-11 13:35:44 [main] DEBUG o.h.l.p.b.i.spaces.QuerySpacesImpl - Adding QuerySpace : uid = <gen:0> -> org.hibernate.loader.plan.build.internal.spaces.EntityQuerySpaceImpl@ce19c86]
2018-04-11 13:35:44 [main] DEBUG o.h.p.w.spi.MetamodelGraphWalker - Visiting attribute path : createdDate
2018-04-11 13:35:44 [main] DEBUG o.h.p.w.spi.MetamodelGraphWalker - Visiting attribute path : creatorId
2018-04-11 13:35:44 [main] DEBUG o.h.p.w.spi.MetamodelGraphWalker - Visiting attribute path : purpose
2018-04-11 13:35:44 [main] DEBUG o.h.l.p.b.i.FetchStyleLoadPlanBuildingAssociationVisitationStrategy - Building LoadPlan...
2018-04-11 13:35:44 [main] DEBUG o.h.l.p.e.i.LoadQueryJoinAndFetchProcessor - processing queryspace <gen:0>
2018-04-11 13:35:44 [main] DEBUG o.h.l.p.b.spi.LoadPlanTreePrinter - LoadPlan(entity=com.stackroute.activitystream.model.Circle)
    - Returns
       - EntityReturnImpl(entity=com.stackroute.activitystream.model.Circle, querySpaceUid=<gen:0>, path=com.stackroute.activitystream.model.Circle)
    - QuerySpaces
       - EntityQuerySpaceImpl(uid=<gen:0>, entity=com.stackroute.activitystream.model.Circle)
          - SQL table alias mapping - circle0_
          - alias suffix - 0_
          - suffixed key columns - {circle_n1_0_0_}

2018-04-11 13:35:44 [main] DEBUG o.h.loader.entity.plan.EntityLoader - Static select for entity com.stackroute.activitystream.model.Circle [OPTIMISTIC_FORCE_INCREMENT]: select circle0_.circle_name as circle_n1_0_0_, circle0_.created_date as created_2_0_0_, circle0_.creator_id as creator_3_0_0_, circle0_.purpose as purpose4_0_0_ from circle circle0_ where circle0_.circle_name=?
2018-04-11 13:35:44 [main] DEBUG org.hibernate.loader.Loader - Static select for action ACTION_MERGE on entity com.stackroute.activitystream.model.Circle: select circle0_.circle_name as circle_n1_0_0_, circle0_.created_date as created_2_0_0_, circle0_.creator_id as creator_3_0_0_, circle0_.purpose as purpose4_0_0_ from circle circle0_ where circle0_.circle_name=?
2018-04-11 13:35:44 [main] DEBUG org.hibernate.loader.Loader - Static select for action ACTION_REFRESH on entity com.stackroute.activitystream.model.Circle: select circle0_.circle_name as circle_n1_0_0_, circle0_.created_date as created_2_0_0_, circle0_.creator_id as creator_3_0_0_, circle0_.purpose as purpose4_0_0_ from circle circle0_ where circle0_.circle_name=?
2018-04-11 13:35:44 [main] DEBUG o.h.p.entity.AbstractEntityPersister - Static SQL for entity: com.stackroute.activitystream.model.Message
2018-04-11 13:35:44 [main] DEBUG o.h.p.entity.AbstractEntityPersister -  Version select: select message_id from message where message_id =?
2018-04-11 13:35:44 [main] DEBUG o.h.p.entity.AbstractEntityPersister -  Snapshot select: select message_.message_id, message_.circle_name as circle_n2_1_, message_.message as message3_1_, message_.posted_date as posted_d4_1_, message_.receiver_id as receiver5_1_, message_.sender_name as sender_n6_1_, message_.stream_type as stream_t7_1_, message_.tag as tag8_1_ from message message_ where message_.message_id=?
2018-04-11 13:35:44 [main] DEBUG o.h.p.entity.AbstractEntityPersister -  Insert 0: insert into message (circle_name, message, posted_date, receiver_id, sender_name, stream_type, tag, message_id) values (?, ?, ?, ?, ?, ?, ?, ?)
2018-04-11 13:35:44 [main] DEBUG o.h.p.entity.AbstractEntityPersister -  Update 0: update message set circle_name=?, message=?, posted_date=?, receiver_id=?, sender_name=?, stream_type=?, tag=? where message_id=?
2018-04-11 13:35:44 [main] DEBUG o.h.p.entity.AbstractEntityPersister -  Delete 0: delete from message where message_id=?
2018-04-11 13:35:44 [main] DEBUG o.h.p.entity.AbstractEntityPersister -  Identity insert: insert into message (circle_name, message, posted_date, receiver_id, sender_name, stream_type, tag) values (?, ?, ?, ?, ?, ?, ?)
2018-04-11 13:35:44 [main] DEBUG o.h.l.p.b.i.spaces.QuerySpacesImpl - Adding QuerySpace : uid = <gen:0> -> org.hibernate.loader.plan.build.internal.spaces.EntityQuerySpaceImpl@62360a68]
2018-04-11 13:35:44 [main] DEBUG o.h.p.w.spi.MetamodelGraphWalker - Visiting attribute path : circleName
2018-04-11 13:35:44 [main] DEBUG o.h.p.w.spi.MetamodelGraphWalker - Visiting attribute path : message
2018-04-11 13:35:44 [main] DEBUG o.h.p.w.spi.MetamodelGraphWalker - Visiting attribute path : postedDate
2018-04-11 13:35:44 [main] DEBUG o.h.p.w.spi.MetamodelGraphWalker - Visiting attribute path : receiverId
2018-04-11 13:35:44 [main] DEBUG o.h.p.w.spi.MetamodelGraphWalker - Visiting attribute path : senderName
2018-04-11 13:35:44 [main] DEBUG o.h.p.w.spi.MetamodelGraphWalker - Visiting attribute path : streamType
2018-04-11 13:35:44 [main] DEBUG o.h.p.w.spi.MetamodelGraphWalker - Visiting attribute path : tag
2018-04-11 13:35:44 [main] DEBUG o.h.l.p.b.i.FetchStyleLoadPlanBuildingAssociationVisitationStrategy - Building LoadPlan...
2018-04-11 13:35:44 [main] DEBUG o.h.l.p.e.i.LoadQueryJoinAndFetchProcessor - processing queryspace <gen:0>
2018-04-11 13:35:44 [main] DEBUG o.h.l.p.b.spi.LoadPlanTreePrinter - LoadPlan(entity=com.stackroute.activitystream.model.Message)
    - Returns
       - EntityReturnImpl(entity=com.stackroute.activitystream.model.Message, querySpaceUid=<gen:0>, path=com.stackroute.activitystream.model.Message)
    - QuerySpaces
       - EntityQuerySpaceImpl(uid=<gen:0>, entity=com.stackroute.activitystream.model.Message)
          - SQL table alias mapping - message0_
          - alias suffix - 0_
          - suffixed key columns - {message_1_1_0_}

2018-04-11 13:35:44 [main] DEBUG o.h.loader.entity.plan.EntityLoader - Static select for entity com.stackroute.activitystream.model.Message [NONE]: select message0_.message_id as message_1_1_0_, message0_.circle_name as circle_n2_1_0_, message0_.message as message3_1_0_, message0_.posted_date as posted_d4_1_0_, message0_.receiver_id as receiver5_1_0_, message0_.sender_name as sender_n6_1_0_, message0_.stream_type as stream_t7_1_0_, message0_.tag as tag8_1_0_ from message message0_ where message0_.message_id=?
2018-04-11 13:35:44 [main] DEBUG o.h.l.p.b.i.spaces.QuerySpacesImpl - Adding QuerySpace : uid = <gen:0> -> org.hibernate.loader.plan.build.internal.spaces.EntityQuerySpaceImpl@4e756867]
2018-04-11 13:35:44 [main] DEBUG o.h.p.w.spi.MetamodelGraphWalker - Visiting attribute path : circleName
2018-04-11 13:35:44 [main] DEBUG o.h.p.w.spi.MetamodelGraphWalker - Visiting attribute path : message
2018-04-11 13:35:44 [main] DEBUG o.h.p.w.spi.MetamodelGraphWalker - Visiting attribute path : postedDate
2018-04-11 13:35:44 [main] DEBUG o.h.p.w.spi.MetamodelGraphWalker - Visiting attribute path : receiverId
2018-04-11 13:35:44 [main] DEBUG o.h.p.w.spi.MetamodelGraphWalker - Visiting attribute path : senderName
2018-04-11 13:35:44 [main] DEBUG o.h.p.w.spi.MetamodelGraphWalker - Visiting attribute path : streamType
2018-04-11 13:35:44 [main] DEBUG o.h.p.w.spi.MetamodelGraphWalker - Visiting attribute path : tag
2018-04-11 13:35:44 [main] DEBUG o.h.l.p.b.i.FetchStyleLoadPlanBuildingAssociationVisitationStrategy - Building LoadPlan...
2018-04-11 13:35:44 [main] DEBUG o.h.l.p.e.i.LoadQueryJoinAndFetchProcessor - processing queryspace <gen:0>
2018-04-11 13:35:44 [main] DEBUG o.h.l.p.b.spi.LoadPlanTreePrinter - LoadPlan(entity=com.stackroute.activitystream.model.Message)
    - Returns
       - EntityReturnImpl(entity=com.stackroute.activitystream.model.Message, querySpaceUid=<gen:0>, path=com.stackroute.activitystream.model.Message)
    - QuerySpaces
       - EntityQuerySpaceImpl(uid=<gen:0>, entity=com.stackroute.activitystream.model.Message)
          - SQL table alias mapping - message0_
          - alias suffix - 0_
          - suffixed key columns - {message_1_1_0_}

2018-04-11 13:35:44 [main] DEBUG o.h.loader.entity.plan.EntityLoader - Static select for entity com.stackroute.activitystream.model.Message [READ]: select message0_.message_id as message_1_1_0_, message0_.circle_name as circle_n2_1_0_, message0_.message as message3_1_0_, message0_.posted_date as posted_d4_1_0_, message0_.receiver_id as receiver5_1_0_, message0_.sender_name as sender_n6_1_0_, message0_.stream_type as stream_t7_1_0_, message0_.tag as tag8_1_0_ from message message0_ where message0_.message_id=?
2018-04-11 13:35:44 [main] DEBUG o.h.l.p.b.i.spaces.QuerySpacesImpl - Adding QuerySpace : uid = <gen:0> -> org.hibernate.loader.plan.build.internal.spaces.EntityQuerySpaceImpl@6adcf059]
2018-04-11 13:35:44 [main] DEBUG o.h.p.w.spi.MetamodelGraphWalker - Visiting attribute path : circleName
2018-04-11 13:35:44 [main] DEBUG o.h.p.w.spi.MetamodelGraphWalker - Visiting attribute path : message
2018-04-11 13:35:44 [main] DEBUG o.h.p.w.spi.MetamodelGraphWalker - Visiting attribute path : postedDate
2018-04-11 13:35:44 [main] DEBUG o.h.p.w.spi.MetamodelGraphWalker - Visiting attribute path : receiverId
2018-04-11 13:35:44 [main] DEBUG o.h.p.w.spi.MetamodelGraphWalker - Visiting attribute path : senderName
2018-04-11 13:35:44 [main] DEBUG o.h.p.w.spi.MetamodelGraphWalker - Visiting attribute path : streamType
2018-04-11 13:35:44 [main] DEBUG o.h.p.w.spi.MetamodelGraphWalker - Visiting attribute path : tag
2018-04-11 13:35:44 [main] DEBUG o.h.l.p.b.i.FetchStyleLoadPlanBuildingAssociationVisitationStrategy - Building LoadPlan...
2018-04-11 13:35:44 [main] DEBUG o.h.l.p.e.i.LoadQueryJoinAndFetchProcessor - processing queryspace <gen:0>
2018-04-11 13:35:44 [main] DEBUG o.h.l.p.b.spi.LoadPlanTreePrinter - LoadPlan(entity=com.stackroute.activitystream.model.Message)
    - Returns
       - EntityReturnImpl(entity=com.stackroute.activitystream.model.Message, querySpaceUid=<gen:0>, path=com.stackroute.activitystream.model.Message)
    - QuerySpaces
       - EntityQuerySpaceImpl(uid=<gen:0>, entity=com.stackroute.activitystream.model.Message)
          - SQL table alias mapping - message0_
          - alias suffix - 0_
          - suffixed key columns - {message_1_1_0_}

2018-04-11 13:35:44 [main] DEBUG o.h.loader.entity.plan.EntityLoader - Static select for entity com.stackroute.activitystream.model.Message [UPGRADE]: select message0_.message_id as message_1_1_0_, message0_.circle_name as circle_n2_1_0_, message0_.message as message3_1_0_, message0_.posted_date as posted_d4_1_0_, message0_.receiver_id as receiver5_1_0_, message0_.sender_name as sender_n6_1_0_, message0_.stream_type as stream_t7_1_0_, message0_.tag as tag8_1_0_ from message message0_ where message0_.message_id=? for update
2018-04-11 13:35:44 [main] DEBUG o.h.l.p.b.i.spaces.QuerySpacesImpl - Adding QuerySpace : uid = <gen:0> -> org.hibernate.loader.plan.build.internal.spaces.EntityQuerySpaceImpl@1c31de5d]
2018-04-11 13:35:44 [main] DEBUG o.h.p.w.spi.MetamodelGraphWalker - Visiting attribute path : circleName
2018-04-11 13:35:44 [main] DEBUG o.h.p.w.spi.MetamodelGraphWalker - Visiting attribute path : message
2018-04-11 13:35:44 [main] DEBUG o.h.p.w.spi.MetamodelGraphWalker - Visiting attribute path : postedDate
2018-04-11 13:35:44 [main] DEBUG o.h.p.w.spi.MetamodelGraphWalker - Visiting attribute path : receiverId
2018-04-11 13:35:44 [main] DEBUG o.h.p.w.spi.MetamodelGraphWalker - Visiting attribute path : senderName
2018-04-11 13:35:44 [main] DEBUG o.h.p.w.spi.MetamodelGraphWalker - Visiting attribute path : streamType
2018-04-11 13:35:44 [main] DEBUG o.h.p.w.spi.MetamodelGraphWalker - Visiting attribute path : tag
2018-04-11 13:35:44 [main] DEBUG o.h.l.p.b.i.FetchStyleLoadPlanBuildingAssociationVisitationStrategy - Building LoadPlan...
2018-04-11 13:35:44 [main] DEBUG o.h.l.p.e.i.LoadQueryJoinAndFetchProcessor - processing queryspace <gen:0>
2018-04-11 13:35:44 [main] DEBUG o.h.l.p.b.spi.LoadPlanTreePrinter - LoadPlan(entity=com.stackroute.activitystream.model.Message)
    - Returns
       - EntityReturnImpl(entity=com.stackroute.activitystream.model.Message, querySpaceUid=<gen:0>, path=com.stackroute.activitystream.model.Message)
    - QuerySpaces
       - EntityQuerySpaceImpl(uid=<gen:0>, entity=com.stackroute.activitystream.model.Message)
          - SQL table alias mapping - message0_
          - alias suffix - 0_
          - suffixed key columns - {message_1_1_0_}

2018-04-11 13:35:44 [main] DEBUG o.h.loader.entity.plan.EntityLoader - Static select for entity com.stackroute.activitystream.model.Message [UPGRADE_NOWAIT]: select message0_.message_id as message_1_1_0_, message0_.circle_name as circle_n2_1_0_, message0_.message as message3_1_0_, message0_.posted_date as posted_d4_1_0_, message0_.receiver_id as receiver5_1_0_, message0_.sender_name as sender_n6_1_0_, message0_.stream_type as stream_t7_1_0_, message0_.tag as tag8_1_0_ from message message0_ where message0_.message_id=? for update
2018-04-11 13:35:44 [main] DEBUG o.h.l.p.b.i.spaces.QuerySpacesImpl - Adding QuerySpace : uid = <gen:0> -> org.hibernate.loader.plan.build.internal.spaces.EntityQuerySpaceImpl@772cf46b]
2018-04-11 13:35:44 [main] DEBUG o.h.p.w.spi.MetamodelGraphWalker - Visiting attribute path : circleName
2018-04-11 13:35:44 [main] DEBUG o.h.p.w.spi.MetamodelGraphWalker - Visiting attribute path : message
2018-04-11 13:35:44 [main] DEBUG o.h.p.w.spi.MetamodelGraphWalker - Visiting attribute path : postedDate
2018-04-11 13:35:44 [main] DEBUG o.h.p.w.spi.MetamodelGraphWalker - Visiting attribute path : receiverId
2018-04-11 13:35:44 [main] DEBUG o.h.p.w.spi.MetamodelGraphWalker - Visiting attribute path : senderName
2018-04-11 13:35:44 [main] DEBUG o.h.p.w.spi.MetamodelGraphWalker - Visiting attribute path : streamType
2018-04-11 13:35:44 [main] DEBUG o.h.p.w.spi.MetamodelGraphWalker - Visiting attribute path : tag
2018-04-11 13:35:44 [main] DEBUG o.h.l.p.b.i.FetchStyleLoadPlanBuildingAssociationVisitationStrategy - Building LoadPlan...
2018-04-11 13:35:44 [main] DEBUG o.h.l.p.e.i.LoadQueryJoinAndFetchProcessor - processing queryspace <gen:0>
2018-04-11 13:35:44 [main] DEBUG o.h.l.p.b.spi.LoadPlanTreePrinter - LoadPlan(entity=com.stackroute.activitystream.model.Message)
    - Returns
       - EntityReturnImpl(entity=com.stackroute.activitystream.model.Message, querySpaceUid=<gen:0>, path=com.stackroute.activitystream.model.Message)
    - QuerySpaces
       - EntityQuerySpaceImpl(uid=<gen:0>, entity=com.stackroute.activitystream.model.Message)
          - SQL table alias mapping - message0_
          - alias suffix - 0_
          - suffixed key columns - {message_1_1_0_}

2018-04-11 13:35:44 [main] DEBUG o.h.loader.entity.plan.EntityLoader - Static select for entity com.stackroute.activitystream.model.Message [UPGRADE_SKIPLOCKED]: select message0_.message_id as message_1_1_0_, message0_.circle_name as circle_n2_1_0_, message0_.message as message3_1_0_, message0_.posted_date as posted_d4_1_0_, message0_.receiver_id as receiver5_1_0_, message0_.sender_name as sender_n6_1_0_, message0_.stream_type as stream_t7_1_0_, message0_.tag as tag8_1_0_ from message message0_ where message0_.message_id=? for update
2018-04-11 13:35:44 [main] DEBUG o.h.l.p.b.i.spaces.QuerySpacesImpl - Adding QuerySpace : uid = <gen:0> -> org.hibernate.loader.plan.build.internal.spaces.EntityQuerySpaceImpl@949d347]
2018-04-11 13:35:44 [main] DEBUG o.h.p.w.spi.MetamodelGraphWalker - Visiting attribute path : circleName
2018-04-11 13:35:44 [main] DEBUG o.h.p.w.spi.MetamodelGraphWalker - Visiting attribute path : message
2018-04-11 13:35:44 [main] DEBUG o.h.p.w.spi.MetamodelGraphWalker - Visiting attribute path : postedDate
2018-04-11 13:35:44 [main] DEBUG o.h.p.w.spi.MetamodelGraphWalker - Visiting attribute path : receiverId
2018-04-11 13:35:44 [main] DEBUG o.h.p.w.spi.MetamodelGraphWalker - Visiting attribute path : senderName
2018-04-11 13:35:44 [main] DEBUG o.h.p.w.spi.MetamodelGraphWalker - Visiting attribute path : streamType
2018-04-11 13:35:44 [main] DEBUG o.h.p.w.spi.MetamodelGraphWalker - Visiting attribute path : tag
2018-04-11 13:35:44 [main] DEBUG o.h.l.p.b.i.FetchStyleLoadPlanBuildingAssociationVisitationStrategy - Building LoadPlan...
2018-04-11 13:35:44 [main] DEBUG o.h.l.p.e.i.LoadQueryJoinAndFetchProcessor - processing queryspace <gen:0>
