2018-04-10 23:01:56 [main] DEBUG o.h.l.p.b.spi.LoadPlanTreePrinter - LoadPlan(entity=com.stackroute.activitystream.model.Message)
    - Returns
       - EntityReturnImpl(entity=com.stackroute.activitystream.model.Message, querySpaceUid=<gen:0>, path=com.stackroute.activitystream.model.Message)
    - QuerySpaces
       - EntityQuerySpaceImpl(uid=<gen:0>, entity=com.stackroute.activitystream.model.Message)
          - SQL table alias mapping - message0_
          - alias suffix - 0_
          - suffixed key columns - {message_1_1_0_}

2018-04-10 23:01:56 [main] DEBUG o.h.loader.entity.plan.EntityLoader - Static select for entity com.stackroute.activitystream.model.Message [FORCE]: select message0_.message_id as message_1_1_0_, message0_.circle_name as circle_n2_1_0_, message0_.message as message3_1_0_, message0_.posted_date as posted_d4_1_0_, message0_.receiver_id as receiver5_1_0_, message0_.sender_name as sender_n6_1_0_, message0_.stream_type as stream_t7_1_0_, message0_.tag as tag8_1_0_ from message message0_ where message0_.message_id=? for update
2018-04-10 23:01:56 [main] DEBUG o.h.l.p.b.i.spaces.QuerySpacesImpl - Adding QuerySpace : uid = <gen:0> -> org.hibernate.loader.plan.build.internal.spaces.EntityQuerySpaceImpl@6c1f15df]
2018-04-10 23:01:56 [main] DEBUG o.h.p.w.spi.MetamodelGraphWalker - Visiting attribute path : circleName
2018-04-10 23:01:56 [main] DEBUG o.h.p.w.spi.MetamodelGraphWalker - Visiting attribute path : message
2018-04-10 23:01:56 [main] DEBUG o.h.p.w.spi.MetamodelGraphWalker - Visiting attribute path : postedDate
2018-04-10 23:01:56 [main] DEBUG o.h.p.w.spi.MetamodelGraphWalker - Visiting attribute path : receiverId
2018-04-10 23:01:56 [main] DEBUG o.h.p.w.spi.MetamodelGraphWalker - Visiting attribute path : senderName
2018-04-10 23:01:56 [main] DEBUG o.h.p.w.spi.MetamodelGraphWalker - Visiting attribute path : streamType
2018-04-10 23:01:56 [main] DEBUG o.h.p.w.spi.MetamodelGraphWalker - Visiting attribute path : tag
2018-04-10 23:01:56 [main] DEBUG o.h.l.p.b.i.FetchStyleLoadPlanBuildingAssociationVisitationStrategy - Building LoadPlan...
2018-04-10 23:01:56 [main] DEBUG o.h.l.p.e.i.LoadQueryJoinAndFetchProcessor - processing queryspace <gen:0>
2018-04-10 23:01:56 [main] DEBUG o.h.l.p.b.spi.LoadPlanTreePrinter - LoadPlan(entity=com.stackroute.activitystream.model.Message)
    - Returns
       - EntityReturnImpl(entity=com.stackroute.activitystream.model.Message, querySpaceUid=<gen:0>, path=com.stackroute.activitystream.model.Message)
    - QuerySpaces
       - EntityQuerySpaceImpl(uid=<gen:0>, entity=com.stackroute.activitystream.model.Message)
          - SQL table alias mapping - message0_
          - alias suffix - 0_
          - suffixed key columns - {message_1_1_0_}

2018-04-10 23:01:56 [main] DEBUG o.h.loader.entity.plan.EntityLoader - Static select for entity com.stackroute.activitystream.model.Message [PESSIMISTIC_READ]: select message0_.message_id as message_1_1_0_, message0_.circle_name as circle_n2_1_0_, message0_.message as message3_1_0_, message0_.posted_date as posted_d4_1_0_, message0_.receiver_id as receiver5_1_0_, message0_.sender_name as sender_n6_1_0_, message0_.stream_type as stream_t7_1_0_, message0_.tag as tag8_1_0_ from message message0_ where message0_.message_id=? lock in share mode
2018-04-10 23:01:56 [main] DEBUG o.h.l.p.b.i.spaces.QuerySpacesImpl - Adding QuerySpace : uid = <gen:0> -> org.hibernate.loader.plan.build.internal.spaces.EntityQuerySpaceImpl@5876bed9]
2018-04-10 23:01:56 [main] DEBUG o.h.p.w.spi.MetamodelGraphWalker - Visiting attribute path : circleName
2018-04-10 23:01:56 [main] DEBUG o.h.p.w.spi.MetamodelGraphWalker - Visiting attribute path : message
2018-04-10 23:01:56 [main] DEBUG o.h.p.w.spi.MetamodelGraphWalker - Visiting attribute path : postedDate
2018-04-10 23:01:56 [main] DEBUG o.h.p.w.spi.MetamodelGraphWalker - Visiting attribute path : receiverId
2018-04-10 23:01:56 [main] DEBUG o.h.p.w.spi.MetamodelGraphWalker - Visiting attribute path : senderName
2018-04-10 23:01:56 [main] DEBUG o.h.p.w.spi.MetamodelGraphWalker - Visiting attribute path : streamType
2018-04-10 23:01:56 [main] DEBUG o.h.p.w.spi.MetamodelGraphWalker - Visiting attribute path : tag
2018-04-10 23:01:56 [main] DEBUG o.h.l.p.b.i.FetchStyleLoadPlanBuildingAssociationVisitationStrategy - Building LoadPlan...
2018-04-10 23:01:56 [main] DEBUG o.h.l.p.e.i.LoadQueryJoinAndFetchProcessor - processing queryspace <gen:0>
2018-04-10 23:01:56 [main] DEBUG o.h.l.p.b.spi.LoadPlanTreePrinter - LoadPlan(entity=com.stackroute.activitystream.model.Message)
    - Returns
       - EntityReturnImpl(entity=com.stackroute.activitystream.model.Message, querySpaceUid=<gen:0>, path=com.stackroute.activitystream.model.Message)
    - QuerySpaces
       - EntityQuerySpaceImpl(uid=<gen:0>, entity=com.stackroute.activitystream.model.Message)
          - SQL table alias mapping - message0_
          - alias suffix - 0_
          - suffixed key columns - {message_1_1_0_}

2018-04-10 23:01:56 [main] DEBUG o.h.loader.entity.plan.EntityLoader - Static select for entity com.stackroute.activitystream.model.Message [PESSIMISTIC_WRITE]: select message0_.message_id as message_1_1_0_, message0_.circle_name as circle_n2_1_0_, message0_.message as message3_1_0_, message0_.posted_date as posted_d4_1_0_, message0_.receiver_id as receiver5_1_0_, message0_.sender_name as sender_n6_1_0_, message0_.stream_type as stream_t7_1_0_, message0_.tag as tag8_1_0_ from message message0_ where message0_.message_id=? for update
2018-04-10 23:01:56 [main] DEBUG o.h.l.p.b.i.spaces.QuerySpacesImpl - Adding QuerySpace : uid = <gen:0> -> org.hibernate.loader.plan.build.internal.spaces.EntityQuerySpaceImpl@67f8f5a6]
2018-04-10 23:01:56 [main] DEBUG o.h.p.w.spi.MetamodelGraphWalker - Visiting attribute path : circleName
2018-04-10 23:01:56 [main] DEBUG o.h.p.w.spi.MetamodelGraphWalker - Visiting attribute path : message
2018-04-10 23:01:56 [main] DEBUG o.h.p.w.spi.MetamodelGraphWalker - Visiting attribute path : postedDate
2018-04-10 23:01:56 [main] DEBUG o.h.p.w.spi.MetamodelGraphWalker - Visiting attribute path : receiverId
2018-04-10 23:01:56 [main] DEBUG o.h.p.w.spi.MetamodelGraphWalker - Visiting attribute path : senderName
2018-04-10 23:01:56 [main] DEBUG o.h.p.w.spi.MetamodelGraphWalker - Visiting attribute path : streamType
2018-04-10 23:01:56 [main] DEBUG o.h.p.w.spi.MetamodelGraphWalker - Visiting attribute path : tag
2018-04-10 23:01:56 [main] DEBUG o.h.l.p.b.i.FetchStyleLoadPlanBuildingAssociationVisitationStrategy - Building LoadPlan...
2018-04-10 23:01:56 [main] DEBUG o.h.l.p.e.i.LoadQueryJoinAndFetchProcessor - processing queryspace <gen:0>
2018-04-10 23:01:56 [main] DEBUG o.h.l.p.b.spi.LoadPlanTreePrinter - LoadPlan(entity=com.stackroute.activitystream.model.Message)
    - Returns
       - EntityReturnImpl(entity=com.stackroute.activitystream.model.Message, querySpaceUid=<gen:0>, path=com.stackroute.activitystream.model.Message)
    - QuerySpaces
       - EntityQuerySpaceImpl(uid=<gen:0>, entity=com.stackroute.activitystream.model.Message)
          - SQL table alias mapping - message0_
          - alias suffix - 0_
          - suffixed key columns - {message_1_1_0_}

2018-04-10 23:01:56 [main] DEBUG o.h.loader.entity.plan.EntityLoader - Static select for entity com.stackroute.activitystream.model.Message [PESSIMISTIC_FORCE_INCREMENT]: select message0_.message_id as message_1_1_0_, message0_.circle_name as circle_n2_1_0_, message0_.message as message3_1_0_, message0_.posted_date as posted_d4_1_0_, message0_.receiver_id as receiver5_1_0_, message0_.sender_name as sender_n6_1_0_, message0_.stream_type as stream_t7_1_0_, message0_.tag as tag8_1_0_ from message message0_ where message0_.message_id=? for update
2018-04-10 23:01:56 [main] DEBUG o.h.l.p.b.i.spaces.QuerySpacesImpl - Adding QuerySpace : uid = <gen:0> -> org.hibernate.loader.plan.build.internal.spaces.EntityQuerySpaceImpl@7976e536]
2018-04-10 23:01:56 [main] DEBUG o.h.p.w.spi.MetamodelGraphWalker - Visiting attribute path : circleName
2018-04-10 23:01:56 [main] DEBUG o.h.p.w.spi.MetamodelGraphWalker - Visiting attribute path : message
2018-04-10 23:01:56 [main] DEBUG o.h.p.w.spi.MetamodelGraphWalker - Visiting attribute path : postedDate
2018-04-10 23:01:56 [main] DEBUG o.h.p.w.spi.MetamodelGraphWalker - Visiting attribute path : receiverId
2018-04-10 23:01:56 [main] DEBUG o.h.p.w.spi.MetamodelGraphWalker - Visiting attribute path : senderName
2018-04-10 23:01:56 [main] DEBUG o.h.p.w.spi.MetamodelGraphWalker - Visiting attribute path : streamType
2018-04-10 23:01:56 [main] DEBUG o.h.p.w.spi.MetamodelGraphWalker - Visiting attribute path : tag
2018-04-10 23:01:56 [main] DEBUG o.h.l.p.b.i.FetchStyleLoadPlanBuildingAssociationVisitationStrategy - Building LoadPlan...
2018-04-10 23:01:56 [main] DEBUG o.h.l.p.e.i.LoadQueryJoinAndFetchProcessor - processing queryspace <gen:0>
2018-04-10 23:01:56 [main] DEBUG o.h.l.p.b.spi.LoadPlanTreePrinter - LoadPlan(entity=com.stackroute.activitystream.model.Message)
    - Returns
       - EntityReturnImpl(entity=com.stackroute.activitystream.model.Message, querySpaceUid=<gen:0>, path=com.stackroute.activitystream.model.Message)
    - QuerySpaces
       - EntityQuerySpaceImpl(uid=<gen:0>, entity=com.stackroute.activitystream.model.Message)
          - SQL table alias mapping - message0_
          - alias suffix - 0_
          - suffixed key columns - {message_1_1_0_}

2018-04-10 23:01:56 [main] DEBUG o.h.loader.entity.plan.EntityLoader - Static select for entity com.stackroute.activitystream.model.Message [OPTIMISTIC]: select message0_.message_id as message_1_1_0_, message0_.circle_name as circle_n2_1_0_, message0_.message as message3_1_0_, message0_.posted_date as posted_d4_1_0_, message0_.receiver_id as receiver5_1_0_, message0_.sender_name as sender_n6_1_0_, message0_.stream_type as stream_t7_1_0_, message0_.tag as tag8_1_0_ from message message0_ where message0_.message_id=?
2018-04-10 23:01:56 [main] DEBUG o.h.l.p.b.i.spaces.QuerySpacesImpl - Adding QuerySpace : uid = <gen:0> -> org.hibernate.loader.plan.build.internal.spaces.EntityQuerySpaceImpl@47ffdbba]
2018-04-10 23:01:56 [main] DEBUG o.h.p.w.spi.MetamodelGraphWalker - Visiting attribute path : circleName
2018-04-10 23:01:56 [main] DEBUG o.h.p.w.spi.MetamodelGraphWalker - Visiting attribute path : message
2018-04-10 23:01:56 [main] DEBUG o.h.p.w.spi.MetamodelGraphWalker - Visiting attribute path : postedDate
2018-04-10 23:01:56 [main] DEBUG o.h.p.w.spi.MetamodelGraphWalker - Visiting attribute path : receiverId
2018-04-10 23:01:56 [main] DEBUG o.h.p.w.spi.MetamodelGraphWalker - Visiting attribute path : senderName
2018-04-10 23:01:56 [main] DEBUG o.h.p.w.spi.MetamodelGraphWalker - Visiting attribute path : streamType
2018-04-10 23:01:56 [main] DEBUG o.h.p.w.spi.MetamodelGraphWalker - Visiting attribute path : tag
2018-04-10 23:01:56 [main] DEBUG o.h.l.p.b.i.FetchStyleLoadPlanBuildingAssociationVisitationStrategy - Building LoadPlan...
2018-04-10 23:01:56 [main] DEBUG o.h.l.p.e.i.LoadQueryJoinAndFetchProcessor - processing queryspace <gen:0>
2018-04-10 23:01:56 [main] DEBUG o.h.l.p.b.spi.LoadPlanTreePrinter - LoadPlan(entity=com.stackroute.activitystream.model.Message)
    - Returns
       - EntityReturnImpl(entity=com.stackroute.activitystream.model.Message, querySpaceUid=<gen:0>, path=com.stackroute.activitystream.model.Message)
    - QuerySpaces
       - EntityQuerySpaceImpl(uid=<gen:0>, entity=com.stackroute.activitystream.model.Message)
          - SQL table alias mapping - message0_
          - alias suffix - 0_
          - suffixed key columns - {message_1_1_0_}

2018-04-10 23:01:56 [main] DEBUG o.h.loader.entity.plan.EntityLoader - Static select for entity com.stackroute.activitystream.model.Message [OPTIMISTIC_FORCE_INCREMENT]: select message0_.message_id as message_1_1_0_, message0_.circle_name as circle_n2_1_0_, message0_.message as message3_1_0_, message0_.posted_date as posted_d4_1_0_, message0_.receiver_id as receiver5_1_0_, message0_.sender_name as sender_n6_1_0_, message0_.stream_type as stream_t7_1_0_, message0_.tag as tag8_1_0_ from message message0_ where message0_.message_id=?
2018-04-10 23:01:56 [main] DEBUG org.hibernate.loader.Loader - Static select for action ACTION_MERGE on entity com.stackroute.activitystream.model.Message: select message0_.message_id as message_1_1_0_, message0_.circle_name as circle_n2_1_0_, message0_.message as message3_1_0_, message0_.posted_date as posted_d4_1_0_, message0_.receiver_id as receiver5_1_0_, message0_.sender_name as sender_n6_1_0_, message0_.stream_type as stream_t7_1_0_, message0_.tag as tag8_1_0_ from message message0_ where message0_.message_id=?
2018-04-10 23:01:56 [main] DEBUG org.hibernate.loader.Loader - Static select for action ACTION_REFRESH on entity com.stackroute.activitystream.model.Message: select message0_.message_id as message_1_1_0_, message0_.circle_name as circle_n2_1_0_, message0_.message as message3_1_0_, message0_.posted_date as posted_d4_1_0_, message0_.receiver_id as receiver5_1_0_, message0_.sender_name as sender_n6_1_0_, message0_.stream_type as stream_t7_1_0_, message0_.tag as tag8_1_0_ from message message0_ where message0_.message_id=?
2018-04-10 23:01:56 [main] DEBUG o.h.p.entity.AbstractEntityPersister - Static SQL for entity: com.stackroute.activitystream.model.User
2018-04-10 23:01:56 [main] DEBUG o.h.p.entity.AbstractEntityPersister -  Version select: select username from user where username =?
2018-04-10 23:01:56 [main] DEBUG o.h.p.entity.AbstractEntityPersister -  Snapshot select: select user_.username, user_.address as address2_2_, user_.company as company3_2_, user_.dob as dob4_2_, user_.education as educatio5_2_, user_.email as email6_2_, user_.lastname as lastname7_2_, user_.mobile as mobile8_2_, user_.name as name9_2_, user_.password as passwor10_2_ from user user_ where user_.username=?
2018-04-10 23:01:56 [main] DEBUG o.h.p.entity.AbstractEntityPersister -  Insert 0: insert into user (address, company, dob, education, email, lastname, mobile, name, password, username) values (?, ?, ?, ?, ?, ?, ?, ?, ?, ?)
2018-04-10 23:01:56 [main] DEBUG o.h.p.entity.AbstractEntityPersister -  Update 0: update user set address=?, company=?, dob=?, education=?, email=?, lastname=?, mobile=?, name=?, password=? where username=?
2018-04-10 23:01:56 [main] DEBUG o.h.p.entity.AbstractEntityPersister -  Delete 0: delete from user where username=?
2018-04-10 23:01:56 [main] DEBUG o.h.l.p.b.i.spaces.QuerySpacesImpl - Adding QuerySpace : uid = <gen:0> -> org.hibernate.loader.plan.build.internal.spaces.EntityQuerySpaceImpl@45311a99]
2018-04-10 23:01:56 [main] DEBUG o.h.p.w.spi.MetamodelGraphWalker - Visiting attribute path : address
2018-04-10 23:01:56 [main] DEBUG o.h.p.w.spi.MetamodelGraphWalker - Visiting attribute path : company
2018-04-10 23:01:56 [main] DEBUG o.h.p.w.spi.MetamodelGraphWalker - Visiting attribute path : dob
2018-04-10 23:01:56 [main] DEBUG o.h.p.w.spi.MetamodelGraphWalker - Visiting attribute path : education
2018-04-10 23:01:56 [main] DEBUG o.h.p.w.spi.MetamodelGraphWalker - Visiting attribute path : email
2018-04-10 23:01:56 [main] DEBUG o.h.p.w.spi.MetamodelGraphWalker - Visiting attribute path : lastname
2018-04-10 23:01:56 [main] DEBUG o.h.p.w.spi.MetamodelGraphWalker - Visiting attribute path : mobile
2018-04-10 23:01:56 [main] DEBUG o.h.p.w.spi.MetamodelGraphWalker - Visiting attribute path : name
2018-04-10 23:01:56 [main] DEBUG o.h.p.w.spi.MetamodelGraphWalker - Visiting attribute path : password
2018-04-10 23:01:56 [main] DEBUG o.h.l.p.b.i.FetchStyleLoadPlanBuildingAssociationVisitationStrategy - Building LoadPlan...
2018-04-10 23:01:56 [main] DEBUG o.h.l.p.e.i.LoadQueryJoinAndFetchProcessor - processing queryspace <gen:0>
2018-04-10 23:01:56 [main] DEBUG o.h.l.p.b.spi.LoadPlanTreePrinter - LoadPlan(entity=com.stackroute.activitystream.model.User)
    - Returns
       - EntityReturnImpl(entity=com.stackroute.activitystream.model.User, querySpaceUid=<gen:0>, path=com.stackroute.activitystream.model.User)
    - QuerySpaces
       - EntityQuerySpaceImpl(uid=<gen:0>, entity=com.stackroute.activitystream.model.User)
          - SQL table alias mapping - user0_
          - alias suffix - 0_
          - suffixed key columns - {username1_2_0_}

2018-04-10 23:01:56 [main] DEBUG o.h.loader.entity.plan.EntityLoader - Static select for entity com.stackroute.activitystream.model.User [NONE]: select user0_.username as username1_2_0_, user0_.address as address2_2_0_, user0_.company as company3_2_0_, user0_.dob as dob4_2_0_, user0_.education as educatio5_2_0_, user0_.email as email6_2_0_, user0_.lastname as lastname7_2_0_, user0_.mobile as mobile8_2_0_, user0_.name as name9_2_0_, user0_.password as passwor10_2_0_ from user user0_ where user0_.username=?
2018-04-10 23:01:56 [main] DEBUG o.h.l.p.b.i.spaces.QuerySpacesImpl - Adding QuerySpace : uid = <gen:0> -> org.hibernate.loader.plan.build.internal.spaces.EntityQuerySpaceImpl@492c8137]
2018-04-10 23:01:56 [main] DEBUG o.h.p.w.spi.MetamodelGraphWalker - Visiting attribute path : address
2018-04-10 23:01:56 [main] DEBUG o.h.p.w.spi.MetamodelGraphWalker - Visiting attribute path : company
2018-04-10 23:01:56 [main] DEBUG o.h.p.w.spi.MetamodelGraphWalker - Visiting attribute path : dob
2018-04-10 23:01:56 [main] DEBUG o.h.p.w.spi.MetamodelGraphWalker - Visiting attribute path : education
2018-04-10 23:01:56 [main] DEBUG o.h.p.w.spi.MetamodelGraphWalker - Visiting attribute path : email
2018-04-10 23:01:56 [main] DEBUG o.h.p.w.spi.MetamodelGraphWalker - Visiting attribute path : lastname
2018-04-10 23:01:56 [main] DEBUG o.h.p.w.spi.MetamodelGraphWalker - Visiting attribute path : mobile
2018-04-10 23:01:56 [main] DEBUG o.h.p.w.spi.MetamodelGraphWalker - Visiting attribute path : name
2018-04-10 23:01:56 [main] DEBUG o.h.p.w.spi.MetamodelGraphWalker - Visiting attribute path : password
2018-04-10 23:01:56 [main] DEBUG o.h.l.p.b.i.FetchStyleLoadPlanBuildingAssociationVisitationStrategy - Building LoadPlan...
2018-04-10 23:01:56 [main] DEBUG o.h.l.p.e.i.LoadQueryJoinAndFetchProcessor - processing queryspace <gen:0>
2018-04-10 23:01:56 [main] DEBUG o.h.l.p.b.spi.LoadPlanTreePrinter - LoadPlan(entity=com.stackroute.activitystream.model.User)
    - Returns
       - EntityReturnImpl(entity=com.stackroute.activitystream.model.User, querySpaceUid=<gen:0>, path=com.stackroute.activitystream.model.User)
    - QuerySpaces
       - EntityQuerySpaceImpl(uid=<gen:0>, entity=com.stackroute.activitystream.model.User)
          - SQL table alias mapping - user0_
          - alias suffix - 0_
          - suffixed key columns - {username1_2_0_}

2018-04-10 23:01:56 [main] DEBUG o.h.loader.entity.plan.EntityLoader - Static select for entity com.stackroute.activitystream.model.User [READ]: select user0_.username as username1_2_0_, user0_.address as address2_2_0_, user0_.company as company3_2_0_, user0_.dob as dob4_2_0_, user0_.education as educatio5_2_0_, user0_.email as email6_2_0_, user0_.lastname as lastname7_2_0_, user0_.mobile as mobile8_2_0_, user0_.name as name9_2_0_, user0_.password as passwor10_2_0_ from user user0_ where user0_.username=?
2018-04-10 23:01:56 [main] DEBUG o.h.l.p.b.i.spaces.QuerySpacesImpl - Adding QuerySpace : uid = <gen:0> -> org.hibernate.loader.plan.build.internal.spaces.EntityQuerySpaceImpl@f237ae7]
2018-04-10 23:01:56 [main] DEBUG o.h.p.w.spi.MetamodelGraphWalker - Visiting attribute path : address
2018-04-10 23:01:56 [main] DEBUG o.h.p.w.spi.MetamodelGraphWalker - Visiting attribute path : company
2018-04-10 23:01:56 [main] DEBUG o.h.p.w.spi.MetamodelGraphWalker - Visiting attribute path : dob
2018-04-10 23:01:56 [main] DEBUG o.h.p.w.spi.MetamodelGraphWalker - Visiting attribute path : education
2018-04-10 23:01:56 [main] DEBUG o.h.p.w.spi.MetamodelGraphWalker - Visiting attribute path : email
2018-04-10 23:01:56 [main] DEBUG o.h.p.w.spi.MetamodelGraphWalker - Visiting attribute path : lastname
2018-04-10 23:01:56 [main] DEBUG o.h.p.w.spi.MetamodelGraphWalker - Visiting attribute path : mobile
2018-04-10 23:01:56 [main] DEBUG o.h.p.w.spi.MetamodelGraphWalker - Visiting attribute path : name
2018-04-10 23:01:56 [main] DEBUG o.h.p.w.spi.MetamodelGraphWalker - Visiting attribute path : password
2018-04-10 23:01:56 [main] DEBUG o.h.l.p.b.i.FetchStyleLoadPlanBuildingAssociationVisitationStrategy - Building LoadPlan...
2018-04-10 23:01:56 [main] DEBUG o.h.l.p.e.i.LoadQueryJoinAndFetchProcessor - processing queryspace <gen:0>
2018-04-10 23:01:56 [main] DEBUG o.h.l.p.b.spi.LoadPlanTreePrinter - LoadPlan(entity=com.stackroute.activitystream.model.User)
    - Returns
       - EntityReturnImpl(entity=com.stackroute.activitystream.model.User, querySpaceUid=<gen:0>, path=com.stackroute.activitystream.model.User)
    - QuerySpaces
       - EntityQuerySpaceImpl(uid=<gen:0>, entity=com.stackroute.activitystream.model.User)
          - SQL table alias mapping - user0_
          - alias suffix - 0_
          - suffixed key columns - {username1_2_0_}

2018-04-10 23:01:56 [main] DEBUG o.h.loader.entity.plan.EntityLoader - Static select for entity com.stackroute.activitystream.model.User [UPGRADE]: select user0_.username as username1_2_0_, user0_.address as address2_2_0_, user0_.company as company3_2_0_, user0_.dob as dob4_2_0_, user0_.education as educatio5_2_0_, user0_.email as email6_2_0_, user0_.lastname as lastname7_2_0_, user0_.mobile as mobile8_2_0_, user0_.name as name9_2_0_, user0_.password as passwor10_2_0_ from user user0_ where user0_.username=? for update
2018-04-10 23:01:56 [main] DEBUG o.h.l.p.b.i.spaces.QuerySpacesImpl - Adding QuerySpace : uid = <gen:0> -> org.hibernate.loader.plan.build.internal.spaces.EntityQuerySpaceImpl@6fe5da76]
2018-04-10 23:01:56 [main] DEBUG o.h.p.w.spi.MetamodelGraphWalker - Visiting attribute path : address
2018-04-10 23:01:56 [main] DEBUG o.h.p.w.spi.MetamodelGraphWalker - Visiting attribute path : company
2018-04-10 23:01:56 [main] DEBUG o.h.p.w.spi.MetamodelGraphWalker - Visiting attribute path : dob
2018-04-10 23:01:56 [main] DEBUG o.h.p.w.spi.MetamodelGraphWalker - Visiting attribute path : education
2018-04-10 23:01:56 [main] DEBUG o.h.p.w.spi.MetamodelGraphWalker - Visiting attribute path : email
2018-04-10 23:01:56 [main] DEBUG o.h.p.w.spi.MetamodelGraphWalker - Visiting attribute path : lastname
2018-04-10 23:01:56 [main] DEBUG o.h.p.w.spi.MetamodelGraphWalker - Visiting attribute path : mobile
2018-04-10 23:01:56 [main] DEBUG o.h.p.w.spi.MetamodelGraphWalker - Visiting attribute path : name
2018-04-10 23:01:56 [main] DEBUG o.h.p.w.spi.MetamodelGraphWalker - Visiting attribute path : password
2018-04-10 23:01:56 [main] DEBUG o.h.l.p.b.i.FetchStyleLoadPlanBuildingAssociationVisitationStrategy - Building LoadPlan...
2018-04-10 23:01:56 [main] DEBUG o.h.l.p.e.i.LoadQueryJoinAndFetchProcessor - processing queryspace <gen:0>
2018-04-10 23:01:56 [main] DEBUG o.h.l.p.b.spi.LoadPlanTreePrinter - LoadPlan(entity=com.stackroute.activitystream.model.User)
    - Returns
       - EntityReturnImpl(entity=com.stackroute.activitystream.model.User, querySpaceUid=<gen:0>, path=com.stackroute.activitystream.model.User)
    - QuerySpaces
       - EntityQuerySpaceImpl(uid=<gen:0>, entity=com.stackroute.activitystream.model.User)
          - SQL table alias mapping - user0_
          - alias suffix - 0_
          - suffixed key columns - {username1_2_0_}

2018-04-10 23:01:56 [main] DEBUG o.h.loader.entity.plan.EntityLoader - Static select for entity com.stackroute.activitystream.model.User [UPGRADE_NOWAIT]: select user0_.username as username1_2_0_, user0_.address as address2_2_0_, user0_.company as company3_2_0_, user0_.dob as dob4_2_0_, user0_.education as educatio5_2_0_, user0_.email as email6_2_0_, user0_.lastname as lastname7_2_0_, user0_.mobile as mobile8_2_0_, user0_.name as name9_2_0_, user0_.password as passwor10_2_0_ from user user0_ where user0_.username=? for update
2018-04-10 23:01:56 [main] DEBUG o.h.l.p.b.i.spaces.QuerySpacesImpl - Adding QuerySpace : uid = <gen:0> -> org.hibernate.loader.plan.build.internal.spaces.EntityQuerySpaceImpl@6339e604]
2018-04-10 23:01:56 [main] DEBUG o.h.p.w.spi.MetamodelGraphWalker - Visiting attribute path : address
2018-04-10 23:01:56 [main] DEBUG o.h.p.w.spi.MetamodelGraphWalker - Visiting attribute path : company
2018-04-10 23:01:56 [main] DEBUG o.h.p.w.spi.MetamodelGraphWalker - Visiting attribute path : dob
2018-04-10 23:01:56 [main] DEBUG o.h.p.w.spi.MetamodelGraphWalker - Visiting attribute path : education
2018-04-10 23:01:56 [main] DEBUG o.h.p.w.spi.MetamodelGraphWalker - Visiting attribute path : email
2018-04-10 23:01:56 [main] DEBUG o.h.p.w.spi.MetamodelGraphWalker - Visiting attribute path : lastname
2018-04-10 23:01:56 [main] DEBUG o.h.p.w.spi.MetamodelGraphWalker - Visiting attribute path : mobile
2018-04-10 23:01:56 [main] DEBUG o.h.p.w.spi.MetamodelGraphWalker - Visiting attribute path : name
2018-04-10 23:01:56 [main] DEBUG o.h.p.w.spi.MetamodelGraphWalker - Visiting attribute path : password
2018-04-10 23:01:56 [main] DEBUG o.h.l.p.b.i.FetchStyleLoadPlanBuildingAssociationVisitationStrategy - Building LoadPlan...
2018-04-10 23:01:56 [main] DEBUG o.h.l.p.e.i.LoadQueryJoinAndFetchProcessor - processing queryspace <gen:0>
2018-04-10 23:01:56 [main] DEBUG o.h.l.p.b.spi.LoadPlanTreePrinter - LoadPlan(entity=com.stackroute.activitystream.model.User)
    - Returns
       - EntityReturnImpl(entity=com.stackroute.activitystream.model.User, querySpaceUid=<gen:0>, path=com.stackroute.activitystream.model.User)
    - QuerySpaces
       - EntityQuerySpaceImpl(uid=<gen:0>, entity=com.stackroute.activitystream.model.User)
          - SQL table alias mapping - user0_
          - alias suffix - 0_
          - suffixed key columns - {username1_2_0_}

2018-04-10 23:01:56 [main] DEBUG o.h.loader.entity.plan.EntityLoader - Static select for entity com.stackroute.activitystream.model.User [UPGRADE_SKIPLOCKED]: select user0_.username as username1_2_0_, user0_.address as address2_2_0_, user0_.company as company3_2_0_, user0_.dob as dob4_2_0_, user0_.education as educatio5_2_0_, user0_.email as email6_2_0_, user0_.lastname as lastname7_2_0_, user0_.mobile as mobile8_2_0_, user0_.name as name9_2_0_, user0_.password as passwor10_2_0_ from user user0_ where user0_.username=? for update
2018-04-10 23:01:56 [main] DEBUG o.h.l.p.b.i.spaces.QuerySpacesImpl - Adding QuerySpace : uid = <gen:0> -> org.hibernate.loader.plan.build.internal.spaces.EntityQuerySpaceImpl@e7e455d]
2018-04-10 23:01:56 [main] DEBUG o.h.p.w.spi.MetamodelGraphWalker - Visiting attribute path : address
2018-04-10 23:01:56 [main] DEBUG o.h.p.w.spi.MetamodelGraphWalker - Visiting attribute path : company
2018-04-10 23:01:56 [main] DEBUG o.h.p.w.spi.MetamodelGraphWalker - Visiting attribute path : dob
2018-04-10 23:01:56 [main] DEBUG o.h.p.w.spi.MetamodelGraphWalker - Visiting attribute path : education
2018-04-10 23:01:56 [main] DEBUG o.h.p.w.spi.MetamodelGraphWalker - Visiting attribute path : email
2018-04-10 23:01:56 [main] DEBUG o.h.p.w.spi.MetamodelGraphWalker - Visiting attribute path : lastname
2018-04-10 23:01:56 [main] DEBUG o.h.p.w.spi.MetamodelGraphWalker - Visiting attribute path : mobile
2018-04-10 23:01:56 [main] DEBUG o.h.p.w.spi.MetamodelGraphWalker - Visiting attribute path : name
2018-04-10 23:01:56 [main] DEBUG o.h.p.w.spi.MetamodelGraphWalker - Visiting attribute path : password
2018-04-10 23:01:56 [main] DEBUG o.h.l.p.b.i.FetchStyleLoadPlanBuildingAssociationVisitationStrategy - Building LoadPlan...
2018-04-10 23:01:56 [main] DEBUG o.h.l.p.e.i.LoadQueryJoinAndFetchProcessor - processing queryspace <gen:0>
2018-04-10 23:01:56 [main] DEBUG o.h.l.p.b.spi.LoadPlanTreePrinter - LoadPlan(entity=com.stackroute.activitystream.model.User)
    - Returns
       - EntityReturnImpl(entity=com.stackroute.activitystream.model.User, querySpaceUid=<gen:0>, path=com.stackroute.activitystream.model.User)
    - QuerySpaces
       - EntityQuerySpaceImpl(uid=<gen:0>, entity=com.stackroute.activitystream.model.User)
          - SQL table alias mapping - user0_
          - alias suffix - 0_
          - suffixed key columns - {username1_2_0_}

2018-04-10 23:01:56 [main] DEBUG o.h.loader.entity.plan.EntityLoader - Static select for entity com.stackroute.activitystream.model.User [FORCE]: select user0_.username as username1_2_0_, user0_.address as address2_2_0_, user0_.company as company3_2_0_, user0_.dob as dob4_2_0_, user0_.education as educatio5_2_0_, user0_.email as email6_2_0_, user0_.lastname as lastname7_2_0_, user0_.mobile as mobile8_2_0_, user0_.name as name9_2_0_, user0_.password as passwor10_2_0_ from user user0_ where user0_.username=? for update
2018-04-10 23:01:56 [main] DEBUG o.h.l.p.b.i.spaces.QuerySpacesImpl - Adding QuerySpace : uid = <gen:0> -> org.hibernate.loader.plan.build.internal.spaces.EntityQuerySpaceImpl@1f4d38f9]
2018-04-10 23:01:56 [main] DEBUG o.h.p.w.spi.MetamodelGraphWalker - Visiting attribute path : address
2018-04-10 23:01:56 [main] DEBUG o.h.p.w.spi.MetamodelGraphWalker - Visiting attribute path : company
2018-04-10 23:01:56 [main] DEBUG o.h.p.w.spi.MetamodelGraphWalker - Visiting attribute path : dob
2018-04-10 23:01:56 [main] DEBUG o.h.p.w.spi.MetamodelGraphWalker - Visiting attribute path : education
2018-04-10 23:01:56 [main] DEBUG o.h.p.w.spi.MetamodelGraphWalker - Visiting attribute path : email
2018-04-10 23:01:56 [main] DEBUG o.h.p.w.spi.MetamodelGraphWalker - Visiting attribute path : lastname
2018-04-10 23:01:56 [main] DEBUG o.h.p.w.spi.MetamodelGraphWalker - Visiting attribute path : mobile
2018-04-10 23:01:56 [main] DEBUG o.h.p.w.spi.MetamodelGraphWalker - Visiting attribute path : name
2018-04-10 23:01:56 [main] DEBUG o.h.p.w.spi.MetamodelGraphWalker - Visiting attribute path : password
2018-04-10 23:01:56 [main] DEBUG o.h.l.p.b.i.FetchStyleLoadPlanBuildingAssociationVisitationStrategy - Building LoadPlan...
2018-04-10 23:01:56 [main] DEBUG o.h.l.p.e.i.LoadQueryJoinAndFetchProcessor - processing queryspace <gen:0>
2018-04-10 23:01:56 [main] DEBUG o.h.l.p.b.spi.LoadPlanTreePrinter - LoadPlan(entity=com.stackroute.activitystream.model.User)
    - Returns
       - EntityReturnImpl(entity=com.stackroute.activitystream.model.User, querySpaceUid=<gen:0>, path=com.stackroute.activitystream.model.User)
    - QuerySpaces
       - EntityQuerySpaceImpl(uid=<gen:0>, entity=com.stackroute.activitystream.model.User)
          - SQL table alias mapping - user0_
          - alias suffix - 0_
          - suffixed key columns - {username1_2_0_}

2018-04-10 23:01:56 [main] DEBUG o.h.loader.entity.plan.EntityLoader - Static select for entity com.stackroute.activitystream.model.User [PESSIMISTIC_READ]: select user0_.username as username1_2_0_, user0_.address as address2_2_0_, user0_.company as company3_2_0_, user0_.dob as dob4_2_0_, user0_.education as educatio5_2_0_, user0_.email as email6_2_0_, user0_.lastname as lastname7_2_0_, user0_.mobile as mobile8_2_0_, user0_.name as name9_2_0_, user0_.password as passwor10_2_0_ from user user0_ where user0_.username=? lock in share mode
2018-04-10 23:01:56 [main] DEBUG o.h.l.p.b.i.spaces.QuerySpacesImpl - Adding QuerySpace : uid = <gen:0> -> org.hibernate.loader.plan.build.internal.spaces.EntityQuerySpaceImpl@64eeddd8]
2018-04-10 23:01:56 [main] DEBUG o.h.p.w.spi.MetamodelGraphWalker - Visiting attribute path : address
2018-04-10 23:01:56 [main] DEBUG o.h.p.w.spi.MetamodelGraphWalker - Visiting attribute path : company
2018-04-10 23:01:56 [main] DEBUG o.h.p.w.spi.MetamodelGraphWalker - Visiting attribute path : dob
2018-04-10 23:01:56 [main] DEBUG o.h.p.w.spi.MetamodelGraphWalker - Visiting attribute path : education
2018-04-10 23:01:56 [main] DEBUG o.h.p.w.spi.MetamodelGraphWalker - Visiting attribute path : email
2018-04-10 23:01:56 [main] DEBUG o.h.p.w.spi.MetamodelGraphWalker - Visiting attribute path : lastname
2018-04-10 23:01:56 [main] DEBUG o.h.p.w.spi.MetamodelGraphWalker - Visiting attribute path : mobile
2018-04-10 23:01:56 [main] DEBUG o.h.p.w.spi.MetamodelGraphWalker - Visiting attribute path : name
2018-04-10 23:01:56 [main] DEBUG o.h.p.w.spi.MetamodelGraphWalker - Visiting attribute path : password
2018-04-10 23:01:56 [main] DEBUG o.h.l.p.b.i.FetchStyleLoadPlanBuildingAssociationVisitationStrategy - Building LoadPlan...
2018-04-10 23:01:56 [main] DEBUG o.h.l.p.e.i.LoadQueryJoinAndFetchProcessor - processing queryspace <gen:0>
2018-04-10 23:01:56 [main] DEBUG o.h.l.p.b.spi.LoadPlanTreePrinter - LoadPlan(entity=com.stackroute.activitystream.model.User)
    - Returns
       - EntityReturnImpl(entity=com.stackroute.activitystream.model.User, querySpaceUid=<gen:0>, path=com.stackroute.activitystream.model.User)
    - QuerySpaces
       - EntityQuerySpaceImpl(uid=<gen:0>, entity=com.stackroute.activitystream.model.User)
          - SQL table alias mapping - user0_
          - alias suffix - 0_
          - suffixed key columns - {username1_2_0_}

2018-04-10 23:01:56 [main] DEBUG o.h.loader.entity.plan.EntityLoader - Static select for entity com.stackroute.activitystream.model.User [PESSIMISTIC_WRITE]: select user0_.username as username1_2_0_, user0_.address as address2_2_0_, user0_.company as company3_2_0_, user0_.dob as dob4_2_0_, user0_.education as educatio5_2_0_, user0_.email as email6_2_0_, user0_.lastname as lastname7_2_0_, user0_.mobile as mobile8_2_0_, user0_.name as name9_2_0_, user0_.password as passwor10_2_0_ from user user0_ where user0_.username=? for update
2018-04-10 23:01:56 [main] DEBUG o.h.l.p.b.i.spaces.QuerySpacesImpl - Adding QuerySpace : uid = <gen:0> -> org.hibernate.loader.plan.build.internal.spaces.EntityQuerySpaceImpl@66048ac4]
2018-04-10 23:01:56 [main] DEBUG o.h.p.w.spi.MetamodelGraphWalker - Visiting attribute path : address
2018-04-10 23:01:56 [main] DEBUG o.h.p.w.spi.MetamodelGraphWalker - Visiting attribute path : company
2018-04-10 23:01:56 [main] DEBUG o.h.p.w.spi.MetamodelGraphWalker - Visiting attribute path : dob
2018-04-10 23:01:56 [main] DEBUG o.h.p.w.spi.MetamodelGraphWalker - Visiting attribute path : education
2018-04-10 23:01:56 [main] DEBUG o.h.p.w.spi.MetamodelGraphWalker - Visiting attribute path : email
2018-04-10 23:01:56 [main] DEBUG o.h.p.w.spi.MetamodelGraphWalker - Visiting attribute path : lastname
2018-04-10 23:01:56 [main] DEBUG o.h.p.w.spi.MetamodelGraphWalker - Visiting attribute path : mobile
2018-04-10 23:01:56 [main] DEBUG o.h.p.w.spi.MetamodelGraphWalker - Visiting attribute path : name
2018-04-10 23:01:56 [main] DEBUG o.h.p.w.spi.MetamodelGraphWalker - Visiting attribute path : password
2018-04-10 23:01:56 [main] DEBUG o.h.l.p.b.i.FetchStyleLoadPlanBuildingAssociationVisitationStrategy - Building LoadPlan...
2018-04-10 23:01:56 [main] DEBUG o.h.l.p.e.i.LoadQueryJoinAndFetchProcessor - processing queryspace <gen:0>
2018-04-10 23:01:56 [main] DEBUG o.h.l.p.b.spi.LoadPlanTreePrinter - LoadPlan(entity=com.stackroute.activitystream.model.User)
    - Returns
       - EntityReturnImpl(entity=com.stackroute.activitystream.model.User, querySpaceUid=<gen:0>, path=com.stackroute.activitystream.model.User)
    - QuerySpaces
       - EntityQuerySpaceImpl(uid=<gen:0>, entity=com.stackroute.activitystream.model.User)
          - SQL table alias mapping - user0_
          - alias suffix - 0_
          - suffixed key columns - {username1_2_0_}

2018-04-10 23:01:56 [main] DEBUG o.h.loader.entity.plan.EntityLoader - Static select for entity com.stackroute.activitystream.model.User [PESSIMISTIC_FORCE_INCREMENT]: select user0_.username as username1_2_0_, user0_.address as address2_2_0_, user0_.company as company3_2_0_, user0_.dob as dob4_2_0_, user0_.education as educatio5_2_0_, user0_.email as email6_2_0_, user0_.lastname as lastname7_2_0_, user0_.mobile as mobile8_2_0_, user0_.name as name9_2_0_, user0_.password as passwor10_2_0_ from user user0_ where user0_.username=? for update
2018-04-10 23:01:56 [main] DEBUG o.h.l.p.b.i.spaces.QuerySpacesImpl - Adding QuerySpace : uid = <gen:0> -> org.hibernate.loader.plan.build.internal.spaces.EntityQuerySpaceImpl@5d404a3c]
2018-04-10 23:01:56 [main] DEBUG o.h.p.w.spi.MetamodelGraphWalker - Visiting attribute path : address
2018-04-10 23:01:56 [main] DEBUG o.h.p.w.spi.MetamodelGraphWalker - Visiting attribute path : company
2018-04-10 23:01:56 [main] DEBUG o.h.p.w.spi.MetamodelGraphWalker - Visiting attribute path : dob
2018-04-10 23:01:56 [main] DEBUG o.h.p.w.spi.MetamodelGraphWalker - Visiting attribute path : education
2018-04-10 23:01:56 [main] DEBUG o.h.p.w.spi.MetamodelGraphWalker - Visiting attribute path : email
2018-04-10 23:01:56 [main] DEBUG o.h.p.w.spi.MetamodelGraphWalker - Visiting attribute path : lastname
2018-04-10 23:01:56 [main] DEBUG o.h.p.w.spi.MetamodelGraphWalker - Visiting attribute path : mobile
2018-04-10 23:01:56 [main] DEBUG o.h.p.w.spi.MetamodelGraphWalker - Visiting attribute path : name
2018-04-10 23:01:56 [main] DEBUG o.h.p.w.spi.MetamodelGraphWalker - Visiting attribute path : password
2018-04-10 23:01:56 [main] DEBUG o.h.l.p.b.i.FetchStyleLoadPlanBuildingAssociationVisitationStrategy - Building LoadPlan...
2018-04-10 23:01:56 [main] DEBUG o.h.l.p.e.i.LoadQueryJoinAndFetchProcessor - processing queryspace <gen:0>
2018-04-10 23:01:56 [main] DEBUG o.h.l.p.b.spi.LoadPlanTreePrinter - LoadPlan(entity=com.stackroute.activitystream.model.User)
    - Returns
       - EntityReturnImpl(entity=com.stackroute.activitystream.model.User, querySpaceUid=<gen:0>, path=com.stackroute.activitystream.model.User)
    - QuerySpaces
       - EntityQuerySpaceImpl(uid=<gen:0>, entity=com.stackroute.activitystream.model.User)
          - SQL table alias mapping - user0_
          - alias suffix - 0_
          - suffixed key columns - {username1_2_0_}

2018-04-10 23:01:56 [main] DEBUG o.h.loader.entity.plan.EntityLoader - Static select for entity com.stackroute.activitystream.model.User [OPTIMISTIC]: select user0_.username as username1_2_0_, user0_.address as address2_2_0_, user0_.company as company3_2_0_, user0_.dob as dob4_2_0_, user0_.education as educatio5_2_0_, user0_.email as email6_2_0_, user0_.lastname as lastname7_2_0_, user0_.mobile as mobile8_2_0_, user0_.name as name9_2_0_, user0_.password as passwor10_2_0_ from user user0_ where user0_.username=?
2018-04-10 23:01:56 [main] DEBUG o.h.l.p.b.i.spaces.QuerySpacesImpl - Adding QuerySpace : uid = <gen:0> -> org.hibernate.loader.plan.build.internal.spaces.EntityQuerySpaceImpl@48692405]
2018-04-10 23:01:56 [main] DEBUG o.h.p.w.spi.MetamodelGraphWalker - Visiting attribute path : address
2018-04-10 23:01:56 [main] DEBUG o.h.p.w.spi.MetamodelGraphWalker - Visiting attribute path : company
2018-04-10 23:01:56 [main] DEBUG o.h.p.w.spi.MetamodelGraphWalker - Visiting attribute path : dob
2018-04-10 23:01:56 [main] DEBUG o.h.p.w.spi.MetamodelGraphWalker - Visiting attribute path : education
2018-04-10 23:01:56 [main] DEBUG o.h.p.w.spi.MetamodelGraphWalker - Visiting attribute path : email
2018-04-10 23:01:56 [main] DEBUG o.h.p.w.spi.MetamodelGraphWalker - Visiting attribute path : lastname
2018-04-10 23:01:56 [main] DEBUG o.h.p.w.spi.MetamodelGraphWalker - Visiting attribute path : mobile
2018-04-10 23:01:56 [main] DEBUG o.h.p.w.spi.MetamodelGraphWalker - Visiting attribute path : name
2018-04-10 23:01:56 [main] DEBUG o.h.p.w.spi.MetamodelGraphWalker - Visiting attribute path : password
2018-04-10 23:01:56 [main] DEBUG o.h.l.p.b.i.FetchStyleLoadPlanBuildingAssociationVisitationStrategy - Building LoadPlan...
2018-04-10 23:01:56 [main] DEBUG o.h.l.p.e.i.LoadQueryJoinAndFetchProcessor - processing queryspace <gen:0>
2018-04-10 23:01:56 [main] DEBUG o.h.l.p.b.spi.LoadPlanTreePrinter - LoadPlan(entity=com.stackroute.activitystream.model.User)
    - Returns
       - EntityReturnImpl(entity=com.stackroute.activitystream.model.User, querySpaceUid=<gen:0>, path=com.stackroute.activitystream.model.User)
    - QuerySpaces
       - EntityQuerySpaceImpl(uid=<gen:0>, entity=com.stackroute.activitystream.model.User)
          - SQL table alias mapping - user0_
          - alias suffix - 0_
          - suffixed key columns - {username1_2_0_}

2018-04-10 23:01:56 [main] DEBUG o.h.loader.entity.plan.EntityLoader - Static select for entity com.stackroute.activitystream.model.User [OPTIMISTIC_FORCE_INCREMENT]: select user0_.username as username1_2_0_, user0_.address as address2_2_0_, user0_.company as company3_2_0_, user0_.dob as dob4_2_0_, user0_.education as educatio5_2_0_, user0_.email as email6_2_0_, user0_.lastname as lastname7_2_0_, user0_.mobile as mobile8_2_0_, user0_.name as name9_2_0_, user0_.password as passwor10_2_0_ from user user0_ where user0_.username=?
2018-04-10 23:01:56 [main] DEBUG org.hibernate.loader.Loader - Static select for action ACTION_MERGE on entity com.stackroute.activitystream.model.User: select user0_.username as username1_2_0_, user0_.address as address2_2_0_, user0_.company as company3_2_0_, user0_.dob as dob4_2_0_, user0_.education as educatio5_2_0_, user0_.email as email6_2_0_, user0_.lastname as lastname7_2_0_, user0_.mobile as mobile8_2_0_, user0_.name as name9_2_0_, user0_.password as passwor10_2_0_ from user user0_ where user0_.username=?
2018-04-10 23:01:56 [main] DEBUG org.hibernate.loader.Loader - Static select for action ACTION_REFRESH on entity com.stackroute.activitystream.model.User: select user0_.username as username1_2_0_, user0_.address as address2_2_0_, user0_.company as company3_2_0_, user0_.dob as dob4_2_0_, user0_.education as educatio5_2_0_, user0_.email as email6_2_0_, user0_.lastname as lastname7_2_0_, user0_.mobile as mobile8_2_0_, user0_.name as name9_2_0_, user0_.password as passwor10_2_0_ from user user0_ where user0_.username=?
2018-04-10 23:01:56 [main] DEBUG o.h.p.entity.AbstractEntityPersister - Static SQL for entity: com.stackroute.activitystream.model.UserCircle
2018-04-10 23:01:56 [main] DEBUG o.h.p.entity.AbstractEntityPersister -  Version select: select user_circle_id from user_circle where user_circle_id =?
2018-04-10 23:01:56 [main] DEBUG o.h.p.entity.AbstractEntityPersister -  Snapshot select: select usercircle_.user_circle_id, usercircle_.circle_name as circle_n2_3_, usercircle_.username as username3_3_ from user_circle usercircle_ where usercircle_.user_circle_id=?
2018-04-10 23:01:56 [main] DEBUG o.h.p.entity.AbstractEntityPersister -  Insert 0: insert into user_circle (circle_name, username, user_circle_id) values (?, ?, ?)
2018-04-10 23:01:56 [main] DEBUG o.h.p.entity.AbstractEntityPersister -  Update 0: update user_circle set circle_name=?, username=? where user_circle_id=?
2018-04-10 23:01:56 [main] DEBUG o.h.p.entity.AbstractEntityPersister -  Delete 0: delete from user_circle where user_circle_id=?
2018-04-10 23:01:56 [main] DEBUG o.h.p.entity.AbstractEntityPersister -  Identity insert: insert into user_circle (circle_name, username) values (?, ?)
2018-04-10 23:01:56 [main] DEBUG o.h.l.p.b.i.spaces.QuerySpacesImpl - Adding QuerySpace : uid = <gen:0> -> org.hibernate.loader.plan.build.internal.spaces.EntityQuerySpaceImpl@4a58e0e9]
2018-04-10 23:01:56 [main] DEBUG o.h.p.w.spi.MetamodelGraphWalker - Visiting attribute path : circleName
2018-04-10 23:01:56 [main] DEBUG o.h.p.w.spi.MetamodelGraphWalker - Visiting attribute path : username
2018-04-10 23:01:56 [main] DEBUG o.h.l.p.b.i.FetchStyleLoadPlanBuildingAssociationVisitationStrategy - Building LoadPlan...
2018-04-10 23:01:56 [main] DEBUG o.h.l.p.e.i.LoadQueryJoinAndFetchProcessor - processing queryspace <gen:0>
2018-04-10 23:01:56 [main] DEBUG o.h.l.p.b.spi.LoadPlanTreePrinter - LoadPlan(entity=com.stackroute.activitystream.model.UserCircle)
    - Returns
       - EntityReturnImpl(entity=com.stackroute.activitystream.model.UserCircle, querySpaceUid=<gen:0>, path=com.stackroute.activitystream.model.UserCircle)
    - QuerySpaces
       - EntityQuerySpaceImpl(uid=<gen:0>, entity=com.stackroute.activitystream.model.UserCircle)
          - SQL table alias mapping - usercircle0_
          - alias suffix - 0_
          - suffixed key columns - {user_cir1_3_0_}

2018-04-10 23:01:56 [main] DEBUG o.h.loader.entity.plan.EntityLoader - Static select for entity com.stackroute.activitystream.model.UserCircle [NONE]: select usercircle0_.user_circle_id as user_cir1_3_0_, usercircle0_.circle_name as circle_n2_3_0_, usercircle0_.username as username3_3_0_ from user_circle usercircle0_ where usercircle0_.user_circle_id=?
2018-04-10 23:01:56 [main] DEBUG o.h.l.p.b.i.spaces.QuerySpacesImpl - Adding QuerySpace : uid = <gen:0> -> org.hibernate.loader.plan.build.internal.spaces.EntityQuerySpaceImpl@f44d033]
2018-04-10 23:01:56 [main] DEBUG o.h.p.w.spi.MetamodelGraphWalker - Visiting attribute path : circleName
2018-04-10 23:01:56 [main] DEBUG o.h.p.w.spi.MetamodelGraphWalker - Visiting attribute path : username
2018-04-10 23:01:56 [main] DEBUG o.h.l.p.b.i.FetchStyleLoadPlanBuildingAssociationVisitationStrategy - Building LoadPlan...
2018-04-10 23:01:56 [main] DEBUG o.h.l.p.e.i.LoadQueryJoinAndFetchProcessor - processing queryspace <gen:0>
2018-04-10 23:01:56 [main] DEBUG o.h.l.p.b.spi.LoadPlanTreePrinter - LoadPlan(entity=com.stackroute.activitystream.model.UserCircle)
    - Returns
       - EntityReturnImpl(entity=com.stackroute.activitystream.model.UserCircle, querySpaceUid=<gen:0>, path=com.stackroute.activitystream.model.UserCircle)
    - QuerySpaces
       - EntityQuerySpaceImpl(uid=<gen:0>, entity=com.stackroute.activitystream.model.UserCircle)
          - SQL table alias mapping - usercircle0_
          - alias suffix - 0_
          - suffixed key columns - {user_cir1_3_0_}

2018-04-10 23:01:56 [main] DEBUG o.h.loader.entity.plan.EntityLoader - Static select for entity com.stackroute.activitystream.model.UserCircle [READ]: select usercircle0_.user_circle_id as user_cir1_3_0_, usercircle0_.circle_name as circle_n2_3_0_, usercircle0_.username as username3_3_0_ from user_circle usercircle0_ where usercircle0_.user_circle_id=?
2018-04-10 23:01:56 [main] DEBUG o.h.l.p.b.i.spaces.QuerySpacesImpl - Adding QuerySpace : uid = <gen:0> -> org.hibernate.loader.plan.build.internal.spaces.EntityQuerySpaceImpl@25e95af1]
2018-04-10 23:01:56 [main] DEBUG o.h.p.w.spi.MetamodelGraphWalker - Visiting attribute path : circleName
2018-04-10 23:01:56 [main] DEBUG o.h.p.w.spi.MetamodelGraphWalker - Visiting attribute path : username
2018-04-10 23:01:56 [main] DEBUG o.h.l.p.b.i.FetchStyleLoadPlanBuildingAssociationVisitationStrategy - Building LoadPlan...
2018-04-10 23:01:56 [main] DEBUG o.h.l.p.e.i.LoadQueryJoinAndFetchProcessor - processing queryspace <gen:0>
2018-04-10 23:01:56 [main] DEBUG o.h.l.p.b.spi.LoadPlanTreePrinter - LoadPlan(entity=com.stackroute.activitystream.model.UserCircle)
    - Returns
       - EntityReturnImpl(entity=com.stackroute.activitystream.model.UserCircle, querySpaceUid=<gen:0>, path=com.stackroute.activitystream.model.UserCircle)
    - QuerySpaces
       - EntityQuerySpaceImpl(uid=<gen:0>, entity=com.stackroute.activitystream.model.UserCircle)
          - SQL table alias mapping - usercircle0_
          - alias suffix - 0_
          - suffixed key columns - {user_cir1_3_0_}

2018-04-10 23:01:56 [main] DEBUG o.h.loader.entity.plan.EntityLoader - Static select for entity com.stackroute.activitystream.model.UserCircle [UPGRADE]: select usercircle0_.user_circle_id as user_cir1_3_0_, usercircle0_.circle_name as circle_n2_3_0_, usercircle0_.username as username3_3_0_ from user_circle usercircle0_ where usercircle0_.user_circle_id=? for update
2018-04-10 23:01:56 [main] DEBUG o.h.l.p.b.i.spaces.QuerySpacesImpl - Adding QuerySpace : uid = <gen:0> -> org.hibernate.loader.plan.build.internal.spaces.EntityQuerySpaceImpl@6644bdf5]
2018-04-10 23:01:56 [main] DEBUG o.h.p.w.spi.MetamodelGraphWalker - Visiting attribute path : circleName
