2018-04-11 13:35:38 [localhost-startStop-1] DEBUG o.s.b.f.s.DefaultListableBeanFactory - Registering scope 'request' with implementation [org.springframework.web.context.request.RequestScope@70052aad]
2018-04-11 13:35:38 [localhost-startStop-1] DEBUG o.s.b.f.s.DefaultListableBeanFactory - Registering scope 'session' with implementation [org.springframework.web.context.request.SessionScope@9a26963]
2018-04-11 13:35:38 [localhost-startStop-1] DEBUG o.s.b.f.s.DefaultListableBeanFactory - Registering scope 'globalSession' with implementation [org.springframework.web.context.request.SessionScope@d5a5a2e]
2018-04-11 13:35:38 [localhost-startStop-1] DEBUG o.s.b.f.s.DefaultListableBeanFactory - Registering scope 'application' with implementation [org.springframework.web.context.support.ServletContextScope@c76b1a2]
2018-04-11 13:35:38 [localhost-startStop-1] DEBUG o.s.b.f.s.DefaultListableBeanFactory - Creating shared instance of singleton bean 'jwtFilter'
2018-04-11 13:35:38 [localhost-startStop-1] DEBUG o.s.b.f.s.DefaultListableBeanFactory - Creating instance of bean 'jwtFilter'
2018-04-11 13:35:38 [localhost-startStop-1] DEBUG o.s.b.f.s.DefaultListableBeanFactory - Returning cached instance of singleton bean 'org.springframework.transaction.config.internalTransactionAdvisor'
2018-04-11 13:35:38 [localhost-startStop-1] DEBUG o.s.b.f.s.DefaultListableBeanFactory - Creating shared instance of singleton bean 'messageServiceSpringBootApplication'
2018-04-11 13:35:38 [localhost-startStop-1] DEBUG o.s.b.f.s.DefaultListableBeanFactory - Creating instance of bean 'messageServiceSpringBootApplication'
2018-04-11 13:35:38 [localhost-startStop-1] DEBUG o.s.b.f.s.DefaultListableBeanFactory - Returning cached instance of singleton bean 'org.springframework.transaction.config.internalTransactionAdvisor'
2018-04-11 13:35:38 [localhost-startStop-1] DEBUG o.s.b.f.s.DefaultListableBeanFactory - Eagerly caching bean 'messageServiceSpringBootApplication' to allow for resolving potential circular references
2018-04-11 13:35:38 [localhost-startStop-1] DEBUG o.s.b.f.s.DefaultListableBeanFactory - Returning cached instance of singleton bean 'org.springframework.transaction.config.internalTransactionAdvisor'
2018-04-11 13:35:38 [localhost-startStop-1] DEBUG o.s.b.f.s.DefaultListableBeanFactory - Returning cached instance of singleton bean 'org.springframework.transaction.config.internalTransactionAdvisor'
2018-04-11 13:35:38 [localhost-startStop-1] DEBUG o.s.b.f.s.DefaultListableBeanFactory - Finished creating instance of bean 'messageServiceSpringBootApplication'
2018-04-11 13:35:38 [localhost-startStop-1] DEBUG o.s.b.f.s.DefaultListableBeanFactory - Eagerly caching bean 'jwtFilter' to allow for resolving potential circular references
2018-04-11 13:35:38 [localhost-startStop-1] DEBUG o.s.b.f.s.DefaultListableBeanFactory - Returning cached instance of singleton bean 'org.springframework.transaction.config.internalTransactionAdvisor'
2018-04-11 13:35:38 [localhost-startStop-1] DEBUG o.s.b.f.s.DefaultListableBeanFactory - Returning cached instance of singleton bean 'org.springframework.transaction.config.internalTransactionAdvisor'
2018-04-11 13:35:38 [localhost-startStop-1] DEBUG o.s.b.f.s.DefaultListableBeanFactory - Finished creating instance of bean 'jwtFilter'
2018-04-11 13:35:38 [localhost-startStop-1] DEBUG o.s.b.f.s.DefaultListableBeanFactory - Creating shared instance of singleton bean 'dispatcherServletRegistration'
2018-04-11 13:35:38 [localhost-startStop-1] DEBUG o.s.b.f.s.DefaultListableBeanFactory - Creating instance of bean 'dispatcherServletRegistration'
2018-04-11 13:35:38 [localhost-startStop-1] DEBUG o.s.b.f.s.DefaultListableBeanFactory - Returning cached instance of singleton bean 'org.springframework.transaction.config.internalTransactionAdvisor'
2018-04-11 13:35:38 [localhost-startStop-1] DEBUG o.s.b.f.s.DefaultListableBeanFactory - Creating shared instance of singleton bean 'org.springframework.boot.autoconfigure.web.DispatcherServletAutoConfiguration$DispatcherServletRegistrationConfiguration'
2018-04-11 13:35:38 [localhost-startStop-1] DEBUG o.s.b.f.s.DefaultListableBeanFactory - Creating instance of bean 'org.springframework.boot.autoconfigure.web.DispatcherServletAutoConfiguration$DispatcherServletRegistrationConfiguration'
2018-04-11 13:35:38 [localhost-startStop-1] DEBUG o.s.b.f.s.DefaultListableBeanFactory - Returning cached instance of singleton bean 'org.springframework.transaction.config.internalTransactionAdvisor'
2018-04-11 13:35:38 [localhost-startStop-1] DEBUG o.s.c.LocalVariableTableParameterNameDiscoverer - Cannot find '.class' file for class [class org.springframework.boot.autoconfigure.web.DispatcherServletAutoConfiguration$DispatcherServletRegistrationConfiguration$$EnhancerBySpringCGLIB$$386b4a3c] - unable to determine constructor/method parameter names
2018-04-11 13:35:38 [localhost-startStop-1] DEBUG o.s.b.f.s.DefaultListableBeanFactory - Returning cached instance of singleton bean 'serverProperties'
2018-04-11 13:35:38 [localhost-startStop-1] DEBUG o.s.b.f.s.DefaultListableBeanFactory - Creating shared instance of singleton bean 'spring.mvc-org.springframework.boot.autoconfigure.web.WebMvcProperties'
2018-04-11 13:35:38 [localhost-startStop-1] DEBUG o.s.b.f.s.DefaultListableBeanFactory - Creating instance of bean 'spring.mvc-org.springframework.boot.autoconfigure.web.WebMvcProperties'
2018-04-11 13:35:38 [localhost-startStop-1] DEBUG o.s.b.f.s.DefaultListableBeanFactory - Returning cached instance of singleton bean 'org.springframework.transaction.config.internalTransactionAdvisor'
2018-04-11 13:35:38 [localhost-startStop-1] DEBUG o.s.b.f.s.DefaultListableBeanFactory - Eagerly caching bean 'spring.mvc-org.springframework.boot.autoconfigure.web.WebMvcProperties' to allow for resolving potential circular references
2018-04-11 13:35:38 [localhost-startStop-1] DEBUG o.s.core.env.MutablePropertySources - Adding PropertySource 'servletConfigInitParams' with lowest search precedence
2018-04-11 13:35:38 [localhost-startStop-1] DEBUG o.s.core.env.MutablePropertySources - Adding PropertySource 'servletContextInitParams' with lowest search precedence
2018-04-11 13:35:38 [localhost-startStop-1] DEBUG o.s.core.env.MutablePropertySources - Adding PropertySource 'systemProperties' with lowest search precedence
2018-04-11 13:35:38 [localhost-startStop-1] DEBUG o.s.core.env.MutablePropertySources - Adding PropertySource 'systemEnvironment' with lowest search precedence
2018-04-11 13:35:38 [localhost-startStop-1] DEBUG o.s.core.env.MutablePropertySources - Adding PropertySource 'random' with lowest search precedence
2018-04-11 13:35:38 [localhost-startStop-1] DEBUG o.s.core.env.MutablePropertySources - Adding PropertySource 'applicationConfig: [classpath:/application.yml]' with lowest search precedence
2018-04-11 13:35:38 [localhost-startStop-1] DEBUG o.s.core.env.MutablePropertySources - Adding PropertySource 'localProperties' with lowest search precedence
2018-04-11 13:35:38 [localhost-startStop-1] DEBUG o.s.b.f.s.DefaultListableBeanFactory - Returning cached instance of singleton bean 'org.springframework.transaction.config.internalTransactionAdvisor'
2018-04-11 13:35:38 [localhost-startStop-1] DEBUG o.s.b.f.s.DefaultListableBeanFactory - Returning cached instance of singleton bean 'org.springframework.transaction.config.internalTransactionAdvisor'
2018-04-11 13:35:38 [localhost-startStop-1] DEBUG o.s.b.f.s.DefaultListableBeanFactory - Finished creating instance of bean 'spring.mvc-org.springframework.boot.autoconfigure.web.WebMvcProperties'
2018-04-11 13:35:38 [localhost-startStop-1] DEBUG o.s.b.f.s.DefaultListableBeanFactory - Autowiring by type from bean name 'org.springframework.boot.autoconfigure.web.DispatcherServletAutoConfiguration$DispatcherServletRegistrationConfiguration' via constructor to bean named 'serverProperties'
2018-04-11 13:35:38 [localhost-startStop-1] DEBUG o.s.b.f.s.DefaultListableBeanFactory - Autowiring by type from bean name 'org.springframework.boot.autoconfigure.web.DispatcherServletAutoConfiguration$DispatcherServletRegistrationConfiguration' via constructor to bean named 'spring.mvc-org.springframework.boot.autoconfigure.web.WebMvcProperties'
2018-04-11 13:35:38 [localhost-startStop-1] DEBUG o.s.b.f.s.DefaultListableBeanFactory - Creating shared instance of singleton bean 'multipartConfigElement'
2018-04-11 13:35:38 [localhost-startStop-1] DEBUG o.s.b.f.s.DefaultListableBeanFactory - Creating instance of bean 'multipartConfigElement'
2018-04-11 13:35:38 [localhost-startStop-1] DEBUG o.s.b.f.s.DefaultListableBeanFactory - Returning cached instance of singleton bean 'org.springframework.transaction.config.internalTransactionAdvisor'
2018-04-11 13:35:38 [localhost-startStop-1] DEBUG o.s.b.f.s.DefaultListableBeanFactory - Creating shared instance of singleton bean 'org.springframework.boot.autoconfigure.web.MultipartAutoConfiguration'
2018-04-11 13:35:38 [localhost-startStop-1] DEBUG o.s.b.f.s.DefaultListableBeanFactory - Creating instance of bean 'org.springframework.boot.autoconfigure.web.MultipartAutoConfiguration'
2018-04-11 13:35:38 [localhost-startStop-1] DEBUG o.s.b.f.s.DefaultListableBeanFactory - Returning cached instance of singleton bean 'org.springframework.transaction.config.internalTransactionAdvisor'
2018-04-11 13:35:38 [localhost-startStop-1] DEBUG o.s.c.LocalVariableTableParameterNameDiscoverer - Cannot find '.class' file for class [class org.springframework.boot.autoconfigure.web.MultipartAutoConfiguration$$EnhancerBySpringCGLIB$$d1c3bf09] - unable to determine constructor/method parameter names
2018-04-11 13:35:38 [localhost-startStop-1] DEBUG o.s.b.f.s.DefaultListableBeanFactory - Creating shared instance of singleton bean 'spring.http.multipart-org.springframework.boot.autoconfigure.web.MultipartProperties'
2018-04-11 13:35:38 [localhost-startStop-1] DEBUG o.s.b.f.s.DefaultListableBeanFactory - Creating instance of bean 'spring.http.multipart-org.springframework.boot.autoconfigure.web.MultipartProperties'
2018-04-11 13:35:38 [localhost-startStop-1] DEBUG o.s.b.f.s.DefaultListableBeanFactory - Returning cached instance of singleton bean 'org.springframework.transaction.config.internalTransactionAdvisor'
2018-04-11 13:35:38 [localhost-startStop-1] DEBUG o.s.b.f.s.DefaultListableBeanFactory - Eagerly caching bean 'spring.http.multipart-org.springframework.boot.autoconfigure.web.MultipartProperties' to allow for resolving potential circular references
2018-04-11 13:35:38 [localhost-startStop-1] DEBUG o.s.core.env.MutablePropertySources - Adding PropertySource 'servletConfigInitParams' with lowest search precedence
2018-04-11 13:35:38 [localhost-startStop-1] DEBUG o.s.core.env.MutablePropertySources - Adding PropertySource 'servletContextInitParams' with lowest search precedence
2018-04-11 13:35:38 [localhost-startStop-1] DEBUG o.s.core.env.MutablePropertySources - Adding PropertySource 'systemProperties' with lowest search precedence
2018-04-11 13:35:38 [localhost-startStop-1] DEBUG o.s.core.env.MutablePropertySources - Adding PropertySource 'systemEnvironment' with lowest search precedence
2018-04-11 13:35:38 [localhost-startStop-1] DEBUG o.s.core.env.MutablePropertySources - Adding PropertySource 'random' with lowest search precedence
2018-04-11 13:35:38 [localhost-startStop-1] DEBUG o.s.core.env.MutablePropertySources - Adding PropertySource 'applicationConfig: [classpath:/application.yml]' with lowest search precedence
2018-04-11 13:35:38 [localhost-startStop-1] DEBUG o.s.core.env.MutablePropertySources - Adding PropertySource 'localProperties' with lowest search precedence
2018-04-11 13:35:38 [localhost-startStop-1] DEBUG o.s.b.f.s.DefaultListableBeanFactory - Returning cached instance of singleton bean 'org.springframework.transaction.config.internalTransactionAdvisor'
2018-04-11 13:35:38 [localhost-startStop-1] DEBUG o.s.b.f.s.DefaultListableBeanFactory - Returning cached instance of singleton bean 'org.springframework.transaction.config.internalTransactionAdvisor'
2018-04-11 13:35:38 [localhost-startStop-1] DEBUG o.s.b.f.s.DefaultListableBeanFactory - Finished creating instance of bean 'spring.http.multipart-org.springframework.boot.autoconfigure.web.MultipartProperties'
2018-04-11 13:35:38 [localhost-startStop-1] DEBUG o.s.b.f.s.DefaultListableBeanFactory - Autowiring by type from bean name 'org.springframework.boot.autoconfigure.web.MultipartAutoConfiguration' via constructor to bean named 'spring.http.multipart-org.springframework.boot.autoconfigure.web.MultipartProperties'
2018-04-11 13:35:38 [localhost-startStop-1] DEBUG o.s.b.f.s.DefaultListableBeanFactory - Eagerly caching bean 'org.springframework.boot.autoconfigure.web.MultipartAutoConfiguration' to allow for resolving potential circular references
2018-04-11 13:35:38 [localhost-startStop-1] DEBUG o.s.b.f.s.DefaultListableBeanFactory - Returning cached instance of singleton bean 'org.springframework.transaction.config.internalTransactionAdvisor'
2018-04-11 13:35:38 [localhost-startStop-1] DEBUG o.s.b.f.s.DefaultListableBeanFactory - Returning cached instance of singleton bean 'org.springframework.transaction.config.internalTransactionAdvisor'
2018-04-11 13:35:38 [localhost-startStop-1] DEBUG o.s.b.f.s.DefaultListableBeanFactory - Finished creating instance of bean 'org.springframework.boot.autoconfigure.web.MultipartAutoConfiguration'
2018-04-11 13:35:38 [localhost-startStop-1] DEBUG o.s.b.f.s.DefaultListableBeanFactory - Eagerly caching bean 'multipartConfigElement' to allow for resolving potential circular references
2018-04-11 13:35:38 [localhost-startStop-1] DEBUG o.s.b.f.s.DefaultListableBeanFactory - Returning cached instance of singleton bean 'org.springframework.transaction.config.internalTransactionAdvisor'
2018-04-11 13:35:38 [localhost-startStop-1] DEBUG o.s.b.f.s.DefaultListableBeanFactory - Returning cached instance of singleton bean 'org.springframework.transaction.config.internalTransactionAdvisor'
2018-04-11 13:35:38 [localhost-startStop-1] DEBUG o.s.b.f.s.DefaultListableBeanFactory - Finished creating instance of bean 'multipartConfigElement'
2018-04-11 13:35:38 [localhost-startStop-1] DEBUG o.s.b.f.s.DefaultListableBeanFactory - Eagerly caching bean 'org.springframework.boot.autoconfigure.web.DispatcherServletAutoConfiguration$DispatcherServletRegistrationConfiguration' to allow for resolving potential circular references
2018-04-11 13:35:38 [localhost-startStop-1] DEBUG o.s.b.f.s.DefaultListableBeanFactory - Returning cached instance of singleton bean 'org.springframework.transaction.config.internalTransactionAdvisor'
2018-04-11 13:35:38 [localhost-startStop-1] DEBUG o.s.b.f.s.DefaultListableBeanFactory - Returning cached instance of singleton bean 'org.springframework.transaction.config.internalTransactionAdvisor'
2018-04-11 13:35:38 [localhost-startStop-1] DEBUG o.s.b.f.s.DefaultListableBeanFactory - Finished creating instance of bean 'org.springframework.boot.autoconfigure.web.DispatcherServletAutoConfiguration$DispatcherServletRegistrationConfiguration'
2018-04-11 13:35:38 [localhost-startStop-1] DEBUG o.s.b.f.s.DefaultListableBeanFactory - Creating shared instance of singleton bean 'dispatcherServlet'
2018-04-11 13:35:38 [localhost-startStop-1] DEBUG o.s.b.f.s.DefaultListableBeanFactory - Creating instance of bean 'dispatcherServlet'
2018-04-11 13:35:38 [localhost-startStop-1] DEBUG o.s.b.f.s.DefaultListableBeanFactory - Returning cached instance of singleton bean 'org.springframework.transaction.config.internalTransactionAdvisor'
