2018-04-10 23:02:03 [main] DEBUG o.s.b.f.s.DefaultListableBeanFactory - Returning cached instance of singleton bean 'org.springframework.context.annotation.internalConfigurationAnnotationProcessor'
2018-04-10 23:02:03 [main] DEBUG o.s.b.f.s.DefaultListableBeanFactory - Returning cached instance of singleton bean 'org.springframework.context.annotation.internalAutowiredAnnotationProcessor'
2018-04-10 23:02:03 [main] DEBUG o.s.b.f.s.DefaultListableBeanFactory - Returning cached instance of singleton bean 'org.springframework.context.annotation.internalRequiredAnnotationProcessor'
2018-04-10 23:02:03 [main] DEBUG o.s.b.f.s.DefaultListableBeanFactory - Returning cached instance of singleton bean 'org.springframework.context.annotation.internalCommonAnnotationProcessor'
2018-04-10 23:02:03 [main] DEBUG o.s.b.f.s.DefaultListableBeanFactory - Returning cached instance of singleton bean 'org.springframework.context.annotation.internalPersistenceAnnotationProcessor'
2018-04-10 23:02:03 [main] DEBUG o.s.b.f.s.DefaultListableBeanFactory - Creating shared instance of singleton bean 'org.springframework.context.event.internalEventListenerProcessor'
2018-04-10 23:02:03 [main] DEBUG o.s.b.f.s.DefaultListableBeanFactory - Creating instance of bean 'org.springframework.context.event.internalEventListenerProcessor'
2018-04-10 23:02:03 [main] DEBUG o.s.b.f.s.DefaultListableBeanFactory - Returning cached instance of singleton bean 'org.springframework.transaction.config.internalTransactionAdvisor'
2018-04-10 23:02:03 [main] DEBUG o.s.b.f.s.DefaultListableBeanFactory - Eagerly caching bean 'org.springframework.context.event.internalEventListenerProcessor' to allow for resolving potential circular references
2018-04-10 23:02:03 [main] DEBUG o.s.b.f.s.DefaultListableBeanFactory - Returning cached instance of singleton bean 'org.springframework.transaction.config.internalTransactionAdvisor'
2018-04-10 23:02:03 [main] DEBUG o.s.b.f.s.DefaultListableBeanFactory - Returning cached instance of singleton bean 'org.springframework.transaction.config.internalTransactionAdvisor'
2018-04-10 23:02:03 [main] DEBUG o.s.b.f.s.DefaultListableBeanFactory - Finished creating instance of bean 'org.springframework.context.event.internalEventListenerProcessor'
2018-04-10 23:02:03 [main] DEBUG o.s.b.f.s.DefaultListableBeanFactory - Creating shared instance of singleton bean 'org.springframework.context.event.internalEventListenerFactory'
2018-04-10 23:02:03 [main] DEBUG o.s.b.f.s.DefaultListableBeanFactory - Creating instance of bean 'org.springframework.context.event.internalEventListenerFactory'
2018-04-10 23:02:03 [main] DEBUG o.s.b.f.s.DefaultListableBeanFactory - Returning cached instance of singleton bean 'org.springframework.transaction.config.internalTransactionAdvisor'
2018-04-10 23:02:03 [main] DEBUG o.s.b.f.s.DefaultListableBeanFactory - Eagerly caching bean 'org.springframework.context.event.internalEventListenerFactory' to allow for resolving potential circular references
2018-04-10 23:02:03 [main] DEBUG o.s.b.f.s.DefaultListableBeanFactory - Returning cached instance of singleton bean 'org.springframework.transaction.config.internalTransactionAdvisor'
2018-04-10 23:02:03 [main] DEBUG o.s.b.f.s.DefaultListableBeanFactory - Returning cached instance of singleton bean 'org.springframework.transaction.config.internalTransactionAdvisor'
2018-04-10 23:02:03 [main] DEBUG o.s.b.f.s.DefaultListableBeanFactory - Finished creating instance of bean 'org.springframework.context.event.internalEventListenerFactory'
2018-04-10 23:02:03 [main] DEBUG o.s.b.f.s.DefaultListableBeanFactory - Returning cached instance of singleton bean 'messageServiceSpringBootApplication'
2018-04-10 23:02:03 [main] DEBUG o.s.b.f.s.DefaultListableBeanFactory - Returning cached instance of singleton bean 'org.springframework.boot.autoconfigure.internalCachingMetadataReaderFactory'
2018-04-10 23:02:03 [main] DEBUG o.s.b.f.s.DefaultListableBeanFactory - Creating shared instance of singleton bean 'loggingAspectMessage'
2018-04-10 23:02:03 [main] DEBUG o.s.b.f.s.DefaultListableBeanFactory - Creating instance of bean 'loggingAspectMessage'
2018-04-10 23:02:03 [main] DEBUG o.s.b.f.s.DefaultListableBeanFactory - Eagerly caching bean 'loggingAspectMessage' to allow for resolving potential circular references
2018-04-10 23:02:03 [main] DEBUG o.s.b.f.s.DefaultListableBeanFactory - Finished creating instance of bean 'loggingAspectMessage'
2018-04-10 23:02:03 [main] DEBUG o.s.b.f.s.DefaultListableBeanFactory - Creating shared instance of singleton bean 'loggingAspectMessageService'
2018-04-10 23:02:03 [main] DEBUG o.s.b.f.s.DefaultListableBeanFactory - Creating instance of bean 'loggingAspectMessageService'
2018-04-10 23:02:03 [main] DEBUG o.s.b.f.s.DefaultListableBeanFactory - Eagerly caching bean 'loggingAspectMessageService' to allow for resolving potential circular references
2018-04-10 23:02:03 [main] DEBUG o.s.b.f.s.DefaultListableBeanFactory - Finished creating instance of bean 'loggingAspectMessageService'
2018-04-10 23:02:03 [main] DEBUG o.s.b.f.s.DefaultListableBeanFactory - Creating shared instance of singleton bean 'messageController'
2018-04-10 23:02:03 [main] DEBUG o.s.b.f.s.DefaultListableBeanFactory - Creating instance of bean 'messageController'
2018-04-10 23:02:03 [main] DEBUG o.s.b.f.s.DefaultListableBeanFactory - Returning cached instance of singleton bean 'org.springframework.transaction.config.internalTransactionAdvisor'
2018-04-10 23:02:03 [main] DEBUG o.s.b.f.annotation.InjectionMetadata - Registered injected element on class [com.stackroute.activitystream.controller.MessageController]: AutowiredFieldElement for private com.stackroute.activitystream.service.MessageService com.stackroute.activitystream.controller.MessageController.messageService
2018-04-10 23:02:03 [main] DEBUG o.s.b.f.s.DefaultListableBeanFactory - Eagerly caching bean 'messageController' to allow for resolving potential circular references
2018-04-10 23:02:03 [main] DEBUG o.s.b.f.annotation.InjectionMetadata - Processing injected element of bean 'messageController': AutowiredFieldElement for private com.stackroute.activitystream.service.MessageService com.stackroute.activitystream.controller.MessageController.messageService
2018-04-10 23:02:03 [main] DEBUG o.s.b.f.s.DefaultListableBeanFactory - Creating shared instance of singleton bean 'messageServiceImpl'
2018-04-10 23:02:03 [main] DEBUG o.s.b.f.s.DefaultListableBeanFactory - Creating instance of bean 'messageServiceImpl'
2018-04-10 23:02:03 [main] DEBUG o.s.b.f.s.DefaultListableBeanFactory - Returning cached instance of singleton bean 'org.springframework.transaction.config.internalTransactionAdvisor'
2018-04-10 23:02:03 [main] DEBUG o.s.b.f.annotation.InjectionMetadata - Registered injected element on class [com.stackroute.activitystream.service.MessageServiceImpl]: AutowiredFieldElement for private com.stackroute.activitystream.repository.UserTagRepository com.stackroute.activitystream.service.MessageServiceImpl.userTagRepository
2018-04-10 23:02:03 [main] DEBUG o.s.b.f.annotation.InjectionMetadata - Registered injected element on class [com.stackroute.activitystream.service.MessageServiceImpl]: AutowiredFieldElement for private com.stackroute.activitystream.repository.MessageRepository com.stackroute.activitystream.service.MessageServiceImpl.messageRepository
2018-04-10 23:02:03 [main] DEBUG o.s.b.f.s.DefaultListableBeanFactory - Eagerly caching bean 'messageServiceImpl' to allow for resolving potential circular references
2018-04-10 23:02:03 [main] DEBUG o.s.b.f.annotation.InjectionMetadata - Processing injected element of bean 'messageServiceImpl': AutowiredFieldElement for private com.stackroute.activitystream.repository.UserTagRepository com.stackroute.activitystream.service.MessageServiceImpl.userTagRepository
2018-04-10 23:02:03 [main] DEBUG o.s.b.f.s.DefaultListableBeanFactory - Creating shared instance of singleton bean 'userTagRepository'
2018-04-10 23:02:03 [main] DEBUG o.s.b.f.s.DefaultListableBeanFactory - Creating instance of bean 'userTagRepository'
2018-04-10 23:02:03 [main] DEBUG o.s.b.f.s.DefaultListableBeanFactory - Returning cached instance of singleton bean 'org.springframework.transaction.config.internalTransactionAdvisor'
2018-04-10 23:02:03 [main] DEBUG o.s.b.f.annotation.InjectionMetadata - Registered injected element on class [org.springframework.data.jpa.repository.support.JpaRepositoryFactoryBean]: PersistenceElement for public void org.springframework.data.jpa.repository.support.JpaRepositoryFactoryBean.setEntityManager(javax.persistence.EntityManager)
2018-04-10 23:02:03 [main] DEBUG o.s.b.f.s.DefaultListableBeanFactory - Eagerly caching bean 'userTagRepository' to allow for resolving potential circular references
2018-04-10 23:02:03 [main] DEBUG o.s.b.f.annotation.InjectionMetadata - Processing injected element of bean 'userTagRepository': PersistenceElement for public void org.springframework.data.jpa.repository.support.JpaRepositoryFactoryBean.setEntityManager(javax.persistence.EntityManager)
2018-04-10 23:02:03 [main] DEBUG o.s.b.f.s.DefaultListableBeanFactory - Creating instance of bean '(inner bean)#40b54762'
2018-04-10 23:02:03 [main] DEBUG o.s.b.f.s.DefaultListableBeanFactory - Returning cached instance of singleton bean 'org.springframework.transaction.config.internalTransactionAdvisor'
2018-04-10 23:02:03 [main] DEBUG o.s.b.f.s.DefaultListableBeanFactory - Creating instance of bean '(inner bean)#fbe8fd3'
2018-04-10 23:02:03 [main] DEBUG o.s.b.f.s.DefaultListableBeanFactory - Returning cached instance of singleton bean 'org.springframework.transaction.config.internalTransactionAdvisor'
2018-04-10 23:02:03 [main] DEBUG o.s.c.i.s.PathMatchingResourcePatternResolver - Resolved classpath location [META-INF/jpa-named-queries.properties] to resources []
2018-04-10 23:02:03 [main] DEBUG o.s.b.f.s.DefaultListableBeanFactory - Invoking afterPropertiesSet() on bean with name '(inner bean)#fbe8fd3'
2018-04-10 23:02:03 [main] DEBUG o.s.b.f.s.DefaultListableBeanFactory - Returning cached instance of singleton bean 'org.springframework.transaction.config.internalTransactionAdvisor'
2018-04-10 23:02:03 [main] DEBUG o.s.b.f.s.DefaultListableBeanFactory - Returning cached instance of singleton bean 'org.springframework.transaction.config.internalTransactionAdvisor'
2018-04-10 23:02:03 [main] DEBUG o.s.b.f.s.DefaultListableBeanFactory - Finished creating instance of bean '(inner bean)#fbe8fd3'
2018-04-10 23:02:03 [main] DEBUG o.s.b.f.s.DefaultListableBeanFactory - Returning cached instance of singleton bean 'org.springframework.transaction.config.internalTransactionAdvisor'
2018-04-10 23:02:03 [main] DEBUG o.s.b.f.s.DefaultListableBeanFactory - Returning cached instance of singleton bean 'org.springframework.transaction.config.internalTransactionAdvisor'
2018-04-10 23:02:03 [main] DEBUG o.s.b.f.s.DefaultListableBeanFactory - Returning cached instance of singleton bean 'org.springframework.transaction.config.internalTransactionAdvisor'
2018-04-10 23:02:03 [main] DEBUG o.s.b.f.s.DefaultListableBeanFactory - Returning cached instance of singleton bean 'org.springframework.transaction.config.internalTransactionAdvisor'
2018-04-10 23:02:03 [main] DEBUG o.s.b.f.s.DefaultListableBeanFactory - Finished creating instance of bean '(inner bean)#40b54762'
2018-04-10 23:02:03 [main] DEBUG o.s.b.f.s.DefaultListableBeanFactory - Creating instance of bean '(inner bean)#4b9fa2f'
2018-04-10 23:02:03 [main] DEBUG o.s.b.f.s.DefaultListableBeanFactory - Returning cached instance of singleton bean 'org.springframework.transaction.config.internalTransactionAdvisor'
2018-04-10 23:02:03 [main] DEBUG o.s.b.f.s.DefaultListableBeanFactory - Returning cached instance of singleton bean 'org.springframework.transaction.config.internalTransactionAdvisor'
2018-04-10 23:02:03 [main] DEBUG o.s.b.f.s.DefaultListableBeanFactory - Returning cached instance of singleton bean 'org.springframework.transaction.config.internalTransactionAdvisor'
2018-04-10 23:02:03 [main] DEBUG o.s.b.f.s.DefaultListableBeanFactory - Finished creating instance of bean '(inner bean)#4b9fa2f'
2018-04-10 23:02:03 [main] DEBUG o.s.b.f.s.DefaultListableBeanFactory - Creating instance of bean '(inner bean)#30e143ff'
2018-04-10 23:02:03 [main] DEBUG o.s.b.f.s.DefaultListableBeanFactory - Returning cached instance of singleton bean 'org.springframework.transaction.config.internalTransactionAdvisor'
2018-04-10 23:02:03 [main] DEBUG o.s.b.f.s.DefaultListableBeanFactory - Returning cached instance of singleton bean 'entityManagerFactory'
2018-04-10 23:02:03 [main] DEBUG o.s.b.f.s.DefaultListableBeanFactory - Returning cached instance of singleton bean 'org.springframework.transaction.config.internalTransactionAdvisor'
2018-04-10 23:02:03 [main] DEBUG o.s.b.f.s.DefaultListableBeanFactory - Returning cached instance of singleton bean 'org.springframework.transaction.config.internalTransactionAdvisor'
2018-04-10 23:02:03 [main] DEBUG o.s.b.f.s.DefaultListableBeanFactory - Returning cached instance of singleton bean 'dataSourceInitializer'
2018-04-10 23:02:03 [main] DEBUG o.s.c.i.s.PathMatchingResourcePatternResolver - Resolved classpath location [data-all.sql] to resources []
2018-04-10 23:02:03 [main] DEBUG o.s.c.i.s.PathMatchingResourcePatternResolver - Resolved classpath location [data.sql] to resources []
2018-04-10 23:02:03 [main] DEBUG o.s.b.f.s.DefaultListableBeanFactory - Returning cached instance of singleton bean 'org.springframework.transaction.config.internalTransactionAdvisor'
2018-04-10 23:02:03 [main] DEBUG o.s.b.f.s.DefaultListableBeanFactory - Returning cached instance of singleton bean 'org.springframework.transaction.config.internalTransactionAdvisor'
2018-04-10 23:02:03 [main] DEBUG o.s.b.f.s.DefaultListableBeanFactory - Finished creating instance of bean '(inner bean)#30e143ff'
2018-04-10 23:02:03 [main] DEBUG o.s.b.f.s.DefaultListableBeanFactory - Creating shared instance of singleton bean 'jpaMappingContext'
2018-04-10 23:02:03 [main] DEBUG o.s.b.f.s.DefaultListableBeanFactory - Creating instance of bean 'jpaMappingContext'
2018-04-10 23:02:03 [main] DEBUG o.s.b.f.s.DefaultListableBeanFactory - Returning cached instance of singleton bean 'org.springframework.transaction.config.internalTransactionAdvisor'
2018-04-10 23:02:03 [main] DEBUG o.s.b.f.s.DefaultListableBeanFactory - Eagerly caching bean 'jpaMappingContext' to allow for resolving potential circular references
2018-04-10 23:02:03 [main] DEBUG o.s.b.f.s.DefaultListableBeanFactory - Invoking afterPropertiesSet() on bean with name 'jpaMappingContext'
2018-04-10 23:02:03 [main] DEBUG o.s.b.f.s.DefaultListableBeanFactory - Returning cached instance of singleton bean 'entityManagerFactory'
2018-04-10 23:02:03 [main] DEBUG o.s.b.f.s.DefaultListableBeanFactory - Returning cached instance of singleton bean 'org.springframework.transaction.config.internalTransactionAdvisor'
2018-04-10 23:02:03 [main] DEBUG o.s.b.f.s.DefaultListableBeanFactory - Returning cached instance of singleton bean 'org.springframework.transaction.config.internalTransactionAdvisor'
2018-04-10 23:02:03 [main] DEBUG o.s.b.f.s.DefaultListableBeanFactory - Finished creating instance of bean 'jpaMappingContext'
2018-04-10 23:02:03 [main] DEBUG o.s.b.f.s.DefaultListableBeanFactory - Returning cached instance of singleton bean 'org.springframework.transaction.config.internalTransactionAdvisor'
2018-04-10 23:02:03 [main] DEBUG o.s.b.f.s.DefaultListableBeanFactory - Returning cached instance of singleton bean 'org.springframework.transaction.config.internalTransactionAdvisor'
2018-04-10 23:02:03 [main] DEBUG o.s.b.f.s.DefaultListableBeanFactory - Invoking afterPropertiesSet() on bean with name 'userTagRepository'
2018-04-10 23:02:03 [main] DEBUG o.s.o.j.SharedEntityManagerCreator$SharedEntityManagerInvocationHandler - Creating new EntityManager for shared EntityManager invocation
2018-04-10 23:02:03 [main] DEBUG o.h.s.internal.StatisticsInitiator - Statistics initialized [enabled=false]
2018-04-10 23:02:03 [main] DEBUG o.s.o.jpa.EntityManagerFactoryUtils - Closing JPA EntityManager
2018-04-10 23:02:03 [main] DEBUG o.s.o.j.SharedEntityManagerCreator$SharedEntityManagerInvocationHandler - Creating new EntityManager for shared EntityManager invocation
2018-04-10 23:02:03 [main] DEBUG o.s.o.jpa.EntityManagerFactoryUtils - Closing JPA EntityManager
2018-04-10 23:02:03 [main] DEBUG o.s.o.j.SharedEntityManagerCreator$SharedEntityManagerInvocationHandler - Creating new EntityManager for shared EntityManager invocation
