2018-04-11 13:35:42 [main] DEBUG o.h.i.f.i.DefaultIdentifierGeneratorFactory - Registering IdentifierGenerator strategy [enhanced-sequence] -> [org.hibernate.id.enhanced.SequenceStyleGenerator]
2018-04-11 13:35:43 [main] DEBUG o.h.i.f.i.DefaultIdentifierGeneratorFactory - Registering IdentifierGenerator strategy [enhanced-table] -> [org.hibernate.id.enhanced.TableGenerator]
2018-04-11 13:35:43 [main] DEBUG o.h.i.f.i.DefaultIdentifierGeneratorFactory - Registering IdentifierGenerator strategy [sequence] -> [org.hibernate.id.SequenceGenerator]
2018-04-11 13:35:43 [main] DEBUG o.h.i.f.i.DefaultIdentifierGeneratorFactory -     - overriding [org.hibernate.id.enhanced.SequenceStyleGenerator]
2018-04-11 13:35:43 [main] DEBUG o.h.boot.model.relational.Namespace - Created database namespace [logicalName=Name{catalog=null, schema=null}, physicalName=Name{catalog=null, schema=null}]
2018-04-11 13:35:43 [main] DEBUG org.hibernate.cfg.AnnotationBinder - Binding entity from annotated class: com.stackroute.activitystream.model.Message
2018-04-11 13:35:43 [main] DEBUG org.hibernate.cfg.Ejb3Column - Binding column: Ejb3DiscriminatorColumn{logicalColumnName'DTYPE', discriminatorTypeName='string'}
2018-04-11 13:35:43 [main] DEBUG o.h.cfg.annotations.EntityBinder - Import with entity name Message
2018-04-11 13:35:43 [main] DEBUG o.h.cfg.annotations.EntityBinder - Bind entity com.stackroute.activitystream.model.Message on table message
2018-04-11 13:35:43 [main] DEBUG org.hibernate.cfg.Ejb3Column - Binding column: Ejb3Column{table=org.hibernate.mapping.Table(message), mappingColumn=message_id, insertable=true, updatable=true, unique=false}
2018-04-11 13:35:43 [main] DEBUG o.h.cfg.annotations.PropertyBinder - MetadataSourceProcessor property messageId with lazy=false
2018-04-11 13:35:43 [main] DEBUG o.h.cfg.AbstractPropertyHolder - Attempting to locate auto-apply AttributeConverter for property [com.stackroute.activitystream.model.Message:messageId]
2018-04-11 13:35:43 [main] DEBUG o.h.c.annotations.SimpleValueBinder - building SimpleValue for messageId
2018-04-11 13:35:43 [main] DEBUG o.h.cfg.annotations.PropertyBinder - Building property messageId
2018-04-11 13:35:43 [main] DEBUG org.hibernate.cfg.Ejb3Column - Binding column: Ejb3Column{table=org.hibernate.mapping.Table(message), mappingColumn=circle_name, insertable=true, updatable=true, unique=false}
2018-04-11 13:35:43 [main] DEBUG o.h.cfg.annotations.PropertyBinder - MetadataSourceProcessor property circleName with lazy=false
2018-04-11 13:35:43 [main] DEBUG o.h.cfg.AbstractPropertyHolder - Attempting to locate auto-apply AttributeConverter for property [com.stackroute.activitystream.model.Message:circleName]
2018-04-11 13:35:43 [main] DEBUG o.h.c.annotations.SimpleValueBinder - building SimpleValue for circleName
2018-04-11 13:35:43 [main] DEBUG o.h.cfg.annotations.PropertyBinder - Building property circleName
2018-04-11 13:35:43 [main] DEBUG org.hibernate.cfg.Ejb3Column - Binding column: Ejb3Column{table=org.hibernate.mapping.Table(message), mappingColumn=message, insertable=true, updatable=true, unique=false}
2018-04-11 13:35:43 [main] DEBUG o.h.cfg.annotations.PropertyBinder - MetadataSourceProcessor property message with lazy=false
2018-04-11 13:35:43 [main] DEBUG o.h.cfg.AbstractPropertyHolder - Attempting to locate auto-apply AttributeConverter for property [com.stackroute.activitystream.model.Message:message]
2018-04-11 13:35:43 [main] DEBUG o.h.c.annotations.SimpleValueBinder - building SimpleValue for message
2018-04-11 13:35:43 [main] DEBUG o.h.cfg.annotations.PropertyBinder - Building property message
2018-04-11 13:35:43 [main] DEBUG org.hibernate.cfg.Ejb3Column - Binding column: Ejb3Column{table=org.hibernate.mapping.Table(message), mappingColumn=posted_date, insertable=true, updatable=true, unique=false}
2018-04-11 13:35:43 [main] DEBUG o.h.cfg.annotations.PropertyBinder - MetadataSourceProcessor property postedDate with lazy=false
2018-04-11 13:35:43 [main] DEBUG o.h.cfg.AbstractPropertyHolder - Attempting to locate auto-apply AttributeConverter for property [com.stackroute.activitystream.model.Message:postedDate]
2018-04-11 13:35:43 [main] DEBUG o.h.c.annotations.SimpleValueBinder - building SimpleValue for postedDate
2018-04-11 13:35:43 [main] DEBUG o.h.cfg.annotations.PropertyBinder - Building property postedDate
2018-04-11 13:35:43 [main] DEBUG org.hibernate.cfg.Ejb3Column - Binding column: Ejb3Column{table=org.hibernate.mapping.Table(message), mappingColumn=receiver_id, insertable=true, updatable=true, unique=false}
2018-04-11 13:35:43 [main] DEBUG o.h.cfg.annotations.PropertyBinder - MetadataSourceProcessor property receiverId with lazy=false
2018-04-11 13:35:43 [main] DEBUG o.h.cfg.AbstractPropertyHolder - Attempting to locate auto-apply AttributeConverter for property [com.stackroute.activitystream.model.Message:receiverId]
2018-04-11 13:35:43 [main] DEBUG o.h.c.annotations.SimpleValueBinder - building SimpleValue for receiverId
2018-04-11 13:35:43 [main] DEBUG o.h.cfg.annotations.PropertyBinder - Building property receiverId
2018-04-11 13:35:43 [main] DEBUG org.hibernate.cfg.Ejb3Column - Binding column: Ejb3Column{table=org.hibernate.mapping.Table(message), mappingColumn=sender_name, insertable=true, updatable=true, unique=false}
2018-04-11 13:35:43 [main] DEBUG o.h.cfg.annotations.PropertyBinder - MetadataSourceProcessor property senderName with lazy=false
2018-04-11 13:35:43 [main] DEBUG o.h.cfg.AbstractPropertyHolder - Attempting to locate auto-apply AttributeConverter for property [com.stackroute.activitystream.model.Message:senderName]
2018-04-11 13:35:43 [main] DEBUG o.h.c.annotations.SimpleValueBinder - building SimpleValue for senderName
2018-04-11 13:35:43 [main] DEBUG o.h.cfg.annotations.PropertyBinder - Building property senderName
2018-04-11 13:35:43 [main] DEBUG org.hibernate.cfg.Ejb3Column - Binding column: Ejb3Column{table=org.hibernate.mapping.Table(message), mappingColumn=stream_type, insertable=true, updatable=true, unique=false}
2018-04-11 13:35:43 [main] DEBUG o.h.cfg.annotations.PropertyBinder - MetadataSourceProcessor property streamType with lazy=false
2018-04-11 13:35:43 [main] DEBUG o.h.cfg.AbstractPropertyHolder - Attempting to locate auto-apply AttributeConverter for property [com.stackroute.activitystream.model.Message:streamType]
2018-04-11 13:35:43 [main] DEBUG o.h.c.annotations.SimpleValueBinder - building SimpleValue for streamType
2018-04-11 13:35:43 [main] DEBUG o.h.cfg.annotations.PropertyBinder - Building property streamType
2018-04-11 13:35:43 [main] DEBUG org.hibernate.cfg.Ejb3Column - Binding column: Ejb3Column{table=org.hibernate.mapping.Table(message), mappingColumn=tag, insertable=true, updatable=true, unique=false}
2018-04-11 13:35:43 [main] DEBUG o.h.cfg.annotations.PropertyBinder - MetadataSourceProcessor property tag with lazy=false
2018-04-11 13:35:43 [main] DEBUG o.h.cfg.AbstractPropertyHolder - Attempting to locate auto-apply AttributeConverter for property [com.stackroute.activitystream.model.Message:tag]
2018-04-11 13:35:43 [main] DEBUG o.h.c.annotations.SimpleValueBinder - building SimpleValue for tag
2018-04-11 13:35:43 [main] DEBUG o.h.cfg.annotations.PropertyBinder - Building property tag
2018-04-11 13:35:43 [main] DEBUG org.hibernate.cfg.AnnotationBinder - Binding entity from annotated class: com.stackroute.activitystream.model.UserTag
2018-04-11 13:35:43 [main] DEBUG org.hibernate.cfg.Ejb3Column - Binding column: Ejb3DiscriminatorColumn{logicalColumnName'DTYPE', discriminatorTypeName='string'}
2018-04-11 13:35:43 [main] DEBUG o.h.cfg.annotations.EntityBinder - Import with entity name UserTag
2018-04-11 13:35:43 [main] DEBUG o.h.cfg.annotations.EntityBinder - Bind entity com.stackroute.activitystream.model.UserTag on table usertag
2018-04-11 13:35:43 [main] DEBUG org.hibernate.cfg.Ejb3Column - Binding column: Ejb3Column{table=org.hibernate.mapping.Table(usertag), mappingColumn=user_tag_id, insertable=true, updatable=true, unique=false}
2018-04-11 13:35:43 [main] DEBUG o.h.cfg.annotations.PropertyBinder - MetadataSourceProcessor property userTagId with lazy=false
2018-04-11 13:35:43 [main] DEBUG o.h.cfg.AbstractPropertyHolder - Attempting to locate auto-apply AttributeConverter for property [com.stackroute.activitystream.model.UserTag:userTagId]
2018-04-11 13:35:43 [main] DEBUG o.h.c.annotations.SimpleValueBinder - building SimpleValue for userTagId
2018-04-11 13:35:43 [main] DEBUG o.h.cfg.annotations.PropertyBinder - Building property userTagId
2018-04-11 13:35:43 [main] DEBUG org.hibernate.cfg.Ejb3Column - Binding column: Ejb3Column{table=org.hibernate.mapping.Table(usertag), mappingColumn=tag, insertable=true, updatable=true, unique=false}
2018-04-11 13:35:43 [main] DEBUG o.h.cfg.annotations.PropertyBinder - MetadataSourceProcessor property tag with lazy=false
2018-04-11 13:35:43 [main] DEBUG o.h.cfg.AbstractPropertyHolder - Attempting to locate auto-apply AttributeConverter for property [com.stackroute.activitystream.model.UserTag:tag]
2018-04-11 13:35:43 [main] DEBUG o.h.c.annotations.SimpleValueBinder - building SimpleValue for tag
2018-04-11 13:35:43 [main] DEBUG o.h.cfg.annotations.PropertyBinder - Building property tag
2018-04-11 13:35:43 [main] DEBUG org.hibernate.cfg.Ejb3Column - Binding column: Ejb3Column{table=org.hibernate.mapping.Table(usertag), mappingColumn=username, insertable=true, updatable=true, unique=false}
2018-04-11 13:35:43 [main] DEBUG o.h.cfg.annotations.PropertyBinder - MetadataSourceProcessor property username with lazy=false
2018-04-11 13:35:43 [main] DEBUG o.h.cfg.AbstractPropertyHolder - Attempting to locate auto-apply AttributeConverter for property [com.stackroute.activitystream.model.UserTag:username]
2018-04-11 13:35:43 [main] DEBUG o.h.c.annotations.SimpleValueBinder - building SimpleValue for username
2018-04-11 13:35:43 [main] DEBUG o.h.cfg.annotations.PropertyBinder - Building property username
2018-04-11 13:35:43 [main] DEBUG org.hibernate.cfg.AnnotationBinder - Binding entity from annotated class: com.stackroute.activitystream.model.User
2018-04-11 13:35:43 [main] DEBUG org.hibernate.cfg.Ejb3Column - Binding column: Ejb3DiscriminatorColumn{logicalColumnName'DTYPE', discriminatorTypeName='string'}
2018-04-11 13:35:43 [main] DEBUG o.h.cfg.annotations.EntityBinder - Import with entity name User
2018-04-11 13:35:43 [main] DEBUG o.h.cfg.annotations.EntityBinder - Bind entity com.stackroute.activitystream.model.User on table user
2018-04-11 13:35:43 [main] DEBUG org.hibernate.cfg.Ejb3Column - Binding column: Ejb3Column{table=org.hibernate.mapping.Table(user), mappingColumn=username, insertable=true, updatable=true, unique=false}
2018-04-11 13:35:43 [main] DEBUG o.h.cfg.annotations.PropertyBinder - MetadataSourceProcessor property username with lazy=false
2018-04-11 13:35:43 [main] DEBUG o.h.cfg.AbstractPropertyHolder - Attempting to locate auto-apply AttributeConverter for property [com.stackroute.activitystream.model.User:username]
2018-04-11 13:35:43 [main] DEBUG o.h.c.annotations.SimpleValueBinder - building SimpleValue for username
2018-04-11 13:35:43 [main] DEBUG o.h.cfg.annotations.PropertyBinder - Building property username
2018-04-11 13:35:43 [main] DEBUG org.hibernate.cfg.Ejb3Column - Binding column: Ejb3Column{table=org.hibernate.mapping.Table(user), mappingColumn=address, insertable=true, updatable=true, unique=false}
2018-04-11 13:35:43 [main] DEBUG o.h.cfg.annotations.PropertyBinder - MetadataSourceProcessor property address with lazy=false
2018-04-11 13:35:43 [main] DEBUG o.h.cfg.AbstractPropertyHolder - Attempting to locate auto-apply AttributeConverter for property [com.stackroute.activitystream.model.User:address]
2018-04-11 13:35:43 [main] DEBUG o.h.c.annotations.SimpleValueBinder - building SimpleValue for address
2018-04-11 13:35:43 [main] DEBUG o.h.cfg.annotations.PropertyBinder - Building property address
2018-04-11 13:35:43 [main] DEBUG org.hibernate.cfg.Ejb3Column - Binding column: Ejb3Column{table=org.hibernate.mapping.Table(user), mappingColumn=company, insertable=true, updatable=true, unique=false}
2018-04-11 13:35:43 [main] DEBUG o.h.cfg.annotations.PropertyBinder - MetadataSourceProcessor property company with lazy=false
2018-04-11 13:35:43 [main] DEBUG o.h.cfg.AbstractPropertyHolder - Attempting to locate auto-apply AttributeConverter for property [com.stackroute.activitystream.model.User:company]
2018-04-11 13:35:43 [main] DEBUG o.h.c.annotations.SimpleValueBinder - building SimpleValue for company
2018-04-11 13:35:43 [main] DEBUG o.h.cfg.annotations.PropertyBinder - Building property company
2018-04-11 13:35:43 [main] DEBUG org.hibernate.cfg.Ejb3Column - Binding column: Ejb3Column{table=org.hibernate.mapping.Table(user), mappingColumn=dob, insertable=true, updatable=true, unique=false}
2018-04-11 13:35:43 [main] DEBUG o.h.cfg.annotations.PropertyBinder - MetadataSourceProcessor property dob with lazy=false
2018-04-11 13:35:43 [main] DEBUG o.h.cfg.AbstractPropertyHolder - Attempting to locate auto-apply AttributeConverter for property [com.stackroute.activitystream.model.User:dob]
2018-04-11 13:35:43 [main] DEBUG o.h.c.annotations.SimpleValueBinder - building SimpleValue for dob
2018-04-11 13:35:43 [main] DEBUG o.h.cfg.annotations.PropertyBinder - Building property dob
2018-04-11 13:35:43 [main] DEBUG org.hibernate.cfg.Ejb3Column - Binding column: Ejb3Column{table=org.hibernate.mapping.Table(user), mappingColumn=education, insertable=true, updatable=true, unique=false}
2018-04-11 13:35:43 [main] DEBUG o.h.cfg.annotations.PropertyBinder - MetadataSourceProcessor property education with lazy=false
2018-04-11 13:35:43 [main] DEBUG o.h.cfg.AbstractPropertyHolder - Attempting to locate auto-apply AttributeConverter for property [com.stackroute.activitystream.model.User:education]
2018-04-11 13:35:43 [main] DEBUG o.h.c.annotations.SimpleValueBinder - building SimpleValue for education
2018-04-11 13:35:43 [main] DEBUG o.h.cfg.annotations.PropertyBinder - Building property education
2018-04-11 13:35:43 [main] DEBUG org.hibernate.cfg.Ejb3Column - Binding column: Ejb3Column{table=org.hibernate.mapping.Table(user), mappingColumn=email, insertable=true, updatable=true, unique=false}
2018-04-11 13:35:43 [main] DEBUG o.h.cfg.annotations.PropertyBinder - MetadataSourceProcessor property email with lazy=false
2018-04-11 13:35:43 [main] DEBUG o.h.cfg.AbstractPropertyHolder - Attempting to locate auto-apply AttributeConverter for property [com.stackroute.activitystream.model.User:email]
2018-04-11 13:35:43 [main] DEBUG o.h.c.annotations.SimpleValueBinder - building SimpleValue for email
2018-04-11 13:35:43 [main] DEBUG o.h.cfg.annotations.PropertyBinder - Building property email
2018-04-11 13:35:43 [main] DEBUG org.hibernate.cfg.Ejb3Column - Binding column: Ejb3Column{table=org.hibernate.mapping.Table(user), mappingColumn=lastname, insertable=true, updatable=true, unique=false}
2018-04-11 13:35:43 [main] DEBUG o.h.cfg.annotations.PropertyBinder - MetadataSourceProcessor property lastname with lazy=false
2018-04-11 13:35:43 [main] DEBUG o.h.cfg.AbstractPropertyHolder - Attempting to locate auto-apply AttributeConverter for property [com.stackroute.activitystream.model.User:lastname]
2018-04-11 13:35:43 [main] DEBUG o.h.c.annotations.SimpleValueBinder - building SimpleValue for lastname
2018-04-11 13:35:43 [main] DEBUG o.h.cfg.annotations.PropertyBinder - Building property lastname
2018-04-11 13:35:43 [main] DEBUG org.hibernate.cfg.Ejb3Column - Binding column: Ejb3Column{table=org.hibernate.mapping.Table(user), mappingColumn=mobile, insertable=true, updatable=true, unique=false}
2018-04-11 13:35:43 [main] DEBUG o.h.cfg.annotations.PropertyBinder - MetadataSourceProcessor property mobile with lazy=false
2018-04-11 13:35:43 [main] DEBUG o.h.cfg.AbstractPropertyHolder - Attempting to locate auto-apply AttributeConverter for property [com.stackroute.activitystream.model.User:mobile]
2018-04-11 13:35:43 [main] DEBUG o.h.c.annotations.SimpleValueBinder - building SimpleValue for mobile
2018-04-11 13:35:43 [main] DEBUG o.h.cfg.annotations.PropertyBinder - Building property mobile
2018-04-11 13:35:43 [main] DEBUG org.hibernate.cfg.Ejb3Column - Binding column: Ejb3Column{table=org.hibernate.mapping.Table(user), mappingColumn=name, insertable=true, updatable=true, unique=false}
2018-04-11 13:35:43 [main] DEBUG o.h.cfg.annotations.PropertyBinder - MetadataSourceProcessor property name with lazy=false
2018-04-11 13:35:43 [main] DEBUG o.h.cfg.AbstractPropertyHolder - Attempting to locate auto-apply AttributeConverter for property [com.stackroute.activitystream.model.User:name]
2018-04-11 13:35:43 [main] DEBUG o.h.c.annotations.SimpleValueBinder - building SimpleValue for name
2018-04-11 13:35:43 [main] DEBUG o.h.cfg.annotations.PropertyBinder - Building property name
2018-04-11 13:35:43 [main] DEBUG org.hibernate.cfg.Ejb3Column - Binding column: Ejb3Column{table=org.hibernate.mapping.Table(user), mappingColumn=password, insertable=true, updatable=true, unique=false}
2018-04-11 13:35:43 [main] DEBUG o.h.cfg.annotations.PropertyBinder - MetadataSourceProcessor property password with lazy=false
2018-04-11 13:35:43 [main] DEBUG o.h.cfg.AbstractPropertyHolder - Attempting to locate auto-apply AttributeConverter for property [com.stackroute.activitystream.model.User:password]
2018-04-11 13:35:43 [main] DEBUG o.h.c.annotations.SimpleValueBinder - building SimpleValue for password
2018-04-11 13:35:43 [main] DEBUG o.h.cfg.annotations.PropertyBinder - Building property password
2018-04-11 13:35:43 [main] DEBUG org.hibernate.cfg.AnnotationBinder - Binding entity from annotated class: com.stackroute.activitystream.model.Circle
2018-04-11 13:35:43 [main] DEBUG org.hibernate.cfg.Ejb3Column - Binding column: Ejb3DiscriminatorColumn{logicalColumnName'DTYPE', discriminatorTypeName='string'}
2018-04-11 13:35:43 [main] DEBUG o.h.cfg.annotations.EntityBinder - Import with entity name Circle
2018-04-11 13:35:43 [main] DEBUG o.h.cfg.annotations.EntityBinder - Bind entity com.stackroute.activitystream.model.Circle on table circle
2018-04-11 13:35:43 [main] DEBUG org.hibernate.cfg.Ejb3Column - Binding column: Ejb3Column{table=org.hibernate.mapping.Table(circle), mappingColumn=circle_name, insertable=true, updatable=true, unique=false}
2018-04-11 13:35:43 [main] DEBUG o.h.cfg.annotations.PropertyBinder - MetadataSourceProcessor property circleName with lazy=false
