2018-04-11 20:19:17 [http-nio-8086-exec-5] DEBUG org.hibernate.loader.Loader - Result set row: 1
2018-04-11 20:19:17 [http-nio-8086-exec-5] DEBUG org.hibernate.loader.Loader - Result row: EntityKey[com.stackroute.activitystream.model.Message#3]
2018-04-11 20:19:17 [http-nio-8086-exec-5] DEBUG o.h.engine.internal.TwoPhaseLoad - Resolving associations for [com.stackroute.activitystream.model.Message#2]
2018-04-11 20:19:18 [http-nio-8086-exec-5] DEBUG o.h.engine.internal.TwoPhaseLoad - Done materializing entity [com.stackroute.activitystream.model.Message#2]
2018-04-11 20:19:18 [http-nio-8086-exec-5] DEBUG o.h.engine.internal.TwoPhaseLoad - Resolving associations for [com.stackroute.activitystream.model.Message#3]
2018-04-11 20:19:18 [http-nio-8086-exec-5] DEBUG o.h.engine.internal.TwoPhaseLoad - Done materializing entity [com.stackroute.activitystream.model.Message#3]
2018-04-11 20:19:23 [http-nio-8086-exec-5] DEBUG o.s.w.s.m.m.a.HttpEntityMethodProcessor - Written [[com.stackroute.activitystream.model.Message@159e1406, com.stackroute.activitystream.model.Message@4e85f71a]] as "application/json" using [org.springframework.http.converter.json.MappingJackson2HttpMessageConverter@1520b486]
2018-04-11 20:19:23 [http-nio-8086-exec-5] DEBUG o.s.web.servlet.DispatcherServlet - Null ModelAndView returned to DispatcherServlet with name 'dispatcherServlet': assuming HandlerAdapter completed request handling
2018-04-11 20:19:23 [http-nio-8086-exec-5] DEBUG o.s.o.j.s.OpenEntityManagerInViewInterceptor - Closing JPA EntityManager in OpenEntityManagerInViewInterceptor
2018-04-11 20:19:23 [http-nio-8086-exec-5] DEBUG o.s.o.jpa.EntityManagerFactoryUtils - Closing JPA EntityManager
2018-04-11 20:19:23 [http-nio-8086-exec-5] DEBUG o.s.web.servlet.DispatcherServlet - Successfully completed request
2018-04-11 20:19:23 [http-nio-8086-exec-1] DEBUG o.s.web.servlet.DispatcherServlet - DispatcherServlet with name 'dispatcherServlet' processing GET request for [/api/message/getMessagesByUser/rajis/skalai/2]
2018-04-11 20:19:23 [http-nio-8086-exec-1] DEBUG o.s.w.s.m.m.a.RequestMappingHandlerMapping - Looking up handler method for path /api/message/getMessagesByUser/rajis/skalai/2
2018-04-11 20:19:23 [http-nio-8086-exec-1] DEBUG o.s.w.s.m.m.a.RequestMappingHandlerMapping - Returning handler method [public org.springframework.http.ResponseEntity<java.util.List<com.stackroute.activitystream.model.Message>> com.stackroute.activitystream.controller.MessageController.getMessagesByUser(java.lang.String,java.lang.String,int)]
2018-04-11 20:19:23 [http-nio-8086-exec-1] DEBUG o.s.b.f.s.DefaultListableBeanFactory - Returning cached instance of singleton bean 'messageController'
2018-04-11 20:19:23 [http-nio-8086-exec-1] DEBUG o.s.web.servlet.DispatcherServlet - Last-Modified value for [/api/message/getMessagesByUser/rajis/skalai/2] is: -1
2018-04-11 20:19:23 [http-nio-8086-exec-1] DEBUG o.s.o.j.s.OpenEntityManagerInViewInterceptor - Opening JPA EntityManager in OpenEntityManagerInViewInterceptor
2018-04-11 20:19:23 [http-nio-8086-exec-1] DEBUG org.hibernate.SQL - select message0_.message_id as message_1_1_, message0_.circle_name as circle_n2_1_, message0_.message as message3_1_, message0_.posted_date as posted_d4_1_, message0_.receiver_id as receiver5_1_, message0_.sender_name as sender_n6_1_, message0_.stream_type as stream_t7_1_, message0_.tag as tag8_1_ from message message0_ where message0_.sender_name=? and message0_.receiver_id=? or message0_.receiver_id=? and message0_.sender_name=?
2018-04-11 20:19:23 [http-nio-8086-exec-1] DEBUG org.hibernate.loader.Loader - Result set row: 0
2018-04-11 20:19:23 [http-nio-8086-exec-1] DEBUG org.hibernate.loader.Loader - Result row: EntityKey[com.stackroute.activitystream.model.Message#2]
2018-04-11 20:19:23 [http-nio-8086-exec-1] DEBUG org.hibernate.loader.Loader - Result set row: 1
2018-04-11 20:19:23 [http-nio-8086-exec-1] DEBUG org.hibernate.loader.Loader - Result row: EntityKey[com.stackroute.activitystream.model.Message#3]
2018-04-11 20:19:23 [http-nio-8086-exec-1] DEBUG o.h.engine.internal.TwoPhaseLoad - Resolving associations for [com.stackroute.activitystream.model.Message#2]
2018-04-11 20:19:23 [http-nio-8086-exec-1] DEBUG o.h.engine.internal.TwoPhaseLoad - Done materializing entity [com.stackroute.activitystream.model.Message#2]
2018-04-11 20:19:23 [http-nio-8086-exec-1] DEBUG o.h.engine.internal.TwoPhaseLoad - Resolving associations for [com.stackroute.activitystream.model.Message#3]
2018-04-11 20:19:23 [http-nio-8086-exec-1] DEBUG o.h.engine.internal.TwoPhaseLoad - Done materializing entity [com.stackroute.activitystream.model.Message#3]
2018-04-11 20:19:23 [http-nio-8086-exec-1] DEBUG o.s.w.s.m.m.a.HttpEntityMethodProcessor - Written [[com.stackroute.activitystream.model.Message@479123aa, com.stackroute.activitystream.model.Message@14a3ed54]] as "application/json" using [org.springframework.http.converter.json.MappingJackson2HttpMessageConverter@1520b486]
2018-04-11 20:19:23 [http-nio-8086-exec-1] DEBUG o.s.web.servlet.DispatcherServlet - Null ModelAndView returned to DispatcherServlet with name 'dispatcherServlet': assuming HandlerAdapter completed request handling
2018-04-11 20:19:23 [http-nio-8086-exec-1] DEBUG o.s.o.j.s.OpenEntityManagerInViewInterceptor - Closing JPA EntityManager in OpenEntityManagerInViewInterceptor
2018-04-11 20:19:23 [http-nio-8086-exec-1] DEBUG o.s.o.jpa.EntityManagerFactoryUtils - Closing JPA EntityManager
2018-04-11 20:19:23 [http-nio-8086-exec-1] DEBUG o.s.web.servlet.DispatcherServlet - Successfully completed request
2018-04-11 20:20:41 [http-nio-8086-exec-2] DEBUG o.s.web.servlet.DispatcherServlet - DispatcherServlet with name 'dispatcherServlet' processing GET request for [/api/message/getMessagesByUser/rajis/skalai/2]
2018-04-11 20:20:41 [http-nio-8086-exec-2] DEBUG o.s.w.s.m.m.a.RequestMappingHandlerMapping - Looking up handler method for path /api/message/getMessagesByUser/rajis/skalai/2
2018-04-11 20:20:41 [http-nio-8086-exec-2] DEBUG o.s.w.s.m.m.a.RequestMappingHandlerMapping - Returning handler method [public org.springframework.http.ResponseEntity<java.util.List<com.stackroute.activitystream.model.Message>> com.stackroute.activitystream.controller.MessageController.getMessagesByUser(java.lang.String,java.lang.String,int)]
2018-04-11 20:20:41 [http-nio-8086-exec-2] DEBUG o.s.b.f.s.DefaultListableBeanFactory - Returning cached instance of singleton bean 'messageController'
2018-04-11 20:20:41 [http-nio-8086-exec-2] DEBUG o.s.web.servlet.DispatcherServlet - Last-Modified value for [/api/message/getMessagesByUser/rajis/skalai/2] is: -1
2018-04-11 20:20:41 [http-nio-8086-exec-2] DEBUG o.s.o.j.s.OpenEntityManagerInViewInterceptor - Opening JPA EntityManager in OpenEntityManagerInViewInterceptor
2018-04-11 20:20:41 [http-nio-8086-exec-2] DEBUG org.hibernate.SQL - select message0_.message_id as message_1_1_, message0_.circle_name as circle_n2_1_, message0_.message as message3_1_, message0_.posted_date as posted_d4_1_, message0_.receiver_id as receiver5_1_, message0_.sender_name as sender_n6_1_, message0_.stream_type as stream_t7_1_, message0_.tag as tag8_1_ from message message0_ where message0_.sender_name=? and message0_.receiver_id=? or message0_.receiver_id=? and message0_.sender_name=?
2018-04-11 20:20:41 [http-nio-8086-exec-2] DEBUG org.hibernate.loader.Loader - Result set row: 0
2018-04-11 20:20:41 [http-nio-8086-exec-2] DEBUG org.hibernate.loader.Loader - Result row: EntityKey[com.stackroute.activitystream.model.Message#2]
2018-04-11 20:20:41 [http-nio-8086-exec-2] DEBUG org.hibernate.loader.Loader - Result set row: 1
2018-04-11 20:20:41 [http-nio-8086-exec-2] DEBUG org.hibernate.loader.Loader - Result row: EntityKey[com.stackroute.activitystream.model.Message#3]
2018-04-11 20:20:41 [http-nio-8086-exec-2] DEBUG o.h.engine.internal.TwoPhaseLoad - Resolving associations for [com.stackroute.activitystream.model.Message#2]
2018-04-11 20:20:41 [http-nio-8086-exec-2] DEBUG o.h.engine.internal.TwoPhaseLoad - Done materializing entity [com.stackroute.activitystream.model.Message#2]
2018-04-11 20:20:41 [http-nio-8086-exec-2] DEBUG o.h.engine.internal.TwoPhaseLoad - Resolving associations for [com.stackroute.activitystream.model.Message#3]
2018-04-11 20:20:41 [http-nio-8086-exec-2] DEBUG o.h.engine.internal.TwoPhaseLoad - Done materializing entity [com.stackroute.activitystream.model.Message#3]
2018-04-11 20:20:41 [http-nio-8086-exec-2] DEBUG o.s.w.s.m.m.a.HttpEntityMethodProcessor - Written [[com.stackroute.activitystream.model.Message@72744741, com.stackroute.activitystream.model.Message@7c9b1a09]] as "application/json" using [org.springframework.http.converter.json.MappingJackson2HttpMessageConverter@1520b486]
2018-04-11 20:20:41 [http-nio-8086-exec-2] DEBUG o.s.web.servlet.DispatcherServlet - Null ModelAndView returned to DispatcherServlet with name 'dispatcherServlet': assuming HandlerAdapter completed request handling
2018-04-11 20:20:41 [http-nio-8086-exec-2] DEBUG o.s.o.j.s.OpenEntityManagerInViewInterceptor - Closing JPA EntityManager in OpenEntityManagerInViewInterceptor
2018-04-11 20:20:41 [http-nio-8086-exec-2] DEBUG o.s.o.jpa.EntityManagerFactoryUtils - Closing JPA EntityManager
2018-04-11 20:20:41 [http-nio-8086-exec-2] DEBUG o.s.web.servlet.DispatcherServlet - Successfully completed request
2018-04-11 21:06:03 [http-nio-8086-exec-7] DEBUG o.s.web.servlet.DispatcherServlet - DispatcherServlet with name 'dispatcherServlet' processing OPTIONS request for [/api/message/getMessagesByUser/skalai/kharish07/2]
2018-04-11 21:06:03 [http-nio-8086-exec-7] DEBUG o.s.w.s.m.m.a.RequestMappingHandlerMapping - Looking up handler method for path /api/message/getMessagesByUser/skalai/kharish07/2
2018-04-11 21:06:03 [http-nio-8086-exec-7] DEBUG o.s.w.s.m.m.a.RequestMappingHandlerMapping - Returning handler method [public org.springframework.http.ResponseEntity<java.util.List<com.stackroute.activitystream.model.Message>> com.stackroute.activitystream.controller.MessageController.getMessagesByUser(java.lang.String,java.lang.String,int)]
2018-04-11 21:06:03 [http-nio-8086-exec-7] DEBUG o.s.b.f.s.DefaultListableBeanFactory - Returning cached instance of singleton bean 'messageController'
2018-04-11 21:06:03 [http-nio-8086-exec-7] DEBUG o.s.o.j.s.OpenEntityManagerInViewInterceptor - Opening JPA EntityManager in OpenEntityManagerInViewInterceptor
